# JRE version: OpenJDK Runtime Environment (8.0_152-b01) (build 1.8.0_152-release-1024-b01)
# Java VM: OpenJDK 64-Bit Server VM (25.152-b01 mixed mode bsd-amd64 compressed oops)
Heap:
 PSYoungGen      total 521216K, used 312883K [0x0000000795580000, 0x00000007b8f80000, 0x00000007c0000000)
  eden space 462848K, 61% used [0x0000000795580000,0x00000007a6ce4338,0x00000007b1980000)
  from space 58368K, 45% used [0x00000007b5680000,0x00000007b70a8a28,0x00000007b8f80000)
  to   space 60416K, 0% used [0x00000007b1980000,0x00000007b1980000,0x00000007b5480000)
 ParOldGen       total 197632K, used 136272K [0x0000000740000000, 0x000000074c100000, 0x0000000795580000)
  object space 197632K, 68% used [0x0000000740000000,0x0000000748514370,0x000000074c100000)
 Metaspace       used 96674K, capacity 103497K, committed 103680K, reserved 1138688K
  class space    used 12520K, capacity 14020K, committed 14080K, reserved 1048576K
GC Heap History (10 events):
Event: 613.251 GC heap before
{Heap before GC invocations=32 (full 4):
 PSYoungGen      total 379392K, used 366684K [0x0000000795580000, 0x00000007b1b80000, 0x00000007c0000000)
  eden space 329216K, 100% used [0x0000000795580000,0x00000007a9700000,0x00000007a9700000)
  from space 50176K, 74% used [0x00000007a9700000,0x00000007abb97090,0x00000007ac800000)
  to   space 53248K, 0% used [0x00000007ae780000,0x00000007ae780000,0x00000007b1b80000)
 ParOldGen       total 197632K, used 118706K [0x0000000740000000, 0x000000074c100000, 0x0000000795580000)
  object space 197632K, 60% used [0x0000000740000000,0x00000007473ec9a8,0x000000074c100000)
 Metaspace       used 89967K, capacity 95287K, committed 95488K, reserved 1132544K
  class space    used 11645K, capacity 12746K, committed 12800K, reserved 1048576K
Event: 613.324 GC heap after
Heap after GC invocations=32 (full 4):
 PSYoungGen      total 408576K, used 39269K [0x0000000795580000, 0x00000007b2f00000, 0x00000007c0000000)
  eden space 355328K, 0% used [0x0000000795580000,0x0000000795580000,0x00000007ab080000)
  from space 53248K, 73% used [0x00000007ae780000,0x00000007b0dd96f8,0x00000007b1b80000)
  to   space 56320K, 0% used [0x00000007ab080000,0x00000007ab080000,0x00000007ae780000)
 ParOldGen       total 197632K, used 118706K [0x0000000740000000, 0x000000074c100000, 0x0000000795580000)
  object space 197632K, 60% used [0x0000000740000000,0x00000007473ec9a8,0x000000074c100000)
 Metaspace       used 89967K, capacity 95287K, committed 95488K, reserved 1132544K
  class space    used 11645K, capacity 12746K, committed 12800K, reserved 1048576K
}
Event: 616.525 GC heap before
{Heap before GC invocations=33 (full 4):
 PSYoungGen      total 408576K, used 394597K [0x0000000795580000, 0x00000007b2f00000, 0x00000007c0000000)
  eden space 355328K, 100% used [0x0000000795580000,0x00000007ab080000,0x00000007ab080000)
  from space 53248K, 73% used [0x00000007ae780000,0x00000007b0dd96f8,0x00000007b1b80000)
  to   space 56320K, 0% used [0x00000007ab080000,0x00000007ab080000,0x00000007ae780000)
 ParOldGen       total 197632K, used 118706K [0x0000000740000000, 0x000000074c100000, 0x0000000795580000)
  object space 197632K, 60% used [0x0000000740000000,0x00000007473ec9a8,0x000000074c100000)
 Metaspace       used 90172K, capacity 95547K, committed 95744K, reserved 1132544K
  class space    used 11645K, capacity 12746K, committed 12800K, reserved 1048576K
Event: 616.590 GC heap after
Heap after GC invocations=33 (full 4):
 PSYoungGen      total 411648K, used 49949K [0x0000000795580000, 0x00000007b5d00000, 0x00000007c0000000)
  eden space 355328K, 0% used [0x0000000795580000,0x0000000795580000,0x00000007ab080000)
  from space 56320K, 88% used [0x00000007ab080000,0x00000007ae147780,0x00000007ae780000)
  to   space 62464K, 0% used [0x00000007b2000000,0x00000007b2000000,0x00000007b5d00000)
 ParOldGen       total 197632K, used 118706K [0x0000000740000000, 0x000000074c100000, 0x0000000795580000)
  object space 197632K, 60% used [0x0000000740000000,0x00000007473ec9a8,0x000000074c100000)
 Metaspace       used 90172K, capacity 95547K, committed 95744K, reserved 1132544K
  class space    used 11645K, capacity 12746K, committed 12800K, reserved 1048576K
}
Event: 618.882 GC heap before
{Heap before GC invocations=34 (full 4):
 PSYoungGen      total 411648K, used 404888K [0x0000000795580000, 0x00000007b5d00000, 0x00000007c0000000)
  eden space 355328K, 99% used [0x0000000795580000,0x00000007ab01e8b0,0x00000007ab080000)
  from space 56320K, 88% used [0x00000007ab080000,0x00000007ae147780,0x00000007ae780000)
  to   space 62464K, 0% used [0x00000007b2000000,0x00000007b2000000,0x00000007b5d00000)
 ParOldGen       total 197632K, used 118706K [0x0000000740000000, 0x000000074c100000, 0x0000000795580000)
  object space 197632K, 60% used [0x0000000740000000,0x00000007473ec9a8,0x000000074c100000)
 Metaspace       used 90421K, capacity 95817K, committed 96000K, reserved 1132544K
  class space    used 11652K, capacity 12757K, committed 12800K, reserved 1048576K
Event: 618.951 GC heap after
Heap after GC invocations=34 (full 4):
 PSYoungGen      total 466432K, used 44578K [0x0000000795580000, 0x00000007b6a00000, 0x00000007c0000000)
  eden space 403968K, 0% used [0x0000000795580000,0x0000000795580000,0x00000007ae000000)
  from space 62464K, 71% used [0x00000007b2000000,0x00000007b4b88b68,0x00000007b5d00000)
  to   space 65536K, 0% used [0x00000007ae000000,0x00000007ae000000,0x00000007b2000000)
 ParOldGen       total 197632K, used 122930K [0x0000000740000000, 0x000000074c100000, 0x0000000795580000)
  object space 197632K, 62% used [0x0000000740000000,0x000000074780c840,0x000000074c100000)
 Metaspace       used 90421K, capacity 95817K, committed 96000K, reserved 1132544K
  class space    used 11652K, capacity 12757K, committed 12800K, reserved 1048576K
}
Event: 1078.272 GC heap before
{Heap before GC invocations=35 (full 4):
 PSYoungGen      total 466432K, used 448546K [0x0000000795580000, 0x00000007b6a00000, 0x00000007c0000000)
  eden space 403968K, 100% used [0x0000000795580000,0x00000007ae000000,0x00000007ae000000)
  from space 62464K, 71% used [0x00000007b2000000,0x00000007b4b88b68,0x00000007b5d00000)
  to   space 65536K, 0% used [0x00000007ae000000,0x00000007ae000000,0x00000007b2000000)
 ParOldGen       total 197632K, used 122930K [0x0000000740000000, 0x000000074c100000, 0x0000000795580000)
  object space 197632K, 62% used [0x0000000740000000,0x000000074780c840,0x000000074c100000)
 Metaspace       used 94105K, capacity 100251K, committed 100480K, reserved 1136640K
  class space    used 12239K, capacity 13622K, committed 13696K, reserved 1048576K
Event: 1078.693 GC heap after
Heap after GC invocations=35 (full 4):
 PSYoungGen      total 469504K, used 32734K [0x0000000795580000, 0x00000007b9400000, 0x00000007c0000000)
  eden space 403968K, 0% used [0x0000000795580000,0x0000000795580000,0x00000007ae000000)
  from space 65536K, 49% used [0x00000007ae000000,0x00000007afff79b8,0x00000007b2000000)
  to   space 62976K, 0% used [0x00000007b5680000,0x00000007b5680000,0x00000007b9400000)
 ParOldGen       total 197632K, used 132785K [0x0000000740000000, 0x000000074c100000, 0x0000000795580000)
  object space 197632K, 67% used [0x0000000740000000,0x00000007481ac420,0x000000074c100000)
 Metaspace       used 94105K, capacity 100251K, committed 100480K, reserved 1136640K
  class space    used 12239K, capacity 13622K, committed 13696K, reserved 1048576K
}
Event: 1101.970 GC heap before
{Heap before GC invocations=36 (full 4):
 PSYoungGen      total 469504K, used 436702K [0x0000000795580000, 0x00000007b9400000, 0x00000007c0000000)
  eden space 403968K, 100% used [0x0000000795580000,0x00000007ae000000,0x00000007ae000000)
  from space 65536K, 49% used [0x00000007ae000000,0x00000007afff79b8,0x00000007b2000000)
  to   space 62976K, 0% used [0x00000007b5680000,0x00000007b5680000,0x00000007b9400000)
 ParOldGen       total 197632K, used 132785K [0x0000000740000000, 0x000000074c100000, 0x0000000795580000)
  object space 197632K, 67% used [0x0000000740000000,0x00000007481ac420,0x000000074c100000)
 Metaspace       used 95972K, capacity 102703K, committed 102784K, reserved 1138688K
  class space    used 12466K, capacity 13923K, committed 13952K, reserved 1048576K
Event: 1102.293 GC heap after
Heap after GC invocations=36 (full 4):
 PSYoungGen      total 521216K, used 26786K [0x0000000795580000, 0x00000007b8f80000, 0x00000007c0000000)
  eden space 462848K, 0% used [0x0000000795580000,0x0000000795580000,0x00000007b1980000)
  from space 58368K, 45% used [0x00000007b5680000,0x00000007b70a8a28,0x00000007b8f80000)
  to   space 60416K, 0% used [0x00000007b1980000,0x00000007b1980000,0x00000007b5480000)
 ParOldGen       total 197632K, used 136272K [0x0000000740000000, 0x000000074c100000, 0x0000000795580000)
  object space 197632K, 68% used [0x0000000740000000,0x0000000748514370,0x000000074c100000)
 Metaspace       used 95972K, capacity 102703K, committed 102784K, reserved 1138688K
  class space    used 12466K, capacity 13923K, committed 13952K, reserved 1048576K
}

