# JRE version: OpenJDK Runtime Environment (8.0_152-b01) (build 1.8.0_152-release-1024-b01)
# Java VM: OpenJDK 64-Bit Server VM (25.152-b01 mixed mode bsd-amd64 compressed oops)
Heap:
 PSYoungGen      total 133120K, used 110004K [0x00000007aab00000, 0x00000007b6800000, 0x00000007c0000000)
  eden space 102912K, 80% used [0x00000007aab00000,0x00000007afb7a4f8,0x00000007b0f80000)
  from space 30208K, 91% used [0x00000007b0f80000,0x00000007b2a72ee0,0x00000007b2d00000)
  to   space 33792K, 0% used [0x00000007b4700000,0x00000007b4700000,0x00000007b6800000)
 ParOldGen       total 84480K, used 64621K [0x0000000780000000, 0x0000000785280000, 0x00000007aab00000)
  object space 84480K, 76% used [0x0000000780000000,0x0000000783f1b410,0x0000000785280000)
 Metaspace       used 50340K, capacity 51345K, committed 51672K, reserved 1095680K
  class space    used 6055K, capacity 6282K, committed 6400K, reserved 1048576K
GC Heap History (10 events):
Event: 6.178 GC heap before
{Heap before GC invocations=11 (full 2):
 PSYoungGen      total 84992K, used 71168K [0x00000007aab00000, 0x00000007b2d80000, 0x00000007c0000000)
  eden space 71168K, 100% used [0x00000007aab00000,0x00000007af080000,0x00000007af080000)
  from space 13824K, 0% used [0x00000007b0280000,0x00000007b0280000,0x00000007b1000000)
  to   space 18432K, 0% used [0x00000007af080000,0x00000007af080000,0x00000007b0280000)
 ParOldGen       total 84480K, used 35225K [0x0000000780000000, 0x0000000785280000, 0x00000007aab00000)
  object space 84480K, 41% used [0x0000000780000000,0x00000007822665f8,0x0000000785280000)
 Metaspace       used 41046K, capacity 41787K, committed 41944K, reserved 1085440K
  class space    used 5198K, capacity 5371K, committed 5376K, reserved 1048576K
Event: 6.199 GC heap after
Heap after GC invocations=11 (full 2):
 PSYoungGen      total 89600K, used 15224K [0x00000007aab00000, 0x00000007b2700000, 0x00000007c0000000)
  eden space 71168K, 0% used [0x00000007aab00000,0x00000007aab00000,0x00000007af080000)
  from space 18432K, 82% used [0x00000007af080000,0x00000007aff5e008,0x00000007b0280000)
  to   space 19968K, 0% used [0x00000007b1380000,0x00000007b1380000,0x00000007b2700000)
 ParOldGen       total 84480K, used 35233K [0x0000000780000000, 0x0000000785280000, 0x00000007aab00000)
  object space 84480K, 41% used [0x0000000780000000,0x00000007822685f8,0x0000000785280000)
 Metaspace       used 41046K, capacity 41787K, committed 41944K, reserved 1085440K
  class space    used 5198K, capacity 5371K, committed 5376K, reserved 1048576K
}
Event: 7.798 GC heap before
{Heap before GC invocations=12 (full 2):
 PSYoungGen      total 89600K, used 86392K [0x00000007aab00000, 0x00000007b2700000, 0x00000007c0000000)
  eden space 71168K, 100% used [0x00000007aab00000,0x00000007af080000,0x00000007af080000)
  from space 18432K, 82% used [0x00000007af080000,0x00000007aff5e008,0x00000007b0280000)
  to   space 19968K, 0% used [0x00000007b1380000,0x00000007b1380000,0x00000007b2700000)
 ParOldGen       total 84480K, used 35233K [0x0000000780000000, 0x0000000785280000, 0x00000007aab00000)
  object space 84480K, 41% used [0x0000000780000000,0x00000007822685f8,0x0000000785280000)
 Metaspace       used 43405K, capacity 44163K, committed 44504K, reserved 1087488K
  class space    used 5372K, capacity 5551K, committed 5632K, reserved 1048576K
Event: 7.837 GC heap after
Heap after GC invocations=12 (full 2):
 PSYoungGen      total 103424K, used 19944K [0x00000007aab00000, 0x00000007b2e80000, 0x00000007c0000000)
  eden space 83456K, 0% used [0x00000007aab00000,0x00000007aab00000,0x00000007afc80000)
  from space 19968K, 99% used [0x00000007b1380000,0x00000007b26fa2b0,0x00000007b2700000)
  to   space 23552K, 0% used [0x00000007afc80000,0x00000007afc80000,0x00000007b1380000)
 ParOldGen       total 84480K, used 37143K [0x0000000780000000, 0x0000000785280000, 0x00000007aab00000)
  object space 84480K, 43% used [0x0000000780000000,0x0000000782445e58,0x0000000785280000)
 Metaspace       used 43405K, capacity 44163K, committed 44504K, reserved 1087488K
  class space    used 5372K, capacity 5551K, committed 5632K, reserved 1048576K
}
Event: 9.656 GC heap before
{Heap before GC invocations=13 (full 2):
 PSYoungGen      total 103424K, used 103400K [0x00000007aab00000, 0x00000007b2e80000, 0x00000007c0000000)
  eden space 83456K, 100% used [0x00000007aab00000,0x00000007afc80000,0x00000007afc80000)
  from space 19968K, 99% used [0x00000007b1380000,0x00000007b26fa2b0,0x00000007b2700000)
  to   space 23552K, 0% used [0x00000007afc80000,0x00000007afc80000,0x00000007b1380000)
 ParOldGen       total 84480K, used 37143K [0x0000000780000000, 0x0000000785280000, 0x00000007aab00000)
  object space 84480K, 43% used [0x0000000780000000,0x0000000782445e58,0x0000000785280000)
 Metaspace       used 46490K, capacity 47365K, committed 47576K, reserved 1091584K
  class space    used 5649K, capacity 5864K, committed 5888K, reserved 1048576K
Event: 9.704 GC heap after
Heap after GC invocations=13 (full 2):
 PSYoungGen      total 107008K, used 23522K [0x00000007aab00000, 0x00000007b4c00000, 0x00000007c0000000)
  eden space 83456K, 0% used [0x00000007aab00000,0x00000007aab00000,0x00000007afc80000)
  from space 23552K, 99% used [0x00000007afc80000,0x00000007b1378b38,0x00000007b1380000)
  to   space 30720K, 0% used [0x00000007b2e00000,0x00000007b2e00000,0x00000007b4c00000)
 ParOldGen       total 84480K, used 47958K [0x0000000780000000, 0x0000000785280000, 0x00000007aab00000)
  object space 84480K, 56% used [0x0000000780000000,0x0000000782ed5ad0,0x0000000785280000)
 Metaspace       used 46490K, capacity 47365K, committed 47576K, reserved 1091584K
  class space    used 5649K, capacity 5864K, committed 5888K, reserved 1048576K
}
Event: 12.003 GC heap before
{Heap before GC invocations=14 (full 2):
 PSYoungGen      total 107008K, used 106978K [0x00000007aab00000, 0x00000007b4c00000, 0x00000007c0000000)
  eden space 83456K, 100% used [0x00000007aab00000,0x00000007afc80000,0x00000007afc80000)
  from space 23552K, 99% used [0x00000007afc80000,0x00000007b1378b38,0x00000007b1380000)
  to   space 30720K, 0% used [0x00000007b2e00000,0x00000007b2e00000,0x00000007b4c00000)
 ParOldGen       total 84480K, used 47958K [0x0000000780000000, 0x0000000785280000, 0x00000007aab00000)
  object space 84480K, 56% used [0x0000000780000000,0x0000000782ed5ad0,0x0000000785280000)
 Metaspace       used 48031K, capacity 48939K, committed 49240K, reserved 1093632K
  class space    used 5754K, capacity 5947K, committed 6016K, reserved 1048576K
Event: 12.048 GC heap after
Heap after GC invocations=14 (full 2):
 PSYoungGen      total 132096K, used 16291K [0x00000007aab00000, 0x00000007b4a80000, 0x00000007c0000000)
  eden space 102912K, 0% used [0x00000007aab00000,0x00000007aab00000,0x00000007b0f80000)
  from space 29184K, 55% used [0x00000007b2e00000,0x00000007b3de8e00,0x00000007b4a80000)
  to   space 30208K, 0% used [0x00000007b0f80000,0x00000007b0f80000,0x00000007b2d00000)
 ParOldGen       total 84480K, used 64613K [0x0000000780000000, 0x0000000785280000, 0x00000007aab00000)
  object space 84480K, 76% used [0x0000000780000000,0x0000000783f19410,0x0000000785280000)
 Metaspace       used 48031K, capacity 48939K, committed 49240K, reserved 1093632K
  class space    used 5754K, capacity 5947K, committed 6016K, reserved 1048576K
}
Event: 14.359 GC heap before
{Heap before GC invocations=15 (full 2):
 PSYoungGen      total 132096K, used 119203K [0x00000007aab00000, 0x00000007b4a80000, 0x00000007c0000000)
  eden space 102912K, 100% used [0x00000007aab00000,0x00000007b0f80000,0x00000007b0f80000)
  from space 29184K, 55% used [0x00000007b2e00000,0x00000007b3de8e00,0x00000007b4a80000)
  to   space 30208K, 0% used [0x00000007b0f80000,0x00000007b0f80000,0x00000007b2d00000)
 ParOldGen       total 84480K, used 64613K [0x0000000780000000, 0x0000000785280000, 0x00000007aab00000)
  object space 84480K, 76% used [0x0000000780000000,0x0000000783f19410,0x0000000785280000)
 Metaspace       used 49138K, capacity 50095K, committed 50392K, reserved 1093632K
  class space    used 5861K, capacity 6085K, committed 6144K, reserved 1048576K
Event: 14.394 GC heap after
Heap after GC invocations=15 (full 2):
 PSYoungGen      total 133120K, used 27595K [0x00000007aab00000, 0x00000007b6800000, 0x00000007c0000000)
  eden space 102912K, 0% used [0x00000007aab00000,0x00000007aab00000,0x00000007b0f80000)
  from space 30208K, 91% used [0x00000007b0f80000,0x00000007b2a72ee0,0x00000007b2d00000)
  to   space 33792K, 0% used [0x00000007b4700000,0x00000007b4700000,0x00000007b6800000)
 ParOldGen       total 84480K, used 64621K [0x0000000780000000, 0x0000000785280000, 0x00000007aab00000)
  object space 84480K, 76% used [0x0000000780000000,0x0000000783f1b410,0x0000000785280000)
 Metaspace       used 49138K, capacity 50095K, committed 50392K, reserved 1093632K
  class space    used 5861K, capacity 6085K, committed 6144K, reserved 1048576K
}

