# JRE version: OpenJDK Runtime Environment (8.0_152-b01) (build 1.8.0_152-release-1024-b01)
# Java VM: OpenJDK 64-Bit Server VM (25.152-b01 mixed mode bsd-amd64 compressed oops)
Heap:
 PSYoungGen      total 639488K, used 199747K [0x0000000795580000, 0x00000007bfc80000, 0x00000007c0000000)
  eden space 587264K, 29% used [0x0000000795580000,0x000000079fea59e8,0x00000007b9300000)
  from space 52224K, 50% used [0x00000007b9300000,0x00000007baceb2a8,0x00000007bc600000)
  to   space 50176K, 0% used [0x00000007bcb80000,0x00000007bcb80000,0x00000007bfc80000)
 ParOldGen       total 207872K, used 89112K [0x0000000740000000, 0x000000074cb00000, 0x0000000795580000)
  object space 207872K, 42% used [0x0000000740000000,0x0000000745706178,0x000000074cb00000)
 Metaspace       used 100026K, capacity 107537K, committed 107648K, reserved 1142784K
  class space    used 12796K, capacity 14419K, committed 14464K, reserved 1048576K
GC Heap History (10 events):
Event: 7742.077 GC heap before
{Heap before GC invocations=38 (full 7):
 PSYoungGen      total 635904K, used 574976K [0x0000000795580000, 0x00000007bfd80000, 0x00000007c0000000)
  eden space 574976K, 100% used [0x0000000795580000,0x00000007b8700000,0x00000007b8700000)
  from space 60928K, 0% used [0x00000007bc200000,0x00000007bc200000,0x00000007bfd80000)
  to   space 60416K, 0% used [0x00000007b8700000,0x00000007b8700000,0x00000007bc200000)
 ParOldGen       total 207872K, used 89072K [0x0000000740000000, 0x000000074cb00000, 0x0000000795580000)
  object space 207872K, 42% used [0x0000000740000000,0x00000007456fc178,0x000000074cb00000)
 Metaspace       used 98570K, capacity 105727K, committed 105984K, reserved 1140736K
  class space    used 12684K, capacity 14212K, committed 14336K, reserved 1048576K
Event: 7742.200 GC heap after
Heap after GC invocations=38 (full 7):
 PSYoungGen      total 635392K, used 16759K [0x0000000795580000, 0x00000007bfc80000, 0x00000007c0000000)
  eden space 574976K, 0% used [0x0000000795580000,0x0000000795580000,0x00000007b8700000)
  from space 60416K, 27% used [0x00000007b8700000,0x00000007b975de20,0x00000007bc200000)
  to   space 58880K, 0% used [0x00000007bc300000,0x00000007bc300000,0x00000007bfc80000)
 ParOldGen       total 207872K, used 89080K [0x0000000740000000, 0x000000074cb00000, 0x0000000795580000)
  object space 207872K, 42% used [0x0000000740000000,0x00000007456fe178,0x000000074cb00000)
 Metaspace       used 98570K, capacity 105727K, committed 105984K, reserved 1140736K
  class space    used 12684K, capacity 14212K, committed 14336K, reserved 1048576K
}
Event: 9061.626 GC heap before
{Heap before GC invocations=39 (full 7):
 PSYoungGen      total 635392K, used 591735K [0x0000000795580000, 0x00000007bfc80000, 0x00000007c0000000)
  eden space 574976K, 100% used [0x0000000795580000,0x00000007b8700000,0x00000007b8700000)
  from space 60416K, 27% used [0x00000007b8700000,0x00000007b975de20,0x00000007bc200000)
  to   space 58880K, 0% used [0x00000007bc300000,0x00000007bc300000,0x00000007bfc80000)
 ParOldGen       total 207872K, used 89080K [0x0000000740000000, 0x000000074cb00000, 0x0000000795580000)
  object space 207872K, 42% used [0x0000000740000000,0x00000007456fe178,0x000000074cb00000)
 Metaspace       used 99011K, capacity 106409K, committed 106496K, reserved 1140736K
  class space    used 12726K, capacity 14291K, committed 14336K, reserved 1048576K
Event: 9061.904 GC heap after
Heap after GC invocations=39 (full 7):
 PSYoungGen      total 636416K, used 18082K [0x0000000795580000, 0x00000007bfa80000, 0x00000007c0000000)
  eden space 579584K, 0% used [0x0000000795580000,0x0000000795580000,0x00000007b8b80000)
  from space 56832K, 31% used [0x00000007bc300000,0x00000007bd4a8a98,0x00000007bfa80000)
  to   space 56832K, 0% used [0x00000007b8b80000,0x00000007b8b80000,0x00000007bc300000)
 ParOldGen       total 207872K, used 89088K [0x0000000740000000, 0x000000074cb00000, 0x0000000795580000)
  object space 207872K, 42% used [0x0000000740000000,0x0000000745700178,0x000000074cb00000)
 Metaspace       used 99011K, capacity 106409K, committed 106496K, reserved 1140736K
  class space    used 12726K, capacity 14291K, committed 14336K, reserved 1048576K
}
Event: 9171.761 GC heap before
{Heap before GC invocations=40 (full 7):
 PSYoungGen      total 636416K, used 597666K [0x0000000795580000, 0x00000007bfa80000, 0x00000007c0000000)
  eden space 579584K, 100% used [0x0000000795580000,0x00000007b8b80000,0x00000007b8b80000)
  from space 56832K, 31% used [0x00000007bc300000,0x00000007bd4a8a98,0x00000007bfa80000)
  to   space 56832K, 0% used [0x00000007b8b80000,0x00000007b8b80000,0x00000007bc300000)
 ParOldGen       total 207872K, used 89088K [0x0000000740000000, 0x000000074cb00000, 0x0000000795580000)
  object space 207872K, 42% used [0x0000000740000000,0x0000000745700178,0x000000074cb00000)
 Metaspace       used 99317K, capacity 106689K, committed 106752K, reserved 1142784K
  class space    used 12727K, capacity 14293K, committed 14336K, reserved 1048576K
Event: 9172.050 GC heap after
Heap after GC invocations=40 (full 7):
 PSYoungGen      total 636416K, used 19858K [0x0000000795580000, 0x00000007bfc00000, 0x00000007c0000000)
  eden space 579584K, 0% used [0x0000000795580000,0x0000000795580000,0x00000007b8b80000)
  from space 56832K, 34% used [0x00000007b8b80000,0x00000007b9ee49c0,0x00000007bc300000)
  to   space 54784K, 0% used [0x00000007bc680000,0x00000007bc680000,0x00000007bfc00000)
 ParOldGen       total 207872K, used 89096K [0x0000000740000000, 0x000000074cb00000, 0x0000000795580000)
  object space 207872K, 42% used [0x0000000740000000,0x0000000745702178,0x000000074cb00000)
 Metaspace       used 99317K, capacity 106689K, committed 106752K, reserved 1142784K
  class space    used 12727K, capacity 14293K, committed 14336K, reserved 1048576K
}
Event: 9220.858 GC heap before
{Heap before GC invocations=41 (full 7):
 PSYoungGen      total 636416K, used 599442K [0x0000000795580000, 0x00000007bfc00000, 0x00000007c0000000)
  eden space 579584K, 100% used [0x0000000795580000,0x00000007b8b80000,0x00000007b8b80000)
  from space 56832K, 34% used [0x00000007b8b80000,0x00000007b9ee49c0,0x00000007bc300000)
  to   space 54784K, 0% used [0x00000007bc680000,0x00000007bc680000,0x00000007bfc00000)
 ParOldGen       total 207872K, used 89096K [0x0000000740000000, 0x000000074cb00000, 0x0000000795580000)
  object space 207872K, 42% used [0x0000000740000000,0x0000000745702178,0x000000074cb00000)
 Metaspace       used 99831K, capacity 107397K, committed 107648K, reserved 1142784K
  class space    used 12781K, capacity 14417K, committed 14464K, reserved 1048576K
Event: 9221.086 GC heap after
Heap after GC invocations=41 (full 7):
 PSYoungGen      total 638976K, used 26727K [0x0000000795580000, 0x00000007bf900000, 0x00000007c0000000)
  eden space 587264K, 0% used [0x0000000795580000,0x0000000795580000,0x00000007b9300000)
  from space 51712K, 51% used [0x00000007bc680000,0x00000007be099d90,0x00000007bf900000)
  to   space 52224K, 0% used [0x00000007b9300000,0x00000007b9300000,0x00000007bc600000)
 ParOldGen       total 207872K, used 89104K [0x0000000740000000, 0x000000074cb00000, 0x0000000795580000)
  object space 207872K, 42% used [0x0000000740000000,0x0000000745704178,0x000000074cb00000)
 Metaspace       used 99831K, capacity 107397K, committed 107648K, reserved 1142784K
  class space    used 12781K, capacity 14417K, committed 14464K, reserved 1048576K
}
Event: 9226.794 GC heap before
{Heap before GC invocations=42 (full 7):
 PSYoungGen      total 638976K, used 613991K [0x0000000795580000, 0x00000007bf900000, 0x00000007c0000000)
  eden space 587264K, 100% used [0x0000000795580000,0x00000007b9300000,0x00000007b9300000)
  from space 51712K, 51% used [0x00000007bc680000,0x00000007be099d90,0x00000007bf900000)
  to   space 52224K, 0% used [0x00000007b9300000,0x00000007b9300000,0x00000007bc600000)
 ParOldGen       total 207872K, used 89104K [0x0000000740000000, 0x000000074cb00000, 0x0000000795580000)
  object space 207872K, 42% used [0x0000000740000000,0x0000000745704178,0x000000074cb00000)
 Metaspace       used 99965K, capacity 107525K, committed 107648K, reserved 1142784K
  class space    used 12787K, capacity 14417K, committed 14464K, reserved 1048576K
Event: 9227.141 GC heap after
Heap after GC invocations=42 (full 7):
 PSYoungGen      total 639488K, used 26540K [0x0000000795580000, 0x00000007bfc80000, 0x00000007c0000000)
  eden space 587264K, 0% used [0x0000000795580000,0x0000000795580000,0x00000007b9300000)
  from space 52224K, 50% used [0x00000007b9300000,0x00000007baceb2a8,0x00000007bc600000)
  to   space 50176K, 0% used [0x00000007bcb80000,0x00000007bcb80000,0x00000007bfc80000)
 ParOldGen       total 207872K, used 89112K [0x0000000740000000, 0x000000074cb00000, 0x0000000795580000)
  object space 207872K, 42% used [0x0000000740000000,0x0000000745706178,0x000000074cb00000)
 Metaspace       used 99965K, capacity 107525K, committed 107648K, reserved 1142784K
  class space    used 12787K, capacity 14417K, committed 14464K, reserved 1048576K
}

