# JRE version: OpenJDK Runtime Environment (8.0_152-b01) (build 1.8.0_152-release-1024-b01)
# Java VM: OpenJDK 64-Bit Server VM (25.152-b01 mixed mode bsd-amd64 compressed oops)
Heap:
 PSYoungGen      total 550912K, used 530907K [0x0000000795580000, 0x00000007bea00000, 0x00000007c0000000)
  eden space 468480K, 100% used [0x0000000795580000,0x00000007b1f00000,0x00000007b1f00000)
  from space 82432K, 75% used [0x00000007b7900000,0x00000007bb5f6d38,0x00000007bc980000)
  to   space 92160K, 11% used [0x00000007b1f00000,0x00000007b293dbf8,0x00000007b7900000)
 ParOldGen       total 404480K, used 297462K [0x0000000740000000, 0x0000000758b00000, 0x0000000795580000)
  object space 404480K, 73% used [0x0000000740000000,0x000000075227d818,0x0000000758b00000)
 Metaspace       used 70341K, capacity 73280K, committed 73472K, reserved 1112064K
  class space    used 9472K, capacity 10169K, committed 10240K, reserved 1048576K
GC Heap History (10 events):
Event: 49.699 GC heap after
Heap after GC invocations=24 (full 4):
 PSYoungGen      total 459776K, used 47925K [0x0000000795580000, 0x00000007b7480000, 0x00000007c0000000)
  eden space 407040K, 0% used [0x0000000795580000,0x0000000795580000,0x00000007ae300000)
  from space 52736K, 90% used [0x00000007b1e00000,0x00000007b4ccd518,0x00000007b5180000)
  to   space 60416K, 0% used [0x00000007ae300000,0x00000007ae300000,0x00000007b1e00000)
 ParOldGen       total 175616K, used 160031K [0x0000000740000000, 0x000000074ab80000, 0x0000000795580000)
  object space 175616K, 91% used [0x0000000740000000,0x0000000749c47d70,0x000000074ab80000)
 Metaspace       used 70317K, capacity 73280K, committed 73472K, reserved 1112064K
  class space    used 9471K, capacity 10169K, committed 10240K, reserved 1048576K
}
Event: 49.699 GC heap before
{Heap before GC invocations=25 (full 5):
 PSYoungGen      total 459776K, used 47925K [0x0000000795580000, 0x00000007b7480000, 0x00000007c0000000)
  eden space 407040K, 0% used [0x0000000795580000,0x0000000795580000,0x00000007ae300000)
  from space 52736K, 90% used [0x00000007b1e00000,0x00000007b4ccd518,0x00000007b5180000)
  to   space 60416K, 0% used [0x00000007ae300000,0x00000007ae300000,0x00000007b1e00000)
 ParOldGen       total 175616K, used 160031K [0x0000000740000000, 0x000000074ab80000, 0x0000000795580000)
  object space 175616K, 91% used [0x0000000740000000,0x0000000749c47d70,0x000000074ab80000)
 Metaspace       used 70317K, capacity 73280K, committed 73472K, reserved 1112064K
  class space    used 9471K, capacity 10169K, committed 10240K, reserved 1048576K
Event: 50.577 GC heap after
Heap after GC invocations=25 (full 5):
 PSYoungGen      total 459776K, used 29837K [0x0000000795580000, 0x00000007b7480000, 0x00000007c0000000)
  eden space 407040K, 0% used [0x0000000795580000,0x0000000795580000,0x00000007ae300000)
  from space 52736K, 56% used [0x00000007b1e00000,0x00000007b3b23738,0x00000007b5180000)
  to   space 60416K, 0% used [0x00000007ae300000,0x00000007ae300000,0x00000007b1e00000)
 ParOldGen       total 271872K, used 175325K [0x0000000740000000, 0x0000000750980000, 0x0000000795580000)
  object space 271872K, 64% used [0x0000000740000000,0x000000074ab37618,0x0000000750980000)
 Metaspace       used 70317K, capacity 73280K, committed 73472K, reserved 1112064K
  class space    used 9471K, capacity 10169K, committed 10240K, reserved 1048576K
}
Event: 51.783 GC heap before
{Heap before GC invocations=26 (full 5):
 PSYoungGen      total 459776K, used 436877K [0x0000000795580000, 0x00000007b7480000, 0x00000007c0000000)
  eden space 407040K, 100% used [0x0000000795580000,0x00000007ae300000,0x00000007ae300000)
  from space 52736K, 56% used [0x00000007b1e00000,0x00000007b3b23738,0x00000007b5180000)
  to   space 60416K, 0% used [0x00000007ae300000,0x00000007ae300000,0x00000007b1e00000)
 ParOldGen       total 271872K, used 175325K [0x0000000740000000, 0x0000000750980000, 0x0000000795580000)
  object space 271872K, 64% used [0x0000000740000000,0x000000074ab37618,0x0000000750980000)
 Metaspace       used 70326K, capacity 73280K, committed 73472K, reserved 1112064K
  class space    used 9471K, capacity 10169K, committed 10240K, reserved 1048576K
Event: 51.962 GC heap after
Heap after GC invocations=26 (full 5):
 PSYoungGen      total 467456K, used 60396K [0x0000000795580000, 0x00000007bc980000, 0x00000007c0000000)
  eden space 407040K, 0% used [0x0000000795580000,0x0000000795580000,0x00000007ae300000)
  from space 60416K, 99% used [0x00000007ae300000,0x00000007b1dfb020,0x00000007b1e00000)
  to   space 82432K, 0% used [0x00000007b7900000,0x00000007b7900000,0x00000007bc980000)
 ParOldGen       total 271872K, used 207312K [0x0000000740000000, 0x0000000750980000, 0x0000000795580000)
  object space 271872K, 76% used [0x0000000740000000,0x000000074ca74170,0x0000000750980000)
 Metaspace       used 70326K, capacity 73280K, committed 73472K, reserved 1112064K
  class space    used 9471K, capacity 10169K, committed 10240K, reserved 1048576K
}
Event: 53.055 GC heap before
{Heap before GC invocations=27 (full 5):
 PSYoungGen      total 467456K, used 467436K [0x0000000795580000, 0x00000007bc980000, 0x00000007c0000000)
  eden space 407040K, 100% used [0x0000000795580000,0x00000007ae300000,0x00000007ae300000)
  from space 60416K, 99% used [0x00000007ae300000,0x00000007b1dfb020,0x00000007b1e00000)
  to   space 82432K, 0% used [0x00000007b7900000,0x00000007b7900000,0x00000007bc980000)
 ParOldGen       total 271872K, used 207312K [0x0000000740000000, 0x0000000750980000, 0x0000000795580000)
  object space 271872K, 76% used [0x0000000740000000,0x000000074ca74170,0x0000000750980000)
 Metaspace       used 70333K, capacity 73280K, committed 73472K, reserved 1112064K
  class space    used 9471K, capacity 10169K, committed 10240K, reserved 1048576K
Event: 53.293 GC heap after
Heap after GC invocations=27 (full 5):
 PSYoungGen      total 550912K, used 69338K [0x0000000795580000, 0x00000007bea00000, 0x00000007c0000000)
  eden space 468480K, 0% used [0x0000000795580000,0x0000000795580000,0x00000007b1f00000)
  from space 82432K, 84% used [0x00000007b7900000,0x00000007bbcb6ae0,0x00000007bc980000)
  to   space 92160K, 0% used [0x00000007b1f00000,0x00000007b1f00000,0x00000007b7900000)
 ParOldGen       total 271872K, used 267118K [0x0000000740000000, 0x0000000750980000, 0x0000000795580000)
  object space 271872K, 98% used [0x0000000740000000,0x00000007504db900,0x0000000750980000)
 Metaspace       used 70333K, capacity 73280K, committed 73472K, reserved 1112064K
  class space    used 9471K, capacity 10169K, committed 10240K, reserved 1048576K
}
Event: 53.293 GC heap before
{Heap before GC invocations=28 (full 6):
 PSYoungGen      total 550912K, used 69338K [0x0000000795580000, 0x00000007bea00000, 0x00000007c0000000)
  eden space 468480K, 0% used [0x0000000795580000,0x0000000795580000,0x00000007b1f00000)
  from space 82432K, 84% used [0x00000007b7900000,0x00000007bbcb6ae0,0x00000007bc980000)
  to   space 92160K, 0% used [0x00000007b1f00000,0x00000007b1f00000,0x00000007b7900000)
 ParOldGen       total 271872K, used 267118K [0x0000000740000000, 0x0000000750980000, 0x0000000795580000)
  object space 271872K, 98% used [0x0000000740000000,0x00000007504db900,0x0000000750980000)
 Metaspace       used 70333K, capacity 73280K, committed 73472K, reserved 1112064K
  class space    used 9471K, capacity 10169K, committed 10240K, reserved 1048576K
Event: 54.719 GC heap after
Heap after GC invocations=28 (full 6):
 PSYoungGen      total 550912K, used 62427K [0x0000000795580000, 0x00000007bea00000, 0x00000007c0000000)
  eden space 468480K, 0% used [0x0000000795580000,0x0000000795580000,0x00000007b1f00000)
  from space 82432K, 75% used [0x00000007b7900000,0x00000007bb5f6d38,0x00000007bc980000)
  to   space 92160K, 0% used [0x00000007b1f00000,0x00000007b1f00000,0x00000007b7900000)
 ParOldGen       total 404480K, used 271603K [0x0000000740000000, 0x0000000758b00000, 0x0000000795580000)
  object space 404480K, 67% used [0x0000000740000000,0x000000075093ccb0,0x0000000758b00000)
 Metaspace       used 70333K, capacity 73280K, committed 73472K, reserved 1112064K
  class space    used 9471K, capacity 10169K, committed 10240K, reserved 1048576K
}
Event: 56.408 GC heap before
{Heap before GC invocations=29 (full 6):
 PSYoungGen      total 550912K, used 530907K [0x0000000795580000, 0x00000007bea00000, 0x00000007c0000000)
  eden space 468480K, 100% used [0x0000000795580000,0x00000007b1f00000,0x00000007b1f00000)
  from space 82432K, 75% used [0x00000007b7900000,0x00000007bb5f6d38,0x00000007bc980000)
  to   space 92160K, 0% used [0x00000007b1f00000,0x00000007b1f00000,0x00000007b7900000)
 ParOldGen       total 404480K, used 271603K [0x0000000740000000, 0x0000000758b00000, 0x0000000795580000)
  object space 404480K, 67% used [0x0000000740000000,0x000000075093ccb0,0x0000000758b00000)
 Metaspace       used 70341K, capacity 73280K, committed 73472K, reserved 1112064K
  class space    used 9472K, capacity 10169K, committed 10240K, reserved 1048576K

