# JRE version: OpenJDK Runtime Environment (8.0_152-b01) (build 1.8.0_152-release-1024-b01)
# Java VM: OpenJDK 64-Bit Server VM (25.152-b01 mixed mode bsd-amd64 compressed oops)
Heap:
 PSYoungGen      total 553472K, used 187494K [0x0000000795580000, 0x00000007c0000000, 0x00000007c0000000)
  eden space 459264K, 20% used [0x0000000795580000,0x000000079b0c20e8,0x00000007b1600000)
  from space 94208K, 99% used [0x00000007b1600000,0x00000007b71d77e0,0x00000007b7200000)
  to   space 126976K, 0% used [0x00000007b8400000,0x00000007b8400000,0x00000007c0000000)
 ParOldGen       total 237568K, used 115370K [0x0000000740000000, 0x000000074e800000, 0x0000000795580000)
  object space 237568K, 48% used [0x0000000740000000,0x00000007470aa818,0x000000074e800000)
 Metaspace       used 146356K, capacity 151875K, committed 152152K, reserved 1181696K
  class space    used 17563K, capacity 18963K, committed 19032K, reserved 1048576K
GC Heap History (10 events):
Event: 1090.734 GC heap before
{Heap before GC invocations=54 (full 10):
 PSYoungGen      total 565760K, used 510843K [0x0000000795580000, 0x00000007c0000000, 0x00000007c0000000)
  eden space 448512K, 100% used [0x0000000795580000,0x00000007b0b80000,0x00000007b0b80000)
  from space 117248K, 53% used [0x00000007b0b80000,0x00000007b485ef40,0x00000007b7e00000)
  to   space 115200K, 0% used [0x00000007b8f80000,0x00000007b8f80000,0x00000007c0000000)
 ParOldGen       total 333312K, used 169215K [0x0000000740000000, 0x0000000754580000, 0x0000000795580000)
  object space 333312K, 50% used [0x0000000740000000,0x000000074a53fe68,0x0000000754580000)
 Metaspace       used 132922K, capacity 137747K, committed 137944K, reserved 1169408K
  class space    used 15861K, capacity 17057K, committed 17112K, reserved 1048576K
Event: 1091.119 GC heap after
Heap after GC invocations=54 (full 10):
 PSYoungGen      total 569344K, used 86141K [0x0000000795580000, 0x00000007c0000000, 0x00000007c0000000)
  eden space 454144K, 0% used [0x0000000795580000,0x0000000795580000,0x00000007b1100000)
  from space 115200K, 74% used [0x00000007b8f80000,0x00000007be39f5e8,0x00000007c0000000)
  to   space 122368K, 0% used [0x00000007b1100000,0x00000007b1100000,0x00000007b8880000)
 ParOldGen       total 333312K, used 213519K [0x0000000740000000, 0x0000000754580000, 0x0000000795580000)
  object space 333312K, 64% used [0x0000000740000000,0x000000074d083e10,0x0000000754580000)
 Metaspace       used 132922K, capacity 137747K, committed 137944K, reserved 1169408K
  class space    used 15861K, capacity 17057K, committed 17112K, reserved 1048576K
}
Event: 1303.410 GC heap before
{Heap before GC invocations=55 (full 10):
 PSYoungGen      total 569344K, used 540285K [0x0000000795580000, 0x00000007c0000000, 0x00000007c0000000)
  eden space 454144K, 100% used [0x0000000795580000,0x00000007b1100000,0x00000007b1100000)
  from space 115200K, 74% used [0x00000007b8f80000,0x00000007be39f5e8,0x00000007c0000000)
  to   space 122368K, 0% used [0x00000007b1100000,0x00000007b1100000,0x00000007b8880000)
 ParOldGen       total 333312K, used 213519K [0x0000000740000000, 0x0000000754580000, 0x0000000795580000)
  object space 333312K, 64% used [0x0000000740000000,0x000000074d083e10,0x0000000754580000)
 Metaspace       used 134785K, capacity 139905K, committed 139992K, reserved 1171456K
  class space    used 16062K, capacity 17332K, committed 17368K, reserved 1048576K
Event: 1304.134 GC heap after
Heap after GC invocations=55 (full 10):
 PSYoungGen      total 576512K, used 57052K [0x0000000795580000, 0x00000007bfc00000, 0x00000007c0000000)
  eden space 454144K, 0% used [0x0000000795580000,0x0000000795580000,0x00000007b1100000)
  from space 122368K, 46% used [0x00000007b1100000,0x00000007b48b71a0,0x00000007b8880000)
  to   space 116736K, 0% used [0x00000007b8a00000,0x00000007b8a00000,0x00000007bfc00000)
 ParOldGen       total 333312K, used 290450K [0x0000000740000000, 0x0000000754580000, 0x0000000795580000)
  object space 333312K, 87% used [0x0000000740000000,0x0000000751ba4920,0x0000000754580000)
 Metaspace       used 134785K, capacity 139905K, committed 139992K, reserved 1171456K
  class space    used 16062K, capacity 17332K, committed 17368K, reserved 1048576K
}
Event: 1304.134 GC heap before
{Heap before GC invocations=56 (full 11):
 PSYoungGen      total 576512K, used 57052K [0x0000000795580000, 0x00000007bfc00000, 0x00000007c0000000)
  eden space 454144K, 0% used [0x0000000795580000,0x0000000795580000,0x00000007b1100000)
  from space 122368K, 46% used [0x00000007b1100000,0x00000007b48b71a0,0x00000007b8880000)
  to   space 116736K, 0% used [0x00000007b8a00000,0x00000007b8a00000,0x00000007bfc00000)
 ParOldGen       total 333312K, used 290450K [0x0000000740000000, 0x0000000754580000, 0x0000000795580000)
  object space 333312K, 87% used [0x0000000740000000,0x0000000751ba4920,0x0000000754580000)
 Metaspace       used 134785K, capacity 139905K, committed 139992K, reserved 1171456K
  class space    used 16062K, capacity 17332K, committed 17368K, reserved 1048576K
Event: 1304.792 GC heap after
Heap after GC invocations=56 (full 11):
 PSYoungGen      total 576512K, used 0K [0x0000000795580000, 0x00000007bfc00000, 0x00000007c0000000)
  eden space 454144K, 0% used [0x0000000795580000,0x0000000795580000,0x00000007b1100000)
  from space 122368K, 0% used [0x00000007b1100000,0x00000007b1100000,0x00000007b8880000)
  to   space 116736K, 0% used [0x00000007b8a00000,0x00000007b8a00000,0x00000007bfc00000)
 ParOldGen       total 237568K, used 52887K [0x0000000740000000, 0x000000074e800000, 0x0000000795580000)
  object space 237568K, 22% used [0x0000000740000000,0x00000007433a5cb0,0x000000074e800000)
 Metaspace       used 134431K, capacity 139425K, committed 139992K, reserved 1171456K
  class space    used 16030K, capacity 17252K, committed 17368K, reserved 1048576K
}
Event: 2761.575 GC heap before
{Heap before GC invocations=57 (full 11):
 PSYoungGen      total 576512K, used 454144K [0x0000000795580000, 0x00000007bfc00000, 0x00000007c0000000)
  eden space 454144K, 100% used [0x0000000795580000,0x00000007b1100000,0x00000007b1100000)
  from space 122368K, 0% used [0x00000007b1100000,0x00000007b1100000,0x00000007b8880000)
  to   space 116736K, 0% used [0x00000007b8a00000,0x00000007b8a00000,0x00000007bfc00000)
 ParOldGen       total 237568K, used 52887K [0x0000000740000000, 0x000000074e800000, 0x0000000795580000)
  object space 237568K, 22% used [0x0000000740000000,0x00000007433a5cb0,0x000000074e800000)
 Metaspace       used 136111K, capacity 141289K, committed 141528K, reserved 1173504K
  class space    used 16197K, capacity 17512K, committed 17624K, reserved 1048576K
Event: 2770.299 GC heap after
Heap after GC invocations=57 (full 11):
 PSYoungGen      total 576000K, used 75839K [0x0000000795580000, 0x00000007bfe80000, 0x00000007c0000000)
  eden space 459264K, 0% used [0x0000000795580000,0x0000000795580000,0x00000007b1600000)
  from space 116736K, 64% used [0x00000007b8a00000,0x00000007bd40fe70,0x00000007bfc00000)
  to   space 118784K, 0% used [0x00000007b1600000,0x00000007b1600000,0x00000007b8a00000)
 ParOldGen       total 237568K, used 52895K [0x0000000740000000, 0x000000074e800000, 0x0000000795580000)
  object space 237568K, 22% used [0x0000000740000000,0x00000007433a7cb0,0x000000074e800000)
 Metaspace       used 136111K, capacity 141289K, committed 141528K, reserved 1173504K
  class space    used 16197K, capacity 17512K, committed 17624K, reserved 1048576K
}
Event: 2803.816 GC heap before
{Heap before GC invocations=58 (full 11):
 PSYoungGen      total 576000K, used 535103K [0x0000000795580000, 0x00000007bfe80000, 0x00000007c0000000)
  eden space 459264K, 100% used [0x0000000795580000,0x00000007b1600000,0x00000007b1600000)
  from space 116736K, 64% used [0x00000007b8a00000,0x00000007bd40fe70,0x00000007bfc00000)
  to   space 118784K, 0% used [0x00000007b1600000,0x00000007b1600000,0x00000007b8a00000)
 ParOldGen       total 237568K, used 52895K [0x0000000740000000, 0x000000074e800000, 0x0000000795580000)
  object space 237568K, 22% used [0x0000000740000000,0x00000007433a7cb0,0x000000074e800000)
 Metaspace       used 146335K, capacity 151869K, committed 152152K, reserved 1181696K
  class space    used 17561K, capacity 18962K, committed 19032K, reserved 1048576K
Event: 2816.188 GC heap after
Heap after GC invocations=58 (full 11):
 PSYoungGen      total 553472K, used 94045K [0x0000000795580000, 0x00000007c0000000, 0x00000007c0000000)
  eden space 459264K, 0% used [0x0000000795580000,0x0000000795580000,0x00000007b1600000)
  from space 94208K, 99% used [0x00000007b1600000,0x00000007b71d77e0,0x00000007b7200000)
  to   space 126976K, 0% used [0x00000007b8400000,0x00000007b8400000,0x00000007c0000000)
 ParOldGen       total 237568K, used 115370K [0x0000000740000000, 0x000000074e800000, 0x0000000795580000)
  object space 237568K, 48% used [0x0000000740000000,0x00000007470aa818,0x000000074e800000)
 Metaspace       used 146335K, capacity 151869K, committed 152152K, reserved 1181696K
  class space    used 17561K, capacity 18962K, committed 19032K, reserved 1048576K
}

