# JRE version: OpenJDK Runtime Environment (8.0_152-b01) (build 1.8.0_152-release-1024-b01)
# Java VM: OpenJDK 64-Bit Server VM (25.152-b01 mixed mode bsd-amd64 compressed oops)
Heap:
 PSYoungGen      total 465920K, used 189065K [0x0000000795580000, 0x00000007c0000000, 0x00000007c0000000)
  eden space 232960K, 0% used [0x0000000795580000,0x0000000795580000,0x00000007a3900000)
  from space 232960K, 81% used [0x00000007b1c80000,0x00000007bd5227d8,0x00000007c0000000)
  to   space 232960K, 0% used [0x00000007a3900000,0x00000007a3900000,0x00000007b1c80000)
 ParOldGen       total 1114112K, used 1007011K [0x0000000740000000, 0x0000000784000000, 0x0000000795580000)
  object space 1114112K, 90% used [0x0000000740000000,0x000000077d768f40,0x0000000784000000)
 Metaspace       used 70716K, capacity 73650K, committed 73728K, reserved 1112064K
  class space    used 9484K, capacity 10201K, committed 10240K, reserved 1048576K
GC Heap History (10 events):
Event: 76.861 GC heap after
Heap after GC invocations=46 (full 10):
 PSYoungGen      total 461312K, used 160601K [0x0000000795580000, 0x00000007c0000000, 0x00000007c0000000)
  eden space 252416K, 0% used [0x0000000795580000,0x0000000795580000,0x00000007a4c00000)
  from space 208896K, 76% used [0x00000007b3400000,0x00000007bd0d64d0,0x00000007c0000000)
  to   space 223232K, 0% used [0x00000007a4c00000,0x00000007a4c00000,0x00000007b2600000)
 ParOldGen       total 1114112K, used 873681K [0x0000000740000000, 0x0000000784000000, 0x0000000795580000)
  object space 1114112K, 78% used [0x0000000740000000,0x0000000775534618,0x0000000784000000)
 Metaspace       used 70503K, capacity 73452K, committed 73728K, reserved 1112064K
  class space    used 9472K, capacity 10200K, committed 10240K, reserved 1048576K
}
Event: 77.362 GC heap before
{Heap before GC invocations=47 (full 10):
 PSYoungGen      total 461312K, used 413017K [0x0000000795580000, 0x00000007c0000000, 0x00000007c0000000)
  eden space 252416K, 100% used [0x0000000795580000,0x00000007a4c00000,0x00000007a4c00000)
  from space 208896K, 76% used [0x00000007b3400000,0x00000007bd0d64d0,0x00000007c0000000)
  to   space 223232K, 0% used [0x00000007a4c00000,0x00000007a4c00000,0x00000007b2600000)
 ParOldGen       total 1114112K, used 873681K [0x0000000740000000, 0x0000000784000000, 0x0000000795580000)
  object space 1114112K, 78% used [0x0000000740000000,0x0000000775534618,0x0000000784000000)
 Metaspace       used 70513K, capacity 73452K, committed 73728K, reserved 1112064K
  class space    used 9473K, capacity 10200K, committed 10240K, reserved 1048576K
Event: 77.725 GC heap after
Heap after GC invocations=47 (full 10):
 PSYoungGen      total 454656K, used 201941K [0x0000000795580000, 0x00000007c0000000, 0x00000007c0000000)
  eden space 252416K, 0% used [0x0000000795580000,0x0000000795580000,0x00000007a4c00000)
  from space 202240K, 99% used [0x00000007a4c00000,0x00000007b11357b0,0x00000007b1180000)
  to   space 232960K, 0% used [0x00000007b1c80000,0x00000007b1c80000,0x00000007c0000000)
 ParOldGen       total 1114112K, used 873681K [0x0000000740000000, 0x0000000784000000, 0x0000000795580000)
  object space 1114112K, 78% used [0x0000000740000000,0x0000000775534618,0x0000000784000000)
 Metaspace       used 70513K, capacity 73452K, committed 73728K, reserved 1112064K
  class space    used 9473K, capacity 10200K, committed 10240K, reserved 1048576K
}
Event: 78.334 GC heap before
{Heap before GC invocations=48 (full 10):
 PSYoungGen      total 454656K, used 454357K [0x0000000795580000, 0x00000007c0000000, 0x00000007c0000000)
  eden space 252416K, 100% used [0x0000000795580000,0x00000007a4c00000,0x00000007a4c00000)
  from space 202240K, 99% used [0x00000007a4c00000,0x00000007b11357b0,0x00000007b1180000)
  to   space 232960K, 0% used [0x00000007b1c80000,0x00000007b1c80000,0x00000007c0000000)
 ParOldGen       total 1114112K, used 873681K [0x0000000740000000, 0x0000000784000000, 0x0000000795580000)
  object space 1114112K, 78% used [0x0000000740000000,0x0000000775534618,0x0000000784000000)
 Metaspace       used 70709K, capacity 73650K, committed 73728K, reserved 1112064K
  class space    used 9484K, capacity 10201K, committed 10240K, reserved 1048576K
Event: 78.697 GC heap after
Heap after GC invocations=48 (full 10):
 PSYoungGen      total 465920K, used 232956K [0x0000000795580000, 0x00000007c0000000, 0x00000007c0000000)
  eden space 232960K, 0% used [0x0000000795580000,0x0000000795580000,0x00000007a3900000)
  from space 232960K, 99% used [0x00000007b1c80000,0x00000007bffff040,0x00000007c0000000)
  to   space 232960K, 0% used [0x00000007a3900000,0x00000007a3900000,0x00000007b1c80000)
 ParOldGen       total 1114112K, used 883789K [0x0000000740000000, 0x0000000784000000, 0x0000000795580000)
  object space 1114112K, 79% used [0x0000000740000000,0x0000000775f13710,0x0000000784000000)
 Metaspace       used 70709K, capacity 73650K, committed 73728K, reserved 1112064K
  class space    used 9484K, capacity 10201K, committed 10240K, reserved 1048576K
}
Event: 79.176 GC heap before
{Heap before GC invocations=49 (full 10):
 PSYoungGen      total 465920K, used 465916K [0x0000000795580000, 0x00000007c0000000, 0x00000007c0000000)
  eden space 232960K, 100% used [0x0000000795580000,0x00000007a3900000,0x00000007a3900000)
  from space 232960K, 99% used [0x00000007b1c80000,0x00000007bffff040,0x00000007c0000000)
  to   space 232960K, 0% used [0x00000007a3900000,0x00000007a3900000,0x00000007b1c80000)
 ParOldGen       total 1114112K, used 883789K [0x0000000740000000, 0x0000000784000000, 0x0000000795580000)
  object space 1114112K, 79% used [0x0000000740000000,0x0000000775f13710,0x0000000784000000)
 Metaspace       used 70716K, capacity 73650K, committed 73728K, reserved 1112064K
  class space    used 9484K, capacity 10201K, committed 10240K, reserved 1048576K
Event: 79.575 GC heap after
Heap after GC invocations=49 (full 10):
 PSYoungGen      total 465920K, used 211320K [0x0000000795580000, 0x00000007c0000000, 0x00000007c0000000)
  eden space 232960K, 0% used [0x0000000795580000,0x0000000795580000,0x00000007a3900000)
  from space 232960K, 90% used [0x00000007a3900000,0x00000007b075e350,0x00000007b1c80000)
  to   space 232960K, 0% used [0x00000007b1c80000,0x00000007b1c80000,0x00000007c0000000)
 ParOldGen       total 1114112K, used 944696K [0x0000000740000000, 0x0000000784000000, 0x0000000795580000)
  object space 1114112K, 84% used [0x0000000740000000,0x0000000779a8e148,0x0000000784000000)
 Metaspace       used 70716K, capacity 73650K, committed 73728K, reserved 1112064K
  class space    used 9484K, capacity 10201K, committed 10240K, reserved 1048576K
}
Event: 80.153 GC heap before
{Heap before GC invocations=50 (full 10):
 PSYoungGen      total 465920K, used 444280K [0x0000000795580000, 0x00000007c0000000, 0x00000007c0000000)
  eden space 232960K, 100% used [0x0000000795580000,0x00000007a3900000,0x00000007a3900000)
  from space 232960K, 90% used [0x00000007a3900000,0x00000007b075e350,0x00000007b1c80000)
  to   space 232960K, 0% used [0x00000007b1c80000,0x00000007b1c80000,0x00000007c0000000)
 ParOldGen       total 1114112K, used 944696K [0x0000000740000000, 0x0000000784000000, 0x0000000795580000)
  object space 1114112K, 84% used [0x0000000740000000,0x0000000779a8e148,0x0000000784000000)
 Metaspace       used 70716K, capacity 73650K, committed 73728K, reserved 1112064K
  class space    used 9484K, capacity 10201K, committed 10240K, reserved 1048576K
Event: 80.717 GC heap after
Heap after GC invocations=50 (full 10):
 PSYoungGen      total 465920K, used 189065K [0x0000000795580000, 0x00000007c0000000, 0x00000007c0000000)
  eden space 232960K, 0% used [0x0000000795580000,0x0000000795580000,0x00000007a3900000)
  from space 232960K, 81% used [0x00000007b1c80000,0x00000007bd5227d8,0x00000007c0000000)
  to   space 232960K, 0% used [0x00000007a3900000,0x00000007a3900000,0x00000007b1c80000)
 ParOldGen       total 1114112K, used 1007011K [0x0000000740000000, 0x0000000784000000, 0x0000000795580000)
  object space 1114112K, 90% used [0x0000000740000000,0x000000077d768f40,0x0000000784000000)
 Metaspace       used 70716K, capacity 73650K, committed 73728K, reserved 1112064K
  class space    used 9484K, capacity 10201K, committed 10240K, reserved 1048576K
}
Event: 80.717 GC heap before
{Heap before GC invocations=51 (full 11):
 PSYoungGen      total 465920K, used 189065K [0x0000000795580000, 0x00000007c0000000, 0x00000007c0000000)
  eden space 232960K, 0% used [0x0000000795580000,0x0000000795580000,0x00000007a3900000)
  from space 232960K, 81% used [0x00000007b1c80000,0x00000007bd5227d8,0x00000007c0000000)
  to   space 232960K, 0% used [0x00000007a3900000,0x00000007a3900000,0x00000007b1c80000)
 ParOldGen       total 1114112K, used 1007011K [0x0000000740000000, 0x0000000784000000, 0x0000000795580000)
  object space 1114112K, 90% used [0x0000000740000000,0x000000077d768f40,0x0000000784000000)
 Metaspace       used 70716K, capacity 73650K, committed 73728K, reserved 1112064K
  class space    used 9484K, capacity 10201K, committed 10240K, reserved 1048576K

