# JRE version: OpenJDK Runtime Environment (8.0_152-b01) (build 1.8.0_152-release-1024-b01)
# Java VM: OpenJDK 64-Bit Server VM (25.152-b01 mixed mode bsd-amd64 compressed oops)
Heap:
 PSYoungGen      total 570368K, used 521472K [0x0000000795580000, 0x00000007c0000000, 0x00000007c0000000)
  eden space 441856K, 100% used [0x0000000795580000,0x00000007b0500000,0x00000007b0500000)
  from space 128512K, 61% used [0x00000007b0500000,0x00000007b52c02f0,0x00000007b8280000)
  to   space 128512K, 76% used [0x00000007b8280000,0x00000007be200000,0x00000007c0000000)
 ParOldGen       total 618496K, used 463151K [0x0000000740000000, 0x0000000765c00000, 0x0000000795580000)
  object space 618496K, 74% used [0x0000000740000000,0x000000075c44bf78,0x0000000765c00000)
 Metaspace       used 68224K, capacity 71052K, committed 71168K, reserved 1110016K
  class space    used 9219K, capacity 9926K, committed 9984K, reserved 1048576K
GC Heap History (10 events):
Event: 31.726 GC heap after
Heap after GC invocations=28 (full 6):
 PSYoungGen      total 528384K, used 68964K [0x0000000795580000, 0x00000007c0000000, 0x00000007c0000000)
  eden space 446464K, 0% used [0x0000000795580000,0x0000000795580000,0x00000007b0980000)
  from space 81920K, 84% used [0x00000007b7a00000,0x00000007bbd59398,0x00000007bca00000)
  to   space 115200K, 0% used [0x00000007b0980000,0x00000007b0980000,0x00000007b7a00000)
 ParOldGen       total 444928K, used 299283K [0x0000000740000000, 0x000000075b280000, 0x0000000795580000)
  object space 444928K, 67% used [0x0000000740000000,0x0000000752444e80,0x000000075b280000)
 Metaspace       used 68207K, capacity 71052K, committed 71168K, reserved 1110016K
  class space    used 9219K, capacity 9926K, committed 9984K, reserved 1048576K
}
Event: 33.052 GC heap before
{Heap before GC invocations=29 (full 6):
 PSYoungGen      total 528384K, used 515428K [0x0000000795580000, 0x00000007c0000000, 0x00000007c0000000)
  eden space 446464K, 100% used [0x0000000795580000,0x00000007b0980000,0x00000007b0980000)
  from space 81920K, 84% used [0x00000007b7a00000,0x00000007bbd59398,0x00000007bca00000)
  to   space 115200K, 0% used [0x00000007b0980000,0x00000007b0980000,0x00000007b7a00000)
 ParOldGen       total 444928K, used 299283K [0x0000000740000000, 0x000000075b280000, 0x0000000795580000)
  object space 444928K, 67% used [0x0000000740000000,0x0000000752444e80,0x000000075b280000)
 Metaspace       used 68214K, capacity 71052K, committed 71168K, reserved 1110016K
  class space    used 9219K, capacity 9926K, committed 9984K, reserved 1048576K
Event: 33.393 GC heap after
Heap after GC invocations=29 (full 6):
 PSYoungGen      total 561664K, used 49778K [0x0000000795580000, 0x00000007c0000000, 0x00000007c0000000)
  eden space 446464K, 0% used [0x0000000795580000,0x0000000795580000,0x00000007b0980000)
  from space 115200K, 43% used [0x00000007b0980000,0x00000007b3a1c970,0x00000007b7a00000)
  to   space 111104K, 0% used [0x00000007b9380000,0x00000007b9380000,0x00000007c0000000)
 ParOldGen       total 444928K, used 368020K [0x0000000740000000, 0x000000075b280000, 0x0000000795580000)
  object space 444928K, 82% used [0x0000000740000000,0x00000007567650e0,0x000000075b280000)
 Metaspace       used 68214K, capacity 71052K, committed 71168K, reserved 1110016K
  class space    used 9219K, capacity 9926K, committed 9984K, reserved 1048576K
}
Event: 34.401 GC heap before
{Heap before GC invocations=30 (full 6):
 PSYoungGen      total 561664K, used 496242K [0x0000000795580000, 0x00000007c0000000, 0x00000007c0000000)
  eden space 446464K, 100% used [0x0000000795580000,0x00000007b0980000,0x00000007b0980000)
  from space 115200K, 43% used [0x00000007b0980000,0x00000007b3a1c970,0x00000007b7a00000)
  to   space 111104K, 0% used [0x00000007b9380000,0x00000007b9380000,0x00000007c0000000)
 ParOldGen       total 444928K, used 368020K [0x0000000740000000, 0x000000075b280000, 0x0000000795580000)
  object space 444928K, 82% used [0x0000000740000000,0x00000007567650e0,0x000000075b280000)
 Metaspace       used 68222K, capacity 71052K, committed 71168K, reserved 1110016K
  class space    used 9219K, capacity 9926K, committed 9984K, reserved 1048576K
Event: 34.616 GC heap after
Heap after GC invocations=30 (full 6):
 PSYoungGen      total 552960K, used 105809K [0x0000000795580000, 0x00000007c0000000, 0x00000007c0000000)
  eden space 441856K, 0% used [0x0000000795580000,0x0000000795580000,0x00000007b0500000)
  from space 111104K, 95% used [0x00000007b9380000,0x00000007bfad4578,0x00000007c0000000)
  to   space 128512K, 0% used [0x00000007b0500000,0x00000007b0500000,0x00000007b8280000)
 ParOldGen       total 444928K, used 368020K [0x0000000740000000, 0x000000075b280000, 0x0000000795580000)
  object space 444928K, 82% used [0x0000000740000000,0x00000007567650e0,0x000000075b280000)
 Metaspace       used 68222K, capacity 71052K, committed 71168K, reserved 1110016K
  class space    used 9219K, capacity 9926K, committed 9984K, reserved 1048576K
}
Event: 35.847 GC heap before
{Heap before GC invocations=31 (full 6):
 PSYoungGen      total 552960K, used 547665K [0x0000000795580000, 0x00000007c0000000, 0x00000007c0000000)
  eden space 441856K, 100% used [0x0000000795580000,0x00000007b0500000,0x00000007b0500000)
  from space 111104K, 95% used [0x00000007b9380000,0x00000007bfad4578,0x00000007c0000000)
  to   space 128512K, 0% used [0x00000007b0500000,0x00000007b0500000,0x00000007b8280000)
 ParOldGen       total 444928K, used 368020K [0x0000000740000000, 0x000000075b280000, 0x0000000795580000)
  object space 444928K, 82% used [0x0000000740000000,0x00000007567650e0,0x000000075b280000)
 Metaspace       used 68224K, capacity 71052K, committed 71168K, reserved 1110016K
  class space    used 9219K, capacity 9926K, committed 9984K, reserved 1048576K
Event: 36.231 GC heap after
Heap after GC invocations=31 (full 6):
 PSYoungGen      total 570368K, used 128482K [0x0000000795580000, 0x00000007c0000000, 0x00000007c0000000)
  eden space 441856K, 0% used [0x0000000795580000,0x0000000795580000,0x00000007b0500000)
  from space 128512K, 99% used [0x00000007b0500000,0x00000007b82788e0,0x00000007b8280000)
  to   space 128512K, 0% used [0x00000007b8280000,0x00000007b8280000,0x00000007c0000000)
 ParOldGen       total 444928K, used 406281K [0x0000000740000000, 0x000000075b280000, 0x0000000795580000)
  object space 444928K, 91% used [0x0000000740000000,0x0000000758cc2630,0x000000075b280000)
 Metaspace       used 68224K, capacity 71052K, committed 71168K, reserved 1110016K
  class space    used 9219K, capacity 9926K, committed 9984K, reserved 1048576K
}
Event: 36.231 GC heap before
{Heap before GC invocations=32 (full 7):
 PSYoungGen      total 570368K, used 128482K [0x0000000795580000, 0x00000007c0000000, 0x00000007c0000000)
  eden space 441856K, 0% used [0x0000000795580000,0x0000000795580000,0x00000007b0500000)
  from space 128512K, 99% used [0x00000007b0500000,0x00000007b82788e0,0x00000007b8280000)
  to   space 128512K, 0% used [0x00000007b8280000,0x00000007b8280000,0x00000007c0000000)
 ParOldGen       total 444928K, used 406281K [0x0000000740000000, 0x000000075b280000, 0x0000000795580000)
  object space 444928K, 91% used [0x0000000740000000,0x0000000758cc2630,0x000000075b280000)
 Metaspace       used 68224K, capacity 71052K, committed 71168K, reserved 1110016K
  class space    used 9219K, capacity 9926K, committed 9984K, reserved 1048576K
Event: 38.421 GC heap after
Heap after GC invocations=32 (full 7):
 PSYoungGen      total 570368K, used 79616K [0x0000000795580000, 0x00000007c0000000, 0x00000007c0000000)
  eden space 441856K, 0% used [0x0000000795580000,0x0000000795580000,0x00000007b0500000)
  from space 128512K, 61% used [0x00000007b0500000,0x00000007b52c02f0,0x00000007b8280000)
  to   space 128512K, 0% used [0x00000007b8280000,0x00000007b8280000,0x00000007c0000000)
 ParOldGen       total 618496K, used 444746K [0x0000000740000000, 0x0000000765c00000, 0x0000000795580000)
  object space 618496K, 71% used [0x0000000740000000,0x000000075b252b80,0x0000000765c00000)
 Metaspace       used 68224K, capacity 71052K, committed 71168K, reserved 1110016K
  class space    used 9219K, capacity 9926K, committed 9984K, reserved 1048576K
}
Event: 39.513 GC heap before
{Heap before GC invocations=33 (full 7):
 PSYoungGen      total 570368K, used 521472K [0x0000000795580000, 0x00000007c0000000, 0x00000007c0000000)
  eden space 441856K, 100% used [0x0000000795580000,0x00000007b0500000,0x00000007b0500000)
  from space 128512K, 61% used [0x00000007b0500000,0x00000007b52c02f0,0x00000007b8280000)
  to   space 128512K, 0% used [0x00000007b8280000,0x00000007b8280000,0x00000007c0000000)
 ParOldGen       total 618496K, used 444746K [0x0000000740000000, 0x0000000765c00000, 0x0000000795580000)
  object space 618496K, 71% used [0x0000000740000000,0x000000075b252b80,0x0000000765c00000)
 Metaspace       used 68224K, capacity 71052K, committed 71168K, reserved 1110016K
  class space    used 9219K, capacity 9926K, committed 9984K, reserved 1048576K

