# JRE version: OpenJDK Runtime Environment (8.0_152-b01) (build 1.8.0_152-release-1024-b01)
# Java VM: OpenJDK 64-Bit Server VM (25.152-b01 mixed mode bsd-amd64 compressed oops)
Heap:
 PSYoungGen      total 397824K, used 74442K [0x0000000795580000, 0x00000007b3800000, 0x00000007c0000000)
  eden space 305664K, 16% used [0x0000000795580000,0x00000007986b9d08,0x00000007a8000000)
  from space 92160K, 26% used [0x00000007ade00000,0x00000007af578e50,0x00000007b3800000)
  to   space 94208K, 0% used [0x00000007a8000000,0x00000007a8000000,0x00000007adc00000)
 ParOldGen       total 361472K, used 116622K [0x0000000740000000, 0x0000000756100000, 0x0000000795580000)
  object space 361472K, 32% used [0x0000000740000000,0x00000007471e39d8,0x0000000756100000)
 Metaspace       used 114822K, capacity 122289K, committed 122540K, reserved 1157120K
  class space    used 14131K, capacity 15707K, committed 15788K, reserved 1048576K
GC Heap History (10 events):
Event: 1651.664 GC heap before
{Heap before GC invocations=87 (full 12):
 PSYoungGen      total 401920K, used 365788K [0x0000000795580000, 0x00000007b4980000, 0x00000007c0000000)
  eden space 298496K, 100% used [0x0000000795580000,0x00000007a7900000,0x00000007a7900000)
  from space 103424K, 65% used [0x00000007ae000000,0x00000007b21b7320,0x00000007b4500000)
  to   space 105472K, 0% used [0x00000007a7900000,0x00000007a7900000,0x00000007ae000000)
 ParOldGen       total 491520K, used 232954K [0x0000000740000000, 0x000000075e000000, 0x0000000795580000)
  object space 491520K, 47% used [0x0000000740000000,0x000000074e37eaf0,0x000000075e000000)
 Metaspace       used 109075K, capacity 115486K, committed 115584K, reserved 1150976K
  class space    used 13336K, capacity 14625K, committed 14720K, reserved 1048576K
Event: 1652.071 GC heap after
Heap after GC invocations=87 (full 12):
 PSYoungGen      total 403968K, used 38122K [0x0000000795580000, 0x00000007b4300000, 0x00000007c0000000)
  eden space 298496K, 0% used [0x0000000795580000,0x0000000795580000,0x00000007a7900000)
  from space 105472K, 36% used [0x00000007a7900000,0x00000007a9e3a938,0x00000007ae000000)
  to   space 101376K, 0% used [0x00000007ae000000,0x00000007ae000000,0x00000007b4300000)
 ParOldGen       total 491520K, used 233121K [0x0000000740000000, 0x000000075e000000, 0x0000000795580000)
  object space 491520K, 47% used [0x0000000740000000,0x000000074e3a8580,0x000000075e000000)
 Metaspace       used 109075K, capacity 115486K, committed 115584K, reserved 1150976K
  class space    used 13336K, capacity 14625K, committed 14720K, reserved 1048576K
}
Event: 1662.735 GC heap before
{Heap before GC invocations=88 (full 12):
 PSYoungGen      total 403968K, used 336618K [0x0000000795580000, 0x00000007b4300000, 0x00000007c0000000)
  eden space 298496K, 100% used [0x0000000795580000,0x00000007a7900000,0x00000007a7900000)
  from space 105472K, 36% used [0x00000007a7900000,0x00000007a9e3a938,0x00000007ae000000)
  to   space 101376K, 0% used [0x00000007ae000000,0x00000007ae000000,0x00000007b4300000)
 ParOldGen       total 491520K, used 233121K [0x0000000740000000, 0x000000075e000000, 0x0000000795580000)
  object space 491520K, 47% used [0x0000000740000000,0x000000074e3a8580,0x000000075e000000)
 Metaspace       used 113336K, capacity 120215K, committed 120448K, reserved 1155072K
  class space    used 13967K, capacity 15441K, committed 15488K, reserved 1048576K
Event: 1662.839 GC heap after
Heap after GC invocations=88 (full 12):
 PSYoungGen      total 397824K, used 30781K [0x0000000795580000, 0x00000007b3d80000, 0x00000007c0000000)
  eden space 302080K, 0% used [0x0000000795580000,0x0000000795580000,0x00000007a7c80000)
  from space 95744K, 32% used [0x00000007ae000000,0x00000007afe0f610,0x00000007b3d80000)
  to   space 98816K, 0% used [0x00000007a7c80000,0x00000007a7c80000,0x00000007add00000)
 ParOldGen       total 491520K, used 233613K [0x0000000740000000, 0x000000075e000000, 0x0000000795580000)
  object space 491520K, 47% used [0x0000000740000000,0x000000074e423578,0x000000075e000000)
 Metaspace       used 113336K, capacity 120215K, committed 120448K, reserved 1155072K
  class space    used 13967K, capacity 15441K, committed 15488K, reserved 1048576K
}
Event: 1671.388 GC heap before
{Heap before GC invocations=89 (full 12):
 PSYoungGen      total 397824K, used 167246K [0x0000000795580000, 0x00000007b3d80000, 0x00000007c0000000)
  eden space 302080K, 45% used [0x0000000795580000,0x000000079dac4490,0x00000007a7c80000)
  from space 95744K, 32% used [0x00000007ae000000,0x00000007afe0f610,0x00000007b3d80000)
  to   space 98816K, 0% used [0x00000007a7c80000,0x00000007a7c80000,0x00000007add00000)
 ParOldGen       total 491520K, used 233613K [0x0000000740000000, 0x000000075e000000, 0x0000000795580000)
  object space 491520K, 47% used [0x0000000740000000,0x000000074e423578,0x000000075e000000)
 Metaspace       used 114143K, capacity 121285K, committed 121388K, reserved 1155072K
  class space    used 14078K, capacity 15617K, committed 15660K, reserved 1048576K
Event: 1671.529 GC heap after
Heap after GC invocations=89 (full 12):
 PSYoungGen      total 400896K, used 27162K [0x0000000795580000, 0x00000007b3c00000, 0x00000007c0000000)
  eden space 302080K, 0% used [0x0000000795580000,0x0000000795580000,0x00000007a7c80000)
  from space 98816K, 27% used [0x00000007a7c80000,0x00000007a9706be0,0x00000007add00000)
  to   space 96256K, 0% used [0x00000007ade00000,0x00000007ade00000,0x00000007b3c00000)
 ParOldGen       total 491520K, used 233818K [0x0000000740000000, 0x000000075e000000, 0x0000000795580000)
  object space 491520K, 47% used [0x0000000740000000,0x000000074e4569a8,0x000000075e000000)
 Metaspace       used 114143K, capacity 121285K, committed 121388K, reserved 1155072K
  class space    used 14078K, capacity 15617K, committed 15660K, reserved 1048576K
}
Event: 1671.529 GC heap before
{Heap before GC invocations=90 (full 13):
 PSYoungGen      total 400896K, used 27162K [0x0000000795580000, 0x00000007b3c00000, 0x00000007c0000000)
  eden space 302080K, 0% used [0x0000000795580000,0x0000000795580000,0x00000007a7c80000)
  from space 98816K, 27% used [0x00000007a7c80000,0x00000007a9706be0,0x00000007add00000)
  to   space 96256K, 0% used [0x00000007ade00000,0x00000007ade00000,0x00000007b3c00000)
 ParOldGen       total 491520K, used 233818K [0x0000000740000000, 0x000000075e000000, 0x0000000795580000)
  object space 491520K, 47% used [0x0000000740000000,0x000000074e4569a8,0x000000075e000000)
 Metaspace       used 114143K, capacity 121285K, committed 121388K, reserved 1155072K
  class space    used 14078K, capacity 15617K, committed 15660K, reserved 1048576K
Event: 1672.938 GC heap after
Heap after GC invocations=90 (full 13):
 PSYoungGen      total 400896K, used 0K [0x0000000795580000, 0x00000007b3c00000, 0x00000007c0000000)
  eden space 302080K, 0% used [0x0000000795580000,0x0000000795580000,0x00000007a7c80000)
  from space 98816K, 0% used [0x00000007a7c80000,0x00000007a7c80000,0x00000007add00000)
  to   space 96256K, 0% used [0x00000007ade00000,0x00000007ade00000,0x00000007b3c00000)
 ParOldGen       total 361472K, used 116614K [0x0000000740000000, 0x0000000756100000, 0x0000000795580000)
  object space 361472K, 32% used [0x0000000740000000,0x00000007471e19d8,0x0000000756100000)
 Metaspace       used 114046K, capacity 121165K, committed 121388K, reserved 1155072K
  class space    used 14053K, capacity 15577K, committed 15660K, reserved 1048576K
}
Event: 1935.951 GC heap before
{Heap before GC invocations=91 (full 13):
 PSYoungGen      total 400896K, used 302080K [0x0000000795580000, 0x00000007b3c00000, 0x00000007c0000000)
  eden space 302080K, 100% used [0x0000000795580000,0x00000007a7c80000,0x00000007a7c80000)
  from space 98816K, 0% used [0x00000007a7c80000,0x00000007a7c80000,0x00000007add00000)
  to   space 96256K, 0% used [0x00000007ade00000,0x00000007ade00000,0x00000007b3c00000)
 ParOldGen       total 361472K, used 116614K [0x0000000740000000, 0x0000000756100000, 0x0000000795580000)
  object space 361472K, 32% used [0x0000000740000000,0x00000007471e19d8,0x0000000756100000)
 Metaspace       used 114808K, capacity 122265K, committed 122540K, reserved 1157120K
  class space    used 14129K, capacity 15703K, committed 15788K, reserved 1048576K
Event: 1936.451 GC heap after
Heap after GC invocations=91 (full 13):
 PSYoungGen      total 397824K, used 24035K [0x0000000795580000, 0x00000007b3800000, 0x00000007c0000000)
  eden space 305664K, 0% used [0x0000000795580000,0x0000000795580000,0x00000007a8000000)
  from space 92160K, 26% used [0x00000007ade00000,0x00000007af578e50,0x00000007b3800000)
  to   space 94208K, 0% used [0x00000007a8000000,0x00000007a8000000,0x00000007adc00000)
 ParOldGen       total 361472K, used 116622K [0x0000000740000000, 0x0000000756100000, 0x0000000795580000)
  object space 361472K, 32% used [0x0000000740000000,0x00000007471e39d8,0x0000000756100000)
 Metaspace       used 114808K, capacity 122265K, committed 122540K, reserved 1157120K
  class space    used 14129K, capacity 15703K, committed 15788K, reserved 1048576K
}

