# JRE version: OpenJDK Runtime Environment (8.0_152-b01) (build 1.8.0_152-release-1024-b01)
# Java VM: OpenJDK 64-Bit Server VM (25.152-b01 mixed mode bsd-amd64 compressed oops)
Heap:
 PSYoungGen      total 135680K, used 42654K [0x0000000795580000, 0x000000079f280000, 0x00000007c0000000)
  eden space 126976K, 33% used [0x0000000795580000,0x0000000797f27968,0x000000079d180000)
  from space 8704K, 0% used [0x000000079d180000,0x000000079d180000,0x000000079da00000)
  to   space 11776K, 0% used [0x000000079e700000,0x000000079e700000,0x000000079f280000)
 ParOldGen       total 58368K, used 20051K [0x0000000740000000, 0x0000000743900000, 0x0000000795580000)
  object space 58368K, 34% used [0x0000000740000000,0x0000000741394c90,0x0000000743900000)
 Metaspace       used 36170K, capacity 36926K, committed 37248K, reserved 1081344K
  class space    used 4985K, capacity 5227K, committed 5248K, reserved 1048576K
GC Heap History (10 events):
Event: 3.101 GC heap before
{Heap before GC invocations=7 (full 0):
 PSYoungGen      total 71168K, used 19858K [0x0000000795580000, 0x000000079a480000, 0x00000007c0000000)
  eden space 64512K, 20% used [0x0000000795580000,0x00000007962b4a28,0x0000000799480000)
  from space 6656K, 95% used [0x0000000799c00000,0x000000079a230040,0x000000079a280000)
  to   space 7680K, 0% used [0x0000000799480000,0x0000000799480000,0x0000000799c00000)
 ParOldGen       total 44032K, used 7688K [0x0000000740000000, 0x0000000742b00000, 0x0000000795580000)
  object space 44032K, 17% used [0x0000000740000000,0x0000000740782048,0x0000000742b00000)
 Metaspace       used 20670K, capacity 21066K, committed 21248K, reserved 1067008K
  class space    used 2898K, capacity 3037K, committed 3072K, reserved 1048576K
Event: 3.109 GC heap after
Heap after GC invocations=7 (full 0):
 PSYoungGen      total 72192K, used 5233K [0x0000000795580000, 0x000000079e280000, 0x00000007c0000000)
  eden space 64512K, 0% used [0x0000000795580000,0x0000000795580000,0x0000000799480000)
  from space 7680K, 68% used [0x0000000799480000,0x000000079999c6d0,0x0000000799c00000)
  to   space 7680K, 0% used [0x000000079db00000,0x000000079db00000,0x000000079e280000)
 ParOldGen       total 44032K, used 8476K [0x0000000740000000, 0x0000000742b00000, 0x0000000795580000)
  object space 44032K, 19% used [0x0000000740000000,0x0000000740847098,0x0000000742b00000)
 Metaspace       used 20670K, capacity 21066K, committed 21248K, reserved 1067008K
  class space    used 2898K, capacity 3037K, committed 3072K, reserved 1048576K
}
Event: 3.109 GC heap before
{Heap before GC invocations=8 (full 1):
 PSYoungGen      total 72192K, used 5233K [0x0000000795580000, 0x000000079e280000, 0x00000007c0000000)
  eden space 64512K, 0% used [0x0000000795580000,0x0000000795580000,0x0000000799480000)
  from space 7680K, 68% used [0x0000000799480000,0x000000079999c6d0,0x0000000799c00000)
  to   space 7680K, 0% used [0x000000079db00000,0x000000079db00000,0x000000079e280000)
 ParOldGen       total 44032K, used 8476K [0x0000000740000000, 0x0000000742b00000, 0x0000000795580000)
  object space 44032K, 19% used [0x0000000740000000,0x0000000740847098,0x0000000742b00000)
 Metaspace       used 20670K, capacity 21066K, committed 21248K, reserved 1067008K
  class space    used 2898K, capacity 3037K, committed 3072K, reserved 1048576K
Event: 3.155 GC heap after
Heap after GC invocations=8 (full 1):
 PSYoungGen      total 72192K, used 0K [0x0000000795580000, 0x000000079e280000, 0x00000007c0000000)
  eden space 64512K, 0% used [0x0000000795580000,0x0000000795580000,0x0000000799480000)
  from space 7680K, 0% used [0x0000000799480000,0x0000000799480000,0x0000000799c00000)
  to   space 7680K, 0% used [0x000000079db00000,0x000000079db00000,0x000000079e280000)
 ParOldGen       total 34304K, used 7879K [0x0000000740000000, 0x0000000742180000, 0x0000000795580000)
  object space 34304K, 22% used [0x0000000740000000,0x00000007407b1c00,0x0000000742180000)
 Metaspace       used 20670K, capacity 21066K, committed 21248K, reserved 1067008K
  class space    used 2898K, capacity 3037K, committed 3072K, reserved 1048576K
}
Event: 4.395 GC heap before
{Heap before GC invocations=9 (full 1):
 PSYoungGen      total 72192K, used 64512K [0x0000000795580000, 0x000000079e280000, 0x00000007c0000000)
  eden space 64512K, 100% used [0x0000000795580000,0x0000000799480000,0x0000000799480000)
  from space 7680K, 0% used [0x0000000799480000,0x0000000799480000,0x0000000799c00000)
  to   space 7680K, 0% used [0x000000079db00000,0x000000079db00000,0x000000079e280000)
 ParOldGen       total 34304K, used 7879K [0x0000000740000000, 0x0000000742180000, 0x0000000795580000)
  object space 34304K, 22% used [0x0000000740000000,0x00000007407b1c00,0x0000000742180000)
 Metaspace       used 26137K, capacity 26708K, committed 27136K, reserved 1073152K
  class space    used 3612K, capacity 3798K, committed 3840K, reserved 1048576K
Event: 4.410 GC heap after
Heap after GC invocations=9 (full 1):
 PSYoungGen      total 110592K, used 7341K [0x0000000795580000, 0x000000079e280000, 0x00000007c0000000)
  eden space 102912K, 0% used [0x0000000795580000,0x0000000795580000,0x000000079ba00000)
  from space 7680K, 95% used [0x000000079db00000,0x000000079e22b760,0x000000079e280000)
  to   space 8704K, 0% used [0x000000079d180000,0x000000079d180000,0x000000079da00000)
 ParOldGen       total 34304K, used 7887K [0x0000000740000000, 0x0000000742180000, 0x0000000795580000)
  object space 34304K, 22% used [0x0000000740000000,0x00000007407b3c00,0x0000000742180000)
 Metaspace       used 26137K, capacity 26708K, committed 27136K, reserved 1073152K
  class space    used 3612K, capacity 3798K, committed 3840K, reserved 1048576K
}
Event: 7.185 GC heap before
{Heap before GC invocations=10 (full 1):
 PSYoungGen      total 110592K, used 107356K [0x0000000795580000, 0x000000079e280000, 0x00000007c0000000)
  eden space 102912K, 97% used [0x0000000795580000,0x000000079b72bb10,0x000000079ba00000)
  from space 7680K, 95% used [0x000000079db00000,0x000000079e22b760,0x000000079e280000)
  to   space 8704K, 0% used [0x000000079d180000,0x000000079d180000,0x000000079da00000)
 ParOldGen       total 34304K, used 7887K [0x0000000740000000, 0x0000000742180000, 0x0000000795580000)
  object space 34304K, 22% used [0x0000000740000000,0x00000007407b3c00,0x0000000742180000)
 Metaspace       used 34388K, capacity 35102K, committed 35416K, reserved 1079296K
  class space    used 4765K, capacity 5023K, committed 5120K, reserved 1048576K
Event: 7.206 GC heap after
Heap after GC invocations=10 (full 1):
 PSYoungGen      total 135680K, used 8702K [0x0000000795580000, 0x000000079f280000, 0x00000007c0000000)
  eden space 126976K, 0% used [0x0000000795580000,0x0000000795580000,0x000000079d180000)
  from space 8704K, 99% used [0x000000079d180000,0x000000079d9ff918,0x000000079da00000)
  to   space 11776K, 0% used [0x000000079e700000,0x000000079e700000,0x000000079f280000)
 ParOldGen       total 34304K, used 12728K [0x0000000740000000, 0x0000000742180000, 0x0000000795580000)
  object space 34304K, 37% used [0x0000000740000000,0x0000000740c6e0e0,0x0000000742180000)
 Metaspace       used 34388K, capacity 35102K, committed 35416K, reserved 1079296K
  class space    used 4765K, capacity 5023K, committed 5120K, reserved 1048576K
}
Event: 7.206 GC heap before
{Heap before GC invocations=11 (full 2):
 PSYoungGen      total 135680K, used 8702K [0x0000000795580000, 0x000000079f280000, 0x00000007c0000000)
  eden space 126976K, 0% used [0x0000000795580000,0x0000000795580000,0x000000079d180000)
  from space 8704K, 99% used [0x000000079d180000,0x000000079d9ff918,0x000000079da00000)
  to   space 11776K, 0% used [0x000000079e700000,0x000000079e700000,0x000000079f280000)
 ParOldGen       total 34304K, used 12728K [0x0000000740000000, 0x0000000742180000, 0x0000000795580000)
  object space 34304K, 37% used [0x0000000740000000,0x0000000740c6e0e0,0x0000000742180000)
 Metaspace       used 34388K, capacity 35102K, committed 35416K, reserved 1079296K
  class space    used 4765K, capacity 5023K, committed 5120K, reserved 1048576K
Event: 7.275 GC heap after
Heap after GC invocations=11 (full 2):
 PSYoungGen      total 135680K, used 0K [0x0000000795580000, 0x000000079f280000, 0x00000007c0000000)
  eden space 126976K, 0% used [0x0000000795580000,0x0000000795580000,0x000000079d180000)
  from space 8704K, 0% used [0x000000079d180000,0x000000079d180000,0x000000079da00000)
  to   space 11776K, 0% used [0x000000079e700000,0x000000079e700000,0x000000079f280000)
 ParOldGen       total 58368K, used 20051K [0x0000000740000000, 0x0000000743900000, 0x0000000795580000)
  object space 58368K, 34% used [0x0000000740000000,0x0000000741394c90,0x0000000743900000)
 Metaspace       used 34388K, capacity 35102K, committed 35416K, reserved 1079296K
  class space    used 4765K, capacity 5023K, committed 5120K, reserved 1048576K
}

