# JRE version: OpenJDK Runtime Environment (8.0_152-b01) (build 1.8.0_152-release-1024-b01)
# Java VM: OpenJDK 64-Bit Server VM (25.152-b01 mixed mode bsd-amd64 compressed oops)
Heap:
 PSYoungGen      total 456192K, used 182603K [0x0000000795580000, 0x00000007c0000000, 0x00000007c0000000)
  eden space 316928K, 57% used [0x0000000795580000,0x00000007a07d2dd8,0x00000007a8b00000)
  from space 139264K, 0% used [0x00000007a8b00000,0x00000007a8b00000,0x00000007b1300000)
  to   space 204288K, 0% used [0x00000007b3880000,0x00000007b3880000,0x00000007c0000000)
 ParOldGen       total 482816K, used 333264K [0x0000000740000000, 0x000000075d780000, 0x0000000795580000)
  object space 482816K, 69% used [0x0000000740000000,0x0000000754574048,0x000000075d780000)
 Metaspace       used 125191K, capacity 132311K, committed 133208K, reserved 1165312K
  class space    used 15784K, capacity 17139K, committed 17280K, reserved 1048576K
GC Heap History (10 events):
Event: 3002.083 GC heap before
{Heap before GC invocations=123 (full 11):
 PSYoungGen      total 548352K, used 448303K [0x0000000795580000, 0x00000007bfe00000, 0x00000007c0000000)
  eden space 415232K, 100% used [0x0000000795580000,0x00000007aeb00000,0x00000007aeb00000)
  from space 133120K, 24% used [0x00000007aeb00000,0x00000007b0b4bc18,0x00000007b6d00000)
  to   space 126976K, 0% used [0x00000007b8200000,0x00000007b8200000,0x00000007bfe00000)
 ParOldGen       total 411136K, used 265077K [0x0000000740000000, 0x0000000759180000, 0x0000000795580000)
  object space 411136K, 64% used [0x0000000740000000,0x00000007502dd7b0,0x0000000759180000)
 Metaspace       used 125515K, capacity 132791K, committed 133208K, reserved 1165312K
  class space    used 15837K, capacity 17204K, committed 17280K, reserved 1048576K
Event: 3002.354 GC heap after
Heap after GC invocations=123 (full 11):
 PSYoungGen      total 548352K, used 39124K [0x0000000795580000, 0x00000007bed00000, 0x00000007c0000000)
  eden space 438784K, 0% used [0x0000000795580000,0x0000000795580000,0x00000007b0200000)
  from space 109568K, 35% used [0x00000007b8200000,0x00000007ba8351d8,0x00000007bed00000)
  to   space 120320K, 0% used [0x00000007b0200000,0x00000007b0200000,0x00000007b7780000)
 ParOldGen       total 411136K, used 265085K [0x0000000740000000, 0x0000000759180000, 0x0000000795580000)
  object space 411136K, 64% used [0x0000000740000000,0x00000007502df7b0,0x0000000759180000)
 Metaspace       used 125515K, capacity 132791K, committed 133208K, reserved 1165312K
  class space    used 15837K, capacity 17204K, committed 17280K, reserved 1048576K
}
Event: 3035.282 GC heap before
{Heap before GC invocations=124 (full 11):
 PSYoungGen      total 548352K, used 477908K [0x0000000795580000, 0x00000007bed00000, 0x00000007c0000000)
  eden space 438784K, 100% used [0x0000000795580000,0x00000007b0200000,0x00000007b0200000)
  from space 109568K, 35% used [0x00000007b8200000,0x00000007ba8351d8,0x00000007bed00000)
  to   space 120320K, 0% used [0x00000007b0200000,0x00000007b0200000,0x00000007b7780000)
 ParOldGen       total 411136K, used 265085K [0x0000000740000000, 0x0000000759180000, 0x0000000795580000)
  object space 411136K, 64% used [0x0000000740000000,0x00000007502df7b0,0x0000000759180000)
 Metaspace       used 125528K, capacity 132791K, committed 133208K, reserved 1165312K
  class space    used 15837K, capacity 17204K, committed 17280K, reserved 1048576K
Event: 3041.857 GC heap after
Heap after GC invocations=124 (full 11):
 PSYoungGen      total 559104K, used 120295K [0x0000000795580000, 0x00000007c0000000, 0x00000007c0000000)
  eden space 438784K, 0% used [0x0000000795580000,0x0000000795580000,0x00000007b0200000)
  from space 120320K, 99% used [0x00000007b0200000,0x00000007b7779c48,0x00000007b7780000)
  to   space 139776K, 0% used [0x00000007b7780000,0x00000007b7780000,0x00000007c0000000)
 ParOldGen       total 411136K, used 317445K [0x0000000740000000, 0x0000000759180000, 0x0000000795580000)
  object space 411136K, 77% used [0x0000000740000000,0x00000007536017c8,0x0000000759180000)
 Metaspace       used 125528K, capacity 132791K, committed 133208K, reserved 1165312K
  class space    used 15837K, capacity 17204K, committed 17280K, reserved 1048576K
}
Event: 3044.880 GC heap before
{Heap before GC invocations=125 (full 11):
 PSYoungGen      total 559104K, used 559079K [0x0000000795580000, 0x00000007c0000000, 0x00000007c0000000)
  eden space 438784K, 100% used [0x0000000795580000,0x00000007b0200000,0x00000007b0200000)
  from space 120320K, 99% used [0x00000007b0200000,0x00000007b7779c48,0x00000007b7780000)
  to   space 139776K, 0% used [0x00000007b7780000,0x00000007b7780000,0x00000007c0000000)
 ParOldGen       total 411136K, used 317445K [0x0000000740000000, 0x0000000759180000, 0x0000000795580000)
  object space 411136K, 77% used [0x0000000740000000,0x00000007536017c8,0x0000000759180000)
 Metaspace       used 125533K, capacity 132791K, committed 133208K, reserved 1165312K
  class space    used 15837K, capacity 17204K, committed 17280K, reserved 1048576K
Event: 3049.088 GC heap after
Heap after GC invocations=125 (full 11):
 PSYoungGen      total 456704K, used 139746K [0x0000000795580000, 0x00000007c0000000, 0x00000007c0000000)
  eden space 316928K, 0% used [0x0000000795580000,0x0000000795580000,0x00000007a8b00000)
  from space 139776K, 99% used [0x00000007b7780000,0x00000007bfff8880,0x00000007c0000000)
  to   space 190976K, 0% used [0x00000007a8b00000,0x00000007a8b00000,0x00000007b4580000)
 ParOldGen       total 411136K, used 346857K [0x0000000740000000, 0x0000000759180000, 0x0000000795580000)
  object space 411136K, 84% used [0x0000000740000000,0x00000007552ba638,0x0000000759180000)
 Metaspace       used 125533K, capacity 132791K, committed 133208K, reserved 1165312K
  class space    used 15837K, capacity 17204K, committed 17280K, reserved 1048576K
}
Event: 3051.582 GC heap before
{Heap before GC invocations=126 (full 11):
 PSYoungGen      total 456704K, used 456674K [0x0000000795580000, 0x00000007c0000000, 0x00000007c0000000)
  eden space 316928K, 100% used [0x0000000795580000,0x00000007a8b00000,0x00000007a8b00000)
  from space 139776K, 99% used [0x00000007b7780000,0x00000007bfff8880,0x00000007c0000000)
  to   space 190976K, 0% used [0x00000007a8b00000,0x00000007a8b00000,0x00000007b4580000)
 ParOldGen       total 411136K, used 346857K [0x0000000740000000, 0x0000000759180000, 0x0000000795580000)
  object space 411136K, 84% used [0x0000000740000000,0x00000007552ba638,0x0000000759180000)
 Metaspace       used 125534K, capacity 132791K, committed 133208K, reserved 1165312K
  class space    used 15837K, capacity 17204K, committed 17280K, reserved 1048576K
Event: 3052.158 GC heap after
Heap after GC invocations=126 (full 11):
 PSYoungGen      total 456192K, used 139259K [0x0000000795580000, 0x00000007c0000000, 0x00000007c0000000)
  eden space 316928K, 0% used [0x0000000795580000,0x0000000795580000,0x00000007a8b00000)
  from space 139264K, 99% used [0x00000007a8b00000,0x00000007b12fecd8,0x00000007b1300000)
  to   space 204288K, 0% used [0x00000007b3880000,0x00000007b3880000,0x00000007c0000000)
 ParOldGen       total 411136K, used 362769K [0x0000000740000000, 0x0000000759180000, 0x0000000795580000)
  object space 411136K, 88% used [0x0000000740000000,0x00000007562446b0,0x0000000759180000)
 Metaspace       used 125534K, capacity 132791K, committed 133208K, reserved 1165312K
  class space    used 15837K, capacity 17204K, committed 17280K, reserved 1048576K
}
Event: 3052.158 GC heap before
{Heap before GC invocations=127 (full 12):
 PSYoungGen      total 456192K, used 139259K [0x0000000795580000, 0x00000007c0000000, 0x00000007c0000000)
  eden space 316928K, 0% used [0x0000000795580000,0x0000000795580000,0x00000007a8b00000)
  from space 139264K, 99% used [0x00000007a8b00000,0x00000007b12fecd8,0x00000007b1300000)
  to   space 204288K, 0% used [0x00000007b3880000,0x00000007b3880000,0x00000007c0000000)
 ParOldGen       total 411136K, used 362769K [0x0000000740000000, 0x0000000759180000, 0x0000000795580000)
  object space 411136K, 88% used [0x0000000740000000,0x00000007562446b0,0x0000000759180000)
 Metaspace       used 125534K, capacity 132791K, committed 133208K, reserved 1165312K
  class space    used 15837K, capacity 17204K, committed 17280K, reserved 1048576K
Event: 3055.814 GC heap after
Heap after GC invocations=127 (full 12):
 PSYoungGen      total 456192K, used 0K [0x0000000795580000, 0x00000007c0000000, 0x00000007c0000000)
  eden space 316928K, 0% used [0x0000000795580000,0x0000000795580000,0x00000007a8b00000)
  from space 139264K, 0% used [0x00000007a8b00000,0x00000007a8b00000,0x00000007b1300000)
  to   space 204288K, 0% used [0x00000007b3880000,0x00000007b3880000,0x00000007c0000000)
 ParOldGen       total 482816K, used 333264K [0x0000000740000000, 0x000000075d780000, 0x0000000795580000)
  object space 482816K, 69% used [0x0000000740000000,0x0000000754574048,0x000000075d780000)
 Metaspace       used 125173K, capacity 132311K, committed 133208K, reserved 1165312K
  class space    used 15784K, capacity 17139K, committed 17280K, reserved 1048576K
}

