# JRE version: OpenJDK Runtime Environment (8.0_152-b01) (build 1.8.0_152-release-1024-b01)
# Java VM: OpenJDK 64-Bit Server VM (25.152-b01 mixed mode bsd-amd64 compressed oops)
Heap:
 PSYoungGen      total 132096K, used 64528K [0x0000000795580000, 0x000000079f000000, 0x00000007c0000000)
  eden space 107008K, 60% used [0x0000000795580000,0x00000007994841a0,0x000000079be00000)
  from space 25088K, 0% used [0x000000079d780000,0x000000079d780000,0x000000079f000000)
  to   space 25600K, 0% used [0x000000079be00000,0x000000079be00000,0x000000079d700000)
 ParOldGen       total 84992K, used 23227K [0x0000000740000000, 0x0000000745300000, 0x0000000795580000)
  object space 84992K, 27% used [0x0000000740000000,0x00000007416aee60,0x0000000745300000)
 Metaspace       used 57877K, capacity 58883K, committed 59352K, reserved 1101824K
  class space    used 7153K, capacity 7421K, committed 7552K, reserved 1048576K
GC Heap History (10 events):
Event: 10.058 GC heap before
{Heap before GC invocations=12 (full 3):
 PSYoungGen      total 76288K, used 64000K [0x0000000795580000, 0x000000079bb80000, 0x00000007c0000000)
  eden space 64000K, 100% used [0x0000000795580000,0x0000000799400000,0x0000000799400000)
  from space 12288K, 0% used [0x000000079a280000,0x000000079a280000,0x000000079ae80000)
  to   space 14848K, 0% used [0x0000000799400000,0x0000000799400000,0x000000079a280000)
 ParOldGen       total 65024K, used 19330K [0x0000000740000000, 0x0000000743f80000, 0x0000000795580000)
  object space 65024K, 29% used [0x0000000740000000,0x00000007412e0848,0x0000000743f80000)
 Metaspace       used 40948K, capacity 41519K, committed 41984K, reserved 1085440K
  class space    used 5147K, capacity 5297K, committed 5376K, reserved 1048576K
Event: 10.086 GC heap after
Heap after GC invocations=12 (full 3):
 PSYoungGen      total 78848K, used 14841K [0x0000000795580000, 0x000000079d480000, 0x00000007c0000000)
  eden space 64000K, 0% used [0x0000000795580000,0x0000000795580000,0x0000000799400000)
  from space 14848K, 99% used [0x0000000799400000,0x000000079a27e508,0x000000079a280000)
  to   space 18944K, 0% used [0x000000079c200000,0x000000079c200000,0x000000079d480000)
 ParOldGen       total 65024K, used 23438K [0x0000000740000000, 0x0000000743f80000, 0x0000000795580000)
  object space 65024K, 36% used [0x0000000740000000,0x00000007416e3838,0x0000000743f80000)
 Metaspace       used 40948K, capacity 41519K, committed 41984K, reserved 1085440K
  class space    used 5147K, capacity 5297K, committed 5376K, reserved 1048576K
}
Event: 11.252 GC heap before
{Heap before GC invocations=13 (full 3):
 PSYoungGen      total 78848K, used 78841K [0x0000000795580000, 0x000000079d480000, 0x00000007c0000000)
  eden space 64000K, 100% used [0x0000000795580000,0x0000000799400000,0x0000000799400000)
  from space 14848K, 99% used [0x0000000799400000,0x000000079a27e508,0x000000079a280000)
  to   space 18944K, 0% used [0x000000079c200000,0x000000079c200000,0x000000079d480000)
 ParOldGen       total 65024K, used 23438K [0x0000000740000000, 0x0000000743f80000, 0x0000000795580000)
  object space 65024K, 36% used [0x0000000740000000,0x00000007416e3838,0x0000000743f80000)
 Metaspace       used 46235K, capacity 47061K, committed 47360K, reserved 1091584K
  class space    used 5848K, capacity 6046K, committed 6144K, reserved 1048576K
Event: 11.297 GC heap after
Heap after GC invocations=13 (full 3):
 PSYoungGen      total 102400K, used 18916K [0x0000000795580000, 0x000000079d500000, 0x00000007c0000000)
  eden space 83456K, 0% used [0x0000000795580000,0x0000000795580000,0x000000079a700000)
  from space 18944K, 99% used [0x000000079c200000,0x000000079d479308,0x000000079d480000)
  to   space 23552K, 0% used [0x000000079a700000,0x000000079a700000,0x000000079be00000)
 ParOldGen       total 65024K, used 27921K [0x0000000740000000, 0x0000000743f80000, 0x0000000795580000)
  object space 65024K, 42% used [0x0000000740000000,0x0000000741b44718,0x0000000743f80000)
 Metaspace       used 46235K, capacity 47061K, committed 47360K, reserved 1091584K
  class space    used 5848K, capacity 6046K, committed 6144K, reserved 1048576K
}
Event: 14.489 GC heap before
{Heap before GC invocations=14 (full 3):
 PSYoungGen      total 102400K, used 102372K [0x0000000795580000, 0x000000079d500000, 0x00000007c0000000)
  eden space 83456K, 100% used [0x0000000795580000,0x000000079a700000,0x000000079a700000)
  from space 18944K, 99% used [0x000000079c200000,0x000000079d479308,0x000000079d480000)
  to   space 23552K, 0% used [0x000000079a700000,0x000000079a700000,0x000000079be00000)
 ParOldGen       total 65024K, used 27921K [0x0000000740000000, 0x0000000743f80000, 0x0000000795580000)
  object space 65024K, 42% used [0x0000000740000000,0x0000000741b44718,0x0000000743f80000)
 Metaspace       used 56288K, capacity 57247K, committed 57728K, reserved 1099776K
  class space    used 7025K, capacity 7283K, committed 7296K, reserved 1048576K
Event: 14.539 GC heap after
Heap after GC invocations=14 (full 3):
 PSYoungGen      total 107008K, used 18433K [0x0000000795580000, 0x000000079f000000, 0x00000007c0000000)
  eden space 83456K, 0% used [0x0000000795580000,0x0000000795580000,0x000000079a700000)
  from space 23552K, 78% used [0x000000079a700000,0x000000079b9005f0,0x000000079be00000)
  to   space 25088K, 0% used [0x000000079d780000,0x000000079d780000,0x000000079f000000)
 ParOldGen       total 65024K, used 40027K [0x0000000740000000, 0x0000000743f80000, 0x0000000795580000)
  object space 65024K, 61% used [0x0000000740000000,0x0000000742716e70,0x0000000743f80000)
 Metaspace       used 56288K, capacity 57247K, committed 57728K, reserved 1099776K
  class space    used 7025K, capacity 7283K, committed 7296K, reserved 1048576K
}
Event: 16.323 GC heap before
{Heap before GC invocations=15 (full 3):
 PSYoungGen      total 107008K, used 74222K [0x0000000795580000, 0x000000079f000000, 0x00000007c0000000)
  eden space 83456K, 66% used [0x0000000795580000,0x0000000798bfb2f0,0x000000079a700000)
  from space 23552K, 78% used [0x000000079a700000,0x000000079b9005f0,0x000000079be00000)
  to   space 25088K, 0% used [0x000000079d780000,0x000000079d780000,0x000000079f000000)
 ParOldGen       total 65024K, used 40027K [0x0000000740000000, 0x0000000743f80000, 0x0000000795580000)
  object space 65024K, 61% used [0x0000000740000000,0x0000000742716e70,0x0000000743f80000)
 Metaspace       used 57625K, capacity 58707K, committed 59096K, reserved 1101824K
  class space    used 7141K, capacity 7429K, committed 7552K, reserved 1048576K
Event: 16.352 GC heap after
Heap after GC invocations=15 (full 3):
 PSYoungGen      total 132096K, used 14951K [0x0000000795580000, 0x000000079f000000, 0x00000007c0000000)
  eden space 107008K, 0% used [0x0000000795580000,0x0000000795580000,0x000000079be00000)
  from space 25088K, 59% used [0x000000079d780000,0x000000079e619e00,0x000000079f000000)
  to   space 25600K, 0% used [0x000000079be00000,0x000000079be00000,0x000000079d700000)
 ParOldGen       total 65024K, used 45477K [0x0000000740000000, 0x0000000743f80000, 0x0000000795580000)
  object space 65024K, 69% used [0x0000000740000000,0x0000000742c69608,0x0000000743f80000)
 Metaspace       used 57625K, capacity 58707K, committed 59096K, reserved 1101824K
  class space    used 7141K, capacity 7429K, committed 7552K, reserved 1048576K
}
Event: 16.352 GC heap before
{Heap before GC invocations=16 (full 4):
 PSYoungGen      total 132096K, used 14951K [0x0000000795580000, 0x000000079f000000, 0x00000007c0000000)
  eden space 107008K, 0% used [0x0000000795580000,0x0000000795580000,0x000000079be00000)
  from space 25088K, 59% used [0x000000079d780000,0x000000079e619e00,0x000000079f000000)
  to   space 25600K, 0% used [0x000000079be00000,0x000000079be00000,0x000000079d700000)
 ParOldGen       total 65024K, used 45477K [0x0000000740000000, 0x0000000743f80000, 0x0000000795580000)
  object space 65024K, 69% used [0x0000000740000000,0x0000000742c69608,0x0000000743f80000)
 Metaspace       used 57625K, capacity 58707K, committed 59096K, reserved 1101824K
  class space    used 7141K, capacity 7429K, committed 7552K, reserved 1048576K
Event: 16.506 GC heap after
Heap after GC invocations=16 (full 4):
 PSYoungGen      total 132096K, used 0K [0x0000000795580000, 0x000000079f000000, 0x00000007c0000000)
  eden space 107008K, 0% used [0x0000000795580000,0x0000000795580000,0x000000079be00000)
  from space 25088K, 0% used [0x000000079d780000,0x000000079d780000,0x000000079f000000)
  to   space 25600K, 0% used [0x000000079be00000,0x000000079be00000,0x000000079d700000)
 ParOldGen       total 84992K, used 23227K [0x0000000740000000, 0x0000000745300000, 0x0000000795580000)
  object space 84992K, 27% used [0x0000000740000000,0x00000007416aee60,0x0000000745300000)
 Metaspace       used 57448K, capacity 58467K, committed 59096K, reserved 1101824K
  class space    used 7125K, capacity 7389K, committed 7552K, reserved 1048576K
}

