# JRE version: OpenJDK Runtime Environment (8.0_152-b01) (build 1.8.0_152-release-1024-b01)
# Java VM: OpenJDK 64-Bit Server VM (25.152-b01 mixed mode bsd-amd64 compressed oops)
Heap:
 PSYoungGen      total 328192K, used 19855K [0x0000000795580000, 0x00000007ab880000, 0x00000007c0000000)
  eden space 306176K, 0% used [0x0000000795580000,0x000000079581d620,0x00000007a8080000)
  from space 22016K, 78% used [0x00000007aa300000,0x00000007ab3c6620,0x00000007ab880000)
  to   space 28672K, 0% used [0x00000007a8080000,0x00000007a8080000,0x00000007a9c80000)
 ParOldGen       total 107008K, used 67502K [0x0000000740000000, 0x0000000746880000, 0x0000000795580000)
  object space 107008K, 63% used [0x0000000740000000,0x00000007441eb960,0x0000000746880000)
 Metaspace       used 65230K, capacity 68016K, committed 68096K, reserved 1107968K
  class space    used 8968K, capacity 9690K, committed 9728K, reserved 1048576K
GC Heap History (10 events):
Event: 11.539 GC heap before
{Heap before GC invocations=13 (full 2):
 PSYoungGen      total 186368K, used 186349K [0x0000000795580000, 0x00000007a2600000, 0x00000007c0000000)
  eden space 171008K, 100% used [0x0000000795580000,0x000000079fc80000,0x000000079fc80000)
  from space 15360K, 99% used [0x00000007a1000000,0x00000007a1efb4f0,0x00000007a1f00000)
  to   space 19968K, 0% used [0x000000079fc80000,0x000000079fc80000,0x00000007a1000000)
 ParOldGen       total 57344K, used 21946K [0x0000000740000000, 0x0000000743800000, 0x0000000795580000)
  object space 57344K, 38% used [0x0000000740000000,0x000000074156e978,0x0000000743800000)
 Metaspace       used 56199K, capacity 58216K, committed 58496K, reserved 1099776K
  class space    used 7782K, capacity 8288K, committed 8320K, reserved 1048576K
Event: 11.590 GC heap after
Heap after GC invocations=13 (full 2):
 PSYoungGen      total 190976K, used 19957K [0x0000000795580000, 0x00000007a6b00000, 0x00000007c0000000)
  eden space 171008K, 0% used [0x0000000795580000,0x0000000795580000,0x000000079fc80000)
  from space 19968K, 99% used [0x000000079fc80000,0x00000007a0ffd500,0x00000007a1000000)
  to   space 27648K, 0% used [0x00000007a5000000,0x00000007a5000000,0x00000007a6b00000)
 ParOldGen       total 57344K, used 35250K [0x0000000740000000, 0x0000000743800000, 0x0000000795580000)
  object space 57344K, 61% used [0x0000000740000000,0x000000074226c8a8,0x0000000743800000)
 Metaspace       used 56199K, capacity 58216K, committed 58496K, reserved 1099776K
  class space    used 7782K, capacity 8288K, committed 8320K, reserved 1048576K
}
Event: 11.867 GC heap before
{Heap before GC invocations=14 (full 2):
 PSYoungGen      total 190976K, used 33174K [0x0000000795580000, 0x00000007a6b00000, 0x00000007c0000000)
  eden space 171008K, 7% used [0x0000000795580000,0x0000000796268340,0x000000079fc80000)
  from space 19968K, 99% used [0x000000079fc80000,0x00000007a0ffd500,0x00000007a1000000)
  to   space 27648K, 0% used [0x00000007a5000000,0x00000007a5000000,0x00000007a6b00000)
 ParOldGen       total 57344K, used 35250K [0x0000000740000000, 0x0000000743800000, 0x0000000795580000)
  object space 57344K, 61% used [0x0000000740000000,0x000000074226c8a8,0x0000000743800000)
 Metaspace       used 56667K, capacity 58916K, committed 59028K, reserved 1099776K
  class space    used 7856K, capacity 8465K, committed 8576K, reserved 1048576K
Event: 11.922 GC heap after
Heap after GC invocations=14 (full 2):
 PSYoungGen      total 258048K, used 11572K [0x0000000795580000, 0x00000007a7980000, 0x00000007c0000000)
  eden space 230400K, 0% used [0x0000000795580000,0x0000000795580000,0x00000007a3680000)
  from space 27648K, 41% used [0x00000007a5000000,0x00000007a5b4d020,0x00000007a6b00000)
  to   space 26112K, 0% used [0x00000007a3680000,0x00000007a3680000,0x00000007a5000000)
 ParOldGen       total 57344K, used 45449K [0x0000000740000000, 0x0000000743800000, 0x0000000795580000)
  object space 57344K, 79% used [0x0000000740000000,0x0000000742c625b8,0x0000000743800000)
 Metaspace       used 56667K, capacity 58916K, committed 59028K, reserved 1099776K
  class space    used 7856K, capacity 8465K, committed 8576K, reserved 1048576K
}
Event: 11.922 GC heap before
{Heap before GC invocations=15 (full 3):
 PSYoungGen      total 258048K, used 11572K [0x0000000795580000, 0x00000007a7980000, 0x00000007c0000000)
  eden space 230400K, 0% used [0x0000000795580000,0x0000000795580000,0x00000007a3680000)
  from space 27648K, 41% used [0x00000007a5000000,0x00000007a5b4d020,0x00000007a6b00000)
  to   space 26112K, 0% used [0x00000007a3680000,0x00000007a3680000,0x00000007a5000000)
 ParOldGen       total 57344K, used 45449K [0x0000000740000000, 0x0000000743800000, 0x0000000795580000)
  object space 57344K, 79% used [0x0000000740000000,0x0000000742c625b8,0x0000000743800000)
 Metaspace       used 56667K, capacity 58916K, committed 59028K, reserved 1099776K
  class space    used 7856K, capacity 8465K, committed 8576K, reserved 1048576K
Event: 12.272 GC heap after
Heap after GC invocations=15 (full 3):
 PSYoungGen      total 258048K, used 0K [0x0000000795580000, 0x00000007a7980000, 0x00000007c0000000)
  eden space 230400K, 0% used [0x0000000795580000,0x0000000795580000,0x00000007a3680000)
  from space 27648K, 0% used [0x00000007a5000000,0x00000007a5000000,0x00000007a6b00000)
  to   space 26112K, 0% used [0x00000007a3680000,0x00000007a3680000,0x00000007a5000000)
 ParOldGen       total 107008K, used 50618K [0x0000000740000000, 0x0000000746880000, 0x0000000795580000)
  object space 107008K, 47% used [0x0000000740000000,0x000000074316ea70,0x0000000746880000)
 Metaspace       used 56667K, capacity 58916K, committed 59028K, reserved 1099776K
  class space    used 7856K, capacity 8465K, committed 8576K, reserved 1048576K
}
Event: 19.679 GC heap before
{Heap before GC invocations=16 (full 3):
 PSYoungGen      total 258048K, used 230400K [0x0000000795580000, 0x00000007a7980000, 0x00000007c0000000)
  eden space 230400K, 100% used [0x0000000795580000,0x00000007a3680000,0x00000007a3680000)
  from space 27648K, 0% used [0x00000007a5000000,0x00000007a5000000,0x00000007a6b00000)
  to   space 26112K, 0% used [0x00000007a3680000,0x00000007a3680000,0x00000007a5000000)
 ParOldGen       total 107008K, used 50618K [0x0000000740000000, 0x0000000746880000, 0x0000000795580000)
  object space 107008K, 47% used [0x0000000740000000,0x000000074316ea70,0x0000000746880000)
 Metaspace       used 60715K, capacity 63382K, committed 63616K, reserved 1103872K
  class space    used 8350K, capacity 9041K, committed 9088K, reserved 1048576K
Event: 19.730 GC heap after
Heap after GC invocations=16 (full 3):
 PSYoungGen      total 256512K, used 21680K [0x0000000795580000, 0x00000007abf00000, 0x00000007c0000000)
  eden space 230400K, 0% used [0x0000000795580000,0x0000000795580000,0x00000007a3680000)
  from space 26112K, 83% used [0x00000007a3680000,0x00000007a4bac100,0x00000007a5000000)
  to   space 28672K, 0% used [0x00000007aa300000,0x00000007aa300000,0x00000007abf00000)
 ParOldGen       total 107008K, used 50626K [0x0000000740000000, 0x0000000746880000, 0x0000000795580000)
  object space 107008K, 47% used [0x0000000740000000,0x0000000743170a70,0x0000000746880000)
 Metaspace       used 60715K, capacity 63382K, committed 63616K, reserved 1103872K
  class space    used 8350K, capacity 9041K, committed 9088K, reserved 1048576K
}
Event: 24.524 GC heap before
{Heap before GC invocations=17 (full 3):
 PSYoungGen      total 256512K, used 252080K [0x0000000795580000, 0x00000007abf00000, 0x00000007c0000000)
  eden space 230400K, 100% used [0x0000000795580000,0x00000007a3680000,0x00000007a3680000)
  from space 26112K, 83% used [0x00000007a3680000,0x00000007a4bac100,0x00000007a5000000)
  to   space 28672K, 0% used [0x00000007aa300000,0x00000007aa300000,0x00000007abf00000)
 ParOldGen       total 107008K, used 50626K [0x0000000740000000, 0x0000000746880000, 0x0000000795580000)
  object space 107008K, 47% used [0x0000000740000000,0x0000000743170a70,0x0000000746880000)
 Metaspace       used 65230K, capacity 68016K, committed 68096K, reserved 1107968K
  class space    used 8968K, capacity 9690K, committed 9728K, reserved 1048576K
Event: 24.600 GC heap after
Heap after GC invocations=17 (full 3):
 PSYoungGen      total 328192K, used 17177K [0x0000000795580000, 0x00000007ab880000, 0x00000007c0000000)
  eden space 306176K, 0% used [0x0000000795580000,0x0000000795580000,0x00000007a8080000)
  from space 22016K, 78% used [0x00000007aa300000,0x00000007ab3c6620,0x00000007ab880000)
  to   space 28672K, 0% used [0x00000007a8080000,0x00000007a8080000,0x00000007a9c80000)
 ParOldGen       total 107008K, used 67502K [0x0000000740000000, 0x0000000746880000, 0x0000000795580000)
  object space 107008K, 63% used [0x0000000740000000,0x00000007441eb960,0x0000000746880000)
 Metaspace       used 65230K, capacity 68016K, committed 68096K, reserved 1107968K
  class space    used 8968K, capacity 9690K, committed 9728K, reserved 1048576K
}

