# JRE version: OpenJDK Runtime Environment (8.0_152-b01) (build 1.8.0_152-release-1024-b01)
# Java VM: OpenJDK 64-Bit Server VM (25.152-b01 mixed mode bsd-amd64 compressed oops)
Heap:
 PSYoungGen      total 224768K, used 175162K [0x0000000795580000, 0x00000007a6780000, 0x00000007c0000000)
  eden space 211968K, 76% used [0x0000000795580000,0x000000079f460750,0x00000007a2480000)
  from space 12800K, 97% used [0x00000007a5b00000,0x00000007a672e378,0x00000007a6780000)
  to   space 30720K, 0% used [0x00000007a2b80000,0x00000007a2b80000,0x00000007a4980000)
 ParOldGen       total 152576K, used 89727K [0x0000000740000000, 0x0000000749500000, 0x0000000795580000)
  object space 152576K, 58% used [0x0000000740000000,0x000000074579fed0,0x0000000749500000)
 Metaspace       used 87141K, capacity 93304K, committed 93568K, reserved 1130496K
  class space    used 11629K, capacity 12877K, committed 12928K, reserved 1048576K
GC Heap History (10 events):
Event: 469.670 GC heap before
{Heap before GC invocations=34 (full 4):
 PSYoungGen      total 210432K, used 202000K [0x0000000795580000, 0x00000007a5500000, 0x00000007c0000000)
  eden space 183296K, 100% used [0x0000000795580000,0x00000007a0880000,0x00000007a0880000)
  from space 27136K, 68% used [0x00000007a0880000,0x00000007a1ac40c0,0x00000007a2300000)
  to   space 28160K, 0% used [0x00000007a3980000,0x00000007a3980000,0x00000007a5500000)
 ParOldGen       total 152576K, used 89687K [0x0000000740000000, 0x0000000749500000, 0x0000000795580000)
  object space 152576K, 58% used [0x0000000740000000,0x0000000745795ed0,0x0000000749500000)
 Metaspace       used 77729K, capacity 82330K, committed 82688K, reserved 1120256K
  class space    used 10444K, capacity 11393K, committed 11520K, reserved 1048576K
Event: 469.721 GC heap after
Heap after GC invocations=34 (full 4):
 PSYoungGen      total 226304K, used 17664K [0x0000000795580000, 0x00000007a5180000, 0x00000007c0000000)
  eden space 201728K, 0% used [0x0000000795580000,0x0000000795580000,0x00000007a1a80000)
  from space 24576K, 71% used [0x00000007a3980000,0x00000007a4ac00b0,0x00000007a5180000)
  to   space 28160K, 0% used [0x00000007a1a80000,0x00000007a1a80000,0x00000007a3600000)
 ParOldGen       total 152576K, used 89695K [0x0000000740000000, 0x0000000749500000, 0x0000000795580000)
  object space 152576K, 58% used [0x0000000740000000,0x0000000745797ed0,0x0000000749500000)
 Metaspace       used 77729K, capacity 82330K, committed 82688K, reserved 1120256K
  class space    used 10444K, capacity 11393K, committed 11520K, reserved 1048576K
}
Event: 472.923 GC heap before
{Heap before GC invocations=35 (full 4):
 PSYoungGen      total 226304K, used 219392K [0x0000000795580000, 0x00000007a5180000, 0x00000007c0000000)
  eden space 201728K, 100% used [0x0000000795580000,0x00000007a1a80000,0x00000007a1a80000)
  from space 24576K, 71% used [0x00000007a3980000,0x00000007a4ac00b0,0x00000007a5180000)
  to   space 28160K, 0% used [0x00000007a1a80000,0x00000007a1a80000,0x00000007a3600000)
 ParOldGen       total 152576K, used 89695K [0x0000000740000000, 0x0000000749500000, 0x0000000795580000)
  object space 152576K, 58% used [0x0000000740000000,0x0000000745797ed0,0x0000000749500000)
 Metaspace       used 77961K, capacity 82868K, committed 82944K, reserved 1120256K
  class space    used 10487K, capacity 11472K, committed 11520K, reserved 1048576K
Event: 472.958 GC heap after
Heap after GC invocations=35 (full 4):
 PSYoungGen      total 229888K, used 19360K [0x0000000795580000, 0x00000007a6980000, 0x00000007c0000000)
  eden space 201728K, 0% used [0x0000000795580000,0x0000000795580000,0x00000007a1a80000)
  from space 28160K, 68% used [0x00000007a1a80000,0x00000007a2d680b0,0x00000007a3600000)
  to   space 29184K, 0% used [0x00000007a4d00000,0x00000007a4d00000,0x00000007a6980000)
 ParOldGen       total 152576K, used 89703K [0x0000000740000000, 0x0000000749500000, 0x0000000795580000)
  object space 152576K, 58% used [0x0000000740000000,0x0000000745799ed0,0x0000000749500000)
 Metaspace       used 77961K, capacity 82868K, committed 82944K, reserved 1120256K
  class space    used 10487K, capacity 11472K, committed 11520K, reserved 1048576K
}
Event: 584.054 GC heap before
{Heap before GC invocations=36 (full 4):
 PSYoungGen      total 229888K, used 221088K [0x0000000795580000, 0x00000007a6980000, 0x00000007c0000000)
  eden space 201728K, 100% used [0x0000000795580000,0x00000007a1a80000,0x00000007a1a80000)
  from space 28160K, 68% used [0x00000007a1a80000,0x00000007a2d680b0,0x00000007a3600000)
  to   space 29184K, 0% used [0x00000007a4d00000,0x00000007a4d00000,0x00000007a6980000)
 ParOldGen       total 152576K, used 89703K [0x0000000740000000, 0x0000000749500000, 0x0000000795580000)
  object space 152576K, 58% used [0x0000000740000000,0x0000000745799ed0,0x0000000749500000)
 Metaspace       used 78720K, capacity 83936K, committed 84096K, reserved 1122304K
  class space    used 10556K, capacity 11594K, committed 11648K, reserved 1048576K
Event: 584.117 GC heap after
Heap after GC invocations=36 (full 4):
 PSYoungGen      total 246272K, used 18672K [0x0000000795580000, 0x00000007a6600000, 0x00000007c0000000)
  eden space 220672K, 0% used [0x0000000795580000,0x0000000795580000,0x00000007a2d00000)
  from space 25600K, 72% used [0x00000007a4d00000,0x00000007a5f3c0f8,0x00000007a6600000)
  to   space 29184K, 0% used [0x00000007a2d00000,0x00000007a2d00000,0x00000007a4980000)
 ParOldGen       total 152576K, used 89711K [0x0000000740000000, 0x0000000749500000, 0x0000000795580000)
  object space 152576K, 58% used [0x0000000740000000,0x000000074579bed0,0x0000000749500000)
 Metaspace       used 78720K, capacity 83936K, committed 84096K, reserved 1122304K
  class space    used 10556K, capacity 11594K, committed 11648K, reserved 1048576K
}
Event: 662.361 GC heap before
{Heap before GC invocations=37 (full 4):
 PSYoungGen      total 246272K, used 239344K [0x0000000795580000, 0x00000007a6600000, 0x00000007c0000000)
  eden space 220672K, 100% used [0x0000000795580000,0x00000007a2d00000,0x00000007a2d00000)
  from space 25600K, 72% used [0x00000007a4d00000,0x00000007a5f3c0f8,0x00000007a6600000)
  to   space 29184K, 0% used [0x00000007a2d00000,0x00000007a2d00000,0x00000007a4980000)
 ParOldGen       total 152576K, used 89711K [0x0000000740000000, 0x0000000749500000, 0x0000000795580000)
  object space 152576K, 58% used [0x0000000740000000,0x000000074579bed0,0x0000000749500000)
 Metaspace       used 80457K, capacity 85788K, committed 85888K, reserved 1124352K
  class space    used 10786K, capacity 11857K, committed 11904K, reserved 1048576K
Event: 662.487 GC heap after
Heap after GC invocations=37 (full 4):
 PSYoungGen      total 249856K, used 25316K [0x0000000795580000, 0x00000007a7a80000, 0x00000007c0000000)
  eden space 220672K, 0% used [0x0000000795580000,0x0000000795580000,0x00000007a2d00000)
  from space 29184K, 86% used [0x00000007a2d00000,0x00000007a45b92f8,0x00000007a4980000)
  to   space 32256K, 0% used [0x00000007a5b00000,0x00000007a5b00000,0x00000007a7a80000)
 ParOldGen       total 152576K, used 89719K [0x0000000740000000, 0x0000000749500000, 0x0000000795580000)
  object space 152576K, 58% used [0x0000000740000000,0x000000074579ded0,0x0000000749500000)
 Metaspace       used 80457K, capacity 85788K, committed 85888K, reserved 1124352K
  class space    used 10786K, capacity 11857K, committed 11904K, reserved 1048576K
}
Event: 827.316 GC heap before
{Heap before GC invocations=38 (full 4):
 PSYoungGen      total 249856K, used 245988K [0x0000000795580000, 0x00000007a7a80000, 0x00000007c0000000)
  eden space 220672K, 100% used [0x0000000795580000,0x00000007a2d00000,0x00000007a2d00000)
  from space 29184K, 86% used [0x00000007a2d00000,0x00000007a45b92f8,0x00000007a4980000)
  to   space 32256K, 0% used [0x00000007a5b00000,0x00000007a5b00000,0x00000007a7a80000)
 ParOldGen       total 152576K, used 89719K [0x0000000740000000, 0x0000000749500000, 0x0000000795580000)
  object space 152576K, 58% used [0x0000000740000000,0x000000074579ded0,0x0000000749500000)
 Metaspace       used 81716K, capacity 87642K, committed 87936K, reserved 1124352K
  class space    used 10934K, capacity 12096K, committed 12160K, reserved 1048576K
Event: 827.490 GC heap after
Heap after GC invocations=38 (full 4):
 PSYoungGen      total 224768K, used 12472K [0x0000000795580000, 0x00000007a6780000, 0x00000007c0000000)
  eden space 211968K, 0% used [0x0000000795580000,0x0000000795580000,0x00000007a2480000)
  from space 12800K, 97% used [0x00000007a5b00000,0x00000007a672e378,0x00000007a6780000)
  to   space 30720K, 0% used [0x00000007a2b80000,0x00000007a2b80000,0x00000007a4980000)
 ParOldGen       total 152576K, used 89727K [0x0000000740000000, 0x0000000749500000, 0x0000000795580000)
  object space 152576K, 58% used [0x0000000740000000,0x000000074579fed0,0x0000000749500000)
 Metaspace       used 81716K, capacity 87642K, committed 87936K, reserved 1124352K
  class space    used 10934K, capacity 12096K, committed 12160K, reserved 1048576K
}

