# JRE version: OpenJDK Runtime Environment (8.0_152-b01) (build 1.8.0_152-release-1024-b01)
# Java VM: OpenJDK 64-Bit Server VM (25.152-b01 mixed mode bsd-amd64 compressed oops)
Heap:
 PSYoungGen      total 437248K, used 23115K [0x0000000795580000, 0x00000007b2c00000, 0x00000007c0000000)
  eden space 408064K, 0% used [0x0000000795580000,0x0000000795580000,0x00000007ae400000)
  from space 29184K, 79% used [0x00000007b0f80000,0x00000007b2612e40,0x00000007b2c00000)
  to   space 36864K, 0% used [0x00000007ae400000,0x00000007ae400000,0x00000007b0800000)
 ParOldGen       total 96768K, used 88943K [0x0000000740000000, 0x0000000745e80000, 0x0000000795580000)
  object space 96768K, 91% used [0x0000000740000000,0x00000007456dbde0,0x0000000745e80000)
 Metaspace       used 76507K, capacity 79588K, committed 79872K, reserved 1118208K
  class space    used 10148K, capacity 10922K, committed 11008K, reserved 1048576K
GC Heap History (10 events):
Event: 17.737 GC heap after
Heap after GC invocations=17 (full 3):
 PSYoungGen      total 263680K, used 0K [0x0000000795580000, 0x00000007a8100000, 0x00000007c0000000)
  eden space 243200K, 0% used [0x0000000795580000,0x0000000795580000,0x00000007a4300000)
  from space 20480K, 0% used [0x00000007a5780000,0x00000007a5780000,0x00000007a6b80000)
  to   space 20992K, 0% used [0x00000007a4300000,0x00000007a4300000,0x00000007a5780000)
 ParOldGen       total 96768K, used 47062K [0x0000000740000000, 0x0000000745e80000, 0x0000000795580000)
  object space 96768K, 48% used [0x0000000740000000,0x0000000742df5968,0x0000000745e80000)
 Metaspace       used 56646K, capacity 58846K, committed 59008K, reserved 1099776K
  class space    used 7841K, capacity 8450K, committed 8576K, reserved 1048576K
}
Event: 24.196 GC heap before
{Heap before GC invocations=18 (full 3):
 PSYoungGen      total 263680K, used 243200K [0x0000000795580000, 0x00000007a8100000, 0x00000007c0000000)
  eden space 243200K, 100% used [0x0000000795580000,0x00000007a4300000,0x00000007a4300000)
  from space 20480K, 0% used [0x00000007a5780000,0x00000007a5780000,0x00000007a6b80000)
  to   space 20992K, 0% used [0x00000007a4300000,0x00000007a4300000,0x00000007a5780000)
 ParOldGen       total 96768K, used 47062K [0x0000000740000000, 0x0000000745e80000, 0x0000000795580000)
  object space 96768K, 48% used [0x0000000740000000,0x0000000742df5968,0x0000000745e80000)
 Metaspace       used 61362K, capacity 64058K, committed 64256K, reserved 1103872K
  class space    used 8450K, capacity 9137K, committed 9216K, reserved 1048576K
Event: 24.246 GC heap after
Heap after GC invocations=18 (full 3):
 PSYoungGen      total 264192K, used 20960K [0x0000000795580000, 0x00000007ad880000, 0x00000007c0000000)
  eden space 243200K, 0% used [0x0000000795580000,0x0000000795580000,0x00000007a4300000)
  from space 20992K, 99% used [0x00000007a4300000,0x00000007a57783d8,0x00000007a5780000)
  to   space 25088K, 0% used [0x00000007ac000000,0x00000007ac000000,0x00000007ad880000)
 ParOldGen       total 96768K, used 49062K [0x0000000740000000, 0x0000000745e80000, 0x0000000795580000)
  object space 96768K, 50% used [0x0000000740000000,0x0000000742fe9858,0x0000000745e80000)
 Metaspace       used 61362K, capacity 64058K, committed 64256K, reserved 1103872K
  class space    used 8450K, capacity 9137K, committed 9216K, reserved 1048576K
}
Event: 28.395 GC heap before
{Heap before GC invocations=19 (full 3):
 PSYoungGen      total 264192K, used 263885K [0x0000000795580000, 0x00000007ad880000, 0x00000007c0000000)
  eden space 243200K, 99% used [0x0000000795580000,0x00000007a42bb3e0,0x00000007a4300000)
  from space 20992K, 99% used [0x00000007a4300000,0x00000007a57783d8,0x00000007a5780000)
  to   space 25088K, 0% used [0x00000007ac000000,0x00000007ac000000,0x00000007ad880000)
 ParOldGen       total 96768K, used 49062K [0x0000000740000000, 0x0000000745e80000, 0x0000000795580000)
  object space 96768K, 50% used [0x0000000740000000,0x0000000742fe9858,0x0000000745e80000)
 Metaspace       used 68977K, capacity 71734K, committed 71936K, reserved 1112064K
  class space    used 9431K, capacity 10133K, committed 10240K, reserved 1048576K
Event: 28.519 GC heap after
Heap after GC invocations=19 (full 3):
 PSYoungGen      total 359424K, used 25063K [0x0000000795580000, 0x00000007aeb80000, 0x00000007c0000000)
  eden space 334336K, 0% used [0x0000000795580000,0x0000000795580000,0x00000007a9c00000)
  from space 25088K, 99% used [0x00000007ac000000,0x00000007ad879d90,0x00000007ad880000)
  to   space 36864K, 0% used [0x00000007a9c00000,0x00000007a9c00000,0x00000007ac000000)
 ParOldGen       total 96768K, used 70110K [0x0000000740000000, 0x0000000745e80000, 0x0000000795580000)
  object space 96768K, 72% used [0x0000000740000000,0x0000000744477858,0x0000000745e80000)
 Metaspace       used 68977K, capacity 71734K, committed 71936K, reserved 1112064K
  class space    used 9431K, capacity 10133K, committed 10240K, reserved 1048576K
}
Event: 38.126 GC heap before
{Heap before GC invocations=20 (full 3):
 PSYoungGen      total 359424K, used 359399K [0x0000000795580000, 0x00000007aeb80000, 0x00000007c0000000)
  eden space 334336K, 100% used [0x0000000795580000,0x00000007a9c00000,0x00000007a9c00000)
  from space 25088K, 99% used [0x00000007ac000000,0x00000007ad879d90,0x00000007ad880000)
  to   space 36864K, 0% used [0x00000007a9c00000,0x00000007a9c00000,0x00000007ac000000)
 ParOldGen       total 96768K, used 70110K [0x0000000740000000, 0x0000000745e80000, 0x0000000795580000)
  object space 96768K, 72% used [0x0000000740000000,0x0000000744477858,0x0000000745e80000)
 Metaspace       used 72290K, capacity 75108K, committed 75264K, reserved 1114112K
  class space    used 9678K, capacity 10382K, committed 10496K, reserved 1048576K
Event: 38.170 GC heap after
Heap after GC invocations=20 (full 3):
 PSYoungGen      total 371200K, used 14893K [0x0000000795580000, 0x00000007b3200000, 0x00000007c0000000)
  eden space 334336K, 0% used [0x0000000795580000,0x0000000795580000,0x00000007a9c00000)
  from space 36864K, 40% used [0x00000007a9c00000,0x00000007aaa8b4e8,0x00000007ac000000)
  to   space 35328K, 0% used [0x00000007b0f80000,0x00000007b0f80000,0x00000007b3200000)
 ParOldGen       total 96768K, used 77323K [0x0000000740000000, 0x0000000745e80000, 0x0000000795580000)
  object space 96768K, 79% used [0x0000000740000000,0x0000000744b82ed0,0x0000000745e80000)
 Metaspace       used 72290K, capacity 75108K, committed 75264K, reserved 1114112K
  class space    used 9678K, capacity 10382K, committed 10496K, reserved 1048576K
}
Event: 79.227 GC heap before
{Heap before GC invocations=21 (full 3):
 PSYoungGen      total 371200K, used 349229K [0x0000000795580000, 0x00000007b3200000, 0x00000007c0000000)
  eden space 334336K, 100% used [0x0000000795580000,0x00000007a9c00000,0x00000007a9c00000)
  from space 36864K, 40% used [0x00000007a9c00000,0x00000007aaa8b4e8,0x00000007ac000000)
  to   space 35328K, 0% used [0x00000007b0f80000,0x00000007b0f80000,0x00000007b3200000)
 ParOldGen       total 96768K, used 77323K [0x0000000740000000, 0x0000000745e80000, 0x0000000795580000)
  object space 96768K, 79% used [0x0000000740000000,0x0000000744b82ed0,0x0000000745e80000)
 Metaspace       used 76507K, capacity 79588K, committed 79872K, reserved 1118208K
  class space    used 10148K, capacity 10922K, committed 11008K, reserved 1048576K
Event: 79.283 GC heap after
Heap after GC invocations=21 (full 3):
 PSYoungGen      total 437248K, used 23115K [0x0000000795580000, 0x00000007b2c00000, 0x00000007c0000000)
  eden space 408064K, 0% used [0x0000000795580000,0x0000000795580000,0x00000007ae400000)
  from space 29184K, 79% used [0x00000007b0f80000,0x00000007b2612e40,0x00000007b2c00000)
  to   space 36864K, 0% used [0x00000007ae400000,0x00000007ae400000,0x00000007b0800000)
 ParOldGen       total 96768K, used 88943K [0x0000000740000000, 0x0000000745e80000, 0x0000000795580000)
  object space 96768K, 91% used [0x0000000740000000,0x00000007456dbde0,0x0000000745e80000)
 Metaspace       used 76507K, capacity 79588K, committed 79872K, reserved 1118208K
  class space    used 10148K, capacity 10922K, committed 11008K, reserved 1048576K
}
Event: 79.283 GC heap before
{Heap before GC invocations=22 (full 4):
 PSYoungGen      total 437248K, used 23115K [0x0000000795580000, 0x00000007b2c00000, 0x00000007c0000000)
  eden space 408064K, 0% used [0x0000000795580000,0x0000000795580000,0x00000007ae400000)
  from space 29184K, 79% used [0x00000007b0f80000,0x00000007b2612e40,0x00000007b2c00000)
  to   space 36864K, 0% used [0x00000007ae400000,0x00000007ae400000,0x00000007b0800000)
 ParOldGen       total 96768K, used 88943K [0x0000000740000000, 0x0000000745e80000, 0x0000000795580000)
  object space 96768K, 91% used [0x0000000740000000,0x00000007456dbde0,0x0000000745e80000)
 Metaspace       used 76507K, capacity 79588K, committed 79872K, reserved 1118208K
  class space    used 10148K, capacity 10922K, committed 11008K, reserved 1048576K

