# JRE version: OpenJDK Runtime Environment (8.0_152-b01) (build 1.8.0_152-release-1024-b01)
# Java VM: OpenJDK 64-Bit Server VM (25.152-b01 mixed mode bsd-amd64 compressed oops)
Heap:
 PSYoungGen      total 261120K, used 220357K [0x0000000795580000, 0x00000007a8b00000, 0x00000007c0000000)
  eden space 211456K, 98% used [0x0000000795580000,0x00000007a2062508,0x00000007a2400000)
  from space 49664K, 25% used [0x00000007a5a80000,0x00000007a66cef60,0x00000007a8b00000)
  to   space 52736K, 0% used [0x00000007a2400000,0x00000007a2400000,0x00000007a5780000)
 ParOldGen       total 160768K, used 89472K [0x0000000740000000, 0x0000000749d00000, 0x0000000795580000)
  object space 160768K, 55% used [0x0000000740000000,0x0000000745760128,0x0000000749d00000)
 Metaspace       used 87898K, capacity 92141K, committed 95872K, reserved 1132544K
  class space    used 11173K, capacity 12081K, committed 12928K, reserved 1048576K
GC Heap History (10 events):
Event: 4538.443 GC heap before
{Heap before GC invocations=58 (full 5):
 PSYoungGen      total 243200K, used 200056K [0x0000000795580000, 0x00000007a8180000, 0x00000007c0000000)
  eden space 186368K, 97% used [0x0000000795580000,0x00000007a06d2250,0x00000007a0b80000)
  from space 56832K, 32% used [0x00000007a4a00000,0x00000007a5c0c0b8,0x00000007a8180000)
  to   space 60416K, 0% used [0x00000007a0b80000,0x00000007a0b80000,0x00000007a4680000)
 ParOldGen       total 160768K, used 101679K [0x0000000740000000, 0x0000000749d00000, 0x0000000795580000)
  object space 160768K, 63% used [0x0000000740000000,0x000000074634bcb8,0x0000000749d00000)
 Metaspace       used 89643K, capacity 95655K, committed 95872K, reserved 1132544K
  class space    used 11624K, capacity 12805K, committed 12928K, reserved 1048576K
Event: 4538.673 GC heap after
Heap after GC invocations=58 (full 5):
 PSYoungGen      total 189952K, used 3269K [0x0000000795580000, 0x00000007a8080000, 0x00000007c0000000)
  eden space 186368K, 0% used [0x0000000795580000,0x0000000795580000,0x00000007a0b80000)
  from space 3584K, 91% used [0x00000007a0b80000,0x00000007a0eb1698,0x00000007a0f00000)
  to   space 59904K, 0% used [0x00000007a4600000,0x00000007a4600000,0x00000007a8080000)
 ParOldGen       total 160768K, used 105539K [0x0000000740000000, 0x0000000749d00000, 0x0000000795580000)
  object space 160768K, 65% used [0x0000000740000000,0x0000000746710d58,0x0000000749d00000)
 Metaspace       used 89643K, capacity 95655K, committed 95872K, reserved 1132544K
  class space    used 11624K, capacity 12805K, committed 12928K, reserved 1048576K
}
Event: 4538.673 GC heap before
{Heap before GC invocations=59 (full 6):
 PSYoungGen      total 189952K, used 3269K [0x0000000795580000, 0x00000007a8080000, 0x00000007c0000000)
  eden space 186368K, 0% used [0x0000000795580000,0x0000000795580000,0x00000007a0b80000)
  from space 3584K, 91% used [0x00000007a0b80000,0x00000007a0eb1698,0x00000007a0f00000)
  to   space 59904K, 0% used [0x00000007a4600000,0x00000007a4600000,0x00000007a8080000)
 ParOldGen       total 160768K, used 105539K [0x0000000740000000, 0x0000000749d00000, 0x0000000795580000)
  object space 160768K, 65% used [0x0000000740000000,0x0000000746710d58,0x0000000749d00000)
 Metaspace       used 89643K, capacity 95655K, committed 95872K, reserved 1132544K
  class space    used 11624K, capacity 12805K, committed 12928K, reserved 1048576K
Event: 4540.155 GC heap after
Heap after GC invocations=59 (full 6):
 PSYoungGen      total 189952K, used 0K [0x0000000795580000, 0x00000007a8080000, 0x00000007c0000000)
  eden space 186368K, 0% used [0x0000000795580000,0x0000000795580000,0x00000007a0b80000)
  from space 3584K, 0% used [0x00000007a0b80000,0x00000007a0b80000,0x00000007a0f00000)
  to   space 59904K, 0% used [0x00000007a4600000,0x00000007a4600000,0x00000007a8080000)
 ParOldGen       total 160768K, used 60344K [0x0000000740000000, 0x0000000749d00000, 0x0000000795580000)
  object space 160768K, 37% used [0x0000000740000000,0x0000000743aee3c8,0x0000000749d00000)
 Metaspace       used 86176K, capacity 89361K, committed 95872K, reserved 1132544K
  class space    used 10895K, capacity 11555K, committed 12928K, reserved 1048576K
}
Event: 5844.703 GC heap before
{Heap before GC invocations=60 (full 6):
 PSYoungGen      total 189952K, used 186368K [0x0000000795580000, 0x00000007a8080000, 0x00000007c0000000)
  eden space 186368K, 100% used [0x0000000795580000,0x00000007a0b80000,0x00000007a0b80000)
  from space 3584K, 0% used [0x00000007a0b80000,0x00000007a0b80000,0x00000007a0f00000)
  to   space 59904K, 0% used [0x00000007a4600000,0x00000007a4600000,0x00000007a8080000)
 ParOldGen       total 160768K, used 60344K [0x0000000740000000, 0x0000000749d00000, 0x0000000795580000)
  object space 160768K, 37% used [0x0000000740000000,0x0000000743aee3c8,0x0000000749d00000)
 Metaspace       used 86826K, capacity 90441K, committed 95872K, reserved 1132544K
  class space    used 11039K, capacity 11801K, committed 12928K, reserved 1048576K
Event: 5844.796 GC heap after
Heap after GC invocations=60 (full 6):
 PSYoungGen      total 248832K, used 15584K [0x0000000795580000, 0x00000007a9080000, 0x00000007c0000000)
  eden space 188928K, 0% used [0x0000000795580000,0x0000000795580000,0x00000007a0e00000)
  from space 59904K, 26% used [0x00000007a4600000,0x00000007a5538020,0x00000007a8080000)
  to   space 57344K, 0% used [0x00000007a0e00000,0x00000007a0e00000,0x00000007a4600000)
 ParOldGen       total 160768K, used 60344K [0x0000000740000000, 0x0000000749d00000, 0x0000000795580000)
  object space 160768K, 37% used [0x0000000740000000,0x0000000743aee3c8,0x0000000749d00000)
 Metaspace       used 86826K, capacity 90441K, committed 95872K, reserved 1132544K
  class space    used 11039K, capacity 11801K, committed 12928K, reserved 1048576K
}
Event: 5849.877 GC heap before
{Heap before GC invocations=61 (full 6):
 PSYoungGen      total 248832K, used 204512K [0x0000000795580000, 0x00000007a9080000, 0x00000007c0000000)
  eden space 188928K, 100% used [0x0000000795580000,0x00000007a0e00000,0x00000007a0e00000)
  from space 59904K, 26% used [0x00000007a4600000,0x00000007a5538020,0x00000007a8080000)
  to   space 57344K, 0% used [0x00000007a0e00000,0x00000007a0e00000,0x00000007a4600000)
 ParOldGen       total 160768K, used 60344K [0x0000000740000000, 0x0000000749d00000, 0x0000000795580000)
  object space 160768K, 37% used [0x0000000740000000,0x0000000743aee3c8,0x0000000749d00000)
 Metaspace       used 87197K, capacity 91025K, committed 95872K, reserved 1132544K
  class space    used 11102K, capacity 11927K, committed 12928K, reserved 1048576K
Event: 5849.965 GC heap after
Heap after GC invocations=61 (full 6):
 PSYoungGen      total 246272K, used 14368K [0x0000000795580000, 0x00000007a9000000, 0x00000007c0000000)
  eden space 188928K, 0% used [0x0000000795580000,0x0000000795580000,0x00000007a0e00000)
  from space 57344K, 25% used [0x00000007a0e00000,0x00000007a1c08020,0x00000007a4600000)
  to   space 54784K, 0% used [0x00000007a5a80000,0x00000007a5a80000,0x00000007a9000000)
 ParOldGen       total 160768K, used 75588K [0x0000000740000000, 0x0000000749d00000, 0x0000000795580000)
  object space 160768K, 47% used [0x0000000740000000,0x00000007449d12e8,0x0000000749d00000)
 Metaspace       used 87197K, capacity 91025K, committed 95872K, reserved 1132544K
  class space    used 11102K, capacity 11927K, committed 12928K, reserved 1048576K
}
Event: 5874.597 GC heap before
{Heap before GC invocations=62 (full 6):
 PSYoungGen      total 246272K, used 203296K [0x0000000795580000, 0x00000007a9000000, 0x00000007c0000000)
  eden space 188928K, 100% used [0x0000000795580000,0x00000007a0e00000,0x00000007a0e00000)
  from space 57344K, 25% used [0x00000007a0e00000,0x00000007a1c08020,0x00000007a4600000)
  to   space 54784K, 0% used [0x00000007a5a80000,0x00000007a5a80000,0x00000007a9000000)
 ParOldGen       total 160768K, used 75588K [0x0000000740000000, 0x0000000749d00000, 0x0000000795580000)
  object space 160768K, 47% used [0x0000000740000000,0x00000007449d12e8,0x0000000749d00000)
 Metaspace       used 87678K, capacity 91885K, committed 95872K, reserved 1132544K
  class space    used 11173K, capacity 12081K, committed 12928K, reserved 1048576K
Event: 5874.794 GC heap after
Heap after GC invocations=62 (full 6):
 PSYoungGen      total 261120K, used 12603K [0x0000000795580000, 0x00000007a8b00000, 0x00000007c0000000)
  eden space 211456K, 0% used [0x0000000795580000,0x0000000795580000,0x00000007a2400000)
  from space 49664K, 25% used [0x00000007a5a80000,0x00000007a66cef60,0x00000007a8b00000)
  to   space 52736K, 0% used [0x00000007a2400000,0x00000007a2400000,0x00000007a5780000)
 ParOldGen       total 160768K, used 89472K [0x0000000740000000, 0x0000000749d00000, 0x0000000795580000)
  object space 160768K, 55% used [0x0000000740000000,0x0000000745760128,0x0000000749d00000)
 Metaspace       used 87678K, capacity 91885K, committed 95872K, reserved 1132544K
  class space    used 11173K, capacity 12081K, committed 12928K, reserved 1048576K
}

