# JRE version: OpenJDK Runtime Environment (8.0_152-b01) (build 1.8.0_152-release-1024-b01)
# Java VM: OpenJDK 64-Bit Server VM (25.152-b01 mixed mode bsd-amd64 compressed oops)
Heap:
 PSYoungGen      total 611840K, used 267576K [0x0000000795580000, 0x00000007c0000000, 0x00000007c0000000)
  eden space 522752K, 42% used [0x0000000795580000,0x00000007a2cf1a68,0x00000007b5400000)
  from space 89088K, 52% used [0x00000007ba900000,0x00000007bd6dc750,0x00000007c0000000)
  to   space 87040K, 0% used [0x00000007b5400000,0x00000007b5400000,0x00000007ba900000)
 ParOldGen       total 203776K, used 137556K [0x0000000740000000, 0x000000074c700000, 0x0000000795580000)
  object space 203776K, 67% used [0x0000000740000000,0x0000000748655330,0x000000074c700000)
 Metaspace       used 151052K, capacity 165394K, committed 166656K, reserved 1193984K
  class space    used 19143K, capacity 22467K, committed 22784K, reserved 1048576K
GC Heap History (10 events):
Event: 16056.462 GC heap before
{Heap before GC invocations=88 (full 8):
 PSYoungGen      total 622080K, used 569159K [0x0000000795580000, 0x00000007bfc80000, 0x00000007c0000000)
  eden space 554496K, 100% used [0x0000000795580000,0x00000007b7300000,0x00000007b7300000)
  from space 67584K, 21% used [0x00000007b7300000,0x00000007b8151ee0,0x00000007bb500000)
  to   space 66560K, 0% used [0x00000007bbb80000,0x00000007bbb80000,0x00000007bfc80000)
 ParOldGen       total 203776K, used 130018K [0x0000000740000000, 0x000000074c700000, 0x0000000795580000)
  object space 203776K, 63% used [0x0000000740000000,0x0000000747ef8a10,0x000000074c700000)
 Metaspace       used 148909K, capacity 162628K, committed 164224K, reserved 1191936K
  class space    used 18834K, capacity 22096K, committed 22400K, reserved 1048576K
Event: 16057.636 GC heap after
Heap after GC invocations=88 (full 8):
 PSYoungGen      total 608768K, used 66547K [0x0000000795580000, 0x00000007c0000000, 0x00000007c0000000)
  eden space 542208K, 0% used [0x0000000795580000,0x0000000795580000,0x00000007b6700000)
  from space 66560K, 99% used [0x00000007bbb80000,0x00000007bfc7ced8,0x00000007bfc80000)
  to   space 78336K, 0% used [0x00000007b6700000,0x00000007b6700000,0x00000007bb380000)
 ParOldGen       total 203776K, used 133647K [0x0000000740000000, 0x000000074c700000, 0x0000000795580000)
  object space 203776K, 65% used [0x0000000740000000,0x0000000748283e78,0x000000074c700000)
 Metaspace       used 148909K, capacity 162628K, committed 164224K, reserved 1191936K
  class space    used 18834K, capacity 22096K, committed 22400K, reserved 1048576K
}
Event: 16551.367 GC heap before
{Heap before GC invocations=89 (full 8):
 PSYoungGen      total 608768K, used 608755K [0x0000000795580000, 0x00000007c0000000, 0x00000007c0000000)
  eden space 542208K, 100% used [0x0000000795580000,0x00000007b6700000,0x00000007b6700000)
  from space 66560K, 99% used [0x00000007bbb80000,0x00000007bfc7ced8,0x00000007bfc80000)
  to   space 78336K, 0% used [0x00000007b6700000,0x00000007b6700000,0x00000007bb380000)
 ParOldGen       total 203776K, used 133647K [0x0000000740000000, 0x000000074c700000, 0x0000000795580000)
  object space 203776K, 65% used [0x0000000740000000,0x0000000748283e78,0x000000074c700000)
 Metaspace       used 149005K, capacity 162768K, committed 164480K, reserved 1191936K
  class space    used 18838K, capacity 22098K, committed 22400K, reserved 1048576K
Event: 16555.311 GC heap after
Heap after GC invocations=89 (full 8):
 PSYoungGen      total 615936K, used 73511K [0x0000000795580000, 0x00000007c0000000, 0x00000007c0000000)
  eden space 542208K, 0% used [0x0000000795580000,0x0000000795580000,0x00000007b6700000)
  from space 73728K, 99% used [0x00000007b6700000,0x00000007baec9fc0,0x00000007baf00000)
  to   space 82944K, 0% used [0x00000007baf00000,0x00000007baf00000,0x00000007c0000000)
 ParOldGen       total 203776K, used 133655K [0x0000000740000000, 0x000000074c700000, 0x0000000795580000)
  object space 203776K, 65% used [0x0000000740000000,0x0000000748285e78,0x000000074c700000)
 Metaspace       used 149005K, capacity 162768K, committed 164480K, reserved 1191936K
  class space    used 18838K, capacity 22098K, committed 22400K, reserved 1048576K
}
Event: 17261.906 GC heap before
{Heap before GC invocations=90 (full 8):
 PSYoungGen      total 615936K, used 615407K [0x0000000795580000, 0x00000007c0000000, 0x00000007c0000000)
  eden space 542208K, 99% used [0x0000000795580000,0x00000007b66b1d60,0x00000007b6700000)
  from space 73728K, 99% used [0x00000007b6700000,0x00000007baec9fc0,0x00000007baf00000)
  to   space 82944K, 0% used [0x00000007baf00000,0x00000007baf00000,0x00000007c0000000)
 ParOldGen       total 203776K, used 133655K [0x0000000740000000, 0x000000074c700000, 0x0000000795580000)
  object space 203776K, 65% used [0x0000000740000000,0x0000000748285e78,0x000000074c700000)
 Metaspace       used 149547K, capacity 163388K, committed 164864K, reserved 1191936K
  class space    used 18915K, capacity 22198K, committed 22528K, reserved 1048576K
Event: 17262.927 GC heap after
Heap after GC invocations=90 (full 8):
 PSYoungGen      total 604672K, used 49282K [0x0000000795580000, 0x00000007c0000000, 0x00000007c0000000)
  eden space 521728K, 0% used [0x0000000795580000,0x0000000795580000,0x00000007b5300000)
  from space 82944K, 59% used [0x00000007baf00000,0x00000007bdf20b98,0x00000007c0000000)
  to   space 88576K, 0% used [0x00000007b5300000,0x00000007b5300000,0x00000007ba980000)
 ParOldGen       total 203776K, used 133663K [0x0000000740000000, 0x000000074c700000, 0x0000000795580000)
  object space 203776K, 65% used [0x0000000740000000,0x0000000748287e78,0x000000074c700000)
 Metaspace       used 149547K, capacity 163388K, committed 164864K, reserved 1191936K
  class space    used 18915K, capacity 22198K, committed 22528K, reserved 1048576K
}
Event: 17490.295 GC heap before
{Heap before GC invocations=91 (full 8):
 PSYoungGen      total 604672K, used 571010K [0x0000000795580000, 0x00000007c0000000, 0x00000007c0000000)
  eden space 521728K, 100% used [0x0000000795580000,0x00000007b5300000,0x00000007b5300000)
  from space 82944K, 59% used [0x00000007baf00000,0x00000007bdf20b98,0x00000007c0000000)
  to   space 88576K, 0% used [0x00000007b5300000,0x00000007b5300000,0x00000007ba980000)
 ParOldGen       total 203776K, used 133663K [0x0000000740000000, 0x000000074c700000, 0x0000000795580000)
  object space 203776K, 65% used [0x0000000740000000,0x0000000748287e78,0x000000074c700000)
 Metaspace       used 150064K, capacity 164130K, committed 165504K, reserved 1191936K
  class space    used 18997K, capacity 22316K, committed 22656K, reserved 1048576K
Event: 17490.748 GC heap after
Heap after GC invocations=91 (full 8):
 PSYoungGen      total 575488K, used 53706K [0x0000000795580000, 0x00000007c0000000, 0x00000007c0000000)
  eden space 521728K, 0% used [0x0000000795580000,0x0000000795580000,0x00000007b5300000)
  from space 53760K, 99% used [0x00000007b5300000,0x00000007b8772878,0x00000007b8780000)
  to   space 89088K, 0% used [0x00000007ba900000,0x00000007ba900000,0x00000007c0000000)
 ParOldGen       total 203776K, used 133663K [0x0000000740000000, 0x000000074c700000, 0x0000000795580000)
  object space 203776K, 65% used [0x0000000740000000,0x0000000748287e78,0x000000074c700000)
 Metaspace       used 150064K, capacity 164130K, committed 165504K, reserved 1191936K
  class space    used 18997K, capacity 22316K, committed 22656K, reserved 1048576K
}
Event: 17591.073 GC heap before
{Heap before GC invocations=92 (full 8):
 PSYoungGen      total 575488K, used 575434K [0x0000000795580000, 0x00000007c0000000, 0x00000007c0000000)
  eden space 521728K, 100% used [0x0000000795580000,0x00000007b5300000,0x00000007b5300000)
  from space 53760K, 99% used [0x00000007b5300000,0x00000007b8772878,0x00000007b8780000)
  to   space 89088K, 0% used [0x00000007ba900000,0x00000007ba900000,0x00000007c0000000)
 ParOldGen       total 203776K, used 133663K [0x0000000740000000, 0x000000074c700000, 0x0000000795580000)
  object space 203776K, 65% used [0x0000000740000000,0x0000000748287e78,0x000000074c700000)
 Metaspace       used 150137K, capacity 164210K, committed 165760K, reserved 1191936K
  class space    used 18999K, capacity 22320K, committed 22656K, reserved 1048576K
Event: 17591.815 GC heap after
Heap after GC invocations=92 (full 8):
 PSYoungGen      total 611840K, used 46961K [0x0000000795580000, 0x00000007c0000000, 0x00000007c0000000)
  eden space 522752K, 0% used [0x0000000795580000,0x0000000795580000,0x00000007b5400000)
  from space 89088K, 52% used [0x00000007ba900000,0x00000007bd6dc750,0x00000007c0000000)
  to   space 87040K, 0% used [0x00000007b5400000,0x00000007b5400000,0x00000007ba900000)
 ParOldGen       total 203776K, used 137556K [0x0000000740000000, 0x000000074c700000, 0x0000000795580000)
  object space 203776K, 67% used [0x0000000740000000,0x0000000748655330,0x000000074c700000)
 Metaspace       used 150137K, capacity 164210K, committed 165760K, reserved 1191936K
  class space    used 18999K, capacity 22320K, committed 22656K, reserved 1048576K
}

