# JRE version: OpenJDK Runtime Environment (8.0_152-b01) (build 1.8.0_152-release-1024-b01)
# Java VM: OpenJDK 64-Bit Server VM (25.152-b01 mixed mode bsd-amd64 compressed oops)
Heap:
 PSYoungGen      total 206336K, used 105619K [0x0000000795580000, 0x00000007a9600000, 0x00000007c0000000)
  eden space 138752K, 76% used [0x0000000795580000,0x000000079bca4d40,0x000000079dd00000)
  from space 67584K, 0% used [0x000000079dd00000,0x000000079dd00000,0x00000007a1f00000)
  to   space 65536K, 0% used [0x00000007a5600000,0x00000007a5600000,0x00000007a9600000)
 ParOldGen       total 132608K, used 34376K [0x0000000740000000, 0x0000000748180000, 0x0000000795580000)
  object space 132608K, 25% used [0x0000000740000000,0x0000000742192190,0x0000000748180000)
 Metaspace       used 72540K, capacity 74141K, committed 74240K, reserved 1114112K
  class space    used 8731K, capacity 9124K, committed 9216K, reserved 1048576K
GC Heap History (10 events):
Event: 25.859 GC heap before
{Heap before GC invocations=18 (full 4):
 PSYoungGen      total 142848K, used 113446K [0x0000000795580000, 0x00000007a2180000, 0x00000007c0000000)
  eden space 99328K, 100% used [0x0000000795580000,0x000000079b680000,0x000000079b680000)
  from space 43520K, 32% used [0x000000079b680000,0x000000079c449b08,0x000000079e100000)
  to   space 40960K, 0% used [0x000000079f980000,0x000000079f980000,0x00000007a2180000)
 ParOldGen       total 137728K, used 68708K [0x0000000740000000, 0x0000000748680000, 0x0000000795580000)
  object space 137728K, 49% used [0x0000000740000000,0x0000000744319260,0x0000000748680000)
 Metaspace       used 63814K, capacity 64949K, committed 65280K, reserved 1105920K
  class space    used 7844K, capacity 8138K, committed 8192K, reserved 1048576K
Event: 25.893 GC heap after
Heap after GC invocations=18 (full 4):
 PSYoungGen      total 161792K, used 17788K [0x0000000795580000, 0x00000007a1d00000, 0x00000007c0000000)
  eden space 125440K, 0% used [0x0000000795580000,0x0000000795580000,0x000000079d000000)
  from space 36352K, 48% used [0x000000079f980000,0x00000007a0adf140,0x00000007a1d00000)
  to   space 39424K, 0% used [0x000000079d000000,0x000000079d000000,0x000000079f680000)
 ParOldGen       total 137728K, used 68716K [0x0000000740000000, 0x0000000748680000, 0x0000000795580000)
  object space 137728K, 49% used [0x0000000740000000,0x000000074431b260,0x0000000748680000)
 Metaspace       used 63814K, capacity 64949K, committed 65280K, reserved 1105920K
  class space    used 7844K, capacity 8138K, committed 8192K, reserved 1048576K
}
Event: 27.696 GC heap before
{Heap before GC invocations=19 (full 4):
 PSYoungGen      total 161792K, used 143228K [0x0000000795580000, 0x00000007a1d00000, 0x00000007c0000000)
  eden space 125440K, 100% used [0x0000000795580000,0x000000079d000000,0x000000079d000000)
  from space 36352K, 48% used [0x000000079f980000,0x00000007a0adf140,0x00000007a1d00000)
  to   space 39424K, 0% used [0x000000079d000000,0x000000079d000000,0x000000079f680000)
 ParOldGen       total 137728K, used 68716K [0x0000000740000000, 0x0000000748680000, 0x0000000795580000)
  object space 137728K, 49% used [0x0000000740000000,0x000000074431b260,0x0000000748680000)
 Metaspace       used 65588K, capacity 66903K, committed 67072K, reserved 1107968K
  class space    used 8074K, capacity 8397K, committed 8448K, reserved 1048576K
Event: 27.748 GC heap after
Heap after GC invocations=19 (full 4):
 PSYoungGen      total 164864K, used 39408K [0x0000000795580000, 0x00000007a4d00000, 0x00000007c0000000)
  eden space 125440K, 0% used [0x0000000795580000,0x0000000795580000,0x000000079d000000)
  from space 39424K, 99% used [0x000000079d000000,0x000000079f67c368,0x000000079f680000)
  to   space 47104K, 0% used [0x00000007a1f00000,0x00000007a1f00000,0x00000007a4d00000)
 ParOldGen       total 137728K, used 72773K [0x0000000740000000, 0x0000000748680000, 0x0000000795580000)
  object space 137728K, 52% used [0x0000000740000000,0x0000000744711650,0x0000000748680000)
 Metaspace       used 65588K, capacity 66903K, committed 67072K, reserved 1107968K
  class space    used 8074K, capacity 8397K, committed 8448K, reserved 1048576K
}
Event: 28.523 GC heap before
{Heap before GC invocations=20 (full 4):
 PSYoungGen      total 164864K, used 164848K [0x0000000795580000, 0x00000007a4d00000, 0x00000007c0000000)
  eden space 125440K, 100% used [0x0000000795580000,0x000000079d000000,0x000000079d000000)
  from space 39424K, 99% used [0x000000079d000000,0x000000079f67c368,0x000000079f680000)
  to   space 47104K, 0% used [0x00000007a1f00000,0x00000007a1f00000,0x00000007a4d00000)
 ParOldGen       total 137728K, used 72773K [0x0000000740000000, 0x0000000748680000, 0x0000000795580000)
  object space 137728K, 52% used [0x0000000740000000,0x0000000744711650,0x0000000748680000)
 Metaspace       used 65612K, capacity 66903K, committed 67072K, reserved 1107968K
  class space    used 8074K, capacity 8397K, committed 8448K, reserved 1048576K
Event: 28.728 GC heap after
Heap after GC invocations=20 (full 4):
 PSYoungGen      total 185856K, used 47095K [0x0000000795580000, 0x00000007a8900000, 0x00000007c0000000)
  eden space 138752K, 0% used [0x0000000795580000,0x0000000795580000,0x000000079dd00000)
  from space 47104K, 99% used [0x00000007a1f00000,0x00000007a4cfddd0,0x00000007a4d00000)
  to   space 67584K, 0% used [0x000000079dd00000,0x000000079dd00000,0x00000007a1f00000)
 ParOldGen       total 137728K, used 107920K [0x0000000740000000, 0x0000000748680000, 0x0000000795580000)
  object space 137728K, 78% used [0x0000000740000000,0x00000007469642e0,0x0000000748680000)
 Metaspace       used 65612K, capacity 66903K, committed 67072K, reserved 1107968K
  class space    used 8074K, capacity 8397K, committed 8448K, reserved 1048576K
}
Event: 31.972 GC heap before
{Heap before GC invocations=21 (full 4):
 PSYoungGen      total 185856K, used 185847K [0x0000000795580000, 0x00000007a8900000, 0x00000007c0000000)
  eden space 138752K, 100% used [0x0000000795580000,0x000000079dd00000,0x000000079dd00000)
  from space 47104K, 99% used [0x00000007a1f00000,0x00000007a4cfddd0,0x00000007a4d00000)
  to   space 67584K, 0% used [0x000000079dd00000,0x000000079dd00000,0x00000007a1f00000)
 ParOldGen       total 137728K, used 107920K [0x0000000740000000, 0x0000000748680000, 0x0000000795580000)
  object space 137728K, 78% used [0x0000000740000000,0x00000007469642e0,0x0000000748680000)
 Metaspace       used 66576K, capacity 68031K, committed 68224K, reserved 1110016K
  class space    used 8138K, capacity 8503K, committed 8576K, reserved 1048576K
Event: 32.117 GC heap after
Heap after GC invocations=21 (full 4):
 PSYoungGen      total 206336K, used 30896K [0x0000000795580000, 0x00000007a9600000, 0x00000007c0000000)
  eden space 138752K, 0% used [0x0000000795580000,0x0000000795580000,0x000000079dd00000)
  from space 67584K, 45% used [0x000000079dd00000,0x000000079fb2c230,0x00000007a1f00000)
  to   space 65536K, 0% used [0x00000007a5600000,0x00000007a5600000,0x00000007a9600000)
 ParOldGen       total 155648K, used 154853K [0x0000000740000000, 0x0000000749800000, 0x0000000795580000)
  object space 155648K, 99% used [0x0000000740000000,0x0000000749739648,0x0000000749800000)
 Metaspace       used 66576K, capacity 68031K, committed 68224K, reserved 1110016K
  class space    used 8138K, capacity 8503K, committed 8576K, reserved 1048576K
}
Event: 32.117 GC heap before
{Heap before GC invocations=22 (full 5):
 PSYoungGen      total 206336K, used 30896K [0x0000000795580000, 0x00000007a9600000, 0x00000007c0000000)
  eden space 138752K, 0% used [0x0000000795580000,0x0000000795580000,0x000000079dd00000)
  from space 67584K, 45% used [0x000000079dd00000,0x000000079fb2c230,0x00000007a1f00000)
  to   space 65536K, 0% used [0x00000007a5600000,0x00000007a5600000,0x00000007a9600000)
 ParOldGen       total 155648K, used 154853K [0x0000000740000000, 0x0000000749800000, 0x0000000795580000)
  object space 155648K, 99% used [0x0000000740000000,0x0000000749739648,0x0000000749800000)
 Metaspace       used 66576K, capacity 68031K, committed 68224K, reserved 1110016K
  class space    used 8138K, capacity 8503K, committed 8576K, reserved 1048576K
Event: 32.300 GC heap after
Heap after GC invocations=22 (full 5):
 PSYoungGen      total 206336K, used 0K [0x0000000795580000, 0x00000007a9600000, 0x00000007c0000000)
  eden space 138752K, 0% used [0x0000000795580000,0x0000000795580000,0x000000079dd00000)
  from space 67584K, 0% used [0x000000079dd00000,0x000000079dd00000,0x00000007a1f00000)
  to   space 65536K, 0% used [0x00000007a5600000,0x00000007a5600000,0x00000007a9600000)
 ParOldGen       total 132608K, used 34376K [0x0000000740000000, 0x0000000748180000, 0x0000000795580000)
  object space 132608K, 25% used [0x0000000740000000,0x0000000742192190,0x0000000748180000)
 Metaspace       used 66576K, capacity 68031K, committed 68224K, reserved 1110016K
  class space    used 8138K, capacity 8503K, committed 8576K, reserved 1048576K
}

