# JRE version: OpenJDK Runtime Environment (8.0_152-b01) (build 1.8.0_152-release-1024-b01)
# Java VM: OpenJDK 64-Bit Server VM (25.152-b01 mixed mode bsd-amd64 compressed oops)
Heap:
 PSYoungGen      total 548352K, used 93830K [0x0000000795580000, 0x00000007bf900000, 0x00000007c0000000)
  eden space 418816K, 6% used [0x0000000795580000,0x000000079708b670,0x00000007aee80000)
  from space 129536K, 51% used [0x00000007aee80000,0x00000007b2f16450,0x00000007b6d00000)
  to   space 129536K, 0% used [0x00000007b7a80000,0x00000007b7a80000,0x00000007bf900000)
 ParOldGen       total 326656K, used 77417K [0x0000000740000000, 0x0000000753f00000, 0x0000000795580000)
  object space 326656K, 23% used [0x0000000740000000,0x0000000744b9a6f0,0x0000000753f00000)
 Metaspace       used 92727K, capacity 95585K, committed 110848K, reserved 1142784K
  class space    used 10306K, capacity 11006K, committed 17408K, reserved 1048576K
GC Heap History (10 events):
Event: 17841.913 GC heap before
{Heap before GC invocations=74 (full 12):
 PSYoungGen      total 551936K, used 463629K [0x0000000795580000, 0x00000007c0000000, 0x00000007c0000000)
  eden space 404992K, 100% used [0x0000000795580000,0x00000007ae100000,0x00000007ae100000)
  from space 146944K, 39% used [0x00000007ae100000,0x00000007b1a434f8,0x00000007b7080000)
  to   space 140288K, 0% used [0x00000007b7700000,0x00000007b7700000,0x00000007c0000000)
 ParOldGen       total 326656K, used 140808K [0x0000000740000000, 0x0000000753f00000, 0x0000000795580000)
  object space 326656K, 43% used [0x0000000740000000,0x0000000748982000,0x0000000753f00000)
 Metaspace       used 112444K, capacity 116313K, committed 127232K, reserved 1159168K
  class space    used 12911K, capacity 13870K, committed 17408K, reserved 1048576K
Event: 17843.097 GC heap after
Heap after GC invocations=74 (full 12):
 PSYoungGen      total 540160K, used 15108K [0x0000000795580000, 0x00000007bf480000, 0x00000007c0000000)
  eden space 411648K, 0% used [0x0000000795580000,0x0000000795580000,0x00000007ae780000)
  from space 128512K, 11% used [0x00000007b7700000,0x00000007b85c10a0,0x00000007bf480000)
  to   space 137728K, 0% used [0x00000007ae780000,0x00000007ae780000,0x00000007b6e00000)
 ParOldGen       total 326656K, used 147449K [0x0000000740000000, 0x0000000753f00000, 0x0000000795580000)
  object space 326656K, 45% used [0x0000000740000000,0x0000000748ffe400,0x0000000753f00000)
 Metaspace       used 112444K, capacity 116313K, committed 127232K, reserved 1159168K
  class space    used 12911K, capacity 13870K, committed 17408K, reserved 1048576K
}
Event: 18095.490 GC heap before
{Heap before GC invocations=75 (full 12):
 PSYoungGen      total 540160K, used 70662K [0x0000000795580000, 0x00000007bf480000, 0x00000007c0000000)
  eden space 411648K, 13% used [0x0000000795580000,0x0000000798bc0ac0,0x00000007ae780000)
  from space 128512K, 11% used [0x00000007b7700000,0x00000007b85c10a0,0x00000007bf480000)
  to   space 137728K, 0% used [0x00000007ae780000,0x00000007ae780000,0x00000007b6e00000)
 ParOldGen       total 326656K, used 147449K [0x0000000740000000, 0x0000000753f00000, 0x0000000795580000)
  object space 326656K, 45% used [0x0000000740000000,0x0000000748ffe400,0x0000000753f00000)
 Metaspace       used 112592K, capacity 116537K, committed 127232K, reserved 1159168K
  class space    used 12932K, capacity 13902K, committed 17408K, reserved 1048576K
Event: 18095.758 GC heap after
Heap after GC invocations=75 (full 12):
 PSYoungGen      total 412672K, used 1019K [0x0000000795580000, 0x00000007bf280000, 0x00000007c0000000)
  eden space 411648K, 0% used [0x0000000795580000,0x0000000795580000,0x00000007ae780000)
  from space 1024K, 99% used [0x00000007ae780000,0x00000007ae87eed0,0x00000007ae880000)
  to   space 136704K, 0% used [0x00000007b6d00000,0x00000007b6d00000,0x00000007bf280000)
 ParOldGen       total 326656K, used 148170K [0x0000000740000000, 0x0000000753f00000, 0x0000000795580000)
  object space 326656K, 45% used [0x0000000740000000,0x00000007490b2af8,0x0000000753f00000)
 Metaspace       used 112592K, capacity 116537K, committed 127232K, reserved 1159168K
  class space    used 12932K, capacity 13902K, committed 17408K, reserved 1048576K
}
Event: 18095.758 GC heap before
{Heap before GC invocations=76 (full 13):
 PSYoungGen      total 412672K, used 1019K [0x0000000795580000, 0x00000007bf280000, 0x00000007c0000000)
  eden space 411648K, 0% used [0x0000000795580000,0x0000000795580000,0x00000007ae780000)
  from space 1024K, 99% used [0x00000007ae780000,0x00000007ae87eed0,0x00000007ae880000)
  to   space 136704K, 0% used [0x00000007b6d00000,0x00000007b6d00000,0x00000007bf280000)
 ParOldGen       total 326656K, used 148170K [0x0000000740000000, 0x0000000753f00000, 0x0000000795580000)
  object space 326656K, 45% used [0x0000000740000000,0x00000007490b2af8,0x0000000753f00000)
 Metaspace       used 112592K, capacity 116537K, committed 127232K, reserved 1159168K
  class space    used 12932K, capacity 13902K, committed 17408K, reserved 1048576K
Event: 18109.448 GC heap after
Heap after GC invocations=76 (full 13):
 PSYoungGen      total 412672K, used 0K [0x0000000795580000, 0x00000007bf280000, 0x00000007c0000000)
  eden space 411648K, 0% used [0x0000000795580000,0x0000000795580000,0x00000007ae780000)
  from space 1024K, 0% used [0x00000007ae780000,0x00000007ae780000,0x00000007ae880000)
  to   space 136704K, 0% used [0x00000007b6d00000,0x00000007b6d00000,0x00000007bf280000)
 ParOldGen       total 326656K, used 55492K [0x0000000740000000, 0x0000000753f00000, 0x0000000795580000)
  object space 326656K, 16% used [0x0000000740000000,0x0000000743631260,0x0000000753f00000)
 Metaspace       used 87978K, capacity 90561K, committed 110848K, reserved 1142784K
  class space    used 9731K, capacity 10306K, committed 17408K, reserved 1048576K
}
Event: 19588.396 GC heap before
{Heap before GC invocations=77 (full 13):
 PSYoungGen      total 412672K, used 411648K [0x0000000795580000, 0x00000007bf280000, 0x00000007c0000000)
  eden space 411648K, 100% used [0x0000000795580000,0x00000007ae780000,0x00000007ae780000)
  from space 1024K, 0% used [0x00000007ae780000,0x00000007ae780000,0x00000007ae880000)
  to   space 136704K, 0% used [0x00000007b6d00000,0x00000007b6d00000,0x00000007bf280000)
 ParOldGen       total 326656K, used 55492K [0x0000000740000000, 0x0000000753f00000, 0x0000000795580000)
  object space 326656K, 16% used [0x0000000740000000,0x0000000743631260,0x0000000753f00000)
 Metaspace       used 89375K, capacity 91977K, committed 110848K, reserved 1142784K
  class space    used 9904K, capacity 10522K, committed 17408K, reserved 1048576K
Event: 19590.654 GC heap after
Heap after GC invocations=77 (full 13):
 PSYoungGen      total 555520K, used 31596K [0x0000000795580000, 0x00000007c0000000, 0x00000007c0000000)
  eden space 418816K, 0% used [0x0000000795580000,0x0000000795580000,0x00000007aee80000)
  from space 136704K, 23% used [0x00000007b6d00000,0x00000007b8bdb380,0x00000007bf280000)
  to   space 129536K, 0% used [0x00000007aee80000,0x00000007aee80000,0x00000007b6d00000)
 ParOldGen       total 326656K, used 55500K [0x0000000740000000, 0x0000000753f00000, 0x0000000795580000)
  object space 326656K, 16% used [0x0000000740000000,0x0000000743633260,0x0000000753f00000)
 Metaspace       used 89375K, capacity 91977K, committed 110848K, reserved 1142784K
  class space    used 9904K, capacity 10522K, committed 17408K, reserved 1048576K
}
Event: 20906.048 GC heap before
{Heap before GC invocations=78 (full 13):
 PSYoungGen      total 555520K, used 450412K [0x0000000795580000, 0x00000007c0000000, 0x00000007c0000000)
  eden space 418816K, 100% used [0x0000000795580000,0x00000007aee80000,0x00000007aee80000)
  from space 136704K, 23% used [0x00000007b6d00000,0x00000007b8bdb380,0x00000007bf280000)
  to   space 129536K, 0% used [0x00000007aee80000,0x00000007aee80000,0x00000007b6d00000)
 ParOldGen       total 326656K, used 55500K [0x0000000740000000, 0x0000000753f00000, 0x0000000795580000)
  object space 326656K, 16% used [0x0000000740000000,0x0000000743633260,0x0000000753f00000)
 Metaspace       used 90856K, capacity 93657K, committed 110848K, reserved 1142784K
  class space    used 10051K, capacity 10746K, committed 17408K, reserved 1048576K
Event: 20910.929 GC heap after
Heap after GC invocations=78 (full 13):
 PSYoungGen      total 548352K, used 66137K [0x0000000795580000, 0x00000007bf900000, 0x00000007c0000000)
  eden space 418816K, 0% used [0x0000000795580000,0x0000000795580000,0x00000007aee80000)
  from space 129536K, 51% used [0x00000007aee80000,0x00000007b2f16450,0x00000007b6d00000)
  to   space 129536K, 0% used [0x00000007b7a80000,0x00000007b7a80000,0x00000007bf900000)
 ParOldGen       total 326656K, used 77417K [0x0000000740000000, 0x0000000753f00000, 0x0000000795580000)
  object space 326656K, 23% used [0x0000000740000000,0x0000000744b9a6f0,0x0000000753f00000)
 Metaspace       used 90856K, capacity 93657K, committed 110848K, reserved 1142784K
  class space    used 10051K, capacity 10746K, committed 17408K, reserved 1048576K
}

