# JRE version: OpenJDK Runtime Environment (8.0_152-b01) (build 1.8.0_152-release-1024-b01)
# Java VM: OpenJDK 64-Bit Server VM (25.152-b01 mixed mode bsd-amd64 compressed oops)
Heap:
 PSYoungGen      total 525824K, used 210613K [0x0000000795580000, 0x00000007be580000, 0x00000007c0000000)
  eden space 390144K, 38% used [0x0000000795580000,0x000000079e67d948,0x00000007ad280000)
  from space 135680K, 45% used [0x00000007b6100000,0x00000007b9dafc20,0x00000007be580000)
  to   space 140800K, 0% used [0x00000007ad280000,0x00000007ad280000,0x00000007b5c00000)
 ParOldGen       total 155136K, used 42902K [0x0000000740000000, 0x0000000749780000, 0x0000000795580000)
  object space 155136K, 27% used [0x0000000740000000,0x00000007429e58c8,0x0000000749780000)
 Metaspace       used 85309K, capacity 87579K, committed 87808K, reserved 1126400K
  class space    used 9616K, capacity 10117K, committed 10240K, reserved 1048576K
GC Heap History (10 events):
Event: 5873.121 GC heap before
{Heap before GC invocations=38 (full 7):
 PSYoungGen      total 378368K, used 378337K [0x0000000795580000, 0x00000007b6e80000, 0x00000007c0000000)
  eden space 275456K, 100% used [0x0000000795580000,0x00000007a6280000,0x00000007a6280000)
  from space 102912K, 99% used [0x00000007adc80000,0x00000007b40f86d0,0x00000007b4100000)
  to   space 124928K, 0% used [0x00000007a6280000,0x00000007a6280000,0x00000007adc80000)
 ParOldGen       total 136704K, used 70066K [0x0000000740000000, 0x0000000748580000, 0x0000000795580000)
  object space 136704K, 51% used [0x0000000740000000,0x000000074446c820,0x0000000748580000)
 Metaspace       used 83347K, capacity 85407K, committed 85504K, reserved 1124352K
  class space    used 9496K, capacity 9951K, committed 9984K, reserved 1048576K
Event: 5876.131 GC heap after
Heap after GC invocations=38 (full 7):
 PSYoungGen      total 400384K, used 124925K [0x0000000795580000, 0x00000007be680000, 0x00000007c0000000)
  eden space 275456K, 0% used [0x0000000795580000,0x0000000795580000,0x00000007a6280000)
  from space 124928K, 99% used [0x00000007a6280000,0x00000007adc7f520,0x00000007adc80000)
  to   space 166400K, 0% used [0x00000007b4400000,0x00000007b4400000,0x00000007be680000)
 ParOldGen       total 136704K, used 127174K [0x0000000740000000, 0x0000000748580000, 0x0000000795580000)
  object space 136704K, 93% used [0x0000000740000000,0x0000000747c31a40,0x0000000748580000)
 Metaspace       used 83347K, capacity 85407K, committed 85504K, reserved 1124352K
  class space    used 9496K, capacity 9951K, committed 9984K, reserved 1048576K
}
Event: 5876.131 GC heap before
{Heap before GC invocations=39 (full 8):
 PSYoungGen      total 400384K, used 124925K [0x0000000795580000, 0x00000007be680000, 0x00000007c0000000)
  eden space 275456K, 0% used [0x0000000795580000,0x0000000795580000,0x00000007a6280000)
  from space 124928K, 99% used [0x00000007a6280000,0x00000007adc7f520,0x00000007adc80000)
  to   space 166400K, 0% used [0x00000007b4400000,0x00000007b4400000,0x00000007be680000)
 ParOldGen       total 136704K, used 127174K [0x0000000740000000, 0x0000000748580000, 0x0000000795580000)
  object space 136704K, 93% used [0x0000000740000000,0x0000000747c31a40,0x0000000748580000)
 Metaspace       used 83347K, capacity 85407K, committed 85504K, reserved 1124352K
  class space    used 9496K, capacity 9951K, committed 9984K, reserved 1048576K
Event: 5876.581 GC heap after
Heap after GC invocations=39 (full 8):
 PSYoungGen      total 400384K, used 0K [0x0000000795580000, 0x00000007be680000, 0x00000007c0000000)
  eden space 275456K, 0% used [0x0000000795580000,0x0000000795580000,0x00000007a6280000)
  from space 124928K, 0% used [0x00000007a6280000,0x00000007a6280000,0x00000007adc80000)
  to   space 166400K, 0% used [0x00000007b4400000,0x00000007b4400000,0x00000007be680000)
 ParOldGen       total 155136K, used 42878K [0x0000000740000000, 0x0000000749780000, 0x0000000795580000)
  object space 155136K, 27% used [0x0000000740000000,0x00000007429df8c8,0x0000000749780000)
 Metaspace       used 83140K, capacity 85101K, committed 85504K, reserved 1124352K
  class space    used 9474K, capacity 9900K, committed 9984K, reserved 1048576K
}
Event: 5881.351 GC heap before
{Heap before GC invocations=40 (full 8):
 PSYoungGen      total 400384K, used 275456K [0x0000000795580000, 0x00000007be680000, 0x00000007c0000000)
  eden space 275456K, 100% used [0x0000000795580000,0x00000007a6280000,0x00000007a6280000)
  from space 124928K, 0% used [0x00000007a6280000,0x00000007a6280000,0x00000007adc80000)
  to   space 166400K, 0% used [0x00000007b4400000,0x00000007b4400000,0x00000007be680000)
 ParOldGen       total 155136K, used 42878K [0x0000000740000000, 0x0000000749780000, 0x0000000795580000)
  object space 155136K, 27% used [0x0000000740000000,0x00000007429df8c8,0x0000000749780000)
 Metaspace       used 83526K, capacity 85533K, committed 85760K, reserved 1124352K
  class space    used 9483K, capacity 9932K, committed 9984K, reserved 1048576K
Event: 5881.481 GC heap after
Heap after GC invocations=40 (full 8):
 PSYoungGen      total 494080K, used 44676K [0x0000000795580000, 0x00000007bd980000, 0x00000007c0000000)
  eden space 340992K, 0% used [0x0000000795580000,0x0000000795580000,0x00000007aa280000)
  from space 153088K, 29% used [0x00000007b4400000,0x00000007b6fa11e0,0x00000007bd980000)
  to   space 159232K, 0% used [0x00000007aa280000,0x00000007aa280000,0x00000007b3e00000)
 ParOldGen       total 155136K, used 42886K [0x0000000740000000, 0x0000000749780000, 0x0000000795580000)
  object space 155136K, 27% used [0x0000000740000000,0x00000007429e18c8,0x0000000749780000)
 Metaspace       used 83526K, capacity 85533K, committed 85760K, reserved 1124352K
  class space    used 9483K, capacity 9932K, committed 9984K, reserved 1048576K
}
Event: 5887.791 GC heap before
{Heap before GC invocations=41 (full 8):
 PSYoungGen      total 494080K, used 385668K [0x0000000795580000, 0x00000007bd980000, 0x00000007c0000000)
  eden space 340992K, 100% used [0x0000000795580000,0x00000007aa280000,0x00000007aa280000)
  from space 153088K, 29% used [0x00000007b4400000,0x00000007b6fa11e0,0x00000007bd980000)
  to   space 159232K, 0% used [0x00000007aa280000,0x00000007aa280000,0x00000007b3e00000)
 ParOldGen       total 155136K, used 42886K [0x0000000740000000, 0x0000000749780000, 0x0000000795580000)
  object space 155136K, 27% used [0x0000000740000000,0x00000007429e18c8,0x0000000749780000)
 Metaspace       used 84570K, capacity 86859K, committed 86912K, reserved 1126400K
  class space    used 9573K, capacity 10075K, committed 10112K, reserved 1048576K
Event: 5888.052 GC heap after
Heap after GC invocations=41 (full 8):
 PSYoungGen      total 500224K, used 62186K [0x0000000795580000, 0x00000007bf300000, 0x00000007c0000000)
  eden space 340992K, 0% used [0x0000000795580000,0x0000000795580000,0x00000007aa280000)
  from space 159232K, 39% used [0x00000007aa280000,0x00000007adf3a9f8,0x00000007b3e00000)
  to   space 149504K, 0% used [0x00000007b6100000,0x00000007b6100000,0x00000007bf300000)
 ParOldGen       total 155136K, used 42894K [0x0000000740000000, 0x0000000749780000, 0x0000000795580000)
  object space 155136K, 27% used [0x0000000740000000,0x00000007429e38c8,0x0000000749780000)
 Metaspace       used 84570K, capacity 86859K, committed 86912K, reserved 1126400K
  class space    used 9573K, capacity 10075K, committed 10112K, reserved 1048576K
}
Event: 5892.634 GC heap before
{Heap before GC invocations=42 (full 8):
 PSYoungGen      total 500224K, used 403178K [0x0000000795580000, 0x00000007bf300000, 0x00000007c0000000)
  eden space 340992K, 100% used [0x0000000795580000,0x00000007aa280000,0x00000007aa280000)
  from space 159232K, 39% used [0x00000007aa280000,0x00000007adf3a9f8,0x00000007b3e00000)
  to   space 149504K, 0% used [0x00000007b6100000,0x00000007b6100000,0x00000007bf300000)
 ParOldGen       total 155136K, used 42894K [0x0000000740000000, 0x0000000749780000, 0x0000000795580000)
  object space 155136K, 27% used [0x0000000740000000,0x00000007429e38c8,0x0000000749780000)
 Metaspace       used 84833K, capacity 87133K, committed 87424K, reserved 1126400K
  class space    used 9574K, capacity 10076K, committed 10112K, reserved 1048576K
Event: 5892.914 GC heap after
Heap after GC invocations=42 (full 8):
 PSYoungGen      total 525824K, used 62143K [0x0000000795580000, 0x00000007be580000, 0x00000007c0000000)
  eden space 390144K, 0% used [0x0000000795580000,0x0000000795580000,0x00000007ad280000)
  from space 135680K, 45% used [0x00000007b6100000,0x00000007b9dafc20,0x00000007be580000)
  to   space 140800K, 0% used [0x00000007ad280000,0x00000007ad280000,0x00000007b5c00000)
 ParOldGen       total 155136K, used 42902K [0x0000000740000000, 0x0000000749780000, 0x0000000795580000)
  object space 155136K, 27% used [0x0000000740000000,0x00000007429e58c8,0x0000000749780000)
 Metaspace       used 84833K, capacity 87133K, committed 87424K, reserved 1126400K
  class space    used 9574K, capacity 10076K, committed 10112K, reserved 1048576K
}

