# JRE version: OpenJDK Runtime Environment (8.0_152-b01) (build 1.8.0_152-release-1024-b01)
# Java VM: OpenJDK 64-Bit Server VM (25.152-b01 mixed mode bsd-amd64 compressed oops)
Heap:
 PSYoungGen      total 135168K, used 123904K [0x0000000795580000, 0x00000007a1a00000, 0x00000007c0000000)
  eden space 123904K, 100% used [0x0000000795580000,0x000000079ce80000,0x000000079ce80000)
  from space 11264K, 0% used [0x000000079da00000,0x000000079da00000,0x000000079e500000)
  to   space 11776K, 99% used [0x000000079ce80000,0x000000079d9fedf0,0x000000079da00000)
 ParOldGen       total 50688K, used 16143K [0x0000000740000000, 0x0000000743180000, 0x0000000795580000)
  object space 50688K, 31% used [0x0000000740000000,0x0000000740fc7e50,0x0000000743180000)
 Metaspace       used 40514K, capacity 41446K, committed 41728K, reserved 1085440K
  class space    used 5513K, capacity 5796K, committed 5888K, reserved 1048576K
GC Heap History (10 events):
Event: 2.753 GC heap before
{Heap before GC invocations=8 (full 1):
 PSYoungGen      total 72192K, used 5361K [0x0000000795580000, 0x000000079e280000, 0x00000007c0000000)
  eden space 64512K, 0% used [0x0000000795580000,0x0000000795580000,0x0000000799480000)
  from space 7680K, 69% used [0x0000000799480000,0x00000007999bc6d0,0x0000000799c00000)
  to   space 7680K, 0% used [0x000000079db00000,0x000000079db00000,0x000000079e280000)
 ParOldGen       total 44032K, used 8436K [0x0000000740000000, 0x0000000742b00000, 0x0000000795580000)
  object space 44032K, 19% used [0x0000000740000000,0x000000074083d0d0,0x0000000742b00000)
 Metaspace       used 20732K, capacity 21098K, committed 21248K, reserved 1067008K
  class space    used 2916K, capacity 3069K, committed 3072K, reserved 1048576K
Event: 2.810 GC heap after
Heap after GC invocations=8 (full 1):
 PSYoungGen      total 72192K, used 0K [0x0000000795580000, 0x000000079e280000, 0x00000007c0000000)
  eden space 64512K, 0% used [0x0000000795580000,0x0000000795580000,0x0000000799480000)
  from space 7680K, 0% used [0x0000000799480000,0x0000000799480000,0x0000000799c00000)
  to   space 7680K, 0% used [0x000000079db00000,0x000000079db00000,0x000000079e280000)
 ParOldGen       total 35840K, used 7952K [0x0000000740000000, 0x0000000742300000, 0x0000000795580000)
  object space 35840K, 22% used [0x0000000740000000,0x00000007407c4370,0x0000000742300000)
 Metaspace       used 20732K, capacity 21098K, committed 21248K, reserved 1067008K
  class space    used 2916K, capacity 3069K, committed 3072K, reserved 1048576K
}
Event: 3.923 GC heap before
{Heap before GC invocations=9 (full 1):
 PSYoungGen      total 72192K, used 64512K [0x0000000795580000, 0x000000079e280000, 0x00000007c0000000)
  eden space 64512K, 100% used [0x0000000795580000,0x0000000799480000,0x0000000799480000)
  from space 7680K, 0% used [0x0000000799480000,0x0000000799480000,0x0000000799c00000)
  to   space 7680K, 0% used [0x000000079db00000,0x000000079db00000,0x000000079e280000)
 ParOldGen       total 35840K, used 7952K [0x0000000740000000, 0x0000000742300000, 0x0000000795580000)
  object space 35840K, 22% used [0x0000000740000000,0x00000007407c4370,0x0000000742300000)
 Metaspace       used 26267K, capacity 26778K, committed 27136K, reserved 1073152K
  class space    used 3636K, capacity 3800K, committed 3840K, reserved 1048576K
Event: 3.935 GC heap after
Heap after GC invocations=9 (full 1):
 PSYoungGen      total 104960K, used 7360K [0x0000000795580000, 0x000000079e280000, 0x00000007c0000000)
  eden space 97280K, 0% used [0x0000000795580000,0x0000000795580000,0x000000079b480000)
  from space 7680K, 95% used [0x000000079db00000,0x000000079e230108,0x000000079e280000)
  to   space 8704K, 0% used [0x000000079d180000,0x000000079d180000,0x000000079da00000)
 ParOldGen       total 35840K, used 7960K [0x0000000740000000, 0x0000000742300000, 0x0000000795580000)
  object space 35840K, 22% used [0x0000000740000000,0x00000007407c6370,0x0000000742300000)
 Metaspace       used 26267K, capacity 26778K, committed 27136K, reserved 1073152K
  class space    used 3636K, capacity 3800K, committed 3840K, reserved 1048576K
}
Event: 6.096 GC heap before
{Heap before GC invocations=10 (full 1):
 PSYoungGen      total 104960K, used 104640K [0x0000000795580000, 0x000000079e280000, 0x00000007c0000000)
  eden space 97280K, 100% used [0x0000000795580000,0x000000079b480000,0x000000079b480000)
  from space 7680K, 95% used [0x000000079db00000,0x000000079e230108,0x000000079e280000)
  to   space 8704K, 0% used [0x000000079d180000,0x000000079d180000,0x000000079da00000)
 ParOldGen       total 35840K, used 7960K [0x0000000740000000, 0x0000000742300000, 0x0000000795580000)
  object space 35840K, 22% used [0x0000000740000000,0x00000007407c6370,0x0000000742300000)
 Metaspace       used 33801K, capacity 34558K, committed 34944K, reserved 1079296K
  class space    used 4725K, capacity 4991K, committed 4992K, reserved 1048576K
Event: 6.117 GC heap after
Heap after GC invocations=10 (full 1):
 PSYoungGen      total 133120K, used 8676K [0x0000000795580000, 0x000000079e500000, 0x00000007c0000000)
  eden space 124416K, 0% used [0x0000000795580000,0x0000000795580000,0x000000079cf00000)
  from space 8704K, 99% used [0x000000079d180000,0x000000079d9f9120,0x000000079da00000)
  to   space 11264K, 0% used [0x000000079da00000,0x000000079da00000,0x000000079e500000)
 ParOldGen       total 35840K, used 12169K [0x0000000740000000, 0x0000000742300000, 0x0000000795580000)
  object space 35840K, 33% used [0x0000000740000000,0x0000000740be2548,0x0000000742300000)
 Metaspace       used 33801K, capacity 34558K, committed 34944K, reserved 1079296K
  class space    used 4725K, capacity 4991K, committed 4992K, reserved 1048576K
}
Event: 6.169 GC heap before
{Heap before GC invocations=11 (full 1):
 PSYoungGen      total 133120K, used 12909K [0x0000000795580000, 0x000000079e500000, 0x00000007c0000000)
  eden space 124416K, 3% used [0x0000000795580000,0x00000007959a2610,0x000000079cf00000)
  from space 8704K, 99% used [0x000000079d180000,0x000000079d9f9120,0x000000079da00000)
  to   space 11264K, 0% used [0x000000079da00000,0x000000079da00000,0x000000079e500000)
 ParOldGen       total 35840K, used 12169K [0x0000000740000000, 0x0000000742300000, 0x0000000795580000)
  object space 35840K, 33% used [0x0000000740000000,0x0000000740be2548,0x0000000742300000)
 Metaspace       used 34373K, capacity 35102K, committed 35416K, reserved 1079296K
  class space    used 4768K, capacity 5023K, committed 5120K, reserved 1048576K
Event: 6.179 GC heap after
Heap after GC invocations=11 (full 1):
 PSYoungGen      total 135168K, used 7957K [0x0000000795580000, 0x00000007a1a00000, 0x00000007c0000000)
  eden space 123904K, 0% used [0x0000000795580000,0x0000000795580000,0x000000079ce80000)
  from space 11264K, 70% used [0x000000079da00000,0x000000079e1c5750,0x000000079e500000)
  to   space 11776K, 0% used [0x000000079ce80000,0x000000079ce80000,0x000000079da00000)
 ParOldGen       total 35840K, used 12177K [0x0000000740000000, 0x0000000742300000, 0x0000000795580000)
  object space 35840K, 33% used [0x0000000740000000,0x0000000740be4548,0x0000000742300000)
 Metaspace       used 34373K, capacity 35102K, committed 35416K, reserved 1079296K
  class space    used 4768K, capacity 5023K, committed 5120K, reserved 1048576K
}
Event: 6.179 GC heap before
{Heap before GC invocations=12 (full 2):
 PSYoungGen      total 135168K, used 7957K [0x0000000795580000, 0x00000007a1a00000, 0x00000007c0000000)
  eden space 123904K, 0% used [0x0000000795580000,0x0000000795580000,0x000000079ce80000)
  from space 11264K, 70% used [0x000000079da00000,0x000000079e1c5750,0x000000079e500000)
  to   space 11776K, 0% used [0x000000079ce80000,0x000000079ce80000,0x000000079da00000)
 ParOldGen       total 35840K, used 12177K [0x0000000740000000, 0x0000000742300000, 0x0000000795580000)
  object space 35840K, 33% used [0x0000000740000000,0x0000000740be4548,0x0000000742300000)
 Metaspace       used 34373K, capacity 35102K, committed 35416K, reserved 1079296K
  class space    used 4768K, capacity 5023K, committed 5120K, reserved 1048576K
Event: 6.240 GC heap after
Heap after GC invocations=12 (full 2):
 PSYoungGen      total 135168K, used 0K [0x0000000795580000, 0x00000007a1a00000, 0x00000007c0000000)
  eden space 123904K, 0% used [0x0000000795580000,0x0000000795580000,0x000000079ce80000)
  from space 11264K, 0% used [0x000000079da00000,0x000000079da00000,0x000000079e500000)
  to   space 11776K, 0% used [0x000000079ce80000,0x000000079ce80000,0x000000079da00000)
 ParOldGen       total 50688K, used 14762K [0x0000000740000000, 0x0000000743180000, 0x0000000795580000)
  object space 50688K, 29% used [0x0000000740000000,0x0000000740e6aa50,0x0000000743180000)
 Metaspace       used 34373K, capacity 35102K, committed 35416K, reserved 1079296K
  class space    used 4768K, capacity 5023K, committed 5120K, reserved 1048576K
}

