# JRE version: OpenJDK Runtime Environment (8.0_152-b01) (build 1.8.0_152-release-1024-b01)
# Java VM: OpenJDK 64-Bit Server VM (25.152-b01 mixed mode bsd-amd64 compressed oops)
Heap:
 PSYoungGen      total 366080K, used 361717K [0x0000000795580000, 0x00000007b2b00000, 0x00000007c0000000)
  eden space 313344K, 100% used [0x0000000795580000,0x00000007a8780000,0x00000007a8780000)
  from space 52736K, 91% used [0x00000007a8780000,0x00000007ab6bd6e0,0x00000007abb00000)
  to   space 59904K, 99% used [0x00000007af080000,0x00000007b2af8020,0x00000007b2b00000)
 ParOldGen       total 284672K, used 232900K [0x0000000740000000, 0x0000000751600000, 0x0000000795580000)
  object space 284672K, 81% used [0x0000000740000000,0x000000074e371238,0x0000000751600000)
 Metaspace       used 68242K, capacity 71090K, committed 71424K, reserved 1110016K
  class space    used 9239K, capacity 9896K, committed 9984K, reserved 1048576K
GC Heap History (10 events):
Event: 37.857 GC heap after
Heap after GC invocations=24 (full 4):
 PSYoungGen      total 290816K, used 25978K [0x0000000795580000, 0x00000007ac880000, 0x00000007c0000000)
  eden space 259072K, 0% used [0x0000000795580000,0x0000000795580000,0x00000007a5280000)
  from space 31744K, 81% used [0x00000007a8000000,0x00000007a995ea48,0x00000007a9f00000)
  to   space 46592K, 0% used [0x00000007a5280000,0x00000007a5280000,0x00000007a8000000)
 ParOldGen       total 183296K, used 108101K [0x0000000740000000, 0x000000074b300000, 0x0000000795580000)
  object space 183296K, 58% used [0x0000000740000000,0x00000007469916b8,0x000000074b300000)
 Metaspace       used 68073K, capacity 70898K, committed 71168K, reserved 1110016K
  class space    used 9238K, capacity 9896K, committed 9984K, reserved 1048576K
}
Event: 38.708 GC heap before
{Heap before GC invocations=25 (full 4):
 PSYoungGen      total 290816K, used 285050K [0x0000000795580000, 0x00000007ac880000, 0x00000007c0000000)
  eden space 259072K, 100% used [0x0000000795580000,0x00000007a5280000,0x00000007a5280000)
  from space 31744K, 81% used [0x00000007a8000000,0x00000007a995ea48,0x00000007a9f00000)
  to   space 46592K, 0% used [0x00000007a5280000,0x00000007a5280000,0x00000007a8000000)
 ParOldGen       total 183296K, used 108101K [0x0000000740000000, 0x000000074b300000, 0x0000000795580000)
  object space 183296K, 58% used [0x0000000740000000,0x00000007469916b8,0x000000074b300000)
 Metaspace       used 68208K, capacity 71026K, committed 71168K, reserved 1110016K
  class space    used 9238K, capacity 9896K, committed 9984K, reserved 1048576K
Event: 38.819 GC heap after
Heap after GC invocations=25 (full 4):
 PSYoungGen      total 305664K, used 34596K [0x0000000795580000, 0x00000007aec00000, 0x00000007c0000000)
  eden space 259072K, 0% used [0x0000000795580000,0x0000000795580000,0x00000007a5280000)
  from space 46592K, 74% used [0x00000007a5280000,0x00000007a7449328,0x00000007a8000000)
  to   space 50176K, 0% used [0x00000007abb00000,0x00000007abb00000,0x00000007aec00000)
 ParOldGen       total 183296K, used 134165K [0x0000000740000000, 0x000000074b300000, 0x0000000795580000)
  object space 183296K, 73% used [0x0000000740000000,0x00000007483057b8,0x000000074b300000)
 Metaspace       used 68208K, capacity 71026K, committed 71168K, reserved 1110016K
  class space    used 9238K, capacity 9896K, committed 9984K, reserved 1048576K
}
Event: 39.686 GC heap before
{Heap before GC invocations=26 (full 4):
 PSYoungGen      total 305664K, used 293668K [0x0000000795580000, 0x00000007aec00000, 0x00000007c0000000)
  eden space 259072K, 100% used [0x0000000795580000,0x00000007a5280000,0x00000007a5280000)
  from space 46592K, 74% used [0x00000007a5280000,0x00000007a7449328,0x00000007a8000000)
  to   space 50176K, 0% used [0x00000007abb00000,0x00000007abb00000,0x00000007aec00000)
 ParOldGen       total 183296K, used 134165K [0x0000000740000000, 0x000000074b300000, 0x0000000795580000)
  object space 183296K, 73% used [0x0000000740000000,0x00000007483057b8,0x000000074b300000)
 Metaspace       used 68228K, capacity 71090K, committed 71424K, reserved 1110016K
  class space    used 9238K, capacity 9896K, committed 9984K, reserved 1048576K
Event: 39.797 GC heap after
Heap after GC invocations=26 (full 4):
 PSYoungGen      total 363520K, used 35545K [0x0000000795580000, 0x00000007afa80000, 0x00000007c0000000)
  eden space 313344K, 0% used [0x0000000795580000,0x0000000795580000,0x00000007a8780000)
  from space 50176K, 70% used [0x00000007abb00000,0x00000007addb6408,0x00000007aec00000)
  to   space 52736K, 0% used [0x00000007a8780000,0x00000007a8780000,0x00000007abb00000)
 ParOldGen       total 183296K, used 168267K [0x0000000740000000, 0x000000074b300000, 0x0000000795580000)
  object space 183296K, 91% used [0x0000000740000000,0x000000074a452cd8,0x000000074b300000)
 Metaspace       used 68228K, capacity 71090K, committed 71424K, reserved 1110016K
  class space    used 9238K, capacity 9896K, committed 9984K, reserved 1048576K
}
Event: 39.798 GC heap before
{Heap before GC invocations=27 (full 5):
 PSYoungGen      total 363520K, used 35545K [0x0000000795580000, 0x00000007afa80000, 0x00000007c0000000)
  eden space 313344K, 0% used [0x0000000795580000,0x0000000795580000,0x00000007a8780000)
  from space 50176K, 70% used [0x00000007abb00000,0x00000007addb6408,0x00000007aec00000)
  to   space 52736K, 0% used [0x00000007a8780000,0x00000007a8780000,0x00000007abb00000)
 ParOldGen       total 183296K, used 168267K [0x0000000740000000, 0x000000074b300000, 0x0000000795580000)
  object space 183296K, 91% used [0x0000000740000000,0x000000074a452cd8,0x000000074b300000)
 Metaspace       used 68228K, capacity 71090K, committed 71424K, reserved 1110016K
  class space    used 9238K, capacity 9896K, committed 9984K, reserved 1048576K
Event: 40.617 GC heap after
Heap after GC invocations=27 (full 5):
 PSYoungGen      total 363520K, used 14450K [0x0000000795580000, 0x00000007afa80000, 0x00000007c0000000)
  eden space 313344K, 0% used [0x0000000795580000,0x0000000795580000,0x00000007a8780000)
  from space 50176K, 28% used [0x00000007abb00000,0x00000007ac91c8b8,0x00000007aec00000)
  to   space 52736K, 0% used [0x00000007a8780000,0x00000007a8780000,0x00000007abb00000)
 ParOldGen       total 284672K, used 183276K [0x0000000740000000, 0x0000000751600000, 0x0000000795580000)
  object space 284672K, 64% used [0x0000000740000000,0x000000074b2fb2b8,0x0000000751600000)
 Metaspace       used 68228K, capacity 71090K, committed 71424K, reserved 1110016K
  class space    used 9238K, capacity 9896K, committed 9984K, reserved 1048576K
}
Event: 41.534 GC heap before
{Heap before GC invocations=28 (full 5):
 PSYoungGen      total 363520K, used 327794K [0x0000000795580000, 0x00000007afa80000, 0x00000007c0000000)
  eden space 313344K, 100% used [0x0000000795580000,0x00000007a8780000,0x00000007a8780000)
  from space 50176K, 28% used [0x00000007abb00000,0x00000007ac91c8b8,0x00000007aec00000)
  to   space 52736K, 0% used [0x00000007a8780000,0x00000007a8780000,0x00000007abb00000)
 ParOldGen       total 284672K, used 183276K [0x0000000740000000, 0x0000000751600000, 0x0000000795580000)
  object space 284672K, 64% used [0x0000000740000000,0x000000074b2fb2b8,0x0000000751600000)
 Metaspace       used 68237K, capacity 71090K, committed 71424K, reserved 1110016K
  class space    used 9239K, capacity 9896K, committed 9984K, reserved 1048576K
Event: 41.658 GC heap after
Heap after GC invocations=28 (full 5):
 PSYoungGen      total 366080K, used 48373K [0x0000000795580000, 0x00000007b2b00000, 0x00000007c0000000)
  eden space 313344K, 0% used [0x0000000795580000,0x0000000795580000,0x00000007a8780000)
  from space 52736K, 91% used [0x00000007a8780000,0x00000007ab6bd6e0,0x00000007abb00000)
  to   space 59904K, 0% used [0x00000007af080000,0x00000007af080000,0x00000007b2b00000)
 ParOldGen       total 284672K, used 197809K [0x0000000740000000, 0x0000000751600000, 0x0000000795580000)
  object space 284672K, 69% used [0x0000000740000000,0x000000074c12c430,0x0000000751600000)
 Metaspace       used 68237K, capacity 71090K, committed 71424K, reserved 1110016K
  class space    used 9239K, capacity 9896K, committed 9984K, reserved 1048576K
}
Event: 42.671 GC heap before
{Heap before GC invocations=29 (full 5):
 PSYoungGen      total 366080K, used 361717K [0x0000000795580000, 0x00000007b2b00000, 0x00000007c0000000)
  eden space 313344K, 100% used [0x0000000795580000,0x00000007a8780000,0x00000007a8780000)
  from space 52736K, 91% used [0x00000007a8780000,0x00000007ab6bd6e0,0x00000007abb00000)
  to   space 59904K, 0% used [0x00000007af080000,0x00000007af080000,0x00000007b2b00000)
 ParOldGen       total 284672K, used 197809K [0x0000000740000000, 0x0000000751600000, 0x0000000795580000)
  object space 284672K, 69% used [0x0000000740000000,0x000000074c12c430,0x0000000751600000)
 Metaspace       used 68242K, capacity 71090K, committed 71424K, reserved 1110016K
  class space    used 9239K, capacity 9896K, committed 9984K, reserved 1048576K

