# JRE version: OpenJDK Runtime Environment (8.0_152-b01) (build 1.8.0_152-release-1024-b01)
# Java VM: OpenJDK 64-Bit Server VM (25.152-b01 mixed mode bsd-amd64 compressed oops)
Heap:
 PSYoungGen      total 466432K, used 123908K [0x0000000795580000, 0x00000007c0000000, 0x00000007c0000000)
  eden space 233472K, 0% used [0x0000000795580000,0x0000000795580000,0x00000007a3980000)
  from space 232960K, 53% used [0x00000007b1c80000,0x00000007b95812b0,0x00000007c0000000)
  to   space 232448K, 0% used [0x00000007a3980000,0x00000007a3980000,0x00000007b1c80000)
 ParOldGen       total 1065984K, used 992132K [0x0000000740000000, 0x0000000781100000, 0x0000000795580000)
  object space 1065984K, 93% used [0x0000000740000000,0x000000077c8e1150,0x0000000781100000)
 Metaspace       used 68260K, capacity 71118K, committed 71424K, reserved 1110016K
  class space    used 9227K, capacity 9926K, committed 9984K, reserved 1048576K
GC Heap History (10 events):
Event: 56.971 GC heap after
Heap after GC invocations=47 (full 9):
 PSYoungGen      total 514560K, used 117173K [0x0000000795580000, 0x00000007c0000000, 0x00000007c0000000)
  eden space 340480K, 0% used [0x0000000795580000,0x0000000795580000,0x00000007aa200000)
  from space 174080K, 67% used [0x00000007b5600000,0x00000007bc86d4a8,0x00000007c0000000)
  to   space 179200K, 0% used [0x00000007aa200000,0x00000007aa200000,0x00000007b5100000)
 ParOldGen       total 1065984K, used 831971K [0x0000000740000000, 0x0000000781100000, 0x0000000795580000)
  object space 1065984K, 78% used [0x0000000740000000,0x0000000772c78ff8,0x0000000781100000)
 Metaspace       used 68223K, capacity 71054K, committed 71168K, reserved 1110016K
  class space    used 9225K, capacity 9926K, committed 9984K, reserved 1048576K
}
Event: 57.682 GC heap before
{Heap before GC invocations=48 (full 9):
 PSYoungGen      total 514560K, used 457653K [0x0000000795580000, 0x00000007c0000000, 0x00000007c0000000)
  eden space 340480K, 100% used [0x0000000795580000,0x00000007aa200000,0x00000007aa200000)
  from space 174080K, 67% used [0x00000007b5600000,0x00000007bc86d4a8,0x00000007c0000000)
  to   space 179200K, 0% used [0x00000007aa200000,0x00000007aa200000,0x00000007b5100000)
 ParOldGen       total 1065984K, used 831971K [0x0000000740000000, 0x0000000781100000, 0x0000000795580000)
  object space 1065984K, 78% used [0x0000000740000000,0x0000000772c78ff8,0x0000000781100000)
 Metaspace       used 68223K, capacity 71054K, committed 71168K, reserved 1110016K
  class space    used 9225K, capacity 9926K, committed 9984K, reserved 1048576K
Event: 58.133 GC heap after
Heap after GC invocations=48 (full 9):
 PSYoungGen      total 498688K, used 157814K [0x0000000795580000, 0x00000007c0000000, 0x00000007c0000000)
  eden space 340480K, 0% used [0x0000000795580000,0x0000000795580000,0x00000007aa200000)
  from space 158208K, 99% used [0x00000007aa200000,0x00000007b3c1dae8,0x00000007b3c80000)
  to   space 198144K, 0% used [0x00000007b3e80000,0x00000007b3e80000,0x00000007c0000000)
 ParOldGen       total 1065984K, used 831971K [0x0000000740000000, 0x0000000781100000, 0x0000000795580000)
  object space 1065984K, 78% used [0x0000000740000000,0x0000000772c78ff8,0x0000000781100000)
 Metaspace       used 68223K, capacity 71054K, committed 71168K, reserved 1110016K
  class space    used 9225K, capacity 9926K, committed 9984K, reserved 1048576K
}
Event: 58.821 GC heap before
{Heap before GC invocations=49 (full 9):
 PSYoungGen      total 498688K, used 498294K [0x0000000795580000, 0x00000007c0000000, 0x00000007c0000000)
  eden space 340480K, 100% used [0x0000000795580000,0x00000007aa200000,0x00000007aa200000)
  from space 158208K, 99% used [0x00000007aa200000,0x00000007b3c1dae8,0x00000007b3c80000)
  to   space 198144K, 0% used [0x00000007b3e80000,0x00000007b3e80000,0x00000007c0000000)
 ParOldGen       total 1065984K, used 831971K [0x0000000740000000, 0x0000000781100000, 0x0000000795580000)
  object space 1065984K, 78% used [0x0000000740000000,0x0000000772c78ff8,0x0000000781100000)
 Metaspace       used 68226K, capacity 71054K, committed 71168K, reserved 1110016K
  class space    used 9225K, capacity 9926K, committed 9984K, reserved 1048576K
Event: 59.194 GC heap after
Heap after GC invocations=49 (full 9):
 PSYoungGen      total 439296K, used 198138K [0x0000000795580000, 0x00000007c0000000, 0x00000007c0000000)
  eden space 241152K, 0% used [0x0000000795580000,0x0000000795580000,0x00000007a4100000)
  from space 198144K, 99% used [0x00000007b3e80000,0x00000007bfffe900,0x00000007c0000000)
  to   space 228864K, 0% used [0x00000007a4100000,0x00000007a4100000,0x00000007b2080000)
 ParOldGen       total 1065984K, used 835213K [0x0000000740000000, 0x0000000781100000, 0x0000000795580000)
  object space 1065984K, 78% used [0x0000000740000000,0x0000000772fa3480,0x0000000781100000)
 Metaspace       used 68226K, capacity 71054K, committed 71168K, reserved 1110016K
  class space    used 9225K, capacity 9926K, committed 9984K, reserved 1048576K
}
Event: 59.934 GC heap before
{Heap before GC invocations=50 (full 9):
 PSYoungGen      total 439296K, used 439290K [0x0000000795580000, 0x00000007c0000000, 0x00000007c0000000)
  eden space 241152K, 100% used [0x0000000795580000,0x00000007a4100000,0x00000007a4100000)
  from space 198144K, 99% used [0x00000007b3e80000,0x00000007bfffe900,0x00000007c0000000)
  to   space 228864K, 0% used [0x00000007a4100000,0x00000007a4100000,0x00000007b2080000)
 ParOldGen       total 1065984K, used 835213K [0x0000000740000000, 0x0000000781100000, 0x0000000795580000)
  object space 1065984K, 78% used [0x0000000740000000,0x0000000772fa3480,0x0000000781100000)
 Metaspace       used 68241K, capacity 71054K, committed 71168K, reserved 1110016K
  class space    used 9226K, capacity 9926K, committed 9984K, reserved 1048576K
Event: 60.368 GC heap after
Heap after GC invocations=50 (full 9):
 PSYoungGen      total 404480K, used 163147K [0x0000000795580000, 0x00000007c0000000, 0x00000007c0000000)
  eden space 241152K, 0% used [0x0000000795580000,0x0000000795580000,0x00000007a4100000)
  from space 163328K, 99% used [0x00000007a4100000,0x00000007ae052d98,0x00000007ae080000)
  to   space 232960K, 0% used [0x00000007b1c80000,0x00000007b1c80000,0x00000007c0000000)
 ParOldGen       total 1065984K, used 909878K [0x0000000740000000, 0x0000000781100000, 0x0000000795580000)
  object space 1065984K, 85% used [0x0000000740000000,0x000000077788d840,0x0000000781100000)
 Metaspace       used 68241K, capacity 71054K, committed 71168K, reserved 1110016K
  class space    used 9226K, capacity 9926K, committed 9984K, reserved 1048576K
}
Event: 61.101 GC heap before
{Heap before GC invocations=51 (full 9):
 PSYoungGen      total 404480K, used 404299K [0x0000000795580000, 0x00000007c0000000, 0x00000007c0000000)
  eden space 241152K, 100% used [0x0000000795580000,0x00000007a4100000,0x00000007a4100000)
  from space 163328K, 99% used [0x00000007a4100000,0x00000007ae052d98,0x00000007ae080000)
  to   space 232960K, 0% used [0x00000007b1c80000,0x00000007b1c80000,0x00000007c0000000)
 ParOldGen       total 1065984K, used 909878K [0x0000000740000000, 0x0000000781100000, 0x0000000795580000)
  object space 1065984K, 85% used [0x0000000740000000,0x000000077788d840,0x0000000781100000)
 Metaspace       used 68260K, capacity 71118K, committed 71424K, reserved 1110016K
  class space    used 9227K, capacity 9926K, committed 9984K, reserved 1048576K
Event: 61.462 GC heap after
Heap after GC invocations=51 (full 9):
 PSYoungGen      total 466432K, used 123908K [0x0000000795580000, 0x00000007c0000000, 0x00000007c0000000)
  eden space 233472K, 0% used [0x0000000795580000,0x0000000795580000,0x00000007a3980000)
  from space 232960K, 53% used [0x00000007b1c80000,0x00000007b95812b0,0x00000007c0000000)
  to   space 232448K, 0% used [0x00000007a3980000,0x00000007a3980000,0x00000007b1c80000)
 ParOldGen       total 1065984K, used 992132K [0x0000000740000000, 0x0000000781100000, 0x0000000795580000)
  object space 1065984K, 93% used [0x0000000740000000,0x000000077c8e1150,0x0000000781100000)
 Metaspace       used 68260K, capacity 71118K, committed 71424K, reserved 1110016K
  class space    used 9227K, capacity 9926K, committed 9984K, reserved 1048576K
}
Event: 61.462 GC heap before
{Heap before GC invocations=52 (full 10):
 PSYoungGen      total 466432K, used 123908K [0x0000000795580000, 0x00000007c0000000, 0x00000007c0000000)
  eden space 233472K, 0% used [0x0000000795580000,0x0000000795580000,0x00000007a3980000)
  from space 232960K, 53% used [0x00000007b1c80000,0x00000007b95812b0,0x00000007c0000000)
  to   space 232448K, 0% used [0x00000007a3980000,0x00000007a3980000,0x00000007b1c80000)
 ParOldGen       total 1065984K, used 992132K [0x0000000740000000, 0x0000000781100000, 0x0000000795580000)
  object space 1065984K, 93% used [0x0000000740000000,0x000000077c8e1150,0x0000000781100000)
 Metaspace       used 68260K, capacity 71118K, committed 71424K, reserved 1110016K
  class space    used 9227K, capacity 9926K, committed 9984K, reserved 1048576K

