# JRE version: OpenJDK Runtime Environment (8.0_152-b01) (build 1.8.0_152-release-1024-b01)
# Java VM: OpenJDK 64-Bit Server VM (25.152-b01 mixed mode bsd-amd64 compressed oops)
Heap:
 PSYoungGen      total 353792K, used 118729K [0x0000000795580000, 0x00000007bf180000, 0x00000007c0000000)
  eden space 235008K, 0% used [0x0000000795580000,0x0000000795580000,0x00000007a3b00000)
  from space 118784K, 99% used [0x00000007a3b00000,0x00000007aaef2600,0x00000007aaf00000)
  to   space 221184K, 0% used [0x00000007b1980000,0x00000007b1980000,0x00000007bf180000)
 ParOldGen       total 1247232K, used 1183075K [0x0000000740000000, 0x000000078c200000, 0x0000000795580000)
  object space 1247232K, 94% used [0x0000000740000000,0x0000000788358cd0,0x000000078c200000)
 Metaspace       used 70829K, capacity 73650K, committed 73984K, reserved 1114112K
  class space    used 9574K, capacity 10227K, committed 10240K, reserved 1048576K
GC Heap History (10 events):
Event: 110.315 GC heap after
Heap after GC invocations=53 (full 10):
 PSYoungGen      total 462848K, used 79562K [0x0000000795580000, 0x00000007bf400000, 0x00000007c0000000)
  eden space 232960K, 0% used [0x0000000795580000,0x0000000795580000,0x00000007a3900000)
  from space 229888K, 34% used [0x00000007a3900000,0x00000007a86b2990,0x00000007b1980000)
  to   space 222208K, 0% used [0x00000007b1b00000,0x00000007b1b00000,0x00000007bf400000)
 ParOldGen       total 1247232K, used 1063875K [0x0000000740000000, 0x000000078c200000, 0x0000000795580000)
  object space 1247232K, 85% used [0x0000000740000000,0x0000000780ef0f18,0x000000078c200000)
 Metaspace       used 70811K, capacity 73586K, committed 73728K, reserved 1112064K
  class space    used 9573K, capacity 10227K, committed 10240K, reserved 1048576K
}
Event: 110.857 GC heap before
{Heap before GC invocations=54 (full 10):
 PSYoungGen      total 462848K, used 312522K [0x0000000795580000, 0x00000007bf400000, 0x00000007c0000000)
  eden space 232960K, 100% used [0x0000000795580000,0x00000007a3900000,0x00000007a3900000)
  from space 229888K, 34% used [0x00000007a3900000,0x00000007a86b2990,0x00000007b1980000)
  to   space 222208K, 0% used [0x00000007b1b00000,0x00000007b1b00000,0x00000007bf400000)
 ParOldGen       total 1247232K, used 1063875K [0x0000000740000000, 0x000000078c200000, 0x0000000795580000)
  object space 1247232K, 85% used [0x0000000740000000,0x0000000780ef0f18,0x000000078c200000)
 Metaspace       used 70818K, capacity 73650K, committed 73984K, reserved 1114112K
  class space    used 9574K, capacity 10227K, committed 10240K, reserved 1048576K
Event: 111.137 GC heap after
Heap after GC invocations=54 (full 10):
 PSYoungGen      total 461312K, used 119355K [0x0000000795580000, 0x00000007bec80000, 0x00000007c0000000)
  eden space 246784K, 0% used [0x0000000795580000,0x0000000795580000,0x00000007a4680000)
  from space 214528K, 55% used [0x00000007b1b00000,0x00000007b8f8ee40,0x00000007bec80000)
  to   space 216064K, 0% used [0x00000007a4680000,0x00000007a4680000,0x00000007b1980000)
 ParOldGen       total 1247232K, used 1063875K [0x0000000740000000, 0x000000078c200000, 0x0000000795580000)
  object space 1247232K, 85% used [0x0000000740000000,0x0000000780ef0f18,0x000000078c200000)
 Metaspace       used 70818K, capacity 73650K, committed 73984K, reserved 1114112K
  class space    used 9574K, capacity 10227K, committed 10240K, reserved 1048576K
}
Event: 111.723 GC heap before
{Heap before GC invocations=55 (full 10):
 PSYoungGen      total 461312K, used 366139K [0x0000000795580000, 0x00000007bec80000, 0x00000007c0000000)
  eden space 246784K, 100% used [0x0000000795580000,0x00000007a4680000,0x00000007a4680000)
  from space 214528K, 55% used [0x00000007b1b00000,0x00000007b8f8ee40,0x00000007bec80000)
  to   space 216064K, 0% used [0x00000007a4680000,0x00000007a4680000,0x00000007b1980000)
 ParOldGen       total 1247232K, used 1063875K [0x0000000740000000, 0x000000078c200000, 0x0000000795580000)
  object space 1247232K, 85% used [0x0000000740000000,0x0000000780ef0f18,0x000000078c200000)
 Metaspace       used 70820K, capacity 73650K, committed 73984K, reserved 1114112K
  class space    used 9574K, capacity 10227K, committed 10240K, reserved 1048576K
Event: 112.163 GC heap after
Heap after GC invocations=55 (full 10):
 PSYoungGen      total 462848K, used 160511K [0x0000000795580000, 0x00000007c0000000, 0x00000007c0000000)
  eden space 246784K, 0% used [0x0000000795580000,0x0000000795580000,0x00000007a4680000)
  from space 216064K, 74% used [0x00000007a4680000,0x00000007ae33fc48,0x00000007b1980000)
  to   space 225280K, 0% used [0x00000007b2400000,0x00000007b2400000,0x00000007c0000000)
 ParOldGen       total 1247232K, used 1063875K [0x0000000740000000, 0x000000078c200000, 0x0000000795580000)
  object space 1247232K, 85% used [0x0000000740000000,0x0000000780ef0f18,0x000000078c200000)
 Metaspace       used 70820K, capacity 73650K, committed 73984K, reserved 1114112K
  class space    used 9574K, capacity 10227K, committed 10240K, reserved 1048576K
}
Event: 112.744 GC heap before
{Heap before GC invocations=56 (full 10):
 PSYoungGen      total 462848K, used 407295K [0x0000000795580000, 0x00000007c0000000, 0x00000007c0000000)
  eden space 246784K, 100% used [0x0000000795580000,0x00000007a4680000,0x00000007a4680000)
  from space 216064K, 74% used [0x00000007a4680000,0x00000007ae33fc48,0x00000007b1980000)
  to   space 225280K, 0% used [0x00000007b2400000,0x00000007b2400000,0x00000007c0000000)
 ParOldGen       total 1247232K, used 1063875K [0x0000000740000000, 0x000000078c200000, 0x0000000795580000)
  object space 1247232K, 85% used [0x0000000740000000,0x0000000780ef0f18,0x000000078c200000)
 Metaspace       used 70823K, capacity 73650K, committed 73984K, reserved 1114112K
  class space    used 9574K, capacity 10227K, committed 10240K, reserved 1048576K
Event: 113.188 GC heap after
Heap after GC invocations=56 (full 10):
 PSYoungGen      total 460288K, used 160147K [0x0000000795580000, 0x00000007c0000000, 0x00000007c0000000)
  eden space 235008K, 0% used [0x0000000795580000,0x0000000795580000,0x00000007a3b00000)
  from space 225280K, 71% used [0x00000007b2400000,0x00000007bc064ef0,0x00000007c0000000)
  to   space 231936K, 0% used [0x00000007a3b00000,0x00000007a3b00000,0x00000007b1d80000)
 ParOldGen       total 1247232K, used 1104733K [0x0000000740000000, 0x000000078c200000, 0x0000000795580000)
  object space 1247232K, 88% used [0x0000000740000000,0x00000007836d7638,0x000000078c200000)
 Metaspace       used 70823K, capacity 73650K, committed 73984K, reserved 1114112K
  class space    used 9574K, capacity 10227K, committed 10240K, reserved 1048576K
}
Event: 113.750 GC heap before
{Heap before GC invocations=57 (full 10):
 PSYoungGen      total 460288K, used 395155K [0x0000000795580000, 0x00000007c0000000, 0x00000007c0000000)
  eden space 235008K, 100% used [0x0000000795580000,0x00000007a3b00000,0x00000007a3b00000)
  from space 225280K, 71% used [0x00000007b2400000,0x00000007bc064ef0,0x00000007c0000000)
  to   space 231936K, 0% used [0x00000007a3b00000,0x00000007a3b00000,0x00000007b1d80000)
 ParOldGen       total 1247232K, used 1104733K [0x0000000740000000, 0x000000078c200000, 0x0000000795580000)
  object space 1247232K, 88% used [0x0000000740000000,0x00000007836d7638,0x000000078c200000)
 Metaspace       used 70829K, capacity 73650K, committed 73984K, reserved 1114112K
  class space    used 9574K, capacity 10227K, committed 10240K, reserved 1048576K
Event: 114.116 GC heap after
Heap after GC invocations=57 (full 10):
 PSYoungGen      total 353792K, used 118729K [0x0000000795580000, 0x00000007bf180000, 0x00000007c0000000)
  eden space 235008K, 0% used [0x0000000795580000,0x0000000795580000,0x00000007a3b00000)
  from space 118784K, 99% used [0x00000007a3b00000,0x00000007aaef2600,0x00000007aaf00000)
  to   space 221184K, 0% used [0x00000007b1980000,0x00000007b1980000,0x00000007bf180000)
 ParOldGen       total 1247232K, used 1183075K [0x0000000740000000, 0x000000078c200000, 0x0000000795580000)
  object space 1247232K, 94% used [0x0000000740000000,0x0000000788358cd0,0x000000078c200000)
 Metaspace       used 70829K, capacity 73650K, committed 73984K, reserved 1114112K
  class space    used 9574K, capacity 10227K, committed 10240K, reserved 1048576K
}
Event: 114.116 GC heap before
{Heap before GC invocations=58 (full 11):
 PSYoungGen      total 353792K, used 118729K [0x0000000795580000, 0x00000007bf180000, 0x00000007c0000000)
  eden space 235008K, 0% used [0x0000000795580000,0x0000000795580000,0x00000007a3b00000)
  from space 118784K, 99% used [0x00000007a3b00000,0x00000007aaef2600,0x00000007aaf00000)
  to   space 221184K, 0% used [0x00000007b1980000,0x00000007b1980000,0x00000007bf180000)
 ParOldGen       total 1247232K, used 1183075K [0x0000000740000000, 0x000000078c200000, 0x0000000795580000)
  object space 1247232K, 94% used [0x0000000740000000,0x0000000788358cd0,0x000000078c200000)
 Metaspace       used 70829K, capacity 73650K, committed 73984K, reserved 1114112K
  class space    used 9574K, capacity 10227K, committed 10240K, reserved 1048576K

