# JRE version: OpenJDK Runtime Environment (8.0_152-b01) (build 1.8.0_152-release-1024-b01)
# Java VM: OpenJDK 64-Bit Server VM (25.152-b01 mixed mode bsd-amd64 compressed oops)
Heap:
 PSYoungGen      total 506368K, used 71195K [0x0000000795580000, 0x00000007c0000000, 0x00000007c0000000)
  eden space 313856K, 0% used [0x0000000795580000,0x0000000795580000,0x00000007a8800000)
  from space 192512K, 36% used [0x00000007a8800000,0x00000007acd86e10,0x00000007b4400000)
  to   space 181248K, 0% used [0x00000007b4f00000,0x00000007b4f00000,0x00000007c0000000)
 ParOldGen       total 734720K, used 702105K [0x0000000740000000, 0x000000076cd80000, 0x0000000795580000)
  object space 734720K, 95% used [0x0000000740000000,0x000000076ada64a8,0x000000076cd80000)
 Metaspace       used 70260K, capacity 73140K, committed 73344K, reserved 1112064K
  class space    used 9351K, capacity 10053K, committed 10112K, reserved 1048576K
GC Heap History (10 events):
Event: 154.977 GC heap after
Heap after GC invocations=33 (full 7):
 PSYoungGen      total 549888K, used 65113K [0x0000000795580000, 0x00000007c0000000, 0x00000007c0000000)
  eden space 432640K, 0% used [0x0000000795580000,0x0000000795580000,0x00000007afc00000)
  from space 117248K, 55% used [0x00000007b8d80000,0x00000007bcd16470,0x00000007c0000000)
  to   space 133120K, 0% used [0x00000007afc00000,0x00000007afc00000,0x00000007b7e00000)
 ParOldGen       total 529920K, used 529786K [0x0000000740000000, 0x0000000760580000, 0x0000000795580000)
  object space 529920K, 99% used [0x0000000740000000,0x000000076055ea78,0x0000000760580000)
 Metaspace       used 70245K, capacity 73076K, committed 73344K, reserved 1112064K
  class space    used 9350K, capacity 10053K, committed 10112K, reserved 1048576K
}
Event: 154.978 GC heap before
{Heap before GC invocations=34 (full 8):
 PSYoungGen      total 549888K, used 65113K [0x0000000795580000, 0x00000007c0000000, 0x00000007c0000000)
  eden space 432640K, 0% used [0x0000000795580000,0x0000000795580000,0x00000007afc00000)
  from space 117248K, 55% used [0x00000007b8d80000,0x00000007bcd16470,0x00000007c0000000)
  to   space 133120K, 0% used [0x00000007afc00000,0x00000007afc00000,0x00000007b7e00000)
 ParOldGen       total 529920K, used 529786K [0x0000000740000000, 0x0000000760580000, 0x0000000795580000)
  object space 529920K, 99% used [0x0000000740000000,0x000000076055ea78,0x0000000760580000)
 Metaspace       used 70245K, capacity 73076K, committed 73344K, reserved 1112064K
  class space    used 9350K, capacity 10053K, committed 10112K, reserved 1048576K
Event: 158.109 GC heap after
Heap after GC invocations=34 (full 8):
 PSYoungGen      total 549888K, used 62339K [0x0000000795580000, 0x00000007c0000000, 0x00000007c0000000)
  eden space 432640K, 0% used [0x0000000795580000,0x0000000795580000,0x00000007afc00000)
  from space 117248K, 53% used [0x00000007b8d80000,0x00000007bca60e40,0x00000007c0000000)
  to   space 133120K, 0% used [0x00000007afc00000,0x00000007afc00000,0x00000007b7e00000)
 ParOldGen       total 734720K, used 529849K [0x0000000740000000, 0x000000076cd80000, 0x0000000795580000)
  object space 734720K, 72% used [0x0000000740000000,0x000000076056e6e8,0x000000076cd80000)
 Metaspace       used 70245K, capacity 73076K, committed 73344K, reserved 1112064K
  class space    used 9350K, capacity 10053K, committed 10112K, reserved 1048576K
}
Event: 159.707 GC heap before
{Heap before GC invocations=35 (full 8):
 PSYoungGen      total 549888K, used 494979K [0x0000000795580000, 0x00000007c0000000, 0x00000007c0000000)
  eden space 432640K, 100% used [0x0000000795580000,0x00000007afc00000,0x00000007afc00000)
  from space 117248K, 53% used [0x00000007b8d80000,0x00000007bca60e40,0x00000007c0000000)
  to   space 133120K, 0% used [0x00000007afc00000,0x00000007afc00000,0x00000007b7e00000)
 ParOldGen       total 734720K, used 529849K [0x0000000740000000, 0x000000076cd80000, 0x0000000795580000)
  object space 734720K, 72% used [0x0000000740000000,0x000000076056e6e8,0x000000076cd80000)
 Metaspace       used 70248K, capacity 73076K, committed 73344K, reserved 1112064K
  class space    used 9350K, capacity 10053K, committed 10112K, reserved 1048576K
Event: 160.485 GC heap after
Heap after GC invocations=35 (full 8):
 PSYoungGen      total 560640K, used 127868K [0x0000000795580000, 0x00000007c0000000, 0x00000007c0000000)
  eden space 432640K, 0% used [0x0000000795580000,0x0000000795580000,0x00000007afc00000)
  from space 128000K, 99% used [0x00000007afc00000,0x00000007b78df150,0x00000007b7900000)
  to   space 138240K, 0% used [0x00000007b7900000,0x00000007b7900000,0x00000007c0000000)
 ParOldGen       total 734720K, used 529849K [0x0000000740000000, 0x000000076cd80000, 0x0000000795580000)
  object space 734720K, 72% used [0x0000000740000000,0x000000076056e6e8,0x000000076cd80000)
 Metaspace       used 70248K, capacity 73076K, committed 73344K, reserved 1112064K
  class space    used 9350K, capacity 10053K, committed 10112K, reserved 1048576K
}
Event: 161.850 GC heap before
{Heap before GC invocations=36 (full 8):
 PSYoungGen      total 560640K, used 560508K [0x0000000795580000, 0x00000007c0000000, 0x00000007c0000000)
  eden space 432640K, 100% used [0x0000000795580000,0x00000007afc00000,0x00000007afc00000)
  from space 128000K, 99% used [0x00000007afc00000,0x00000007b78df150,0x00000007b7900000)
  to   space 138240K, 0% used [0x00000007b7900000,0x00000007b7900000,0x00000007c0000000)
 ParOldGen       total 734720K, used 529849K [0x0000000740000000, 0x000000076cd80000, 0x0000000795580000)
  object space 734720K, 72% used [0x0000000740000000,0x000000076056e6e8,0x000000076cd80000)
 Metaspace       used 70255K, capacity 73140K, committed 73344K, reserved 1112064K
  class space    used 9350K, capacity 10053K, committed 10112K, reserved 1048576K
Event: 162.412 GC heap after
Heap after GC invocations=36 (full 8):
 PSYoungGen      total 452096K, used 138212K [0x0000000795580000, 0x00000007c0000000, 0x00000007c0000000)
  eden space 313856K, 0% used [0x0000000795580000,0x0000000795580000,0x00000007a8800000)
  from space 138240K, 99% used [0x00000007b7900000,0x00000007bfff9278,0x00000007c0000000)
  to   space 192512K, 0% used [0x00000007a8800000,0x00000007a8800000,0x00000007b4400000)
 ParOldGen       total 734720K, used 584141K [0x0000000740000000, 0x000000076cd80000, 0x0000000795580000)
  object space 734720K, 79% used [0x0000000740000000,0x0000000763a734e8,0x000000076cd80000)
 Metaspace       used 70255K, capacity 73140K, committed 73344K, reserved 1112064K
  class space    used 9350K, capacity 10053K, committed 10112K, reserved 1048576K
}
Event: 163.528 GC heap before
{Heap before GC invocations=37 (full 8):
 PSYoungGen      total 452096K, used 452068K [0x0000000795580000, 0x00000007c0000000, 0x00000007c0000000)
  eden space 313856K, 100% used [0x0000000795580000,0x00000007a8800000,0x00000007a8800000)
  from space 138240K, 99% used [0x00000007b7900000,0x00000007bfff9278,0x00000007c0000000)
  to   space 192512K, 0% used [0x00000007a8800000,0x00000007a8800000,0x00000007b4400000)
 ParOldGen       total 734720K, used 584141K [0x0000000740000000, 0x000000076cd80000, 0x0000000795580000)
  object space 734720K, 79% used [0x0000000740000000,0x0000000763a734e8,0x000000076cd80000)
 Metaspace       used 70260K, capacity 73140K, committed 73344K, reserved 1112064K
  class space    used 9351K, capacity 10053K, committed 10112K, reserved 1048576K
Event: 164.297 GC heap after
Heap after GC invocations=37 (full 8):
 PSYoungGen      total 506368K, used 71195K [0x0000000795580000, 0x00000007c0000000, 0x00000007c0000000)
  eden space 313856K, 0% used [0x0000000795580000,0x0000000795580000,0x00000007a8800000)
  from space 192512K, 36% used [0x00000007a8800000,0x00000007acd86e10,0x00000007b4400000)
  to   space 181248K, 0% used [0x00000007b4f00000,0x00000007b4f00000,0x00000007c0000000)
 ParOldGen       total 734720K, used 702105K [0x0000000740000000, 0x000000076cd80000, 0x0000000795580000)
  object space 734720K, 95% used [0x0000000740000000,0x000000076ada64a8,0x000000076cd80000)
 Metaspace       used 70260K, capacity 73140K, committed 73344K, reserved 1112064K
  class space    used 9351K, capacity 10053K, committed 10112K, reserved 1048576K
}
Event: 164.297 GC heap before
{Heap before GC invocations=38 (full 9):
 PSYoungGen      total 506368K, used 71195K [0x0000000795580000, 0x00000007c0000000, 0x00000007c0000000)
  eden space 313856K, 0% used [0x0000000795580000,0x0000000795580000,0x00000007a8800000)
  from space 192512K, 36% used [0x00000007a8800000,0x00000007acd86e10,0x00000007b4400000)
  to   space 181248K, 0% used [0x00000007b4f00000,0x00000007b4f00000,0x00000007c0000000)
 ParOldGen       total 734720K, used 702105K [0x0000000740000000, 0x000000076cd80000, 0x0000000795580000)
  object space 734720K, 95% used [0x0000000740000000,0x000000076ada64a8,0x000000076cd80000)
 Metaspace       used 70260K, capacity 73140K, committed 73344K, reserved 1112064K
  class space    used 9351K, capacity 10053K, committed 10112K, reserved 1048576K

