# JRE version: OpenJDK Runtime Environment (8.0_152-b01) (build 1.8.0_152-release-1024-b01)
# Java VM: OpenJDK 64-Bit Server VM (25.152-b01 mixed mode bsd-amd64 compressed oops)
Heap:
 PSYoungGen      total 94208K, used 92817K [0x0000000795580000, 0x000000079dc80000, 0x00000007c0000000)
  eden space 77312K, 100% used [0x0000000795580000,0x000000079a100000,0x000000079a100000)
  from space 16896K, 91% used [0x000000079a100000,0x000000079b0247f0,0x000000079b180000)
  to   space 18944K, 73% used [0x000000079ca00000,0x000000079d79eb38,0x000000079dc80000)
 ParOldGen       total 67584K, used 43173K [0x0000000740000000, 0x0000000744200000, 0x0000000795580000)
  object space 67584K, 63% used [0x0000000740000000,0x0000000742a29668,0x0000000744200000)
 Metaspace       used 53725K, capacity 54693K, committed 55040K, reserved 1097728K
  class space    used 6562K, capacity 6834K, committed 6912K, reserved 1048576K
GC Heap History (10 events):
Event: 9.931 GC heap after
Heap after GC invocations=14 (full 2):
 PSYoungGen      total 70656K, used 10360K [0x0000000795580000, 0x000000079ab00000, 0x00000007c0000000)
  eden space 59904K, 0% used [0x0000000795580000,0x0000000795580000,0x0000000799000000)
  from space 10752K, 96% used [0x0000000799c00000,0x000000079a61e0d8,0x000000079a680000)
  to   space 12288K, 0% used [0x0000000799000000,0x0000000799000000,0x0000000799c00000)
 ParOldGen       total 39424K, used 17138K [0x0000000740000000, 0x0000000742680000, 0x0000000795580000)
  object space 39424K, 43% used [0x0000000740000000,0x00000007410bca90,0x0000000742680000)
 Metaspace       used 32161K, capacity 32669K, committed 33024K, reserved 1077248K
  class space    used 4133K, capacity 4266K, committed 4352K, reserved 1048576K
}
Event: 10.306 GC heap before
{Heap before GC invocations=15 (full 2):
 PSYoungGen      total 70656K, used 28251K [0x0000000795580000, 0x000000079ab00000, 0x00000007c0000000)
  eden space 59904K, 29% used [0x0000000795580000,0x00000007966f8c10,0x0000000799000000)
  from space 10752K, 96% used [0x0000000799c00000,0x000000079a61e0d8,0x000000079a680000)
  to   space 12288K, 0% used [0x0000000799000000,0x0000000799000000,0x0000000799c00000)
 ParOldGen       total 39424K, used 17138K [0x0000000740000000, 0x0000000742680000, 0x0000000795580000)
  object space 39424K, 43% used [0x0000000740000000,0x00000007410bca90,0x0000000742680000)
 Metaspace       used 34728K, capacity 35197K, committed 35496K, reserved 1081344K
  class space    used 4397K, capacity 4528K, committed 4608K, reserved 1048576K
Event: 10.317 GC heap after
Heap after GC invocations=15 (full 2):
 PSYoungGen      total 72192K, used 11644K [0x0000000795580000, 0x000000079bf00000, 0x00000007c0000000)
  eden space 59904K, 0% used [0x0000000795580000,0x0000000795580000,0x0000000799000000)
  from space 12288K, 94% used [0x0000000799000000,0x0000000799b5f278,0x0000000799c00000)
  to   space 13824K, 0% used [0x000000079b180000,0x000000079b180000,0x000000079bf00000)
 ParOldGen       total 39424K, used 17166K [0x0000000740000000, 0x0000000742680000, 0x0000000795580000)
  object space 39424K, 43% used [0x0000000740000000,0x00000007410c3aa0,0x0000000742680000)
 Metaspace       used 34728K, capacity 35197K, committed 35496K, reserved 1081344K
  class space    used 4397K, capacity 4528K, committed 4608K, reserved 1048576K
}
Event: 10.317 GC heap before
{Heap before GC invocations=16 (full 3):
 PSYoungGen      total 72192K, used 11644K [0x0000000795580000, 0x000000079bf00000, 0x00000007c0000000)
  eden space 59904K, 0% used [0x0000000795580000,0x0000000795580000,0x0000000799000000)
  from space 12288K, 94% used [0x0000000799000000,0x0000000799b5f278,0x0000000799c00000)
  to   space 13824K, 0% used [0x000000079b180000,0x000000079b180000,0x000000079bf00000)
 ParOldGen       total 39424K, used 17166K [0x0000000740000000, 0x0000000742680000, 0x0000000795580000)
  object space 39424K, 43% used [0x0000000740000000,0x00000007410c3aa0,0x0000000742680000)
 Metaspace       used 34728K, capacity 35197K, committed 35496K, reserved 1081344K
  class space    used 4397K, capacity 4528K, committed 4608K, reserved 1048576K
Event: 10.481 GC heap after
Heap after GC invocations=16 (full 3):
 PSYoungGen      total 72192K, used 0K [0x0000000795580000, 0x000000079bf00000, 0x00000007c0000000)
  eden space 59904K, 0% used [0x0000000795580000,0x0000000795580000,0x0000000799000000)
  from space 12288K, 0% used [0x0000000799000000,0x0000000799000000,0x0000000799c00000)
  to   space 13824K, 0% used [0x000000079b180000,0x000000079b180000,0x000000079bf00000)
 ParOldGen       total 67584K, used 22378K [0x0000000740000000, 0x0000000744200000, 0x0000000795580000)
  object space 67584K, 33% used [0x0000000740000000,0x00000007415da840,0x0000000744200000)
 Metaspace       used 34728K, capacity 35197K, committed 35496K, reserved 1081344K
  class space    used 4397K, capacity 4528K, committed 4608K, reserved 1048576K
}
Event: 12.634 GC heap before
{Heap before GC invocations=17 (full 3):
 PSYoungGen      total 72192K, used 59904K [0x0000000795580000, 0x000000079bf00000, 0x00000007c0000000)
  eden space 59904K, 100% used [0x0000000795580000,0x0000000799000000,0x0000000799000000)
  from space 12288K, 0% used [0x0000000799000000,0x0000000799000000,0x0000000799c00000)
  to   space 13824K, 0% used [0x000000079b180000,0x000000079b180000,0x000000079bf00000)
 ParOldGen       total 67584K, used 22378K [0x0000000740000000, 0x0000000744200000, 0x0000000795580000)
  object space 67584K, 33% used [0x0000000740000000,0x00000007415da840,0x0000000744200000)
 Metaspace       used 40542K, capacity 41177K, committed 41600K, reserved 1085440K
  class space    used 5082K, capacity 5242K, committed 5248K, reserved 1048576K
Event: 12.671 GC heap after
Heap after GC invocations=17 (full 3):
 PSYoungGen      total 91136K, used 13822K [0x0000000795580000, 0x000000079c300000, 0x00000007c0000000)
  eden space 77312K, 0% used [0x0000000795580000,0x0000000795580000,0x000000079a100000)
  from space 13824K, 99% used [0x000000079b180000,0x000000079beffb68,0x000000079bf00000)
  to   space 16896K, 0% used [0x000000079a100000,0x000000079a100000,0x000000079b180000)
 ParOldGen       total 67584K, used 25943K [0x0000000740000000, 0x0000000744200000, 0x0000000795580000)
  object space 67584K, 38% used [0x0000000740000000,0x0000000741955ff8,0x0000000744200000)
 Metaspace       used 40542K, capacity 41177K, committed 41600K, reserved 1085440K
  class space    used 5082K, capacity 5242K, committed 5248K, reserved 1048576K
}
Event: 15.526 GC heap before
{Heap before GC invocations=18 (full 3):
 PSYoungGen      total 91136K, used 91134K [0x0000000795580000, 0x000000079c300000, 0x00000007c0000000)
  eden space 77312K, 100% used [0x0000000795580000,0x000000079a100000,0x000000079a100000)
  from space 13824K, 99% used [0x000000079b180000,0x000000079beffb68,0x000000079bf00000)
  to   space 16896K, 0% used [0x000000079a100000,0x000000079a100000,0x000000079b180000)
 ParOldGen       total 67584K, used 25943K [0x0000000740000000, 0x0000000744200000, 0x0000000795580000)
  object space 67584K, 38% used [0x0000000740000000,0x0000000741955ff8,0x0000000744200000)
 Metaspace       used 48645K, capacity 49441K, committed 49792K, reserved 1093632K
  class space    used 6011K, capacity 6188K, committed 6272K, reserved 1048576K
Event: 15.577 GC heap after
Heap after GC invocations=18 (full 3):
 PSYoungGen      total 94208K, used 15505K [0x0000000795580000, 0x000000079dc80000, 0x00000007c0000000)
  eden space 77312K, 0% used [0x0000000795580000,0x0000000795580000,0x000000079a100000)
  from space 16896K, 91% used [0x000000079a100000,0x000000079b0247f0,0x000000079b180000)
  to   space 18944K, 0% used [0x000000079ca00000,0x000000079ca00000,0x000000079dc80000)
 ParOldGen       total 67584K, used 36428K [0x0000000740000000, 0x0000000744200000, 0x0000000795580000)
  object space 67584K, 53% used [0x0000000740000000,0x00000007423931b8,0x0000000744200000)
 Metaspace       used 48645K, capacity 49441K, committed 49792K, reserved 1093632K
  class space    used 6011K, capacity 6188K, committed 6272K, reserved 1048576K
}
Event: 18.457 GC heap before
{Heap before GC invocations=19 (full 3):
 PSYoungGen      total 94208K, used 92817K [0x0000000795580000, 0x000000079dc80000, 0x00000007c0000000)
  eden space 77312K, 100% used [0x0000000795580000,0x000000079a100000,0x000000079a100000)
  from space 16896K, 91% used [0x000000079a100000,0x000000079b0247f0,0x000000079b180000)
  to   space 18944K, 0% used [0x000000079ca00000,0x000000079ca00000,0x000000079dc80000)
 ParOldGen       total 67584K, used 36428K [0x0000000740000000, 0x0000000744200000, 0x0000000795580000)
  object space 67584K, 53% used [0x0000000740000000,0x00000007423931b8,0x0000000744200000)
 Metaspace       used 53725K, capacity 54693K, committed 55040K, reserved 1097728K
  class space    used 6562K, capacity 6834K, committed 6912K, reserved 1048576K

