# JRE version: OpenJDK Runtime Environment (8.0_152-b01) (build 1.8.0_152-release-1024-b01)
# Java VM: OpenJDK 64-Bit Server VM (25.152-b01 mixed mode bsd-amd64 compressed oops)
Heap:
 PSYoungGen      total 559104K, used 78305K [0x0000000795580000, 0x00000007c0000000, 0x00000007c0000000)
  eden space 480768K, 0% used [0x0000000795580000,0x0000000795580000,0x00000007b2b00000)
  from space 78336K, 99% used [0x00000007b2b00000,0x00000007b7778600,0x00000007b7780000)
  to   space 112640K, 0% used [0x00000007b9200000,0x00000007b9200000,0x00000007c0000000)
 ParOldGen       total 303104K, used 299044K [0x0000000740000000, 0x0000000752800000, 0x0000000795580000)
  object space 303104K, 98% used [0x0000000740000000,0x0000000752409070,0x0000000752800000)
 Metaspace       used 70195K, capacity 72964K, committed 73088K, reserved 1112064K
  class space    used 9432K, capacity 10083K, committed 10112K, reserved 1048576K
GC Heap History (10 events):
Event: 62.950 GC heap after
Heap after GC invocations=24 (full 4):
 PSYoungGen      total 443904K, used 42899K [0x0000000795580000, 0x00000007b5480000, 0x00000007c0000000)
  eden space 388096K, 0% used [0x0000000795580000,0x0000000795580000,0x00000007ad080000)
  from space 55808K, 76% used [0x00000007b0c00000,0x00000007b35e4d40,0x00000007b4280000)
  to   space 60928K, 0% used [0x00000007ad080000,0x00000007ad080000,0x00000007b0c00000)
 ParOldGen       total 196096K, used 144149K [0x0000000740000000, 0x000000074bf80000, 0x0000000795580000)
  object space 196096K, 73% used [0x0000000740000000,0x0000000748cc5568,0x000000074bf80000)
 Metaspace       used 70171K, capacity 72964K, committed 73088K, reserved 1112064K
  class space    used 9431K, capacity 10083K, committed 10112K, reserved 1048576K
}
Event: 64.071 GC heap before
{Heap before GC invocations=25 (full 4):
 PSYoungGen      total 443904K, used 430995K [0x0000000795580000, 0x00000007b5480000, 0x00000007c0000000)
  eden space 388096K, 100% used [0x0000000795580000,0x00000007ad080000,0x00000007ad080000)
  from space 55808K, 76% used [0x00000007b0c00000,0x00000007b35e4d40,0x00000007b4280000)
  to   space 60928K, 0% used [0x00000007ad080000,0x00000007ad080000,0x00000007b0c00000)
 ParOldGen       total 196096K, used 144149K [0x0000000740000000, 0x000000074bf80000, 0x0000000795580000)
  object space 196096K, 73% used [0x0000000740000000,0x0000000748cc5568,0x000000074bf80000)
 Metaspace       used 70181K, capacity 72964K, committed 73088K, reserved 1112064K
  class space    used 9432K, capacity 10083K, committed 10112K, reserved 1048576K
Event: 64.319 GC heap after
Heap after GC invocations=25 (full 4):
 PSYoungGen      total 449024K, used 57902K [0x0000000795580000, 0x00000007bcd80000, 0x00000007c0000000)
  eden space 388096K, 0% used [0x0000000795580000,0x0000000795580000,0x00000007ad080000)
  from space 60928K, 95% used [0x00000007ad080000,0x00000007b090bae8,0x00000007b0c00000)
  to   space 70144K, 0% used [0x00000007b8900000,0x00000007b8900000,0x00000007bcd80000)
 ParOldGen       total 196096K, used 185915K [0x0000000740000000, 0x000000074bf80000, 0x0000000795580000)
  object space 196096K, 94% used [0x0000000740000000,0x000000074b58ec38,0x000000074bf80000)
 Metaspace       used 70181K, capacity 72964K, committed 73088K, reserved 1112064K
  class space    used 9432K, capacity 10083K, committed 10112K, reserved 1048576K
}
Event: 64.319 GC heap before
{Heap before GC invocations=26 (full 5):
 PSYoungGen      total 449024K, used 57902K [0x0000000795580000, 0x00000007bcd80000, 0x00000007c0000000)
  eden space 388096K, 0% used [0x0000000795580000,0x0000000795580000,0x00000007ad080000)
  from space 60928K, 95% used [0x00000007ad080000,0x00000007b090bae8,0x00000007b0c00000)
  to   space 70144K, 0% used [0x00000007b8900000,0x00000007b8900000,0x00000007bcd80000)
 ParOldGen       total 196096K, used 185915K [0x0000000740000000, 0x000000074bf80000, 0x0000000795580000)
  object space 196096K, 94% used [0x0000000740000000,0x000000074b58ec38,0x000000074bf80000)
 Metaspace       used 70181K, capacity 72964K, committed 73088K, reserved 1112064K
  class space    used 9432K, capacity 10083K, committed 10112K, reserved 1048576K
Event: 65.667 GC heap after
Heap after GC invocations=26 (full 5):
 PSYoungGen      total 449024K, used 45939K [0x0000000795580000, 0x00000007bcd80000, 0x00000007c0000000)
  eden space 388096K, 0% used [0x0000000795580000,0x0000000795580000,0x00000007ad080000)
  from space 60928K, 75% used [0x00000007ad080000,0x00000007afd5cfc8,0x00000007b0c00000)
  to   space 70144K, 0% used [0x00000007b8900000,0x00000007b8900000,0x00000007bcd80000)
 ParOldGen       total 303104K, used 195908K [0x0000000740000000, 0x0000000752800000, 0x0000000795580000)
  object space 303104K, 64% used [0x0000000740000000,0x000000074bf51238,0x0000000752800000)
 Metaspace       used 70181K, capacity 72964K, committed 73088K, reserved 1112064K
  class space    used 9432K, capacity 10083K, committed 10112K, reserved 1048576K
}
Event: 66.827 GC heap before
{Heap before GC invocations=27 (full 5):
 PSYoungGen      total 449024K, used 434035K [0x0000000795580000, 0x00000007bcd80000, 0x00000007c0000000)
  eden space 388096K, 100% used [0x0000000795580000,0x00000007ad080000,0x00000007ad080000)
  from space 60928K, 75% used [0x00000007ad080000,0x00000007afd5cfc8,0x00000007b0c00000)
  to   space 70144K, 0% used [0x00000007b8900000,0x00000007b8900000,0x00000007bcd80000)
 ParOldGen       total 303104K, used 195908K [0x0000000740000000, 0x0000000752800000, 0x0000000795580000)
  object space 303104K, 64% used [0x0000000740000000,0x000000074bf51238,0x0000000752800000)
 Metaspace       used 70188K, capacity 72964K, committed 73088K, reserved 1112064K
  class space    used 9432K, capacity 10083K, committed 10112K, reserved 1048576K
Event: 67.092 GC heap after
Heap after GC invocations=27 (full 5):
 PSYoungGen      total 519168K, used 60051K [0x0000000795580000, 0x00000007bc400000, 0x00000007c0000000)
  eden space 458752K, 0% used [0x0000000795580000,0x0000000795580000,0x00000007b1580000)
  from space 60416K, 99% used [0x00000007b8900000,0x00000007bc3a4cb0,0x00000007bc400000)
  to   space 78336K, 0% used [0x00000007b2b00000,0x00000007b2b00000,0x00000007b7780000)
 ParOldGen       total 303104K, used 242174K [0x0000000740000000, 0x0000000752800000, 0x0000000795580000)
  object space 303104K, 79% used [0x0000000740000000,0x000000074ec7f8a8,0x0000000752800000)
 Metaspace       used 70188K, capacity 72964K, committed 73088K, reserved 1112064K
  class space    used 9432K, capacity 10083K, committed 10112K, reserved 1048576K
}
Event: 68.655 GC heap before
{Heap before GC invocations=28 (full 5):
 PSYoungGen      total 519168K, used 518803K [0x0000000795580000, 0x00000007bc400000, 0x00000007c0000000)
  eden space 458752K, 100% used [0x0000000795580000,0x00000007b1580000,0x00000007b1580000)
  from space 60416K, 99% used [0x00000007b8900000,0x00000007bc3a4cb0,0x00000007bc400000)
  to   space 78336K, 0% used [0x00000007b2b00000,0x00000007b2b00000,0x00000007b7780000)
 ParOldGen       total 303104K, used 242174K [0x0000000740000000, 0x0000000752800000, 0x0000000795580000)
  object space 303104K, 79% used [0x0000000740000000,0x000000074ec7f8a8,0x0000000752800000)
 Metaspace       used 70195K, capacity 72964K, committed 73088K, reserved 1112064K
  class space    used 9432K, capacity 10083K, committed 10112K, reserved 1048576K
Event: 69.123 GC heap after
Heap after GC invocations=28 (full 5):
 PSYoungGen      total 559104K, used 78305K [0x0000000795580000, 0x00000007c0000000, 0x00000007c0000000)
  eden space 480768K, 0% used [0x0000000795580000,0x0000000795580000,0x00000007b2b00000)
  from space 78336K, 99% used [0x00000007b2b00000,0x00000007b7778600,0x00000007b7780000)
  to   space 112640K, 0% used [0x00000007b9200000,0x00000007b9200000,0x00000007c0000000)
 ParOldGen       total 303104K, used 299044K [0x0000000740000000, 0x0000000752800000, 0x0000000795580000)
  object space 303104K, 98% used [0x0000000740000000,0x0000000752409070,0x0000000752800000)
 Metaspace       used 70195K, capacity 72964K, committed 73088K, reserved 1112064K
  class space    used 9432K, capacity 10083K, committed 10112K, reserved 1048576K
}
Event: 69.123 GC heap before
{Heap before GC invocations=29 (full 6):
 PSYoungGen      total 559104K, used 78305K [0x0000000795580000, 0x00000007c0000000, 0x00000007c0000000)
  eden space 480768K, 0% used [0x0000000795580000,0x0000000795580000,0x00000007b2b00000)
  from space 78336K, 99% used [0x00000007b2b00000,0x00000007b7778600,0x00000007b7780000)
  to   space 112640K, 0% used [0x00000007b9200000,0x00000007b9200000,0x00000007c0000000)
 ParOldGen       total 303104K, used 299044K [0x0000000740000000, 0x0000000752800000, 0x0000000795580000)
  object space 303104K, 98% used [0x0000000740000000,0x0000000752409070,0x0000000752800000)
 Metaspace       used 70195K, capacity 72964K, committed 73088K, reserved 1112064K
  class space    used 9432K, capacity 10083K, committed 10112K, reserved 1048576K

