# JRE version: OpenJDK Runtime Environment (8.0_152-b01) (build 1.8.0_152-release-1024-b01)
# Java VM: OpenJDK 64-Bit Server VM (25.152-b01 mixed mode bsd-amd64 compressed oops)
Heap:
 PSYoungGen      total 566784K, used 35827K [0x0000000795580000, 0x00000007c0000000, 0x00000007c0000000)
  eden space 431616K, 0% used [0x0000000795580000,0x0000000795580000,0x00000007afb00000)
  from space 135168K, 26% used [0x00000007b7c00000,0x00000007b9efce08,0x00000007c0000000)
  to   space 132096K, 0% used [0x00000007afb00000,0x00000007afb00000,0x00000007b7c00000)
 ParOldGen       total 260608K, used 217264K [0x0000000740000000, 0x000000074fe80000, 0x0000000795580000)
  object space 260608K, 83% used [0x0000000740000000,0x000000074d42c270,0x000000074fe80000)
 Metaspace       used 122110K, capacity 126861K, committed 127104K, reserved 1161216K
  class space    used 14314K, capacity 15432K, committed 15488K, reserved 1048576K
GC Heap History (10 events):
Event: 4913.645 GC heap after
Heap after GC invocations=54 (full 10):
 PSYoungGen      total 558592K, used 76728K [0x0000000795580000, 0x00000007bf800000, 0x00000007c0000000)
  eden space 426496K, 0% used [0x0000000795580000,0x0000000795580000,0x00000007af600000)
  from space 132096K, 58% used [0x00000007b7700000,0x00000007bc1ee2e8,0x00000007bf800000)
  to   space 132096K, 0% used [0x00000007af600000,0x00000007af600000,0x00000007b7700000)
 ParOldGen       total 260608K, used 69592K [0x0000000740000000, 0x000000074fe80000, 0x0000000795580000)
  object space 260608K, 26% used [0x0000000740000000,0x00000007443f6228,0x000000074fe80000)
 Metaspace       used 106919K, capacity 110655K, committed 111232K, reserved 1146880K
  class space    used 12425K, capacity 13241K, committed 13696K, reserved 1048576K
}
Event: 4918.498 GC heap before
{Heap before GC invocations=55 (full 10):
 PSYoungGen      total 558592K, used 503224K [0x0000000795580000, 0x00000007bf800000, 0x00000007c0000000)
  eden space 426496K, 100% used [0x0000000795580000,0x00000007af600000,0x00000007af600000)
  from space 132096K, 58% used [0x00000007b7700000,0x00000007bc1ee2e8,0x00000007bf800000)
  to   space 132096K, 0% used [0x00000007af600000,0x00000007af600000,0x00000007b7700000)
 ParOldGen       total 260608K, used 69592K [0x0000000740000000, 0x000000074fe80000, 0x0000000795580000)
  object space 260608K, 26% used [0x0000000740000000,0x00000007443f6228,0x000000074fe80000)
 Metaspace       used 107866K, capacity 111597K, committed 112000K, reserved 1146880K
  class space    used 12524K, capacity 13396K, committed 13696K, reserved 1048576K
Event: 4918.603 GC heap after
Heap after GC invocations=55 (full 10):
 PSYoungGen      total 558592K, used 26577K [0x0000000795580000, 0x00000007bfd00000, 0x00000007c0000000)
  eden space 426496K, 0% used [0x0000000795580000,0x0000000795580000,0x00000007af600000)
  from space 132096K, 20% used [0x00000007af600000,0x00000007b0ff4628,0x00000007b7700000)
  to   space 130560K, 0% used [0x00000007b7d80000,0x00000007b7d80000,0x00000007bfd00000)
 ParOldGen       total 260608K, used 75177K [0x0000000740000000, 0x000000074fe80000, 0x0000000795580000)
  object space 260608K, 28% used [0x0000000740000000,0x000000074496a428,0x000000074fe80000)
 Metaspace       used 107866K, capacity 111597K, committed 112000K, reserved 1146880K
  class space    used 12524K, capacity 13396K, committed 13696K, reserved 1048576K
}
Event: 5072.963 GC heap before
{Heap before GC invocations=56 (full 10):
 PSYoungGen      total 558592K, used 453073K [0x0000000795580000, 0x00000007bfd00000, 0x00000007c0000000)
  eden space 426496K, 100% used [0x0000000795580000,0x00000007af600000,0x00000007af600000)
  from space 132096K, 20% used [0x00000007af600000,0x00000007b0ff4628,0x00000007b7700000)
  to   space 130560K, 0% used [0x00000007b7d80000,0x00000007b7d80000,0x00000007bfd00000)
 ParOldGen       total 260608K, used 75177K [0x0000000740000000, 0x000000074fe80000, 0x0000000795580000)
  object space 260608K, 28% used [0x0000000740000000,0x000000074496a428,0x000000074fe80000)
 Metaspace       used 109746K, capacity 113757K, committed 114048K, reserved 1148928K
  class space    used 12720K, capacity 13652K, committed 13696K, reserved 1048576K
Event: 5073.195 GC heap after
Heap after GC invocations=56 (full 10):
 PSYoungGen      total 563200K, used 69420K [0x0000000795580000, 0x00000007bf980000, 0x00000007c0000000)
  eden space 436224K, 0% used [0x0000000795580000,0x0000000795580000,0x00000007aff80000)
  from space 126976K, 54% used [0x00000007b7d80000,0x00000007bc14b1e0,0x00000007bf980000)
  to   space 128000K, 0% used [0x00000007aff80000,0x00000007aff80000,0x00000007b7c80000)
 ParOldGen       total 260608K, used 75361K [0x0000000740000000, 0x000000074fe80000, 0x0000000795580000)
  object space 260608K, 28% used [0x0000000740000000,0x0000000744998428,0x000000074fe80000)
 Metaspace       used 109746K, capacity 113757K, committed 114048K, reserved 1148928K
  class space    used 12720K, capacity 13652K, committed 13696K, reserved 1048576K
}
Event: 5077.915 GC heap before
{Heap before GC invocations=57 (full 10):
 PSYoungGen      total 563200K, used 505644K [0x0000000795580000, 0x00000007bf980000, 0x00000007c0000000)
  eden space 436224K, 100% used [0x0000000795580000,0x00000007aff80000,0x00000007aff80000)
  from space 126976K, 54% used [0x00000007b7d80000,0x00000007bc14b1e0,0x00000007bf980000)
  to   space 128000K, 0% used [0x00000007aff80000,0x00000007aff80000,0x00000007b7c80000)
 ParOldGen       total 260608K, used 75361K [0x0000000740000000, 0x000000074fe80000, 0x0000000795580000)
  object space 260608K, 28% used [0x0000000740000000,0x0000000744998428,0x000000074fe80000)
 Metaspace       used 119905K, capacity 124341K, committed 124416K, reserved 1159168K
  class space    used 14077K, capacity 15102K, committed 15104K, reserved 1048576K
Event: 5079.441 GC heap after
Heap after GC invocations=57 (full 10):
 PSYoungGen      total 532992K, used 96342K [0x0000000795580000, 0x00000007c0000000, 0x00000007c0000000)
  eden space 436224K, 0% used [0x0000000795580000,0x0000000795580000,0x00000007aff80000)
  from space 96768K, 99% used [0x00000007aff80000,0x00000007b5d95b28,0x00000007b5e00000)
  to   space 135168K, 0% used [0x00000007b7c00000,0x00000007b7c00000,0x00000007c0000000)
 ParOldGen       total 260608K, used 129619K [0x0000000740000000, 0x000000074fe80000, 0x0000000795580000)
  object space 260608K, 49% used [0x0000000740000000,0x0000000747e94f80,0x000000074fe80000)
 Metaspace       used 119905K, capacity 124341K, committed 124416K, reserved 1159168K
  class space    used 14077K, capacity 15102K, committed 15104K, reserved 1048576K
}
Event: 5231.273 GC heap before
{Heap before GC invocations=58 (full 10):
 PSYoungGen      total 532992K, used 532566K [0x0000000795580000, 0x00000007c0000000, 0x00000007c0000000)
  eden space 436224K, 100% used [0x0000000795580000,0x00000007aff80000,0x00000007aff80000)
  from space 96768K, 99% used [0x00000007aff80000,0x00000007b5d95b28,0x00000007b5e00000)
  to   space 135168K, 0% used [0x00000007b7c00000,0x00000007b7c00000,0x00000007c0000000)
 ParOldGen       total 260608K, used 129619K [0x0000000740000000, 0x000000074fe80000, 0x0000000795580000)
  object space 260608K, 49% used [0x0000000740000000,0x0000000747e94f80,0x000000074fe80000)
 Metaspace       used 122110K, capacity 126861K, committed 127104K, reserved 1161216K
  class space    used 14314K, capacity 15432K, committed 15488K, reserved 1048576K
Event: 5231.865 GC heap after
Heap after GC invocations=58 (full 10):
 PSYoungGen      total 566784K, used 35827K [0x0000000795580000, 0x00000007c0000000, 0x00000007c0000000)
  eden space 431616K, 0% used [0x0000000795580000,0x0000000795580000,0x00000007afb00000)
  from space 135168K, 26% used [0x00000007b7c00000,0x00000007b9efce08,0x00000007c0000000)
  to   space 132096K, 0% used [0x00000007afb00000,0x00000007afb00000,0x00000007b7c00000)
 ParOldGen       total 260608K, used 217264K [0x0000000740000000, 0x000000074fe80000, 0x0000000795580000)
  object space 260608K, 83% used [0x0000000740000000,0x000000074d42c270,0x000000074fe80000)
 Metaspace       used 122110K, capacity 126861K, committed 127104K, reserved 1161216K
  class space    used 14314K, capacity 15432K, committed 15488K, reserved 1048576K
}
Event: 5231.865 GC heap before
{Heap before GC invocations=59 (full 11):
 PSYoungGen      total 566784K, used 35827K [0x0000000795580000, 0x00000007c0000000, 0x00000007c0000000)
  eden space 431616K, 0% used [0x0000000795580000,0x0000000795580000,0x00000007afb00000)
  from space 135168K, 26% used [0x00000007b7c00000,0x00000007b9efce08,0x00000007c0000000)
  to   space 132096K, 0% used [0x00000007afb00000,0x00000007afb00000,0x00000007b7c00000)
 ParOldGen       total 260608K, used 217264K [0x0000000740000000, 0x000000074fe80000, 0x0000000795580000)
  object space 260608K, 83% used [0x0000000740000000,0x000000074d42c270,0x000000074fe80000)
 Metaspace       used 122110K, capacity 126861K, committed 127104K, reserved 1161216K
  class space    used 14314K, capacity 15432K, committed 15488K, reserved 1048576K

