# JRE version: OpenJDK Runtime Environment (8.0_152-b01) (build 1.8.0_152-release-1024-b01)
# Java VM: OpenJDK 64-Bit Server VM (25.152-b01 mixed mode bsd-amd64 compressed oops)
Heap:
 PSYoungGen      total 21504K, used 5813K [0x0000000795580000, 0x0000000797000000, 0x00000007c0000000)
  eden space 15872K, 11% used [0x0000000795580000,0x000000079573d9d0,0x0000000796500000)
  from space 5632K, 71% used [0x0000000796500000,0x00000007968efbd8,0x0000000796a80000)
  to   space 5632K, 0% used [0x0000000796a80000,0x0000000796a80000,0x0000000797000000)
 ParOldGen       total 44032K, used 6533K [0x0000000740000000, 0x0000000742b00000, 0x0000000795580000)
  object space 44032K, 14% used [0x0000000740000000,0x0000000740661668,0x0000000742b00000)
 Metaspace       used 16031K, capacity 16400K, committed 16512K, reserved 1062912K
  class space    used 2303K, capacity 2410K, committed 2432K, reserved 1048576K
GC Heap History (10 events):
Event: 20.764 GC heap before
{Heap before GC invocations=3 (full 0):
 PSYoungGen      total 18944K, used 18931K [0x0000000795580000, 0x0000000796a80000, 0x00000007c0000000)
  eden space 16384K, 100% used [0x0000000795580000,0x0000000796580000,0x0000000796580000)
  from space 2560K, 99% used [0x0000000796800000,0x0000000796a7cf00,0x0000000796a80000)
  to   space 2560K, 0% used [0x0000000796580000,0x0000000796580000,0x0000000796800000)
 ParOldGen       total 44032K, used 672K [0x0000000740000000, 0x0000000742b00000, 0x0000000795580000)
  object space 44032K, 1% used [0x0000000740000000,0x00000007400a81f0,0x0000000742b00000)
 Metaspace       used 8037K, capacity 8228K, committed 8320K, reserved 1056768K
  class space    used 1023K, capacity 1108K, committed 1152K, reserved 1048576K
Event: 20.769 GC heap after
Heap after GC invocations=3 (full 0):
 PSYoungGen      total 18944K, used 2546K [0x0000000795580000, 0x0000000796a80000, 0x00000007c0000000)
  eden space 16384K, 0% used [0x0000000795580000,0x0000000795580000,0x0000000796580000)
  from space 2560K, 99% used [0x0000000796580000,0x00000007967fcb50,0x0000000796800000)
  to   space 2560K, 0% used [0x0000000796800000,0x0000000796800000,0x0000000796a80000)
 ParOldGen       total 44032K, used 1490K [0x0000000740000000, 0x0000000742b00000, 0x0000000795580000)
  object space 44032K, 3% used [0x0000000740000000,0x0000000740174810,0x0000000742b00000)
 Metaspace       used 8037K, capacity 8228K, committed 8320K, reserved 1056768K
  class space    used 1023K, capacity 1108K, committed 1152K, reserved 1048576K
}
Event: 23.888 GC heap before
{Heap before GC invocations=4 (full 0):
 PSYoungGen      total 18944K, used 18930K [0x0000000795580000, 0x0000000796a80000, 0x00000007c0000000)
  eden space 16384K, 100% used [0x0000000795580000,0x0000000796580000,0x0000000796580000)
  from space 2560K, 99% used [0x0000000796580000,0x00000007967fcb50,0x0000000796800000)
  to   space 2560K, 0% used [0x0000000796800000,0x0000000796800000,0x0000000796a80000)
 ParOldGen       total 44032K, used 1490K [0x0000000740000000, 0x0000000742b00000, 0x0000000795580000)
  object space 44032K, 3% used [0x0000000740000000,0x0000000740174810,0x0000000742b00000)
 Metaspace       used 11731K, capacity 12108K, committed 12288K, reserved 1060864K
  class space    used 1570K, capacity 1704K, committed 1792K, reserved 1048576K
Event: 23.897 GC heap after
Heap after GC invocations=4 (full 0):
 PSYoungGen      total 18944K, used 2528K [0x0000000795580000, 0x0000000796a80000, 0x00000007c0000000)
  eden space 16384K, 0% used [0x0000000795580000,0x0000000795580000,0x0000000796580000)
  from space 2560K, 98% used [0x0000000796800000,0x0000000796a78040,0x0000000796a80000)
  to   space 2560K, 0% used [0x0000000796580000,0x0000000796580000,0x0000000796800000)
 ParOldGen       total 44032K, used 3927K [0x0000000740000000, 0x0000000742b00000, 0x0000000795580000)
  object space 44032K, 8% used [0x0000000740000000,0x00000007403d5d88,0x0000000742b00000)
 Metaspace       used 11731K, capacity 12108K, committed 12288K, reserved 1060864K
  class space    used 1570K, capacity 1704K, committed 1792K, reserved 1048576K
}
Event: 25.475 GC heap before
{Heap before GC invocations=5 (full 0):
 PSYoungGen      total 18944K, used 18912K [0x0000000795580000, 0x0000000796a80000, 0x00000007c0000000)
  eden space 16384K, 100% used [0x0000000795580000,0x0000000796580000,0x0000000796580000)
  from space 2560K, 98% used [0x0000000796800000,0x0000000796a78040,0x0000000796a80000)
  to   space 2560K, 0% used [0x0000000796580000,0x0000000796580000,0x0000000796800000)
 ParOldGen       total 44032K, used 3927K [0x0000000740000000, 0x0000000742b00000, 0x0000000795580000)
  object space 44032K, 8% used [0x0000000740000000,0x00000007403d5d88,0x0000000742b00000)
 Metaspace       used 12795K, capacity 13132K, committed 13440K, reserved 1060864K
  class space    used 1766K, capacity 1896K, committed 1920K, reserved 1048576K
Event: 25.480 GC heap after
Heap after GC invocations=5 (full 0):
 PSYoungGen      total 18944K, used 2544K [0x0000000795580000, 0x0000000796f80000, 0x00000007c0000000)
  eden space 16384K, 0% used [0x0000000795580000,0x0000000795580000,0x0000000796580000)
  from space 2560K, 99% used [0x0000000796580000,0x00000007967fc010,0x0000000796800000)
  to   space 5120K, 0% used [0x0000000796a80000,0x0000000796a80000,0x0000000796f80000)
 ParOldGen       total 44032K, used 5488K [0x0000000740000000, 0x0000000742b00000, 0x0000000795580000)
  object space 44032K, 12% used [0x0000000740000000,0x000000074055c070,0x0000000742b00000)
 Metaspace       used 12795K, capacity 13132K, committed 13440K, reserved 1060864K
  class space    used 1766K, capacity 1896K, committed 1920K, reserved 1048576K
}
Event: 26.780 GC heap before
{Heap before GC invocations=6 (full 0):
 PSYoungGen      total 18944K, used 18928K [0x0000000795580000, 0x0000000796f80000, 0x00000007c0000000)
  eden space 16384K, 100% used [0x0000000795580000,0x0000000796580000,0x0000000796580000)
  from space 2560K, 99% used [0x0000000796580000,0x00000007967fc010,0x0000000796800000)
  to   space 5120K, 0% used [0x0000000796a80000,0x0000000796a80000,0x0000000796f80000)
 ParOldGen       total 44032K, used 5488K [0x0000000740000000, 0x0000000742b00000, 0x0000000795580000)
  object space 44032K, 12% used [0x0000000740000000,0x000000074055c070,0x0000000742b00000)
 Metaspace       used 14410K, capacity 14736K, committed 14976K, reserved 1062912K
  class space    used 2033K, capacity 2154K, committed 2176K, reserved 1048576K
Event: 26.787 GC heap after
Heap after GC invocations=6 (full 0):
 PSYoungGen      total 20992K, used 4921K [0x0000000795580000, 0x0000000797080000, 0x00000007c0000000)
  eden space 15872K, 0% used [0x0000000795580000,0x0000000795580000,0x0000000796500000)
  from space 5120K, 96% used [0x0000000796a80000,0x0000000796f4e548,0x0000000796f80000)
  to   space 5632K, 0% used [0x0000000796500000,0x0000000796500000,0x0000000796a80000)
 ParOldGen       total 44032K, used 5496K [0x0000000740000000, 0x0000000742b00000, 0x0000000795580000)
  object space 44032K, 12% used [0x0000000740000000,0x000000074055e070,0x0000000742b00000)
 Metaspace       used 14410K, capacity 14736K, committed 14976K, reserved 1062912K
  class space    used 2033K, capacity 2154K, committed 2176K, reserved 1048576K
}
Event: 28.499 GC heap before
{Heap before GC invocations=7 (full 0):
 PSYoungGen      total 20992K, used 20793K [0x0000000795580000, 0x0000000797080000, 0x00000007c0000000)
  eden space 15872K, 100% used [0x0000000795580000,0x0000000796500000,0x0000000796500000)
  from space 5120K, 96% used [0x0000000796a80000,0x0000000796f4e548,0x0000000796f80000)
  to   space 5632K, 0% used [0x0000000796500000,0x0000000796500000,0x0000000796a80000)
 ParOldGen       total 44032K, used 5496K [0x0000000740000000, 0x0000000742b00000, 0x0000000795580000)
  object space 44032K, 12% used [0x0000000740000000,0x000000074055e070,0x0000000742b00000)
 Metaspace       used 15890K, capacity 16208K, committed 16512K, reserved 1062912K
  class space    used 2278K, capacity 2410K, committed 2432K, reserved 1048576K
Event: 28.508 GC heap after
Heap after GC invocations=7 (full 0):
 PSYoungGen      total 21504K, used 4030K [0x0000000795580000, 0x0000000797000000, 0x00000007c0000000)
  eden space 15872K, 0% used [0x0000000795580000,0x0000000795580000,0x0000000796500000)
  from space 5632K, 71% used [0x0000000796500000,0x00000007968efbd8,0x0000000796a80000)
  to   space 5632K, 0% used [0x0000000796a80000,0x0000000796a80000,0x0000000797000000)
 ParOldGen       total 44032K, used 6533K [0x0000000740000000, 0x0000000742b00000, 0x0000000795580000)
  object space 44032K, 14% used [0x0000000740000000,0x0000000740661668,0x0000000742b00000)
 Metaspace       used 15890K, capacity 16208K, committed 16512K, reserved 1062912K
  class space    used 2278K, capacity 2410K, committed 2432K, reserved 1048576K
}

