# JRE version: OpenJDK Runtime Environment (8.0_152-b01) (build 1.8.0_152-release-1024-b01)
# Java VM: OpenJDK 64-Bit Server VM (25.152-b01 mixed mode bsd-amd64 compressed oops)
Heap:
 PSYoungGen      total 533504K, used 17637K [0x0000000795580000, 0x00000007bf180000, 0x00000007c0000000)
  eden space 413696K, 4% used [0x0000000795580000,0x00000007966b94e0,0x00000007ae980000)
  from space 119808K, 0% used [0x00000007b6480000,0x00000007b6480000,0x00000007bd980000)
  to   space 125952K, 0% used [0x00000007ae980000,0x00000007ae980000,0x00000007b6480000)
 ParOldGen       total 232448K, used 81086K [0x0000000740000000, 0x000000074e300000, 0x0000000795580000)
  object space 232448K, 34% used [0x0000000740000000,0x0000000744f2fa28,0x000000074e300000)
 Metaspace       used 96575K, capacity 99403K, committed 100016K, reserved 1136640K
  class space    used 11142K, capacity 11787K, committed 11952K, reserved 1048576K
GC Heap History (10 events):
Event: 397.902 GC heap before
{Heap before GC invocations=31 (full 6):
 PSYoungGen      total 392704K, used 323319K [0x0000000795580000, 0x00000007b2b00000, 0x00000007c0000000)
  eden space 321024K, 100% used [0x0000000795580000,0x00000007a8f00000,0x00000007a8f00000)
  from space 71680K, 3% used [0x00000007ae500000,0x00000007ae73dd98,0x00000007b2b00000)
  to   space 79872K, 0% used [0x00000007a8f00000,0x00000007a8f00000,0x00000007add00000)
 ParOldGen       total 205824K, used 101124K [0x0000000740000000, 0x000000074c900000, 0x0000000795580000)
  object space 205824K, 49% used [0x0000000740000000,0x00000007462c1020,0x000000074c900000)
 Metaspace       used 84520K, capacity 86791K, committed 86960K, reserved 1126400K
  class space    used 9651K, capacity 10159K, committed 10160K, reserved 1048576K
Event: 398.103 GC heap after
Heap after GC invocations=31 (full 6):
 PSYoungGen      total 400896K, used 54638K [0x0000000795580000, 0x00000007b7200000, 0x00000007c0000000)
  eden space 321024K, 0% used [0x0000000795580000,0x0000000795580000,0x00000007a8f00000)
  from space 79872K, 68% used [0x00000007a8f00000,0x00000007ac45ba08,0x00000007add00000)
  to   space 84992K, 0% used [0x00000007b1f00000,0x00000007b1f00000,0x00000007b7200000)
 ParOldGen       total 205824K, used 102969K [0x0000000740000000, 0x000000074c900000, 0x0000000795580000)
  object space 205824K, 50% used [0x0000000740000000,0x000000074648e4a8,0x000000074c900000)
 Metaspace       used 84520K, capacity 86791K, committed 86960K, reserved 1126400K
  class space    used 9651K, capacity 10159K, committed 10160K, reserved 1048576K
}
Event: 407.164 GC heap before
{Heap before GC invocations=32 (full 6):
 PSYoungGen      total 400896K, used 375662K [0x0000000795580000, 0x00000007b7200000, 0x00000007c0000000)
  eden space 321024K, 100% used [0x0000000795580000,0x00000007a8f00000,0x00000007a8f00000)
  from space 79872K, 68% used [0x00000007a8f00000,0x00000007ac45ba08,0x00000007add00000)
  to   space 84992K, 0% used [0x00000007b1f00000,0x00000007b1f00000,0x00000007b7200000)
 ParOldGen       total 205824K, used 102969K [0x0000000740000000, 0x000000074c900000, 0x0000000795580000)
  object space 205824K, 50% used [0x0000000740000000,0x000000074648e4a8,0x000000074c900000)
 Metaspace       used 87622K, capacity 89943K, committed 90160K, reserved 1128448K
  class space    used 9985K, capacity 10531K, committed 10544K, reserved 1048576K
Event: 407.337 GC heap after
Heap after GC invocations=32 (full 6):
 PSYoungGen      total 446976K, used 64192K [0x0000000795580000, 0x00000007b6e80000, 0x00000007c0000000)
  eden space 365568K, 0% used [0x0000000795580000,0x0000000795580000,0x00000007aba80000)
  from space 81408K, 78% used [0x00000007b1f00000,0x00000007b5db0178,0x00000007b6e80000)
  to   space 92160K, 0% used [0x00000007aba80000,0x00000007aba80000,0x00000007b1480000)
 ParOldGen       total 205824K, used 105715K [0x0000000740000000, 0x000000074c900000, 0x0000000795580000)
  object space 205824K, 51% used [0x0000000740000000,0x000000074673cfd0,0x000000074c900000)
 Metaspace       used 87622K, capacity 89943K, committed 90160K, reserved 1128448K
  class space    used 9985K, capacity 10531K, committed 10544K, reserved 1048576K
}
Event: 413.892 GC heap before
{Heap before GC invocations=33 (full 6):
 PSYoungGen      total 446976K, used 429760K [0x0000000795580000, 0x00000007b6e80000, 0x00000007c0000000)
  eden space 365568K, 100% used [0x0000000795580000,0x00000007aba80000,0x00000007aba80000)
  from space 81408K, 78% used [0x00000007b1f00000,0x00000007b5db0178,0x00000007b6e80000)
  to   space 92160K, 0% used [0x00000007aba80000,0x00000007aba80000,0x00000007b1480000)
 ParOldGen       total 205824K, used 105715K [0x0000000740000000, 0x000000074c900000, 0x0000000795580000)
  object space 205824K, 51% used [0x0000000740000000,0x000000074673cfd0,0x000000074c900000)
 Metaspace       used 96081K, capacity 98827K, committed 99120K, reserved 1136640K
  class space    used 11110K, capacity 11753K, committed 11824K, reserved 1048576K
Event: 414.191 GC heap after
Heap after GC invocations=33 (full 6):
 PSYoungGen      total 457728K, used 92152K [0x0000000795580000, 0x00000007bd980000, 0x00000007c0000000)
  eden space 365568K, 0% used [0x0000000795580000,0x0000000795580000,0x00000007aba80000)
  from space 92160K, 99% used [0x00000007aba80000,0x00000007b147e108,0x00000007b1480000)
  to   space 119808K, 0% used [0x00000007b6480000,0x00000007b6480000,0x00000007bd980000)
 ParOldGen       total 205824K, used 138711K [0x0000000740000000, 0x000000074c900000, 0x0000000795580000)
  object space 205824K, 67% used [0x0000000740000000,0x0000000748775c70,0x000000074c900000)
 Metaspace       used 96081K, capacity 98827K, committed 99120K, reserved 1136640K
  class space    used 11110K, capacity 11753K, committed 11824K, reserved 1048576K
}
Event: 420.720 GC heap before
{Heap before GC invocations=34 (full 6):
 PSYoungGen      total 457728K, used 457720K [0x0000000795580000, 0x00000007bd980000, 0x00000007c0000000)
  eden space 365568K, 100% used [0x0000000795580000,0x00000007aba80000,0x00000007aba80000)
  from space 92160K, 99% used [0x00000007aba80000,0x00000007b147e108,0x00000007b1480000)
  to   space 119808K, 0% used [0x00000007b6480000,0x00000007b6480000,0x00000007bd980000)
 ParOldGen       total 205824K, used 138711K [0x0000000740000000, 0x000000074c900000, 0x0000000795580000)
  object space 205824K, 67% used [0x0000000740000000,0x0000000748775c70,0x000000074c900000)
 Metaspace       used 96752K, capacity 99643K, committed 100016K, reserved 1136640K
  class space    used 11158K, capacity 11827K, committed 11952K, reserved 1048576K
Event: 421.503 GC heap after
Heap after GC invocations=34 (full 6):
 PSYoungGen      total 533504K, used 79714K [0x0000000795580000, 0x00000007bf180000, 0x00000007c0000000)
  eden space 413696K, 0% used [0x0000000795580000,0x0000000795580000,0x00000007ae980000)
  from space 119808K, 66% used [0x00000007b6480000,0x00000007bb258bd0,0x00000007bd980000)
  to   space 125952K, 0% used [0x00000007ae980000,0x00000007ae980000,0x00000007b6480000)
 ParOldGen       total 230400K, used 229803K [0x0000000740000000, 0x000000074e100000, 0x0000000795580000)
  object space 230400K, 99% used [0x0000000740000000,0x000000074e06ae60,0x000000074e100000)
 Metaspace       used 96752K, capacity 99643K, committed 100016K, reserved 1136640K
  class space    used 11158K, capacity 11827K, committed 11952K, reserved 1048576K
}
Event: 421.503 GC heap before
{Heap before GC invocations=35 (full 7):
 PSYoungGen      total 533504K, used 79714K [0x0000000795580000, 0x00000007bf180000, 0x00000007c0000000)
  eden space 413696K, 0% used [0x0000000795580000,0x0000000795580000,0x00000007ae980000)
  from space 119808K, 66% used [0x00000007b6480000,0x00000007bb258bd0,0x00000007bd980000)
  to   space 125952K, 0% used [0x00000007ae980000,0x00000007ae980000,0x00000007b6480000)
 ParOldGen       total 230400K, used 229803K [0x0000000740000000, 0x000000074e100000, 0x0000000795580000)
  object space 230400K, 99% used [0x0000000740000000,0x000000074e06ae60,0x000000074e100000)
 Metaspace       used 96752K, capacity 99643K, committed 100016K, reserved 1136640K
  class space    used 11158K, capacity 11827K, committed 11952K, reserved 1048576K
Event: 422.465 GC heap after
Heap after GC invocations=35 (full 7):
 PSYoungGen      total 533504K, used 0K [0x0000000795580000, 0x00000007bf180000, 0x00000007c0000000)
  eden space 413696K, 0% used [0x0000000795580000,0x0000000795580000,0x00000007ae980000)
  from space 119808K, 0% used [0x00000007b6480000,0x00000007b6480000,0x00000007bd980000)
  to   space 125952K, 0% used [0x00000007ae980000,0x00000007ae980000,0x00000007b6480000)
 ParOldGen       total 232448K, used 81086K [0x0000000740000000, 0x000000074e300000, 0x0000000795580000)
  object space 232448K, 34% used [0x0000000740000000,0x0000000744f2fa28,0x000000074e300000)
 Metaspace       used 96575K, capacity 99403K, committed 100016K, reserved 1136640K
  class space    used 11142K, capacity 11787K, committed 11952K, reserved 1048576K
}

