# JRE version: OpenJDK Runtime Environment (8.0_152-b01) (build 1.8.0_152-release-1024-b01)
# Java VM: OpenJDK 64-Bit Server VM (25.152-b01 mixed mode bsd-amd64 compressed oops)
Heap:
 PSYoungGen      total 370688K, used 256418K [0x0000000795580000, 0x00000007b5900000, 0x00000007c0000000)
  eden space 225792K, 97% used [0x0000000795580000,0x00000007a2b78ae0,0x00000007a3200000)
  from space 144896K, 25% used [0x00000007a3200000,0x00000007a566ffa0,0x00000007abf80000)
  to   space 140288K, 0% used [0x00000007ad000000,0x00000007ad000000,0x00000007b5900000)
 ParOldGen       total 385024K, used 360204K [0x0000000740000000, 0x0000000757800000, 0x0000000795580000)
  object space 385024K, 93% used [0x0000000740000000,0x0000000755fc3088,0x0000000757800000)
 Metaspace       used 97511K, capacity 101941K, committed 102080K, reserved 1138688K
  class space    used 12492K, capacity 13478K, committed 13528K, reserved 1048576K
GC Heap History (10 events):
Event: 4265.903 GC heap before
{Heap before GC invocations=99 (full 8):
 PSYoungGen      total 354304K, used 260942K [0x0000000795580000, 0x00000007b5b80000, 0x00000007c0000000)
  eden space 200704K, 99% used [0x0000000795580000,0x00000007a185c508,0x00000007a1980000)
  from space 153600K, 39% used [0x00000007ac580000,0x00000007b0177638,0x00000007b5b80000)
  to   space 164864K, 0% used [0x00000007a1980000,0x00000007a1980000,0x00000007aba80000)
 ParOldGen       total 385024K, used 352255K [0x0000000740000000, 0x0000000757800000, 0x0000000795580000)
  object space 385024K, 91% used [0x0000000740000000,0x00000007557ffd98,0x0000000757800000)
 Metaspace       used 93924K, capacity 97917K, committed 98112K, reserved 1134592K
  class space    used 12168K, capacity 13078K, committed 13144K, reserved 1048576K
Event: 4266.044 GC heap after
Heap after GC invocations=99 (full 8):
 PSYoungGen      total 365568K, used 86997K [0x0000000795580000, 0x00000007b6200000, 0x00000007c0000000)
  eden space 200704K, 0% used [0x0000000795580000,0x0000000795580000,0x00000007a1980000)
  from space 164864K, 52% used [0x00000007a1980000,0x00000007a6e756d0,0x00000007aba80000)
  to   space 163328K, 0% used [0x00000007ac280000,0x00000007ac280000,0x00000007b6200000)
 ParOldGen       total 385024K, used 352375K [0x0000000740000000, 0x0000000757800000, 0x0000000795580000)
  object space 385024K, 91% used [0x0000000740000000,0x000000075581dd98,0x0000000757800000)
 Metaspace       used 93924K, capacity 97917K, committed 98112K, reserved 1134592K
  class space    used 12168K, capacity 13078K, committed 13144K, reserved 1048576K
}
Event: 4266.625 GC heap before
{Heap before GC invocations=100 (full 8):
 PSYoungGen      total 365568K, used 286958K [0x0000000795580000, 0x00000007b6200000, 0x00000007c0000000)
  eden space 200704K, 99% used [0x0000000795580000,0x00000007a18c64f0,0x00000007a1980000)
  from space 164864K, 52% used [0x00000007a1980000,0x00000007a6e756d0,0x00000007aba80000)
  to   space 163328K, 0% used [0x00000007ac280000,0x00000007ac280000,0x00000007b6200000)
 ParOldGen       total 385024K, used 352375K [0x0000000740000000, 0x0000000757800000, 0x0000000795580000)
  object space 385024K, 91% used [0x0000000740000000,0x000000075581dd98,0x0000000757800000)
 Metaspace       used 94173K, capacity 98205K, committed 98368K, reserved 1134592K
  class space    used 12200K, capacity 13122K, committed 13144K, reserved 1048576K
Event: 4266.656 GC heap after
Heap after GC invocations=100 (full 8):
 PSYoungGen      total 358400K, used 51507K [0x0000000795580000, 0x00000007b5380000, 0x00000007c0000000)
  eden space 209920K, 0% used [0x0000000795580000,0x0000000795580000,0x00000007a2280000)
  from space 148480K, 34% used [0x00000007ac280000,0x00000007af4ccd10,0x00000007b5380000)
  to   space 156160K, 0% used [0x00000007a2280000,0x00000007a2280000,0x00000007abb00000)
 ParOldGen       total 385024K, used 352767K [0x0000000740000000, 0x0000000757800000, 0x0000000795580000)
  object space 385024K, 91% used [0x0000000740000000,0x000000075587fdb8,0x0000000757800000)
 Metaspace       used 94173K, capacity 98205K, committed 98368K, reserved 1134592K
  class space    used 12200K, capacity 13122K, committed 13144K, reserved 1048576K
}
Event: 4266.687 GC heap before
{Heap before GC invocations=101 (full 8):
 PSYoungGen      total 358400K, used 261358K [0x0000000795580000, 0x00000007b5380000, 0x00000007c0000000)
  eden space 209920K, 99% used [0x0000000795580000,0x00000007a226ee70,0x00000007a2280000)
  from space 148480K, 34% used [0x00000007ac280000,0x00000007af4ccd10,0x00000007b5380000)
  to   space 156160K, 0% used [0x00000007a2280000,0x00000007a2280000,0x00000007abb00000)
 ParOldGen       total 385024K, used 352767K [0x0000000740000000, 0x0000000757800000, 0x0000000795580000)
  object space 385024K, 91% used [0x0000000740000000,0x000000075587fdb8,0x0000000757800000)
 Metaspace       used 94177K, capacity 98205K, committed 98368K, reserved 1134592K
  class space    used 12200K, capacity 13122K, committed 13144K, reserved 1048576K
Event: 4266.710 GC heap after
Heap after GC invocations=101 (full 8):
 PSYoungGen      total 366080K, used 45075K [0x0000000795580000, 0x00000007b5980000, 0x00000007c0000000)
  eden space 209920K, 0% used [0x0000000795580000,0x0000000795580000,0x00000007a2280000)
  from space 156160K, 28% used [0x00000007a2280000,0x00000007a4e84c80,0x00000007abb00000)
  to   space 150528K, 0% used [0x00000007ac680000,0x00000007ac680000,0x00000007b5980000)
 ParOldGen       total 385024K, used 352807K [0x0000000740000000, 0x0000000757800000, 0x0000000795580000)
  object space 385024K, 91% used [0x0000000740000000,0x0000000755889db8,0x0000000757800000)
 Metaspace       used 94177K, capacity 98205K, committed 98368K, reserved 1134592K
  class space    used 12200K, capacity 13122K, committed 13144K, reserved 1048576K
}
Event: 4267.117 GC heap before
{Heap before GC invocations=102 (full 8):
 PSYoungGen      total 366080K, used 254439K [0x0000000795580000, 0x00000007b5980000, 0x00000007c0000000)
  eden space 209920K, 99% used [0x0000000795580000,0x00000007a21f5280,0x00000007a2280000)
  from space 156160K, 28% used [0x00000007a2280000,0x00000007a4e84c80,0x00000007abb00000)
  to   space 150528K, 0% used [0x00000007ac680000,0x00000007ac680000,0x00000007b5980000)
 ParOldGen       total 385024K, used 352807K [0x0000000740000000, 0x0000000757800000, 0x0000000795580000)
  object space 385024K, 91% used [0x0000000740000000,0x0000000755889db8,0x0000000757800000)
 Metaspace       used 94181K, capacity 98205K, committed 98368K, reserved 1134592K
  class space    used 12200K, capacity 13122K, committed 13144K, reserved 1048576K
Event: 4267.138 GC heap after
Heap after GC invocations=102 (full 8):
 PSYoungGen      total 363520K, used 44676K [0x0000000795580000, 0x00000007b4d00000, 0x00000007c0000000)
  eden space 225792K, 0% used [0x0000000795580000,0x0000000795580000,0x00000007a3200000)
  from space 137728K, 32% used [0x00000007ac680000,0x00000007af2213a8,0x00000007b4d00000)
  to   space 144896K, 0% used [0x00000007a3200000,0x00000007a3200000,0x00000007abf80000)
 ParOldGen       total 385024K, used 353047K [0x0000000740000000, 0x0000000757800000, 0x0000000795580000)
  object space 385024K, 91% used [0x0000000740000000,0x00000007558c5dc8,0x0000000757800000)
 Metaspace       used 94181K, capacity 98205K, committed 98368K, reserved 1134592K
  class space    used 12200K, capacity 13122K, committed 13144K, reserved 1048576K
}
Event: 4267.176 GC heap before
{Heap before GC invocations=103 (full 8):
 PSYoungGen      total 363520K, used 269609K [0x0000000795580000, 0x00000007b4d00000, 0x00000007c0000000)
  eden space 225792K, 99% used [0x0000000795580000,0x00000007a3129218,0x00000007a3200000)
  from space 137728K, 32% used [0x00000007ac680000,0x00000007af2213a8,0x00000007b4d00000)
  to   space 144896K, 0% used [0x00000007a3200000,0x00000007a3200000,0x00000007abf80000)
 ParOldGen       total 385024K, used 353047K [0x0000000740000000, 0x0000000757800000, 0x0000000795580000)
  object space 385024K, 91% used [0x0000000740000000,0x00000007558c5dc8,0x0000000757800000)
 Metaspace       used 94181K, capacity 98205K, committed 98368K, reserved 1134592K
  class space    used 12200K, capacity 13122K, committed 13144K, reserved 1048576K
Event: 4267.198 GC heap after
Heap after GC invocations=103 (full 8):
 PSYoungGen      total 370688K, used 37311K [0x0000000795580000, 0x00000007b5900000, 0x00000007c0000000)
  eden space 225792K, 0% used [0x0000000795580000,0x0000000795580000,0x00000007a3200000)
  from space 144896K, 25% used [0x00000007a3200000,0x00000007a566ffa0,0x00000007abf80000)
  to   space 140288K, 0% used [0x00000007ad000000,0x00000007ad000000,0x00000007b5900000)
 ParOldGen       total 385024K, used 360204K [0x0000000740000000, 0x0000000757800000, 0x0000000795580000)
  object space 385024K, 93% used [0x0000000740000000,0x0000000755fc3088,0x0000000757800000)
 Metaspace       used 94181K, capacity 98205K, committed 98368K, reserved 1134592K
  class space    used 12200K, capacity 13122K, committed 13144K, reserved 1048576K
}

