# JRE version: OpenJDK Runtime Environment (8.0_152-b01) (build 1.8.0_152-release-1024-b01)
# Java VM: OpenJDK 64-Bit Server VM (25.152-b01 mixed mode bsd-amd64 compressed oops)
Heap:
 PSYoungGen      total 465920K, used 112918K [0x0000000795580000, 0x00000007c0000000, 0x00000007c0000000)
  eden space 232960K, 0% used [0x0000000795580000,0x0000000795580000,0x00000007a3900000)
  from space 232960K, 48% used [0x00000007a3900000,0x00000007aa745b70,0x00000007b1c80000)
  to   space 232960K, 0% used [0x00000007b1c80000,0x00000007b1c80000,0x00000007c0000000)
 ParOldGen       total 797184K, used 789479K [0x0000000740000000, 0x0000000770a80000, 0x0000000795580000)
  object space 797184K, 99% used [0x0000000740000000,0x00000007702f9db8,0x0000000770a80000)
 Metaspace       used 68304K, capacity 71178K, committed 71424K, reserved 1110016K
  class space    used 9241K, capacity 9927K, committed 9984K, reserved 1048576K
GC Heap History (10 events):
Event: 70.644 GC heap after
Heap after GC invocations=35 (full 8):
 PSYoungGen      total 498176K, used 94467K [0x0000000795580000, 0x00000007c0000000, 0x00000007c0000000)
  eden space 297472K, 0% used [0x0000000795580000,0x0000000795580000,0x00000007a7800000)
  from space 200704K, 47% used [0x00000007a7800000,0x00000007ad440e38,0x00000007b3c00000)
  to   space 195072K, 0% used [0x00000007b4180000,0x00000007b4180000,0x00000007c0000000)
 ParOldGen       total 797184K, used 651965K [0x0000000740000000, 0x0000000770a80000, 0x0000000795580000)
  object space 797184K, 81% used [0x0000000740000000,0x0000000767caf688,0x0000000770a80000)
 Metaspace       used 68243K, capacity 71114K, committed 71424K, reserved 1110016K
  class space    used 9240K, capacity 9927K, committed 9984K, reserved 1048576K
}
Event: 71.734 GC heap before
{Heap before GC invocations=36 (full 8):
 PSYoungGen      total 498176K, used 391939K [0x0000000795580000, 0x00000007c0000000, 0x00000007c0000000)
  eden space 297472K, 100% used [0x0000000795580000,0x00000007a7800000,0x00000007a7800000)
  from space 200704K, 47% used [0x00000007a7800000,0x00000007ad440e38,0x00000007b3c00000)
  to   space 195072K, 0% used [0x00000007b4180000,0x00000007b4180000,0x00000007c0000000)
 ParOldGen       total 797184K, used 651965K [0x0000000740000000, 0x0000000770a80000, 0x0000000795580000)
  object space 797184K, 81% used [0x0000000740000000,0x0000000767caf688,0x0000000770a80000)
 Metaspace       used 68280K, capacity 71178K, committed 71424K, reserved 1110016K
  class space    used 9241K, capacity 9927K, committed 9984K, reserved 1048576K
Event: 72.008 GC heap after
Heap after GC invocations=36 (full 8):
 PSYoungGen      total 481280K, used 139541K [0x0000000795580000, 0x00000007c0000000, 0x00000007c0000000)
  eden space 286208K, 0% used [0x0000000795580000,0x0000000795580000,0x00000007a6d00000)
  from space 195072K, 71% used [0x00000007b4180000,0x00000007bc9c54f0,0x00000007c0000000)
  to   space 206336K, 0% used [0x00000007a6d00000,0x00000007a6d00000,0x00000007b3680000)
 ParOldGen       total 797184K, used 651973K [0x0000000740000000, 0x0000000770a80000, 0x0000000795580000)
  object space 797184K, 81% used [0x0000000740000000,0x0000000767cb1688,0x0000000770a80000)
 Metaspace       used 68280K, capacity 71178K, committed 71424K, reserved 1110016K
  class space    used 9241K, capacity 9927K, committed 9984K, reserved 1048576K
}
Event: 72.637 GC heap before
{Heap before GC invocations=37 (full 8):
 PSYoungGen      total 481280K, used 425749K [0x0000000795580000, 0x00000007c0000000, 0x00000007c0000000)
  eden space 286208K, 100% used [0x0000000795580000,0x00000007a6d00000,0x00000007a6d00000)
  from space 195072K, 71% used [0x00000007b4180000,0x00000007bc9c54f0,0x00000007c0000000)
  to   space 206336K, 0% used [0x00000007a6d00000,0x00000007a6d00000,0x00000007b3680000)
 ParOldGen       total 797184K, used 651973K [0x0000000740000000, 0x0000000770a80000, 0x0000000795580000)
  object space 797184K, 81% used [0x0000000740000000,0x0000000767cb1688,0x0000000770a80000)
 Metaspace       used 68303K, capacity 71178K, committed 71424K, reserved 1110016K
  class space    used 9241K, capacity 9927K, committed 9984K, reserved 1048576K
Event: 73.025 GC heap after
Heap after GC invocations=37 (full 8):
 PSYoungGen      total 467968K, used 181667K [0x0000000795580000, 0x00000007c0000000, 0x00000007c0000000)
  eden space 286208K, 0% used [0x0000000795580000,0x0000000795580000,0x00000007a6d00000)
  from space 181760K, 99% used [0x00000007a6d00000,0x00000007b1e68e08,0x00000007b1e80000)
  to   space 230400K, 0% used [0x00000007b1f00000,0x00000007b1f00000,0x00000007c0000000)
 ParOldGen       total 797184K, used 651973K [0x0000000740000000, 0x0000000770a80000, 0x0000000795580000)
  object space 797184K, 81% used [0x0000000740000000,0x0000000767cb1688,0x0000000770a80000)
 Metaspace       used 68303K, capacity 71178K, committed 71424K, reserved 1110016K
  class space    used 9241K, capacity 9927K, committed 9984K, reserved 1048576K
}
Event: 73.673 GC heap before
{Heap before GC invocations=38 (full 8):
 PSYoungGen      total 467968K, used 467875K [0x0000000795580000, 0x00000007c0000000, 0x00000007c0000000)
  eden space 286208K, 100% used [0x0000000795580000,0x00000007a6d00000,0x00000007a6d00000)
  from space 181760K, 99% used [0x00000007a6d00000,0x00000007b1e68e08,0x00000007b1e80000)
  to   space 230400K, 0% used [0x00000007b1f00000,0x00000007b1f00000,0x00000007c0000000)
 ParOldGen       total 797184K, used 651973K [0x0000000740000000, 0x0000000770a80000, 0x0000000795580000)
  object space 797184K, 81% used [0x0000000740000000,0x0000000767cb1688,0x0000000770a80000)
 Metaspace       used 68303K, capacity 71178K, committed 71424K, reserved 1110016K
  class space    used 9241K, capacity 9927K, committed 9984K, reserved 1048576K
Event: 74.063 GC heap after
Heap after GC invocations=38 (full 8):
 PSYoungGen      total 463360K, used 178294K [0x0000000795580000, 0x00000007c0000000, 0x00000007c0000000)
  eden space 232960K, 0% used [0x0000000795580000,0x0000000795580000,0x00000007a3900000)
  from space 230400K, 77% used [0x00000007b1f00000,0x00000007bcd1db08,0x00000007c0000000)
  to   space 232960K, 0% used [0x00000007a3900000,0x00000007a3900000,0x00000007b1c80000)
 ParOldGen       total 797184K, used 695820K [0x0000000740000000, 0x0000000770a80000, 0x0000000795580000)
  object space 797184K, 87% used [0x0000000740000000,0x000000076a783080,0x0000000770a80000)
 Metaspace       used 68303K, capacity 71178K, committed 71424K, reserved 1110016K
  class space    used 9241K, capacity 9927K, committed 9984K, reserved 1048576K
}
Event: 74.548 GC heap before
{Heap before GC invocations=39 (full 8):
 PSYoungGen      total 463360K, used 411254K [0x0000000795580000, 0x00000007c0000000, 0x00000007c0000000)
  eden space 232960K, 100% used [0x0000000795580000,0x00000007a3900000,0x00000007a3900000)
  from space 230400K, 77% used [0x00000007b1f00000,0x00000007bcd1db08,0x00000007c0000000)
  to   space 232960K, 0% used [0x00000007a3900000,0x00000007a3900000,0x00000007b1c80000)
 ParOldGen       total 797184K, used 695820K [0x0000000740000000, 0x0000000770a80000, 0x0000000795580000)
  object space 797184K, 87% used [0x0000000740000000,0x000000076a783080,0x0000000770a80000)
 Metaspace       used 68304K, capacity 71178K, committed 71424K, reserved 1110016K
  class space    used 9241K, capacity 9927K, committed 9984K, reserved 1048576K
Event: 74.991 GC heap after
Heap after GC invocations=39 (full 8):
 PSYoungGen      total 465920K, used 112918K [0x0000000795580000, 0x00000007c0000000, 0x00000007c0000000)
  eden space 232960K, 0% used [0x0000000795580000,0x0000000795580000,0x00000007a3900000)
  from space 232960K, 48% used [0x00000007a3900000,0x00000007aa745b70,0x00000007b1c80000)
  to   space 232960K, 0% used [0x00000007b1c80000,0x00000007b1c80000,0x00000007c0000000)
 ParOldGen       total 797184K, used 789479K [0x0000000740000000, 0x0000000770a80000, 0x0000000795580000)
  object space 797184K, 99% used [0x0000000740000000,0x00000007702f9db8,0x0000000770a80000)
 Metaspace       used 68304K, capacity 71178K, committed 71424K, reserved 1110016K
  class space    used 9241K, capacity 9927K, committed 9984K, reserved 1048576K
}
Event: 74.991 GC heap before
{Heap before GC invocations=40 (full 9):
 PSYoungGen      total 465920K, used 112918K [0x0000000795580000, 0x00000007c0000000, 0x00000007c0000000)
  eden space 232960K, 0% used [0x0000000795580000,0x0000000795580000,0x00000007a3900000)
  from space 232960K, 48% used [0x00000007a3900000,0x00000007aa745b70,0x00000007b1c80000)
  to   space 232960K, 0% used [0x00000007b1c80000,0x00000007b1c80000,0x00000007c0000000)
 ParOldGen       total 797184K, used 789479K [0x0000000740000000, 0x0000000770a80000, 0x0000000795580000)
  object space 797184K, 99% used [0x0000000740000000,0x00000007702f9db8,0x0000000770a80000)
 Metaspace       used 68304K, capacity 71178K, committed 71424K, reserved 1110016K
  class space    used 9241K, capacity 9927K, committed 9984K, reserved 1048576K

