# JRE version: OpenJDK Runtime Environment (8.0_152-b01) (build 1.8.0_152-release-1024-b01)
# Java VM: OpenJDK 64-Bit Server VM (25.152-b01 mixed mode bsd-amd64 compressed oops)
Heap:
 PSYoungGen      total 620544K, used 294473K [0x0000000795580000, 0x00000007bfa00000, 0x00000007c0000000)
  eden space 553472K, 49% used [0x0000000795580000,0x00000007a5fb7200,0x00000007b7200000)
  from space 67072K, 32% used [0x00000007bb880000,0x00000007bcddb320,0x00000007bfa00000)
  to   space 69632K, 0% used [0x00000007b7200000,0x00000007b7200000,0x00000007bb600000)
 ParOldGen       total 193024K, used 85851K [0x0000000740000000, 0x000000074bc80000, 0x0000000795580000)
  object space 193024K, 44% used [0x0000000740000000,0x00000007453d6fd8,0x000000074bc80000)
 Metaspace       used 98045K, capacity 106085K, committed 106240K, reserved 1142784K
  class space    used 12312K, capacity 13739K, committed 13824K, reserved 1048576K
GC Heap History (10 events):
Event: 14478.479 GC heap before
{Heap before GC invocations=54 (full 8):
 PSYoungGen      total 620032K, used 554195K [0x0000000795580000, 0x00000007bfe00000, 0x00000007c0000000)
  eden space 544256K, 100% used [0x0000000795580000,0x00000007b6900000,0x00000007b6900000)
  from space 75776K, 13% used [0x00000007b6900000,0x00000007b72b4e58,0x00000007bb300000)
  to   space 76288K, 0% used [0x00000007bb380000,0x00000007bb380000,0x00000007bfe00000)
 ParOldGen       total 193024K, used 85811K [0x0000000740000000, 0x000000074bc80000, 0x0000000795580000)
  object space 193024K, 44% used [0x0000000740000000,0x00000007453ccfd8,0x000000074bc80000)
 Metaspace       used 97236K, capacity 105189K, committed 105728K, reserved 1140736K
  class space    used 12215K, capacity 13629K, committed 13824K, reserved 1048576K
Event: 14478.797 GC heap after
Heap after GC invocations=54 (full 8):
 PSYoungGen      total 613376K, used 57317K [0x0000000795580000, 0x00000007c0000000, 0x00000007c0000000)
  eden space 537088K, 0% used [0x0000000795580000,0x0000000795580000,0x00000007b6200000)
  from space 76288K, 75% used [0x00000007bb380000,0x00000007beb794e0,0x00000007bfe00000)
  to   space 80896K, 0% used [0x00000007b6200000,0x00000007b6200000,0x00000007bb100000)
 ParOldGen       total 193024K, used 85819K [0x0000000740000000, 0x000000074bc80000, 0x0000000795580000)
  object space 193024K, 44% used [0x0000000740000000,0x00000007453cefd8,0x000000074bc80000)
 Metaspace       used 97236K, capacity 105189K, committed 105728K, reserved 1140736K
  class space    used 12215K, capacity 13629K, committed 13824K, reserved 1048576K
}
Event: 14523.250 GC heap before
{Heap before GC invocations=55 (full 8):
 PSYoungGen      total 613376K, used 594405K [0x0000000795580000, 0x00000007c0000000, 0x00000007c0000000)
  eden space 537088K, 100% used [0x0000000795580000,0x00000007b6200000,0x00000007b6200000)
  from space 76288K, 75% used [0x00000007bb380000,0x00000007beb794e0,0x00000007bfe00000)
  to   space 80896K, 0% used [0x00000007b6200000,0x00000007b6200000,0x00000007bb100000)
 ParOldGen       total 193024K, used 85819K [0x0000000740000000, 0x000000074bc80000, 0x0000000795580000)
  object space 193024K, 44% used [0x0000000740000000,0x00000007453cefd8,0x000000074bc80000)
 Metaspace       used 97379K, capacity 105277K, committed 105728K, reserved 1140736K
  class space    used 12225K, capacity 13637K, committed 13824K, reserved 1048576K
Event: 14523.370 GC heap after
Heap after GC invocations=55 (full 8):
 PSYoungGen      total 617984K, used 29842K [0x0000000795580000, 0x00000007bfd80000, 0x00000007c0000000)
  eden space 537088K, 0% used [0x0000000795580000,0x0000000795580000,0x00000007b6200000)
  from space 80896K, 36% used [0x00000007b6200000,0x00000007b7f24a20,0x00000007bb100000)
  to   space 77312K, 0% used [0x00000007bb200000,0x00000007bb200000,0x00000007bfd80000)
 ParOldGen       total 193024K, used 85827K [0x0000000740000000, 0x000000074bc80000, 0x0000000795580000)
  object space 193024K, 44% used [0x0000000740000000,0x00000007453d0fd8,0x000000074bc80000)
 Metaspace       used 97379K, capacity 105277K, committed 105728K, reserved 1140736K
  class space    used 12225K, capacity 13637K, committed 13824K, reserved 1048576K
}
Event: 14529.955 GC heap before
{Heap before GC invocations=56 (full 8):
 PSYoungGen      total 617984K, used 566930K [0x0000000795580000, 0x00000007bfd80000, 0x00000007c0000000)
  eden space 537088K, 100% used [0x0000000795580000,0x00000007b6200000,0x00000007b6200000)
  from space 80896K, 36% used [0x00000007b6200000,0x00000007b7f24a20,0x00000007bb100000)
  to   space 77312K, 0% used [0x00000007bb200000,0x00000007bb200000,0x00000007bfd80000)
 ParOldGen       total 193024K, used 85827K [0x0000000740000000, 0x000000074bc80000, 0x0000000795580000)
  object space 193024K, 44% used [0x0000000740000000,0x00000007453d0fd8,0x000000074bc80000)
 Metaspace       used 97591K, capacity 105565K, committed 105728K, reserved 1140736K
  class space    used 12262K, capacity 13669K, committed 13824K, reserved 1048576K
Event: 14530.005 GC heap after
Heap after GC invocations=56 (full 8):
 PSYoungGen      total 610816K, used 28880K [0x0000000795580000, 0x00000007bf680000, 0x00000007c0000000)
  eden space 540672K, 0% used [0x0000000795580000,0x0000000795580000,0x00000007b6580000)
  from space 70144K, 41% used [0x00000007bb200000,0x00000007bce34168,0x00000007bf680000)
  to   space 74240K, 0% used [0x00000007b6580000,0x00000007b6580000,0x00000007bae00000)
 ParOldGen       total 193024K, used 85835K [0x0000000740000000, 0x000000074bc80000, 0x0000000795580000)
  object space 193024K, 44% used [0x0000000740000000,0x00000007453d2fd8,0x000000074bc80000)
 Metaspace       used 97591K, capacity 105565K, committed 105728K, reserved 1140736K
  class space    used 12262K, capacity 13669K, committed 13824K, reserved 1048576K
}
Event: 14950.008 GC heap before
{Heap before GC invocations=57 (full 8):
 PSYoungGen      total 610816K, used 569552K [0x0000000795580000, 0x00000007bf680000, 0x00000007c0000000)
  eden space 540672K, 100% used [0x0000000795580000,0x00000007b6580000,0x00000007b6580000)
  from space 70144K, 41% used [0x00000007bb200000,0x00000007bce34168,0x00000007bf680000)
  to   space 74240K, 0% used [0x00000007b6580000,0x00000007b6580000,0x00000007bae00000)
 ParOldGen       total 193024K, used 85835K [0x0000000740000000, 0x000000074bc80000, 0x0000000795580000)
  object space 193024K, 44% used [0x0000000740000000,0x00000007453d2fd8,0x000000074bc80000)
 Metaspace       used 97871K, capacity 105891K, committed 106240K, reserved 1142784K
  class space    used 12301K, capacity 13718K, committed 13824K, reserved 1048576K
Event: 14950.194 GC heap after
Heap after GC invocations=57 (full 8):
 PSYoungGen      total 614912K, used 28494K [0x0000000795580000, 0x00000007bfe00000, 0x00000007c0000000)
  eden space 540672K, 0% used [0x0000000795580000,0x0000000795580000,0x00000007b6580000)
  from space 74240K, 38% used [0x00000007b6580000,0x00000007b8153888,0x00000007bae00000)
  to   space 71168K, 0% used [0x00000007bb880000,0x00000007bb880000,0x00000007bfe00000)
 ParOldGen       total 193024K, used 85843K [0x0000000740000000, 0x000000074bc80000, 0x0000000795580000)
  object space 193024K, 44% used [0x0000000740000000,0x00000007453d4fd8,0x000000074bc80000)
 Metaspace       used 97871K, capacity 105891K, committed 106240K, reserved 1142784K
  class space    used 12301K, capacity 13718K, committed 13824K, reserved 1048576K
}
Event: 15290.685 GC heap before
{Heap before GC invocations=58 (full 8):
 PSYoungGen      total 614912K, used 569166K [0x0000000795580000, 0x00000007bfe00000, 0x00000007c0000000)
  eden space 540672K, 100% used [0x0000000795580000,0x00000007b6580000,0x00000007b6580000)
  from space 74240K, 38% used [0x00000007b6580000,0x00000007b8153888,0x00000007bae00000)
  to   space 71168K, 0% used [0x00000007bb880000,0x00000007bb880000,0x00000007bfe00000)
 ParOldGen       total 193024K, used 85843K [0x0000000740000000, 0x000000074bc80000, 0x0000000795580000)
  object space 193024K, 44% used [0x0000000740000000,0x00000007453d4fd8,0x000000074bc80000)
 Metaspace       used 98018K, capacity 106081K, committed 106240K, reserved 1142784K
  class space    used 12312K, capacity 13739K, committed 13824K, reserved 1048576K
Event: 15290.943 GC heap after
Heap after GC invocations=58 (full 8):
 PSYoungGen      total 620544K, used 21868K [0x0000000795580000, 0x00000007bfa00000, 0x00000007c0000000)
  eden space 553472K, 0% used [0x0000000795580000,0x0000000795580000,0x00000007b7200000)
  from space 67072K, 32% used [0x00000007bb880000,0x00000007bcddb320,0x00000007bfa00000)
  to   space 69632K, 0% used [0x00000007b7200000,0x00000007b7200000,0x00000007bb600000)
 ParOldGen       total 193024K, used 85851K [0x0000000740000000, 0x000000074bc80000, 0x0000000795580000)
  object space 193024K, 44% used [0x0000000740000000,0x00000007453d6fd8,0x000000074bc80000)
 Metaspace       used 98018K, capacity 106081K, committed 106240K, reserved 1142784K
  class space    used 12312K, capacity 13739K, committed 13824K, reserved 1048576K
}

