# JRE version: OpenJDK Runtime Environment (8.0_152-b01) (build 1.8.0_152-release-1024-b01)
# Java VM: OpenJDK 64-Bit Server VM (25.152-b01 mixed mode bsd-amd64 compressed oops)
Heap:
 PSYoungGen      total 381952K, used 120290K [0x0000000795580000, 0x00000007bab00000, 0x00000007c0000000)
  eden space 261632K, 0% used [0x0000000795580000,0x0000000795580000,0x00000007a5500000)
  from space 120320K, 99% used [0x00000007aeb80000,0x00000007b60f89b8,0x00000007b6100000)
  to   space 154112K, 0% used [0x00000007a5500000,0x00000007a5500000,0x00000007aeb80000)
 ParOldGen       total 288256K, used 262316K [0x0000000740000000, 0x0000000751980000, 0x0000000795580000)
  object space 288256K, 91% used [0x0000000740000000,0x000000075002b248,0x0000000751980000)
 Metaspace       used 95045K, capacity 98137K, committed 98432K, reserved 1136640K
  class space    used 11079K, capacity 11788K, committed 11904K, reserved 1048576K
GC Heap History (10 events):
Event: 69.386 GC heap after
Heap after GC invocations=33 (full 7):
 PSYoungGen      total 332288K, used 52724K [0x0000000795580000, 0x00000007ae580000, 0x00000007c0000000)
  eden space 263168K, 0% used [0x0000000795580000,0x0000000795580000,0x00000007a5680000)
  from space 69120K, 76% used [0x00000007a9e00000,0x00000007ad17d2b0,0x00000007ae180000)
  to   space 73216K, 0% used [0x00000007a5680000,0x00000007a5680000,0x00000007a9e00000)
 ParOldGen       total 288256K, used 159167K [0x0000000740000000, 0x0000000751980000, 0x0000000795580000)
  object space 288256K, 55% used [0x0000000740000000,0x0000000749b6fea8,0x0000000751980000)
 Metaspace       used 80749K, capacity 82601K, committed 82816K, reserved 1122304K
  class space    used 9333K, capacity 9778K, committed 9856K, reserved 1048576K
}
Event: 1450.122 GC heap before
{Heap before GC invocations=34 (full 7):
 PSYoungGen      total 332288K, used 315892K [0x0000000795580000, 0x00000007ae580000, 0x00000007c0000000)
  eden space 263168K, 100% used [0x0000000795580000,0x00000007a5680000,0x00000007a5680000)
  from space 69120K, 76% used [0x00000007a9e00000,0x00000007ad17d2b0,0x00000007ae180000)
  to   space 73216K, 0% used [0x00000007a5680000,0x00000007a5680000,0x00000007a9e00000)
 ParOldGen       total 288256K, used 159167K [0x0000000740000000, 0x0000000751980000, 0x0000000795580000)
  object space 288256K, 55% used [0x0000000740000000,0x0000000749b6fea8,0x0000000751980000)
 Metaspace       used 82584K, capacity 84909K, committed 85120K, reserved 1124352K
  class space    used 9508K, capacity 10034K, committed 10112K, reserved 1048576K
Event: 1450.616 GC heap after
Heap after GC invocations=34 (full 7):
 PSYoungGen      total 336384K, used 71014K [0x0000000795580000, 0x00000007b1080000, 0x00000007c0000000)
  eden space 263168K, 0% used [0x0000000795580000,0x0000000795580000,0x00000007a5680000)
  from space 73216K, 96% used [0x00000007a5680000,0x00000007a9bd9b70,0x00000007a9e00000)
  to   space 82432K, 0% used [0x00000007ac000000,0x00000007ac000000,0x00000007b1080000)
 ParOldGen       total 288256K, used 159175K [0x0000000740000000, 0x0000000751980000, 0x0000000795580000)
  object space 288256K, 55% used [0x0000000740000000,0x0000000749b71ea8,0x0000000751980000)
 Metaspace       used 82584K, capacity 84909K, committed 85120K, reserved 1124352K
  class space    used 9508K, capacity 10034K, committed 10112K, reserved 1048576K
}
Event: 1456.932 GC heap before
{Heap before GC invocations=35 (full 7):
 PSYoungGen      total 336384K, used 334182K [0x0000000795580000, 0x00000007b1080000, 0x00000007c0000000)
  eden space 263168K, 100% used [0x0000000795580000,0x00000007a5680000,0x00000007a5680000)
  from space 73216K, 96% used [0x00000007a5680000,0x00000007a9bd9b70,0x00000007a9e00000)
  to   space 82432K, 0% used [0x00000007ac000000,0x00000007ac000000,0x00000007b1080000)
 ParOldGen       total 288256K, used 159175K [0x0000000740000000, 0x0000000751980000, 0x0000000795580000)
  object space 288256K, 55% used [0x0000000740000000,0x0000000749b71ea8,0x0000000751980000)
 Metaspace       used 84156K, capacity 86699K, committed 86912K, reserved 1126400K
  class space    used 9655K, capacity 10251K, committed 10368K, reserved 1048576K
Event: 1457.315 GC heap after
Heap after GC invocations=35 (full 7):
 PSYoungGen      total 345600K, used 82402K [0x0000000795580000, 0x00000007b4680000, 0x00000007c0000000)
  eden space 263168K, 0% used [0x0000000795580000,0x0000000795580000,0x00000007a5680000)
  from space 82432K, 99% used [0x00000007ac000000,0x00000007b1078898,0x00000007b1080000)
  to   space 108032K, 0% used [0x00000007a5680000,0x00000007a5680000,0x00000007ac000000)
 ParOldGen       total 288256K, used 194899K [0x0000000740000000, 0x0000000751980000, 0x0000000795580000)
  object space 288256K, 67% used [0x0000000740000000,0x000000074be54e78,0x0000000751980000)
 Metaspace       used 84156K, capacity 86699K, committed 86912K, reserved 1126400K
  class space    used 9655K, capacity 10251K, committed 10368K, reserved 1048576K
}
Event: 1464.870 GC heap before
{Heap before GC invocations=36 (full 7):
 PSYoungGen      total 345600K, used 345570K [0x0000000795580000, 0x00000007b4680000, 0x00000007c0000000)
  eden space 263168K, 100% used [0x0000000795580000,0x00000007a5680000,0x00000007a5680000)
  from space 82432K, 99% used [0x00000007ac000000,0x00000007b1078898,0x00000007b1080000)
  to   space 108032K, 0% used [0x00000007a5680000,0x00000007a5680000,0x00000007ac000000)
 ParOldGen       total 288256K, used 194899K [0x0000000740000000, 0x0000000751980000, 0x0000000795580000)
  object space 288256K, 67% used [0x0000000740000000,0x000000074be54e78,0x0000000751980000)
 Metaspace       used 94402K, capacity 97283K, committed 97536K, reserved 1134592K
  class space    used 11017K, capacity 11701K, committed 11776K, reserved 1048576K
Event: 1465.316 GC heap after
Heap after GC invocations=36 (full 7):
 PSYoungGen      total 371200K, used 96147K [0x0000000795580000, 0x00000007b6100000, 0x00000007c0000000)
  eden space 263168K, 0% used [0x0000000795580000,0x0000000795580000,0x00000007a5680000)
  from space 108032K, 88% used [0x00000007a5680000,0x00000007ab464d38,0x00000007ac000000)
  to   space 120320K, 0% used [0x00000007aeb80000,0x00000007aeb80000,0x00000007b6100000)
 ParOldGen       total 288256K, used 221057K [0x0000000740000000, 0x0000000751980000, 0x0000000795580000)
  object space 288256K, 76% used [0x0000000740000000,0x000000074d7e06f0,0x0000000751980000)
 Metaspace       used 94402K, capacity 97283K, committed 97536K, reserved 1134592K
  class space    used 11017K, capacity 11701K, committed 11776K, reserved 1048576K
}
Event: 1469.475 GC heap before
{Heap before GC invocations=37 (full 7):
 PSYoungGen      total 371200K, used 359315K [0x0000000795580000, 0x00000007b6100000, 0x00000007c0000000)
  eden space 263168K, 100% used [0x0000000795580000,0x00000007a5680000,0x00000007a5680000)
  from space 108032K, 88% used [0x00000007a5680000,0x00000007ab464d38,0x00000007ac000000)
  to   space 120320K, 0% used [0x00000007aeb80000,0x00000007aeb80000,0x00000007b6100000)
 ParOldGen       total 288256K, used 221057K [0x0000000740000000, 0x0000000751980000, 0x0000000795580000)
  object space 288256K, 76% used [0x0000000740000000,0x000000074d7e06f0,0x0000000751980000)
 Metaspace       used 95045K, capacity 98137K, committed 98432K, reserved 1136640K
  class space    used 11079K, capacity 11788K, committed 11904K, reserved 1048576K
Event: 1470.096 GC heap after
Heap after GC invocations=37 (full 7):
 PSYoungGen      total 381952K, used 120290K [0x0000000795580000, 0x00000007bab00000, 0x00000007c0000000)
  eden space 261632K, 0% used [0x0000000795580000,0x0000000795580000,0x00000007a5500000)
  from space 120320K, 99% used [0x00000007aeb80000,0x00000007b60f89b8,0x00000007b6100000)
  to   space 154112K, 0% used [0x00000007a5500000,0x00000007a5500000,0x00000007aeb80000)
 ParOldGen       total 288256K, used 262316K [0x0000000740000000, 0x0000000751980000, 0x0000000795580000)
  object space 288256K, 91% used [0x0000000740000000,0x000000075002b248,0x0000000751980000)
 Metaspace       used 95045K, capacity 98137K, committed 98432K, reserved 1136640K
  class space    used 11079K, capacity 11788K, committed 11904K, reserved 1048576K
}
Event: 1470.096 GC heap before
{Heap before GC invocations=38 (full 8):
 PSYoungGen      total 381952K, used 120290K [0x0000000795580000, 0x00000007bab00000, 0x00000007c0000000)
  eden space 261632K, 0% used [0x0000000795580000,0x0000000795580000,0x00000007a5500000)
  from space 120320K, 99% used [0x00000007aeb80000,0x00000007b60f89b8,0x00000007b6100000)
  to   space 154112K, 0% used [0x00000007a5500000,0x00000007a5500000,0x00000007aeb80000)
 ParOldGen       total 288256K, used 262316K [0x0000000740000000, 0x0000000751980000, 0x0000000795580000)
  object space 288256K, 91% used [0x0000000740000000,0x000000075002b248,0x0000000751980000)
 Metaspace       used 95045K, capacity 98137K, committed 98432K, reserved 1136640K
  class space    used 11079K, capacity 11788K, committed 11904K, reserved 1048576K

