# JRE version: OpenJDK Runtime Environment (8.0_152-b01) (build 1.8.0_152-release-1024-b01)
# Java VM: OpenJDK 64-Bit Server VM (25.152-b01 mixed mode bsd-amd64 compressed oops)
Heap:
 PSYoungGen      total 62464K, used 62135K [0x0000000795580000, 0x000000079a400000, 0x00000007c0000000)
  eden space 55296K, 100% used [0x0000000795580000,0x0000000798b80000,0x0000000798b80000)
  from space 7168K, 95% used [0x0000000799d00000,0x000000079a3adfe8,0x000000079a400000)
  to   space 8192K, 99% used [0x0000000799400000,0x0000000799bfec68,0x0000000799c00000)
 ParOldGen       total 33280K, used 7879K [0x0000000740000000, 0x0000000742080000, 0x0000000795580000)
  object space 33280K, 23% used [0x0000000740000000,0x00000007407b1f50,0x0000000742080000)
 Metaspace       used 31991K, capacity 32398K, committed 32944K, reserved 1077248K
  class space    used 4045K, capacity 4173K, committed 4272K, reserved 1048576K
GC Heap History (10 events):
Event: 2.772 GC heap after
Heap after GC invocations=3 (full 0):
 PSYoungGen      total 18944K, used 2560K [0x0000000795580000, 0x0000000797a80000, 0x00000007c0000000)
  eden space 16384K, 0% used [0x0000000795580000,0x0000000795580000,0x0000000796580000)
  from space 2560K, 100% used [0x0000000796580000,0x0000000796800000,0x0000000796800000)
  to   space 2560K, 0% used [0x0000000797800000,0x0000000797800000,0x0000000797a80000)
 ParOldGen       total 44032K, used 7666K [0x0000000740000000, 0x0000000742b00000, 0x0000000795580000)
  object space 44032K, 17% used [0x0000000740000000,0x000000074077c958,0x0000000742b00000)
 Metaspace       used 15429K, capacity 15698K, committed 16000K, reserved 1062912K
  class space    used 1809K, capacity 1887K, committed 1920K, reserved 1048576K
}
Event: 3.040 GC heap before
{Heap before GC invocations=4 (full 0):
 PSYoungGen      total 18944K, used 18944K [0x0000000795580000, 0x0000000797a80000, 0x00000007c0000000)
  eden space 16384K, 100% used [0x0000000795580000,0x0000000796580000,0x0000000796580000)
  from space 2560K, 100% used [0x0000000796580000,0x0000000796800000,0x0000000796800000)
  to   space 2560K, 0% used [0x0000000797800000,0x0000000797800000,0x0000000797a80000)
 ParOldGen       total 44032K, used 7666K [0x0000000740000000, 0x0000000742b00000, 0x0000000795580000)
  object space 44032K, 17% used [0x0000000740000000,0x000000074077c958,0x0000000742b00000)
 Metaspace       used 18929K, capacity 19178K, committed 19584K, reserved 1067008K
  class space    used 2253K, capacity 2343K, committed 2432K, reserved 1048576K
Event: 3.055 GC heap after
Heap after GC invocations=4 (full 0):
 PSYoungGen      total 35328K, used 2560K [0x0000000795580000, 0x0000000797a80000, 0x00000007c0000000)
  eden space 32768K, 0% used [0x0000000795580000,0x0000000795580000,0x0000000797580000)
  from space 2560K, 100% used [0x0000000797800000,0x0000000797a80000,0x0000000797a80000)
  to   space 2560K, 0% used [0x0000000797580000,0x0000000797580000,0x0000000797800000)
 ParOldGen       total 44032K, used 11282K [0x0000000740000000, 0x0000000742b00000, 0x0000000795580000)
  object space 44032K, 25% used [0x0000000740000000,0x0000000740b04be0,0x0000000742b00000)
 Metaspace       used 18929K, capacity 19178K, committed 19584K, reserved 1067008K
  class space    used 2253K, capacity 2343K, committed 2432K, reserved 1048576K
}
Event: 3.235 GC heap before
{Heap before GC invocations=5 (full 0):
 PSYoungGen      total 35328K, used 11432K [0x0000000795580000, 0x0000000797a80000, 0x00000007c0000000)
  eden space 32768K, 27% used [0x0000000795580000,0x0000000795e2a1d0,0x0000000797580000)
  from space 2560K, 100% used [0x0000000797800000,0x0000000797a80000,0x0000000797a80000)
  to   space 2560K, 0% used [0x0000000797580000,0x0000000797580000,0x0000000797800000)
 ParOldGen       total 44032K, used 11282K [0x0000000740000000, 0x0000000742b00000, 0x0000000795580000)
  object space 44032K, 25% used [0x0000000740000000,0x0000000740b04be0,0x0000000742b00000)
 Metaspace       used 20669K, capacity 20970K, committed 21296K, reserved 1069056K
  class space    used 2487K, capacity 2581K, committed 2608K, reserved 1048576K
Event: 3.242 GC heap after
Heap after GC invocations=5 (full 0):
 PSYoungGen      total 35328K, used 2528K [0x0000000795580000, 0x000000079a480000, 0x00000007c0000000)
  eden space 32768K, 0% used [0x0000000795580000,0x0000000795580000,0x0000000797580000)
  from space 2560K, 98% used [0x0000000797580000,0x00000007977f8040,0x0000000797800000)
  to   space 7680K, 0% used [0x0000000799d00000,0x0000000799d00000,0x000000079a480000)
 ParOldGen       total 44032K, used 13098K [0x0000000740000000, 0x0000000742b00000, 0x0000000795580000)
  object space 44032K, 29% used [0x0000000740000000,0x0000000740ccaa40,0x0000000742b00000)
 Metaspace       used 20669K, capacity 20970K, committed 21296K, reserved 1069056K
  class space    used 2487K, capacity 2581K, committed 2608K, reserved 1048576K
}
Event: 3.242 GC heap before
{Heap before GC invocations=6 (full 1):
 PSYoungGen      total 35328K, used 2528K [0x0000000795580000, 0x000000079a480000, 0x00000007c0000000)
  eden space 32768K, 0% used [0x0000000795580000,0x0000000795580000,0x0000000797580000)
  from space 2560K, 98% used [0x0000000797580000,0x00000007977f8040,0x0000000797800000)
  to   space 7680K, 0% used [0x0000000799d00000,0x0000000799d00000,0x000000079a480000)
 ParOldGen       total 44032K, used 13098K [0x0000000740000000, 0x0000000742b00000, 0x0000000795580000)
  object space 44032K, 29% used [0x0000000740000000,0x0000000740ccaa40,0x0000000742b00000)
 Metaspace       used 20669K, capacity 20970K, committed 21296K, reserved 1069056K
  class space    used 2487K, capacity 2581K, committed 2608K, reserved 1048576K
Event: 3.276 GC heap after
Heap after GC invocations=6 (full 1):
 PSYoungGen      total 35328K, used 0K [0x0000000795580000, 0x000000079a480000, 0x00000007c0000000)
  eden space 32768K, 0% used [0x0000000795580000,0x0000000795580000,0x0000000797580000)
  from space 2560K, 0% used [0x0000000797580000,0x0000000797580000,0x0000000797800000)
  to   space 7680K, 0% used [0x0000000799d00000,0x0000000799d00000,0x000000079a480000)
 ParOldGen       total 33280K, used 6607K [0x0000000740000000, 0x0000000742080000, 0x0000000795580000)
  object space 33280K, 19% used [0x0000000740000000,0x0000000740673f50,0x0000000742080000)
 Metaspace       used 20669K, capacity 20970K, committed 21296K, reserved 1069056K
  class space    used 2487K, capacity 2581K, committed 2608K, reserved 1048576K
}
Event: 4.130 GC heap before
{Heap before GC invocations=7 (full 1):
 PSYoungGen      total 35328K, used 32768K [0x0000000795580000, 0x000000079a480000, 0x00000007c0000000)
  eden space 32768K, 100% used [0x0000000795580000,0x0000000797580000,0x0000000797580000)
  from space 2560K, 0% used [0x0000000797580000,0x0000000797580000,0x0000000797800000)
  to   space 7680K, 0% used [0x0000000799d00000,0x0000000799d00000,0x000000079a480000)
 ParOldGen       total 33280K, used 6607K [0x0000000740000000, 0x0000000742080000, 0x0000000795580000)
  object space 33280K, 19% used [0x0000000740000000,0x0000000740673f50,0x0000000742080000)
 Metaspace       used 24554K, capacity 24876K, committed 25392K, reserved 1071104K
  class space    used 3128K, capacity 3260K, committed 3376K, reserved 1048576K
Event: 4.140 GC heap after
Heap after GC invocations=7 (full 1):
 PSYoungGen      total 62464K, used 6839K [0x0000000795580000, 0x000000079a400000, 0x00000007c0000000)
  eden space 55296K, 0% used [0x0000000795580000,0x0000000795580000,0x0000000798b80000)
  from space 7168K, 95% used [0x0000000799d00000,0x000000079a3adfe8,0x000000079a400000)
  to   space 8192K, 0% used [0x0000000799400000,0x0000000799400000,0x0000000799c00000)
 ParOldGen       total 33280K, used 6615K [0x0000000740000000, 0x0000000742080000, 0x0000000795580000)
  object space 33280K, 19% used [0x0000000740000000,0x0000000740675f50,0x0000000742080000)
 Metaspace       used 24554K, capacity 24876K, committed 25392K, reserved 1071104K
  class space    used 3128K, capacity 3260K, committed 3376K, reserved 1048576K
}
Event: 5.495 GC heap before
{Heap before GC invocations=8 (full 1):
 PSYoungGen      total 62464K, used 62135K [0x0000000795580000, 0x000000079a400000, 0x00000007c0000000)
  eden space 55296K, 100% used [0x0000000795580000,0x0000000798b80000,0x0000000798b80000)
  from space 7168K, 95% used [0x0000000799d00000,0x000000079a3adfe8,0x000000079a400000)
  to   space 8192K, 0% used [0x0000000799400000,0x0000000799400000,0x0000000799c00000)
 ParOldGen       total 33280K, used 6615K [0x0000000740000000, 0x0000000742080000, 0x0000000795580000)
  object space 33280K, 19% used [0x0000000740000000,0x0000000740675f50,0x0000000742080000)
 Metaspace       used 31991K, capacity 32398K, committed 32944K, reserved 1077248K
  class space    used 4045K, capacity 4173K, committed 4272K, reserved 1048576K

