# JRE version: OpenJDK Runtime Environment (8.0_152-b01) (build 1.8.0_152-release-1024-b01)
# Java VM: OpenJDK 64-Bit Server VM (25.152-b01 mixed mode bsd-amd64 compressed oops)
Heap:
 PSYoungGen      total 396288K, used 101501K [0x0000000795580000, 0x00000007b7200000, 0x00000007c0000000)
  eden space 280576K, 0% used [0x0000000795580000,0x0000000795580000,0x00000007a6780000)
  from space 115712K, 87% used [0x00000007ae500000,0x00000007b481f470,0x00000007b5600000)
  to   space 128512K, 0% used [0x00000007a6780000,0x00000007a6780000,0x00000007ae500000)
 ParOldGen       total 512512K, used 474865K [0x0000000740000000, 0x000000075f480000, 0x0000000795580000)
  object space 512512K, 92% used [0x0000000740000000,0x000000075cfbc700,0x000000075f480000)
 Metaspace       used 77322K, capacity 81845K, committed 82176K, reserved 1120256K
  class space    used 10374K, capacity 11425K, committed 11520K, reserved 1048576K
GC Heap History (10 events):
Event: 229.567 GC heap after
Heap after GC invocations=58 (full 8):
 PSYoungGen      total 321536K, used 50258K [0x0000000795580000, 0x00000007ade00000, 0x00000007c0000000)
  eden space 255488K, 0% used [0x0000000795580000,0x0000000795580000,0x00000007a4f00000)
  from space 66048K, 76% used [0x00000007a9300000,0x00000007ac414970,0x00000007ad380000)
  to   space 69632K, 0% used [0x00000007a4f00000,0x00000007a4f00000,0x00000007a9300000)
 ParOldGen       total 512512K, used 379653K [0x0000000740000000, 0x000000075f480000, 0x0000000795580000)
  object space 512512K, 74% used [0x0000000740000000,0x00000007572c1718,0x000000075f480000)
 Metaspace       used 77312K, capacity 81845K, committed 82176K, reserved 1120256K
  class space    used 10373K, capacity 11425K, committed 11520K, reserved 1048576K
}
Event: 230.349 GC heap before
{Heap before GC invocations=59 (full 8):
 PSYoungGen      total 321536K, used 305746K [0x0000000795580000, 0x00000007ade00000, 0x00000007c0000000)
  eden space 255488K, 100% used [0x0000000795580000,0x00000007a4f00000,0x00000007a4f00000)
  from space 66048K, 76% used [0x00000007a9300000,0x00000007ac414970,0x00000007ad380000)
  to   space 69632K, 0% used [0x00000007a4f00000,0x00000007a4f00000,0x00000007a9300000)
 ParOldGen       total 512512K, used 379653K [0x0000000740000000, 0x000000075f480000, 0x0000000795580000)
  object space 512512K, 74% used [0x0000000740000000,0x00000007572c1718,0x000000075f480000)
 Metaspace       used 77318K, capacity 81845K, committed 82176K, reserved 1120256K
  class space    used 10373K, capacity 11425K, committed 11520K, reserved 1048576K
Event: 230.479 GC heap after
Heap after GC invocations=59 (full 8):
 PSYoungGen      total 325120K, used 69612K [0x0000000795580000, 0x00000007b0b80000, 0x00000007c0000000)
  eden space 255488K, 0% used [0x0000000795580000,0x0000000795580000,0x00000007a4f00000)
  from space 69632K, 99% used [0x00000007a4f00000,0x00000007a92fb210,0x00000007a9300000)
  to   space 85504K, 0% used [0x00000007ab800000,0x00000007ab800000,0x00000007b0b80000)
 ParOldGen       total 512512K, used 396444K [0x0000000740000000, 0x000000075f480000, 0x0000000795580000)
  object space 512512K, 77% used [0x0000000740000000,0x0000000758327360,0x000000075f480000)
 Metaspace       used 77318K, capacity 81845K, committed 82176K, reserved 1120256K
  class space    used 10373K, capacity 11425K, committed 11520K, reserved 1048576K
}
Event: 231.228 GC heap before
{Heap before GC invocations=60 (full 8):
 PSYoungGen      total 325120K, used 325100K [0x0000000795580000, 0x00000007b0b80000, 0x00000007c0000000)
  eden space 255488K, 100% used [0x0000000795580000,0x00000007a4f00000,0x00000007a4f00000)
  from space 69632K, 99% used [0x00000007a4f00000,0x00000007a92fb210,0x00000007a9300000)
  to   space 85504K, 0% used [0x00000007ab800000,0x00000007ab800000,0x00000007b0b80000)
 ParOldGen       total 512512K, used 396444K [0x0000000740000000, 0x000000075f480000, 0x0000000795580000)
  object space 512512K, 77% used [0x0000000740000000,0x0000000758327360,0x000000075f480000)
 Metaspace       used 77321K, capacity 81845K, committed 82176K, reserved 1120256K
  class space    used 10374K, capacity 11425K, committed 11520K, reserved 1048576K
Event: 231.475 GC heap after
Heap after GC invocations=60 (full 8):
 PSYoungGen      total 353792K, used 76059K [0x0000000795580000, 0x00000007b1f80000, 0x00000007c0000000)
  eden space 268288K, 0% used [0x0000000795580000,0x0000000795580000,0x00000007a5b80000)
  from space 85504K, 88% used [0x00000007ab800000,0x00000007b0246c10,0x00000007b0b80000)
  to   space 94720K, 0% used [0x00000007a5b80000,0x00000007a5b80000,0x00000007ab800000)
 ParOldGen       total 512512K, used 425901K [0x0000000740000000, 0x000000075f480000, 0x0000000795580000)
  object space 512512K, 83% used [0x0000000740000000,0x0000000759feb538,0x000000075f480000)
 Metaspace       used 77321K, capacity 81845K, committed 82176K, reserved 1120256K
  class space    used 10374K, capacity 11425K, committed 11520K, reserved 1048576K
}
Event: 232.273 GC heap before
{Heap before GC invocations=61 (full 8):
 PSYoungGen      total 353792K, used 344347K [0x0000000795580000, 0x00000007b1f80000, 0x00000007c0000000)
  eden space 268288K, 100% used [0x0000000795580000,0x00000007a5b80000,0x00000007a5b80000)
  from space 85504K, 88% used [0x00000007ab800000,0x00000007b0246c10,0x00000007b0b80000)
  to   space 94720K, 0% used [0x00000007a5b80000,0x00000007a5b80000,0x00000007ab800000)
 ParOldGen       total 512512K, used 425901K [0x0000000740000000, 0x000000075f480000, 0x0000000795580000)
  object space 512512K, 83% used [0x0000000740000000,0x0000000759feb538,0x000000075f480000)
 Metaspace       used 77322K, capacity 81845K, committed 82176K, reserved 1120256K
  class space    used 10374K, capacity 11425K, committed 11520K, reserved 1048576K
Event: 232.427 GC heap after
Heap after GC invocations=61 (full 8):
 PSYoungGen      total 363008K, used 94705K [0x0000000795580000, 0x00000007b5600000, 0x00000007c0000000)
  eden space 268288K, 0% used [0x0000000795580000,0x0000000795580000,0x00000007a5b80000)
  from space 94720K, 99% used [0x00000007a5b80000,0x00000007ab7fc600,0x00000007ab800000)
  to   space 115712K, 0% used [0x00000007ae500000,0x00000007ae500000,0x00000007b5600000)
 ParOldGen       total 512512K, used 444396K [0x0000000740000000, 0x000000075f480000, 0x0000000795580000)
  object space 512512K, 86% used [0x0000000740000000,0x000000075b1fb380,0x000000075f480000)
 Metaspace       used 77322K, capacity 81845K, committed 82176K, reserved 1120256K
  class space    used 10374K, capacity 11425K, committed 11520K, reserved 1048576K
}
Event: 233.194 GC heap before
{Heap before GC invocations=62 (full 8):
 PSYoungGen      total 363008K, used 362993K [0x0000000795580000, 0x00000007b5600000, 0x00000007c0000000)
  eden space 268288K, 100% used [0x0000000795580000,0x00000007a5b80000,0x00000007a5b80000)
  from space 94720K, 99% used [0x00000007a5b80000,0x00000007ab7fc600,0x00000007ab800000)
  to   space 115712K, 0% used [0x00000007ae500000,0x00000007ae500000,0x00000007b5600000)
 ParOldGen       total 512512K, used 444396K [0x0000000740000000, 0x000000075f480000, 0x0000000795580000)
  object space 512512K, 86% used [0x0000000740000000,0x000000075b1fb380,0x000000075f480000)
 Metaspace       used 77322K, capacity 81845K, committed 82176K, reserved 1120256K
  class space    used 10374K, capacity 11425K, committed 11520K, reserved 1048576K
Event: 233.569 GC heap after
Heap after GC invocations=62 (full 8):
 PSYoungGen      total 396288K, used 101501K [0x0000000795580000, 0x00000007b7200000, 0x00000007c0000000)
  eden space 280576K, 0% used [0x0000000795580000,0x0000000795580000,0x00000007a6780000)
  from space 115712K, 87% used [0x00000007ae500000,0x00000007b481f470,0x00000007b5600000)
  to   space 128512K, 0% used [0x00000007a6780000,0x00000007a6780000,0x00000007ae500000)
 ParOldGen       total 512512K, used 474865K [0x0000000740000000, 0x000000075f480000, 0x0000000795580000)
  object space 512512K, 92% used [0x0000000740000000,0x000000075cfbc700,0x000000075f480000)
 Metaspace       used 77322K, capacity 81845K, committed 82176K, reserved 1120256K
  class space    used 10374K, capacity 11425K, committed 11520K, reserved 1048576K
}
Event: 233.569 GC heap before
{Heap before GC invocations=63 (full 9):
 PSYoungGen      total 396288K, used 101501K [0x0000000795580000, 0x00000007b7200000, 0x00000007c0000000)
  eden space 280576K, 0% used [0x0000000795580000,0x0000000795580000,0x00000007a6780000)
  from space 115712K, 87% used [0x00000007ae500000,0x00000007b481f470,0x00000007b5600000)
  to   space 128512K, 0% used [0x00000007a6780000,0x00000007a6780000,0x00000007ae500000)
 ParOldGen       total 512512K, used 474865K [0x0000000740000000, 0x000000075f480000, 0x0000000795580000)
  object space 512512K, 92% used [0x0000000740000000,0x000000075cfbc700,0x000000075f480000)
 Metaspace       used 77322K, capacity 81845K, committed 82176K, reserved 1120256K
  class space    used 10374K, capacity 11425K, committed 11520K, reserved 1048576K

