# JRE version: OpenJDK Runtime Environment (8.0_152-b01) (build 1.8.0_152-release-1024-b01)
# Java VM: OpenJDK 64-Bit Server VM (25.152-b01 mixed mode bsd-amd64 compressed oops)
Heap:
 PSYoungGen      total 530432K, used 0K [0x0000000795580000, 0x00000007c0000000, 0x00000007c0000000)
  eden space 433664K, 0% used [0x0000000795580000,0x0000000795580000,0x00000007afd00000)
  from space 96768K, 0% used [0x00000007afd00000,0x00000007afd00000,0x00000007b5b80000)
  to   space 136704K, 0% used [0x00000007b7a80000,0x00000007b7a80000,0x00000007c0000000)
 ParOldGen       total 342528K, used 188075K [0x0000000740000000, 0x0000000754e80000, 0x0000000795580000)
  object space 342528K, 54% used [0x0000000740000000,0x000000074b7aad00,0x0000000754e80000)
 Metaspace       used 180507K, capacity 188287K, committed 188464K, reserved 1214464K
  class space    used 22139K, capacity 24033K, committed 24112K, reserved 1048576K
GC Heap History (10 events):
Event: 1840.379 GC heap after
Heap after GC invocations=49 (full 10):
 PSYoungGen      total 564224K, used 99749K [0x0000000795580000, 0x00000007c0000000, 0x00000007c0000000)
  eden space 437760K, 0% used [0x0000000795580000,0x0000000795580000,0x00000007b0100000)
  from space 126464K, 78% used [0x00000007b0100000,0x00000007b6269438,0x00000007b7c80000)
  to   space 134144K, 0% used [0x00000007b7d00000,0x00000007b7d00000,0x00000007c0000000)
 ParOldGen       total 342528K, used 111333K [0x0000000740000000, 0x0000000754e80000, 0x0000000795580000)
  object space 342528K, 32% used [0x0000000740000000,0x0000000746cb96d8,0x0000000754e80000)
 Metaspace       used 156218K, capacity 162663K, committed 162992K, reserved 1191936K
  class space    used 19024K, capacity 20553K, committed 20656K, reserved 1048576K
}
Event: 2129.439 GC heap before
{Heap before GC invocations=50 (full 10):
 PSYoungGen      total 564224K, used 537509K [0x0000000795580000, 0x00000007c0000000, 0x00000007c0000000)
  eden space 437760K, 100% used [0x0000000795580000,0x00000007b0100000,0x00000007b0100000)
  from space 126464K, 78% used [0x00000007b0100000,0x00000007b6269438,0x00000007b7c80000)
  to   space 134144K, 0% used [0x00000007b7d00000,0x00000007b7d00000,0x00000007c0000000)
 ParOldGen       total 342528K, used 111333K [0x0000000740000000, 0x0000000754e80000, 0x0000000795580000)
  object space 342528K, 32% used [0x0000000740000000,0x0000000746cb96d8,0x0000000754e80000)
 Metaspace       used 166397K, capacity 173295K, committed 173360K, reserved 1200128K
  class space    used 20348K, capacity 22007K, committed 22064K, reserved 1048576K
Event: 2130.179 GC heap after
Heap after GC invocations=50 (full 10):
 PSYoungGen      total 567296K, used 76795K [0x0000000795580000, 0x00000007c0000000, 0x00000007c0000000)
  eden space 433152K, 0% used [0x0000000795580000,0x0000000795580000,0x00000007afc80000)
  from space 134144K, 57% used [0x00000007b7d00000,0x00000007bc7fecd0,0x00000007c0000000)
  to   space 131584K, 0% used [0x00000007afc80000,0x00000007afc80000,0x00000007b7d00000)
 ParOldGen       total 342528K, used 206331K [0x0000000740000000, 0x0000000754e80000, 0x0000000795580000)
  object space 342528K, 60% used [0x0000000740000000,0x000000074c97ecb0,0x0000000754e80000)
 Metaspace       used 166397K, capacity 173295K, committed 173360K, reserved 1200128K
  class space    used 20348K, capacity 22007K, committed 22064K, reserved 1048576K
}
Event: 2135.521 GC heap before
{Heap before GC invocations=51 (full 10):
 PSYoungGen      total 567296K, used 509947K [0x0000000795580000, 0x00000007c0000000, 0x00000007c0000000)
  eden space 433152K, 100% used [0x0000000795580000,0x00000007afc80000,0x00000007afc80000)
  from space 134144K, 57% used [0x00000007b7d00000,0x00000007bc7fecd0,0x00000007c0000000)
  to   space 131584K, 0% used [0x00000007afc80000,0x00000007afc80000,0x00000007b7d00000)
 ParOldGen       total 342528K, used 206331K [0x0000000740000000, 0x0000000754e80000, 0x0000000795580000)
  object space 342528K, 60% used [0x0000000740000000,0x000000074c97ecb0,0x0000000754e80000)
 Metaspace       used 168401K, capacity 175535K, committed 175664K, reserved 1202176K
  class space    used 20591K, capacity 22301K, committed 22320K, reserved 1048576K
Event: 2135.590 GC heap after
Heap after GC invocations=51 (full 10):
 PSYoungGen      total 442368K, used 9178K [0x0000000795580000, 0x00000007c0000000, 0x00000007c0000000)
  eden space 433152K, 0% used [0x0000000795580000,0x0000000795580000,0x00000007afc80000)
  from space 9216K, 99% used [0x00000007afc80000,0x00000007b05769e0,0x00000007b0580000)
  to   space 134656K, 0% used [0x00000007b7c80000,0x00000007b7c80000,0x00000007c0000000)
 ParOldGen       total 342528K, used 210608K [0x0000000740000000, 0x0000000754e80000, 0x0000000795580000)
  object space 342528K, 61% used [0x0000000740000000,0x000000074cdac2a0,0x0000000754e80000)
 Metaspace       used 168401K, capacity 175535K, committed 175664K, reserved 1202176K
  class space    used 20591K, capacity 22301K, committed 22320K, reserved 1048576K
}
Event: 2642.147 GC heap before
{Heap before GC invocations=52 (full 10):
 PSYoungGen      total 442368K, used 442330K [0x0000000795580000, 0x00000007c0000000, 0x00000007c0000000)
  eden space 433152K, 100% used [0x0000000795580000,0x00000007afc80000,0x00000007afc80000)
  from space 9216K, 99% used [0x00000007afc80000,0x00000007b05769e0,0x00000007b0580000)
  to   space 134656K, 0% used [0x00000007b7c80000,0x00000007b7c80000,0x00000007c0000000)
 ParOldGen       total 342528K, used 210608K [0x0000000740000000, 0x0000000754e80000, 0x0000000795580000)
  object space 342528K, 61% used [0x0000000740000000,0x000000074cdac2a0,0x0000000754e80000)
 Metaspace       used 170331K, capacity 177727K, committed 178096K, reserved 1204224K
  class space    used 20780K, capacity 22589K, committed 22704K, reserved 1048576K
Event: 2642.420 GC heap after
Heap after GC invocations=52 (full 10):
 PSYoungGen      total 568320K, used 69285K [0x0000000795580000, 0x00000007c0000000, 0x00000007c0000000)
  eden space 433664K, 0% used [0x0000000795580000,0x0000000795580000,0x00000007afd00000)
  from space 134656K, 51% used [0x00000007b7c80000,0x00000007bc0297f8,0x00000007c0000000)
  to   space 130560K, 0% used [0x00000007afd00000,0x00000007afd00000,0x00000007b7c80000)
 ParOldGen       total 342528K, used 210984K [0x0000000740000000, 0x0000000754e80000, 0x0000000795580000)
  object space 342528K, 61% used [0x0000000740000000,0x000000074ce0a2d0,0x0000000754e80000)
 Metaspace       used 170331K, capacity 177727K, committed 178096K, reserved 1204224K
  class space    used 20780K, capacity 22589K, committed 22704K, reserved 1048576K
}
Event: 2648.192 GC heap before
{Heap before GC invocations=53 (full 10):
 PSYoungGen      total 568320K, used 502949K [0x0000000795580000, 0x00000007c0000000, 0x00000007c0000000)
  eden space 433664K, 100% used [0x0000000795580000,0x00000007afd00000,0x00000007afd00000)
  from space 134656K, 51% used [0x00000007b7c80000,0x00000007bc0297f8,0x00000007c0000000)
  to   space 130560K, 0% used [0x00000007afd00000,0x00000007afd00000,0x00000007b7c80000)
 ParOldGen       total 342528K, used 210984K [0x0000000740000000, 0x0000000754e80000, 0x0000000795580000)
  object space 342528K, 61% used [0x0000000740000000,0x000000074ce0a2d0,0x0000000754e80000)
 Metaspace       used 180520K, capacity 188307K, committed 188464K, reserved 1214464K
  class space    used 22142K, capacity 24039K, committed 24112K, reserved 1048576K
Event: 2648.637 GC heap after
Heap after GC invocations=53 (full 10):
 PSYoungGen      total 530432K, used 96513K [0x0000000795580000, 0x00000007c0000000, 0x00000007c0000000)
  eden space 433664K, 0% used [0x0000000795580000,0x0000000795580000,0x00000007afd00000)
  from space 96768K, 99% used [0x00000007afd00000,0x00000007b5b406f0,0x00000007b5b80000)
  to   space 136704K, 0% used [0x00000007b7a80000,0x00000007b7a80000,0x00000007c0000000)
 ParOldGen       total 342528K, used 264548K [0x0000000740000000, 0x0000000754e80000, 0x0000000795580000)
  object space 342528K, 77% used [0x0000000740000000,0x0000000750259150,0x0000000754e80000)
 Metaspace       used 180520K, capacity 188307K, committed 188464K, reserved 1214464K
  class space    used 22142K, capacity 24039K, committed 24112K, reserved 1048576K
}
Event: 2648.637 GC heap before
{Heap before GC invocations=54 (full 11):
 PSYoungGen      total 530432K, used 96513K [0x0000000795580000, 0x00000007c0000000, 0x00000007c0000000)
  eden space 433664K, 0% used [0x0000000795580000,0x0000000795580000,0x00000007afd00000)
  from space 96768K, 99% used [0x00000007afd00000,0x00000007b5b406f0,0x00000007b5b80000)
  to   space 136704K, 0% used [0x00000007b7a80000,0x00000007b7a80000,0x00000007c0000000)
 ParOldGen       total 342528K, used 264548K [0x0000000740000000, 0x0000000754e80000, 0x0000000795580000)
  object space 342528K, 77% used [0x0000000740000000,0x0000000750259150,0x0000000754e80000)
 Metaspace       used 180520K, capacity 188307K, committed 188464K, reserved 1214464K
  class space    used 22142K, capacity 24039K, committed 24112K, reserved 1048576K

