# JRE version: OpenJDK Runtime Environment (8.0_152-b01) (build 1.8.0_152-release-1024-b01)
# Java VM: OpenJDK 64-Bit Server VM (25.152-b01 mixed mode bsd-amd64 compressed oops)
Heap:
 PSYoungGen      total 454656K, used 443400K [0x0000000795580000, 0x00000007baf80000, 0x00000007c0000000)
  eden space 356864K, 99% used [0x0000000795580000,0x00000007ab1f5bf8,0x00000007ab200000)
  from space 97792K, 88% used [0x00000007ab200000,0x00000007b068c510,0x00000007b1180000)
  to   space 110592K, 74% used [0x00000007b4380000,0x00000007b947c8e0,0x00000007baf80000)
 ParOldGen       total 139264K, used 98572K [0x0000000740000000, 0x0000000748800000, 0x0000000795580000)
  object space 139264K, 70% used [0x0000000740000000,0x00000007460431e8,0x0000000748800000)
 Metaspace       used 99372K, capacity 102625K, committed 102744K, reserved 1140736K
  class space    used 11381K, capacity 12138K, committed 12160K, reserved 1048576K
GC Heap History (10 events):
Event: 356.739 GC heap after
Heap after GC invocations=30 (full 5):
 PSYoungGen      total 368640K, used 68589K [0x0000000795580000, 0x00000007b3b80000, 0x00000007c0000000)
  eden space 300032K, 0% used [0x0000000795580000,0x0000000795580000,0x00000007a7a80000)
  from space 68608K, 99% used [0x00000007a7a80000,0x00000007abd7b678,0x00000007abd80000)
  to   space 81408K, 0% used [0x00000007aec00000,0x00000007aec00000,0x00000007b3b80000)
 ParOldGen       total 139264K, used 96326K [0x0000000740000000, 0x0000000748800000, 0x0000000795580000)
  object space 139264K, 69% used [0x0000000740000000,0x0000000745e118b8,0x0000000748800000)
 Metaspace       used 95223K, capacity 97973K, committed 98264K, reserved 1136640K
  class space    used 11060K, capacity 11670K, committed 11776K, reserved 1048576K
}
Event: 359.135 GC heap before
{Heap before GC invocations=31 (full 5):
 PSYoungGen      total 368640K, used 368621K [0x0000000795580000, 0x00000007b3b80000, 0x00000007c0000000)
  eden space 300032K, 100% used [0x0000000795580000,0x00000007a7a80000,0x00000007a7a80000)
  from space 68608K, 99% used [0x00000007a7a80000,0x00000007abd7b678,0x00000007abd80000)
  to   space 81408K, 0% used [0x00000007aec00000,0x00000007aec00000,0x00000007b3b80000)
 ParOldGen       total 139264K, used 96326K [0x0000000740000000, 0x0000000748800000, 0x0000000795580000)
  object space 139264K, 69% used [0x0000000740000000,0x0000000745e118b8,0x0000000748800000)
 Metaspace       used 95888K, capacity 98739K, committed 98904K, reserved 1136640K
  class space    used 11125K, capacity 11791K, committed 11904K, reserved 1048576K
Event: 359.156 GC heap after
Heap after GC invocations=31 (full 5):
 PSYoungGen      total 409088K, used 4419K [0x0000000795580000, 0x00000007b3780000, 0x00000007c0000000)
  eden space 331776K, 0% used [0x0000000795580000,0x0000000795580000,0x00000007a9980000)
  from space 77312K, 5% used [0x00000007aec00000,0x00000007af050ee8,0x00000007b3780000)
  to   space 80896K, 0% used [0x00000007a9980000,0x00000007a9980000,0x00000007ae880000)
 ParOldGen       total 139264K, used 98540K [0x0000000740000000, 0x0000000748800000, 0x0000000795580000)
  object space 139264K, 70% used [0x0000000740000000,0x000000074603b1e8,0x0000000748800000)
 Metaspace       used 95888K, capacity 98739K, committed 98904K, reserved 1136640K
  class space    used 11125K, capacity 11791K, committed 11904K, reserved 1048576K
}
Event: 363.442 GC heap before
{Heap before GC invocations=32 (full 5):
 PSYoungGen      total 409088K, used 336195K [0x0000000795580000, 0x00000007b3780000, 0x00000007c0000000)
  eden space 331776K, 100% used [0x0000000795580000,0x00000007a9980000,0x00000007a9980000)
  from space 77312K, 5% used [0x00000007aec00000,0x00000007af050ee8,0x00000007b3780000)
  to   space 80896K, 0% used [0x00000007a9980000,0x00000007a9980000,0x00000007ae880000)
 ParOldGen       total 139264K, used 98540K [0x0000000740000000, 0x0000000748800000, 0x0000000795580000)
  object space 139264K, 70% used [0x0000000740000000,0x000000074603b1e8,0x0000000748800000)
 Metaspace       used 96421K, capacity 99315K, committed 99416K, reserved 1136640K
  class space    used 11158K, capacity 11825K, committed 11904K, reserved 1048576K
Event: 363.518 GC heap after
Heap after GC invocations=32 (full 5):
 PSYoungGen      total 412672K, used 60604K [0x0000000795580000, 0x00000007b6700000, 0x00000007c0000000)
  eden space 331776K, 0% used [0x0000000795580000,0x0000000795580000,0x00000007a9980000)
  from space 80896K, 74% used [0x00000007a9980000,0x00000007ad4af2f0,0x00000007ae880000)
  to   space 87552K, 0% used [0x00000007b1180000,0x00000007b1180000,0x00000007b6700000)
 ParOldGen       total 139264K, used 98548K [0x0000000740000000, 0x0000000748800000, 0x0000000795580000)
  object space 139264K, 70% used [0x0000000740000000,0x000000074603d1e8,0x0000000748800000)
 Metaspace       used 96421K, capacity 99315K, committed 99416K, reserved 1136640K
  class space    used 11158K, capacity 11825K, committed 11904K, reserved 1048576K
}
Event: 368.335 GC heap before
{Heap before GC invocations=33 (full 5):
 PSYoungGen      total 412672K, used 392380K [0x0000000795580000, 0x00000007b6700000, 0x00000007c0000000)
  eden space 331776K, 100% used [0x0000000795580000,0x00000007a9980000,0x00000007a9980000)
  from space 80896K, 74% used [0x00000007a9980000,0x00000007ad4af2f0,0x00000007ae880000)
  to   space 87552K, 0% used [0x00000007b1180000,0x00000007b1180000,0x00000007b6700000)
 ParOldGen       total 139264K, used 98548K [0x0000000740000000, 0x0000000748800000, 0x0000000795580000)
  object space 139264K, 70% used [0x0000000740000000,0x000000074603d1e8,0x0000000748800000)
 Metaspace       used 96939K, capacity 99811K, committed 99928K, reserved 1136640K
  class space    used 11171K, capacity 11829K, committed 11904K, reserved 1048576K
Event: 368.536 GC heap after
Heap after GC invocations=33 (full 5):
 PSYoungGen      total 444416K, used 73094K [0x0000000795580000, 0x00000007b8200000, 0x00000007c0000000)
  eden space 356864K, 0% used [0x0000000795580000,0x0000000795580000,0x00000007ab200000)
  from space 87552K, 83% used [0x00000007b1180000,0x00000007b58e1940,0x00000007b6700000)
  to   space 97792K, 0% used [0x00000007ab200000,0x00000007ab200000,0x00000007b1180000)
 ParOldGen       total 139264K, used 98556K [0x0000000740000000, 0x0000000748800000, 0x0000000795580000)
  object space 139264K, 70% used [0x0000000740000000,0x000000074603f1e8,0x0000000748800000)
 Metaspace       used 96939K, capacity 99811K, committed 99928K, reserved 1136640K
  class space    used 11171K, capacity 11829K, committed 11904K, reserved 1048576K
}
Event: 1401.595 GC heap before
{Heap before GC invocations=34 (full 5):
 PSYoungGen      total 444416K, used 429958K [0x0000000795580000, 0x00000007b8200000, 0x00000007c0000000)
  eden space 356864K, 100% used [0x0000000795580000,0x00000007ab200000,0x00000007ab200000)
  from space 87552K, 83% used [0x00000007b1180000,0x00000007b58e1940,0x00000007b6700000)
  to   space 97792K, 0% used [0x00000007ab200000,0x00000007ab200000,0x00000007b1180000)
 ParOldGen       total 139264K, used 98556K [0x0000000740000000, 0x0000000748800000, 0x0000000795580000)
  object space 139264K, 70% used [0x0000000740000000,0x000000074603f1e8,0x0000000748800000)
 Metaspace       used 97762K, capacity 100823K, committed 101080K, reserved 1138688K
  class space    used 11237K, capacity 11921K, committed 12032K, reserved 1048576K
Event: 1402.051 GC heap after
Heap after GC invocations=34 (full 5):
 PSYoungGen      total 454656K, used 86577K [0x0000000795580000, 0x00000007baf80000, 0x00000007c0000000)
  eden space 356864K, 0% used [0x0000000795580000,0x0000000795580000,0x00000007ab200000)
  from space 97792K, 88% used [0x00000007ab200000,0x00000007b068c510,0x00000007b1180000)
  to   space 110592K, 0% used [0x00000007b4380000,0x00000007b4380000,0x00000007baf80000)
 ParOldGen       total 139264K, used 98564K [0x0000000740000000, 0x0000000748800000, 0x0000000795580000)
  object space 139264K, 70% used [0x0000000740000000,0x00000007460411e8,0x0000000748800000)
 Metaspace       used 97762K, capacity 100823K, committed 101080K, reserved 1138688K
  class space    used 11237K, capacity 11921K, committed 12032K, reserved 1048576K
}
Event: 1410.425 GC heap before
{Heap before GC invocations=35 (full 5):
 PSYoungGen      total 454656K, used 443400K [0x0000000795580000, 0x00000007baf80000, 0x00000007c0000000)
  eden space 356864K, 99% used [0x0000000795580000,0x00000007ab1f5bf8,0x00000007ab200000)
  from space 97792K, 88% used [0x00000007ab200000,0x00000007b068c510,0x00000007b1180000)
  to   space 110592K, 0% used [0x00000007b4380000,0x00000007b4380000,0x00000007baf80000)
 ParOldGen       total 139264K, used 98564K [0x0000000740000000, 0x0000000748800000, 0x0000000795580000)
  object space 139264K, 70% used [0x0000000740000000,0x00000007460411e8,0x0000000748800000)
 Metaspace       used 99372K, capacity 102625K, committed 102744K, reserved 1140736K
  class space    used 11381K, capacity 12138K, committed 12160K, reserved 1048576K

