# JRE version: OpenJDK Runtime Environment (8.0_152-b01) (build 1.8.0_152-release-1024-b01)
# Java VM: OpenJDK 64-Bit Server VM (25.152-b01 mixed mode bsd-amd64 compressed oops)
Heap:
 PSYoungGen      total 223744K, used 184118K [0x0000000795580000, 0x00000007a8e80000, 0x00000007c0000000)
  eden space 181760K, 92% used [0x0000000795580000,0x000000079f8e4490,0x00000007a0700000)
  from space 41984K, 40% used [0x00000007a3d00000,0x00000007a4d69660,0x00000007a6600000)
  to   space 55296K, 0% used [0x00000007a0700000,0x00000007a0700000,0x00000007a3d00000)
 ParOldGen       total 185856K, used 110535K [0x0000000740000000, 0x000000074b580000, 0x0000000795580000)
  object space 185856K, 59% used [0x0000000740000000,0x0000000746bf1fc8,0x000000074b580000)
 Metaspace       used 65991K, capacity 67401K, committed 67712K, reserved 1107968K
  class space    used 8095K, capacity 8470K, committed 8576K, reserved 1048576K
GC Heap History (10 events):
Event: 18.543 GC heap before
{Heap before GC invocations=14 (full 3):
 PSYoungGen      total 140800K, used 25599K [0x0000000795580000, 0x00000007a4000000, 0x00000007c0000000)
  eden space 115200K, 0% used [0x0000000795580000,0x0000000795580000,0x000000079c600000)
  from space 25600K, 99% used [0x000000079c600000,0x000000079defff20,0x000000079df00000)
  to   space 40448K, 0% used [0x00000007a1880000,0x00000007a1880000,0x00000007a4000000)
 ParOldGen       total 63488K, used 63011K [0x0000000740000000, 0x0000000743e00000, 0x0000000795580000)
  object space 63488K, 99% used [0x0000000740000000,0x0000000743d88d60,0x0000000743e00000)
 Metaspace       used 53592K, capacity 54519K, committed 55040K, reserved 1097728K
  class space    used 6553K, capacity 6819K, committed 6912K, reserved 1048576K
Event: 18.826 GC heap after
Heap after GC invocations=14 (full 3):
 PSYoungGen      total 140800K, used 0K [0x0000000795580000, 0x00000007a4000000, 0x00000007c0000000)
  eden space 115200K, 0% used [0x0000000795580000,0x0000000795580000,0x000000079c600000)
  from space 25600K, 0% used [0x000000079c600000,0x000000079c600000,0x000000079df00000)
  to   space 40448K, 0% used [0x00000007a1880000,0x00000007a1880000,0x00000007a4000000)
 ParOldGen       total 110592K, used 52966K [0x0000000740000000, 0x0000000746c00000, 0x0000000795580000)
  object space 110592K, 47% used [0x0000000740000000,0x00000007433b9aa8,0x0000000746c00000)
 Metaspace       used 53415K, capacity 54279K, committed 55040K, reserved 1097728K
  class space    used 6537K, capacity 6779K, committed 6912K, reserved 1048576K
}
Event: 25.054 GC heap before
{Heap before GC invocations=15 (full 3):
 PSYoungGen      total 140800K, used 115200K [0x0000000795580000, 0x00000007a4000000, 0x00000007c0000000)
  eden space 115200K, 100% used [0x0000000795580000,0x000000079c600000,0x000000079c600000)
  from space 25600K, 0% used [0x000000079c600000,0x000000079c600000,0x000000079df00000)
  to   space 40448K, 0% used [0x00000007a1880000,0x00000007a1880000,0x00000007a4000000)
 ParOldGen       total 110592K, used 52966K [0x0000000740000000, 0x0000000746c00000, 0x0000000795580000)
  object space 110592K, 47% used [0x0000000740000000,0x00000007433b9aa8,0x0000000746c00000)
 Metaspace       used 56793K, capacity 57645K, committed 58112K, reserved 1099776K
  class space    used 6918K, capacity 7130K, committed 7168K, reserved 1048576K
Event: 25.120 GC heap after
Heap after GC invocations=15 (full 3):
 PSYoungGen      total 189440K, used 28241K [0x0000000795580000, 0x00000007a3d80000, 0x00000007c0000000)
  eden space 151552K, 0% used [0x0000000795580000,0x0000000795580000,0x000000079e980000)
  from space 37888K, 74% used [0x00000007a1880000,0x00000007a3414720,0x00000007a3d80000)
  to   space 43008K, 0% used [0x000000079e980000,0x000000079e980000,0x00000007a1380000)
 ParOldGen       total 110592K, used 52974K [0x0000000740000000, 0x0000000746c00000, 0x0000000795580000)
  object space 110592K, 47% used [0x0000000740000000,0x00000007433bbaa8,0x0000000746c00000)
 Metaspace       used 56793K, capacity 57645K, committed 58112K, reserved 1099776K
  class space    used 6918K, capacity 7130K, committed 7168K, reserved 1048576K
}
Event: 31.683 GC heap before
{Heap before GC invocations=16 (full 3):
 PSYoungGen      total 189440K, used 179793K [0x0000000795580000, 0x00000007a3d80000, 0x00000007c0000000)
  eden space 151552K, 100% used [0x0000000795580000,0x000000079e980000,0x000000079e980000)
  from space 37888K, 74% used [0x00000007a1880000,0x00000007a3414720,0x00000007a3d80000)
  to   space 43008K, 0% used [0x000000079e980000,0x000000079e980000,0x00000007a1380000)
 ParOldGen       total 110592K, used 52974K [0x0000000740000000, 0x0000000746c00000, 0x0000000795580000)
  object space 110592K, 47% used [0x0000000740000000,0x00000007433bbaa8,0x0000000746c00000)
 Metaspace       used 64748K, capacity 66039K, committed 66304K, reserved 1107968K
  class space    used 7998K, capacity 8313K, committed 8448K, reserved 1048576K
Event: 31.733 GC heap after
Heap after GC invocations=16 (full 3):
 PSYoungGen      total 194560K, used 7624K [0x0000000795580000, 0x00000007a6600000, 0x00000007c0000000)
  eden space 151552K, 0% used [0x0000000795580000,0x0000000795580000,0x000000079e980000)
  from space 43008K, 17% used [0x000000079e980000,0x000000079f0f2348,0x00000007a1380000)
  to   space 41984K, 0% used [0x00000007a3d00000,0x00000007a3d00000,0x00000007a6600000)
 ParOldGen       total 110592K, used 78530K [0x0000000740000000, 0x0000000746c00000, 0x0000000795580000)
  object space 110592K, 71% used [0x0000000740000000,0x0000000744cb0900,0x0000000746c00000)
 Metaspace       used 64748K, capacity 66039K, committed 66304K, reserved 1107968K
  class space    used 7998K, capacity 8313K, committed 8448K, reserved 1048576K
}
Event: 33.258 GC heap before
{Heap before GC invocations=17 (full 3):
 PSYoungGen      total 194560K, used 159176K [0x0000000795580000, 0x00000007a6600000, 0x00000007c0000000)
  eden space 151552K, 100% used [0x0000000795580000,0x000000079e980000,0x000000079e980000)
  from space 43008K, 17% used [0x000000079e980000,0x000000079f0f2348,0x00000007a1380000)
  to   space 41984K, 0% used [0x00000007a3d00000,0x00000007a3d00000,0x00000007a6600000)
 ParOldGen       total 110592K, used 78530K [0x0000000740000000, 0x0000000746c00000, 0x0000000795580000)
  object space 110592K, 71% used [0x0000000740000000,0x0000000744cb0900,0x0000000746c00000)
 Metaspace       used 65217K, capacity 66523K, committed 66816K, reserved 1107968K
  class space    used 8046K, capacity 8389K, committed 8448K, reserved 1048576K
Event: 33.399 GC heap after
Heap after GC invocations=17 (full 3):
 PSYoungGen      total 223744K, used 41972K [0x0000000795580000, 0x00000007a8e80000, 0x00000007c0000000)
  eden space 181760K, 0% used [0x0000000795580000,0x0000000795580000,0x00000007a0700000)
  from space 41984K, 99% used [0x00000007a3d00000,0x00000007a65fd168,0x00000007a6600000)
  to   space 55296K, 0% used [0x00000007a0700000,0x00000007a0700000,0x00000007a3d00000)
 ParOldGen       total 110592K, used 95778K [0x0000000740000000, 0x0000000746c00000, 0x0000000795580000)
  object space 110592K, 86% used [0x0000000740000000,0x0000000745d88aa8,0x0000000746c00000)
 Metaspace       used 65217K, capacity 66523K, committed 66816K, reserved 1107968K
  class space    used 8046K, capacity 8389K, committed 8448K, reserved 1048576K
}
Event: 33.399 GC heap before
{Heap before GC invocations=18 (full 4):
 PSYoungGen      total 223744K, used 41972K [0x0000000795580000, 0x00000007a8e80000, 0x00000007c0000000)
  eden space 181760K, 0% used [0x0000000795580000,0x0000000795580000,0x00000007a0700000)
  from space 41984K, 99% used [0x00000007a3d00000,0x00000007a65fd168,0x00000007a6600000)
  to   space 55296K, 0% used [0x00000007a0700000,0x00000007a0700000,0x00000007a3d00000)
 ParOldGen       total 110592K, used 95778K [0x0000000740000000, 0x0000000746c00000, 0x0000000795580000)
  object space 110592K, 86% used [0x0000000740000000,0x0000000745d88aa8,0x0000000746c00000)
 Metaspace       used 65217K, capacity 66523K, committed 66816K, reserved 1107968K
  class space    used 8046K, capacity 8389K, committed 8448K, reserved 1048576K
Event: 34.167 GC heap after
Heap after GC invocations=18 (full 4):
 PSYoungGen      total 223744K, used 16805K [0x0000000795580000, 0x00000007a8e80000, 0x00000007c0000000)
  eden space 181760K, 0% used [0x0000000795580000,0x0000000795580000,0x00000007a0700000)
  from space 41984K, 40% used [0x00000007a3d00000,0x00000007a4d69660,0x00000007a6600000)
  to   space 55296K, 0% used [0x00000007a0700000,0x00000007a0700000,0x00000007a3d00000)
 ParOldGen       total 185856K, used 110535K [0x0000000740000000, 0x000000074b580000, 0x0000000795580000)
  object space 185856K, 59% used [0x0000000740000000,0x0000000746bf1fc8,0x000000074b580000)
 Metaspace       used 65217K, capacity 66523K, committed 66816K, reserved 1107968K
  class space    used 8046K, capacity 8389K, committed 8448K, reserved 1048576K
}

