# JRE version: OpenJDK Runtime Environment (8.0_152-b01) (build 1.8.0_152-release-1024-b01)
# Java VM: OpenJDK 64-Bit Server VM (25.152-b01 mixed mode bsd-amd64 compressed oops)
Heap:
 PSYoungGen      total 574976K, used 470766K [0x0000000795580000, 0x00000007bf980000, 0x00000007c0000000)
  eden space 461824K, 100% used [0x0000000795580000,0x00000007b1880000,0x00000007b1880000)
  from space 113152K, 7% used [0x00000007b1880000,0x00000007b213b8b8,0x00000007b8700000)
  to   space 111616K, 40% used [0x00000007b8c80000,0x00000007bb88b8c0,0x00000007bf980000)
 ParOldGen       total 345600K, used 268937K [0x0000000740000000, 0x0000000755180000, 0x0000000795580000)
  object space 345600K, 77% used [0x0000000740000000,0x00000007506a25e8,0x0000000755180000)
 Metaspace       used 93000K, capacity 99155K, committed 99328K, reserved 1136640K
  class space    used 11801K, capacity 12983K, committed 13056K, reserved 1048576K
GC Heap History (10 events):
Event: 1605.376 GC heap after
Heap after GC invocations=33 (full 6):
 PSYoungGen      total 527360K, used 67637K [0x0000000795580000, 0x00000007c0000000, 0x00000007c0000000)
  eden space 459264K, 0% used [0x0000000795580000,0x0000000795580000,0x00000007b1600000)
  from space 68096K, 99% used [0x00000007b1600000,0x00000007b580d570,0x00000007b5880000)
  to   space 121344K, 0% used [0x00000007b8980000,0x00000007b8980000,0x00000007c0000000)
 ParOldGen       total 345600K, used 224813K [0x0000000740000000, 0x0000000755180000, 0x0000000795580000)
  object space 345600K, 65% used [0x0000000740000000,0x000000074db8b660,0x0000000755180000)
 Metaspace       used 90551K, capacity 96059K, committed 96256K, reserved 1132544K
  class space    used 11540K, capacity 12673K, committed 12800K, reserved 1048576K
}
Event: 1607.790 GC heap before
{Heap before GC invocations=34 (full 6):
 PSYoungGen      total 527360K, used 526901K [0x0000000795580000, 0x00000007c0000000, 0x00000007c0000000)
  eden space 459264K, 100% used [0x0000000795580000,0x00000007b1600000,0x00000007b1600000)
  from space 68096K, 99% used [0x00000007b1600000,0x00000007b580d570,0x00000007b5880000)
  to   space 121344K, 0% used [0x00000007b8980000,0x00000007b8980000,0x00000007c0000000)
 ParOldGen       total 345600K, used 224813K [0x0000000740000000, 0x0000000755180000, 0x0000000795580000)
  object space 345600K, 65% used [0x0000000740000000,0x000000074db8b660,0x0000000755180000)
 Metaspace       used 90566K, capacity 96127K, committed 96512K, reserved 1132544K
  class space    used 11541K, capacity 12675K, committed 12800K, reserved 1048576K
Event: 1607.992 GC heap after
Heap after GC invocations=34 (full 6):
 PSYoungGen      total 579584K, used 60577K [0x0000000795580000, 0x00000007c0000000, 0x00000007c0000000)
  eden space 458240K, 0% used [0x0000000795580000,0x0000000795580000,0x00000007b1500000)
  from space 121344K, 49% used [0x00000007b8980000,0x00000007bc4a8730,0x00000007c0000000)
  to   space 119296K, 0% used [0x00000007b1500000,0x00000007b1500000,0x00000007b8980000)
 ParOldGen       total 345600K, used 249432K [0x0000000740000000, 0x0000000755180000, 0x0000000795580000)
  object space 345600K, 72% used [0x0000000740000000,0x000000074f396100,0x0000000755180000)
 Metaspace       used 90566K, capacity 96127K, committed 96512K, reserved 1132544K
  class space    used 11541K, capacity 12675K, committed 12800K, reserved 1048576K
}
Event: 2252.949 GC heap before
{Heap before GC invocations=35 (full 6):
 PSYoungGen      total 579584K, used 518817K [0x0000000795580000, 0x00000007c0000000, 0x00000007c0000000)
  eden space 458240K, 100% used [0x0000000795580000,0x00000007b1500000,0x00000007b1500000)
  from space 121344K, 49% used [0x00000007b8980000,0x00000007bc4a8730,0x00000007c0000000)
  to   space 119296K, 0% used [0x00000007b1500000,0x00000007b1500000,0x00000007b8980000)
 ParOldGen       total 345600K, used 249432K [0x0000000740000000, 0x0000000755180000, 0x0000000795580000)
  object space 345600K, 72% used [0x0000000740000000,0x000000074f396100,0x0000000755180000)
 Metaspace       used 90987K, capacity 96963K, committed 97024K, reserved 1134592K
  class space    used 11605K, capacity 12793K, committed 12800K, reserved 1048576K
Event: 2253.145 GC heap after
Heap after GC invocations=35 (full 6):
 PSYoungGen      total 479232K, used 20708K [0x0000000795580000, 0x00000007bf900000, 0x00000007c0000000)
  eden space 458240K, 0% used [0x0000000795580000,0x0000000795580000,0x00000007b1500000)
  from space 20992K, 98% used [0x00000007b1500000,0x00000007b2939250,0x00000007b2980000)
  to   space 116736K, 0% used [0x00000007b8700000,0x00000007b8700000,0x00000007bf900000)
 ParOldGen       total 345600K, used 249776K [0x0000000740000000, 0x0000000755180000, 0x0000000795580000)
  object space 345600K, 72% used [0x0000000740000000,0x000000074f3ec120,0x0000000755180000)
 Metaspace       used 90987K, capacity 96963K, committed 97024K, reserved 1134592K
  class space    used 11605K, capacity 12793K, committed 12800K, reserved 1048576K
}
Event: 2396.489 GC heap before
{Heap before GC invocations=36 (full 6):
 PSYoungGen      total 479232K, used 478948K [0x0000000795580000, 0x00000007bf900000, 0x00000007c0000000)
  eden space 458240K, 100% used [0x0000000795580000,0x00000007b1500000,0x00000007b1500000)
  from space 20992K, 98% used [0x00000007b1500000,0x00000007b2939250,0x00000007b2980000)
  to   space 116736K, 0% used [0x00000007b8700000,0x00000007b8700000,0x00000007bf900000)
 ParOldGen       total 345600K, used 249776K [0x0000000740000000, 0x0000000755180000, 0x0000000795580000)
  object space 345600K, 72% used [0x0000000740000000,0x000000074f3ec120,0x0000000755180000)
 Metaspace       used 92716K, capacity 98781K, committed 99072K, reserved 1134592K
  class space    used 11786K, capacity 12970K, committed 13056K, reserved 1048576K
Event: 2396.670 GC heap after
Heap after GC invocations=36 (full 6):
 PSYoungGen      total 578560K, used 23023K [0x0000000795580000, 0x00000007c0000000, 0x00000007c0000000)
  eden space 461824K, 0% used [0x0000000795580000,0x0000000795580000,0x00000007b1880000)
  from space 116736K, 19% used [0x00000007b8700000,0x00000007b9d7bf98,0x00000007bf900000)
  to   space 113152K, 0% used [0x00000007b1880000,0x00000007b1880000,0x00000007b8700000)
 ParOldGen       total 345600K, used 254108K [0x0000000740000000, 0x0000000755180000, 0x0000000795580000)
  object space 345600K, 73% used [0x0000000740000000,0x000000074f827008,0x0000000755180000)
 Metaspace       used 92716K, capacity 98781K, committed 99072K, reserved 1134592K
  class space    used 11786K, capacity 12970K, committed 13056K, reserved 1048576K
}
Event: 2435.955 GC heap before
{Heap before GC invocations=37 (full 6):
 PSYoungGen      total 578560K, used 484795K [0x0000000795580000, 0x00000007c0000000, 0x00000007c0000000)
  eden space 461824K, 99% used [0x0000000795580000,0x00000007b1872ea8,0x00000007b1880000)
  from space 116736K, 19% used [0x00000007b8700000,0x00000007b9d7bf98,0x00000007bf900000)
  to   space 113152K, 0% used [0x00000007b1880000,0x00000007b1880000,0x00000007b8700000)
 ParOldGen       total 345600K, used 254108K [0x0000000740000000, 0x0000000755180000, 0x0000000795580000)
  object space 345600K, 73% used [0x0000000740000000,0x000000074f827008,0x0000000755180000)
 Metaspace       used 92972K, capacity 99091K, committed 99328K, reserved 1136640K
  class space    used 11801K, capacity 12983K, committed 13056K, reserved 1048576K
Event: 2436.026 GC heap after
Heap after GC invocations=37 (full 6):
 PSYoungGen      total 574976K, used 8942K [0x0000000795580000, 0x00000007bf980000, 0x00000007c0000000)
  eden space 461824K, 0% used [0x0000000795580000,0x0000000795580000,0x00000007b1880000)
  from space 113152K, 7% used [0x00000007b1880000,0x00000007b213b8b8,0x00000007b8700000)
  to   space 111616K, 0% used [0x00000007b8c80000,0x00000007b8c80000,0x00000007bf980000)
 ParOldGen       total 345600K, used 263562K [0x0000000740000000, 0x0000000755180000, 0x0000000795580000)
  object space 345600K, 76% used [0x0000000740000000,0x0000000750162b50,0x0000000755180000)
 Metaspace       used 92972K, capacity 99091K, committed 99328K, reserved 1136640K
  class space    used 11801K, capacity 12983K, committed 13056K, reserved 1048576K
}
Event: 2439.690 GC heap before
{Heap before GC invocations=38 (full 6):
 PSYoungGen      total 574976K, used 470766K [0x0000000795580000, 0x00000007bf980000, 0x00000007c0000000)
  eden space 461824K, 100% used [0x0000000795580000,0x00000007b1880000,0x00000007b1880000)
  from space 113152K, 7% used [0x00000007b1880000,0x00000007b213b8b8,0x00000007b8700000)
  to   space 111616K, 0% used [0x00000007b8c80000,0x00000007b8c80000,0x00000007bf980000)
 ParOldGen       total 345600K, used 263562K [0x0000000740000000, 0x0000000755180000, 0x0000000795580000)
  object space 345600K, 76% used [0x0000000740000000,0x0000000750162b50,0x0000000755180000)
 Metaspace       used 93000K, capacity 99155K, committed 99328K, reserved 1136640K
  class space    used 11801K, capacity 12983K, committed 13056K, reserved 1048576K

