# JRE version: OpenJDK Runtime Environment (8.0_152-b01) (build 1.8.0_152-release-1024-b01)
# Java VM: OpenJDK 64-Bit Server VM (25.152-b01 mixed mode bsd-amd64 compressed oops)
Heap:
 PSYoungGen      total 505344K, used 327117K [0x0000000795580000, 0x00000007bdb00000, 0x00000007c0000000)
  eden space 415744K, 70% used [0x0000000795580000,0x00000007a74e8998,0x00000007aeb80000)
  from space 89600K, 36% used [0x00000007aeb80000,0x00000007b0b8ae50,0x00000007b4300000)
  to   space 84480K, 0% used [0x00000007b8880000,0x00000007b8880000,0x00000007bdb00000)
 ParOldGen       total 234496K, used 90027K [0x0000000740000000, 0x000000074e500000, 0x0000000795580000)
  object space 234496K, 38% used [0x0000000740000000,0x00000007457eac00,0x000000074e500000)
 Metaspace       used 83656K, capacity 85827K, committed 87680K, reserved 1126400K
  class space    used 9472K, capacity 9969K, committed 10368K, reserved 1048576K
GC Heap History (10 events):
Event: 664.994 GC heap before
{Heap before GC invocations=31 (full 7):
 PSYoungGen      total 393728K, used 348325K [0x0000000795580000, 0x00000007b5e80000, 0x00000007c0000000)
  eden space 311296K, 100% used [0x0000000795580000,0x00000007a8580000,0x00000007a8580000)
  from space 82432K, 44% used [0x00000007a8580000,0x00000007aa9a95e0,0x00000007ad600000)
  to   space 79360K, 0% used [0x00000007b1100000,0x00000007b1100000,0x00000007b5e80000)
 ParOldGen       total 266752K, used 158672K [0x0000000740000000, 0x0000000750480000, 0x0000000795580000)
  object space 266752K, 59% used [0x0000000740000000,0x0000000749af42a8,0x0000000750480000)
 Metaspace       used 83078K, capacity 85377K, committed 85504K, reserved 1124352K
  class space    used 9574K, capacity 10128K, committed 10240K, reserved 1048576K
Event: 665.370 GC heap after
Heap after GC invocations=31 (full 7):
 PSYoungGen      total 453632K, used 47038K [0x0000000795580000, 0x00000007b6280000, 0x00000007c0000000)
  eden space 374272K, 0% used [0x0000000795580000,0x0000000795580000,0x00000007ac300000)
  from space 79360K, 59% used [0x00000007b1100000,0x00000007b3eef848,0x00000007b5e80000)
  to   space 79872K, 0% used [0x00000007ac300000,0x00000007ac300000,0x00000007b1100000)
 ParOldGen       total 266752K, used 192434K [0x0000000740000000, 0x0000000750480000, 0x0000000795580000)
  object space 266752K, 72% used [0x0000000740000000,0x000000074bbec958,0x0000000750480000)
 Metaspace       used 83078K, capacity 85377K, committed 85504K, reserved 1124352K
  class space    used 9574K, capacity 10128K, committed 10240K, reserved 1048576K
}
Event: 3008.565 GC heap before
{Heap before GC invocations=32 (full 7):
 PSYoungGen      total 453632K, used 421310K [0x0000000795580000, 0x00000007b6280000, 0x00000007c0000000)
  eden space 374272K, 100% used [0x0000000795580000,0x00000007ac300000,0x00000007ac300000)
  from space 79360K, 59% used [0x00000007b1100000,0x00000007b3eef848,0x00000007b5e80000)
  to   space 79872K, 0% used [0x00000007ac300000,0x00000007ac300000,0x00000007b1100000)
 ParOldGen       total 266752K, used 192434K [0x0000000740000000, 0x0000000750480000, 0x0000000795580000)
  object space 266752K, 72% used [0x0000000740000000,0x000000074bbec958,0x0000000750480000)
 Metaspace       used 85054K, capacity 87561K, committed 87680K, reserved 1126400K
  class space    used 9712K, capacity 10352K, committed 10368K, reserved 1048576K
Event: 3009.562 GC heap after
Heap after GC invocations=32 (full 7):
 PSYoungGen      total 454144K, used 10971K [0x0000000795580000, 0x00000007b9080000, 0x00000007c0000000)
  eden space 374272K, 0% used [0x0000000795580000,0x0000000795580000,0x00000007ac300000)
  from space 79872K, 13% used [0x00000007ac300000,0x00000007acdb6c88,0x00000007b1100000)
  to   space 79360K, 0% used [0x00000007b4300000,0x00000007b4300000,0x00000007b9080000)
 ParOldGen       total 266752K, used 233032K [0x0000000740000000, 0x0000000750480000, 0x0000000795580000)
  object space 266752K, 87% used [0x0000000740000000,0x000000074e392180,0x0000000750480000)
 Metaspace       used 85054K, capacity 87561K, committed 87680K, reserved 1126400K
  class space    used 9712K, capacity 10352K, committed 10368K, reserved 1048576K
}
Event: 3009.593 GC heap before
{Heap before GC invocations=33 (full 8):
 PSYoungGen      total 454144K, used 10971K [0x0000000795580000, 0x00000007b9080000, 0x00000007c0000000)
  eden space 374272K, 0% used [0x0000000795580000,0x0000000795580000,0x00000007ac300000)
  from space 79872K, 13% used [0x00000007ac300000,0x00000007acdb6c88,0x00000007b1100000)
  to   space 79360K, 0% used [0x00000007b4300000,0x00000007b4300000,0x00000007b9080000)
 ParOldGen       total 266752K, used 233032K [0x0000000740000000, 0x0000000750480000, 0x0000000795580000)
  object space 266752K, 87% used [0x0000000740000000,0x000000074e392180,0x0000000750480000)
 Metaspace       used 85054K, capacity 87561K, committed 87680K, reserved 1126400K
  class space    used 9712K, capacity 10352K, committed 10368K, reserved 1048576K
Event: 3011.360 GC heap after
Heap after GC invocations=33 (full 8):
 PSYoungGen      total 454144K, used 0K [0x0000000795580000, 0x00000007b9080000, 0x00000007c0000000)
  eden space 374272K, 0% used [0x0000000795580000,0x0000000795580000,0x00000007ac300000)
  from space 79872K, 0% used [0x00000007ac300000,0x00000007ac300000,0x00000007b1100000)
  to   space 79360K, 0% used [0x00000007b4300000,0x00000007b4300000,0x00000007b9080000)
 ParOldGen       total 234496K, used 90003K [0x0000000740000000, 0x000000074e500000, 0x0000000795580000)
  object space 234496K, 38% used [0x0000000740000000,0x00000007457e4c00,0x000000074e500000)
 Metaspace       used 70219K, capacity 71551K, committed 87680K, reserved 1126400K
  class space    used 7809K, capacity 8107K, committed 10368K, reserved 1048576K
}
Event: 3025.983 GC heap before
{Heap before GC invocations=34 (full 8):
 PSYoungGen      total 454144K, used 374272K [0x0000000795580000, 0x00000007b9080000, 0x00000007c0000000)
  eden space 374272K, 100% used [0x0000000795580000,0x00000007ac300000,0x00000007ac300000)
  from space 79872K, 0% used [0x00000007ac300000,0x00000007ac300000,0x00000007b1100000)
  to   space 79360K, 0% used [0x00000007b4300000,0x00000007b4300000,0x00000007b9080000)
 ParOldGen       total 234496K, used 90003K [0x0000000740000000, 0x000000074e500000, 0x0000000795580000)
  object space 234496K, 38% used [0x0000000740000000,0x00000007457e4c00,0x000000074e500000)
 Metaspace       used 80570K, capacity 82347K, committed 87680K, reserved 1126400K
  class space    used 9185K, capacity 9565K, committed 10368K, reserved 1048576K
Event: 3026.340 GC heap after
Heap after GC invocations=34 (full 8):
 PSYoungGen      total 495104K, used 72294K [0x0000000795580000, 0x00000007ba980000, 0x00000007c0000000)
  eden space 415744K, 0% used [0x0000000795580000,0x0000000795580000,0x00000007aeb80000)
  from space 79360K, 91% used [0x00000007b4300000,0x00000007b89999a8,0x00000007b9080000)
  to   space 89600K, 0% used [0x00000007aeb80000,0x00000007aeb80000,0x00000007b4300000)
 ParOldGen       total 234496K, used 90019K [0x0000000740000000, 0x000000074e500000, 0x0000000795580000)
  object space 234496K, 38% used [0x0000000740000000,0x00000007457e8c00,0x000000074e500000)
 Metaspace       used 80570K, capacity 82347K, committed 87680K, reserved 1126400K
  class space    used 9185K, capacity 9565K, committed 10368K, reserved 1048576K
}
Event: 3033.727 GC heap before
{Heap before GC invocations=35 (full 8):
 PSYoungGen      total 495104K, used 488038K [0x0000000795580000, 0x00000007ba980000, 0x00000007c0000000)
  eden space 415744K, 100% used [0x0000000795580000,0x00000007aeb80000,0x00000007aeb80000)
  from space 79360K, 91% used [0x00000007b4300000,0x00000007b89999a8,0x00000007b9080000)
  to   space 89600K, 0% used [0x00000007aeb80000,0x00000007aeb80000,0x00000007b4300000)
 ParOldGen       total 234496K, used 90019K [0x0000000740000000, 0x000000074e500000, 0x0000000795580000)
  object space 234496K, 38% used [0x0000000740000000,0x00000007457e8c00,0x000000074e500000)
 Metaspace       used 81611K, capacity 83555K, committed 87680K, reserved 1126400K
  class space    used 9281K, capacity 9705K, committed 10368K, reserved 1048576K
Event: 3034.486 GC heap after
Heap after GC invocations=35 (full 8):
 PSYoungGen      total 505344K, used 32811K [0x0000000795580000, 0x00000007bdb00000, 0x00000007c0000000)
  eden space 415744K, 0% used [0x0000000795580000,0x0000000795580000,0x00000007aeb80000)
  from space 89600K, 36% used [0x00000007aeb80000,0x00000007b0b8ae50,0x00000007b4300000)
  to   space 84480K, 0% used [0x00000007b8880000,0x00000007b8880000,0x00000007bdb00000)
 ParOldGen       total 234496K, used 90027K [0x0000000740000000, 0x000000074e500000, 0x0000000795580000)
  object space 234496K, 38% used [0x0000000740000000,0x00000007457eac00,0x000000074e500000)
 Metaspace       used 81611K, capacity 83555K, committed 87680K, reserved 1126400K
  class space    used 9281K, capacity 9705K, committed 10368K, reserved 1048576K
}

