# JRE version: OpenJDK Runtime Environment (8.0_152-b01) (build 1.8.0_152-release-1024-b01)
# Java VM: OpenJDK 64-Bit Server VM (25.152-b01 mixed mode bsd-amd64 compressed oops)
Heap:
 PSYoungGen      total 637952K, used 20129K [0x0000000795580000, 0x00000007bf900000, 0x00000007c0000000)
  eden space 586240K, 0% used [0x0000000795580000,0x0000000795580000,0x00000007b9200000)
  from space 51712K, 38% used [0x00000007bc680000,0x00000007bda287c8,0x00000007bf900000)
  to   space 52736K, 0% used [0x00000007b9200000,0x00000007b9200000,0x00000007bc580000)
 ParOldGen       total 161792K, used 143551K [0x0000000740000000, 0x0000000749e00000, 0x0000000795580000)
  object space 161792K, 88% used [0x0000000740000000,0x0000000748c2ffb8,0x0000000749e00000)
 Metaspace       used 96940K, capacity 104383K, committed 104576K, reserved 1140736K
  class space    used 12252K, capacity 13653K, committed 13696K, reserved 1048576K
GC Heap History (10 events):
Event: 12520.063 GC heap after
Heap after GC invocations=36 (full 4):
 PSYoungGen      total 637440K, used 39910K [0x0000000795580000, 0x00000007c0000000, 0x00000007c0000000)
  eden space 586240K, 0% used [0x0000000795580000,0x0000000795580000,0x00000007b9200000)
  from space 51200K, 77% used [0x00000007bce00000,0x00000007bf4f9950,0x00000007c0000000)
  to   space 56320K, 0% used [0x00000007b9200000,0x00000007b9200000,0x00000007bc900000)
 ParOldGen       total 161792K, used 137037K [0x0000000740000000, 0x0000000749e00000, 0x0000000795580000)
  object space 161792K, 84% used [0x0000000740000000,0x00000007485d36d8,0x0000000749e00000)
 Metaspace       used 95251K, capacity 102375K, committed 102528K, reserved 1138688K
  class space    used 12036K, capacity 13379K, committed 13440K, reserved 1048576K
}
Event: 12921.662 GC heap before
{Heap before GC invocations=37 (full 4):
 PSYoungGen      total 637440K, used 626150K [0x0000000795580000, 0x00000007c0000000, 0x00000007c0000000)
  eden space 586240K, 100% used [0x0000000795580000,0x00000007b9200000,0x00000007b9200000)
  from space 51200K, 77% used [0x00000007bce00000,0x00000007bf4f9950,0x00000007c0000000)
  to   space 56320K, 0% used [0x00000007b9200000,0x00000007b9200000,0x00000007bc900000)
 ParOldGen       total 161792K, used 137037K [0x0000000740000000, 0x0000000749e00000, 0x0000000795580000)
  object space 161792K, 84% used [0x0000000740000000,0x00000007485d36d8,0x0000000749e00000)
 Metaspace       used 95966K, capacity 103311K, committed 103424K, reserved 1138688K
  class space    used 12141K, capacity 13511K, committed 13568K, reserved 1048576K
Event: 12921.965 GC heap after
Heap after GC invocations=37 (full 4):
 PSYoungGen      total 602112K, used 15595K [0x0000000795580000, 0x00000007c0000000, 0x00000007c0000000)
  eden space 586240K, 0% used [0x0000000795580000,0x0000000795580000,0x00000007b9200000)
  from space 15872K, 98% used [0x00000007b9200000,0x00000007ba13ac98,0x00000007ba180000)
  to   space 56832K, 0% used [0x00000007bc880000,0x00000007bc880000,0x00000007c0000000)
 ParOldGen       total 161792K, used 143183K [0x0000000740000000, 0x0000000749e00000, 0x0000000795580000)
  object space 161792K, 88% used [0x0000000740000000,0x0000000748bd3fa8,0x0000000749e00000)
 Metaspace       used 95966K, capacity 103311K, committed 103424K, reserved 1138688K
  class space    used 12141K, capacity 13511K, committed 13568K, reserved 1048576K
}
Event: 13332.607 GC heap before
{Heap before GC invocations=38 (full 4):
 PSYoungGen      total 602112K, used 601835K [0x0000000795580000, 0x00000007c0000000, 0x00000007c0000000)
  eden space 586240K, 100% used [0x0000000795580000,0x00000007b9200000,0x00000007b9200000)
  from space 15872K, 98% used [0x00000007b9200000,0x00000007ba13ac98,0x00000007ba180000)
  to   space 56832K, 0% used [0x00000007bc880000,0x00000007bc880000,0x00000007c0000000)
 ParOldGen       total 161792K, used 143183K [0x0000000740000000, 0x0000000749e00000, 0x0000000795580000)
  object space 161792K, 88% used [0x0000000740000000,0x0000000748bd3fa8,0x0000000749e00000)
 Metaspace       used 96268K, capacity 103681K, committed 103936K, reserved 1140736K
  class space    used 12168K, capacity 13560K, committed 13568K, reserved 1048576K
Event: 13332.799 GC heap after
Heap after GC invocations=38 (full 4):
 PSYoungGen      total 643072K, used 22786K [0x0000000795580000, 0x00000007c0000000, 0x00000007c0000000)
  eden space 586240K, 0% used [0x0000000795580000,0x0000000795580000,0x00000007b9200000)
  from space 56832K, 40% used [0x00000007bc880000,0x00000007bdec0b88,0x00000007c0000000)
  to   space 55808K, 0% used [0x00000007b9200000,0x00000007b9200000,0x00000007bc880000)
 ParOldGen       total 161792K, used 143535K [0x0000000740000000, 0x0000000749e00000, 0x0000000795580000)
  object space 161792K, 88% used [0x0000000740000000,0x0000000748c2bfb8,0x0000000749e00000)
 Metaspace       used 96268K, capacity 103681K, committed 103936K, reserved 1140736K
  class space    used 12168K, capacity 13560K, committed 13568K, reserved 1048576K
}
Event: 13636.772 GC heap before
{Heap before GC invocations=39 (full 4):
 PSYoungGen      total 643072K, used 609026K [0x0000000795580000, 0x00000007c0000000, 0x00000007c0000000)
  eden space 586240K, 100% used [0x0000000795580000,0x00000007b9200000,0x00000007b9200000)
  from space 56832K, 40% used [0x00000007bc880000,0x00000007bdec0b88,0x00000007c0000000)
  to   space 55808K, 0% used [0x00000007b9200000,0x00000007b9200000,0x00000007bc880000)
 ParOldGen       total 161792K, used 143535K [0x0000000740000000, 0x0000000749e00000, 0x0000000795580000)
  object space 161792K, 88% used [0x0000000740000000,0x0000000748c2bfb8,0x0000000749e00000)
 Metaspace       used 96823K, capacity 104281K, committed 104576K, reserved 1140736K
  class space    used 12249K, capacity 13649K, committed 13696K, reserved 1048576K
Event: 13636.953 GC heap after
Heap after GC invocations=39 (full 4):
 PSYoungGen      total 610816K, used 24402K [0x0000000795580000, 0x00000007bfb00000, 0x00000007c0000000)
  eden space 586240K, 0% used [0x0000000795580000,0x0000000795580000,0x00000007b9200000)
  from space 24576K, 99% used [0x00000007b9200000,0x00000007ba9d4800,0x00000007baa00000)
  to   space 53760K, 0% used [0x00000007bc680000,0x00000007bc680000,0x00000007bfb00000)
 ParOldGen       total 161792K, used 143543K [0x0000000740000000, 0x0000000749e00000, 0x0000000795580000)
  object space 161792K, 88% used [0x0000000740000000,0x0000000748c2dfb8,0x0000000749e00000)
 Metaspace       used 96823K, capacity 104281K, committed 104576K, reserved 1140736K
  class space    used 12249K, capacity 13649K, committed 13696K, reserved 1048576K
}
Event: 13731.008 GC heap before
{Heap before GC invocations=40 (full 4):
 PSYoungGen      total 610816K, used 363667K [0x0000000795580000, 0x00000007bfb00000, 0x00000007c0000000)
  eden space 586240K, 57% used [0x0000000795580000,0x00000007aa0d06d8,0x00000007b9200000)
  from space 24576K, 99% used [0x00000007b9200000,0x00000007ba9d4800,0x00000007baa00000)
  to   space 53760K, 0% used [0x00000007bc680000,0x00000007bc680000,0x00000007bfb00000)
 ParOldGen       total 161792K, used 143543K [0x0000000740000000, 0x0000000749e00000, 0x0000000795580000)
  object space 161792K, 88% used [0x0000000740000000,0x0000000748c2dfb8,0x0000000749e00000)
 Metaspace       used 96940K, capacity 104383K, committed 104576K, reserved 1140736K
  class space    used 12252K, capacity 13653K, committed 13696K, reserved 1048576K
Event: 13731.234 GC heap after
Heap after GC invocations=40 (full 4):
 PSYoungGen      total 637952K, used 20129K [0x0000000795580000, 0x00000007bf900000, 0x00000007c0000000)
  eden space 586240K, 0% used [0x0000000795580000,0x0000000795580000,0x00000007b9200000)
  from space 51712K, 38% used [0x00000007bc680000,0x00000007bda287c8,0x00000007bf900000)
  to   space 52736K, 0% used [0x00000007b9200000,0x00000007b9200000,0x00000007bc580000)
 ParOldGen       total 161792K, used 143551K [0x0000000740000000, 0x0000000749e00000, 0x0000000795580000)
  object space 161792K, 88% used [0x0000000740000000,0x0000000748c2ffb8,0x0000000749e00000)
 Metaspace       used 96940K, capacity 104383K, committed 104576K, reserved 1140736K
  class space    used 12252K, capacity 13653K, committed 13696K, reserved 1048576K
}
Event: 13731.234 GC heap before
{Heap before GC invocations=41 (full 5):
 PSYoungGen      total 637952K, used 20129K [0x0000000795580000, 0x00000007bf900000, 0x00000007c0000000)
  eden space 586240K, 0% used [0x0000000795580000,0x0000000795580000,0x00000007b9200000)
  from space 51712K, 38% used [0x00000007bc680000,0x00000007bda287c8,0x00000007bf900000)
  to   space 52736K, 0% used [0x00000007b9200000,0x00000007b9200000,0x00000007bc580000)
 ParOldGen       total 161792K, used 143551K [0x0000000740000000, 0x0000000749e00000, 0x0000000795580000)
  object space 161792K, 88% used [0x0000000740000000,0x0000000748c2ffb8,0x0000000749e00000)
 Metaspace       used 96940K, capacity 104383K, committed 104576K, reserved 1140736K
  class space    used 12252K, capacity 13653K, committed 13696K, reserved 1048576K

