# JRE version: OpenJDK Runtime Environment (8.0_152-b01) (build 1.8.0_152-release-1024-b01)
# Java VM: OpenJDK 64-Bit Server VM (25.152-b01 mixed mode bsd-amd64 compressed oops)
Heap:
 PSYoungGen      total 542208K, used 160K [0x0000000795580000, 0x00000007bf700000, 0x00000007c0000000)
  eden space 396288K, 0% used [0x0000000795580000,0x0000000795580000,0x00000007ad880000)
  from space 145920K, 0% used [0x00000007b6780000,0x00000007b67a8000,0x00000007bf600000)
  to   space 146432K, 0% used [0x00000007ad880000,0x00000007ad880000,0x00000007b6780000)
 ParOldGen       total 299008K, used 29157K [0x0000000740000000, 0x0000000752400000, 0x0000000795580000)
  object space 299008K, 9% used [0x0000000740000000,0x0000000741c79540,0x0000000752400000)
 Metaspace       used 73110K, capacity 74327K, committed 96088K, reserved 1132544K
  class space    used 7917K, capacity 8163K, committed 12120K, reserved 1048576K
GC Heap History (10 events):
Event: 6479.406 GC heap after
Heap after GC invocations=45 (full 7):
 PSYoungGen      total 517120K, used 66843K [0x0000000795580000, 0x00000007bee00000, 0x00000007c0000000)
  eden space 370176K, 0% used [0x0000000795580000,0x0000000795580000,0x00000007abf00000)
  from space 146944K, 45% used [0x00000007b5e80000,0x00000007b9fc6ea0,0x00000007bee00000)
  to   space 155136K, 0% used [0x00000007abf00000,0x00000007abf00000,0x00000007b5680000)
 ParOldGen       total 228864K, used 168850K [0x0000000740000000, 0x000000074df80000, 0x0000000795580000)
  object space 228864K, 73% used [0x0000000740000000,0x000000074a4e4af8,0x000000074df80000)
 Metaspace       used 98257K, capacity 101373K, committed 102232K, reserved 1138688K
  class space    used 11188K, capacity 11874K, committed 12120K, reserved 1048576K
}
Event: 6479.428 GC heap before
{Heap before GC invocations=46 (full 8):
 PSYoungGen      total 517120K, used 66843K [0x0000000795580000, 0x00000007bee00000, 0x00000007c0000000)
  eden space 370176K, 0% used [0x0000000795580000,0x0000000795580000,0x00000007abf00000)
  from space 146944K, 45% used [0x00000007b5e80000,0x00000007b9fc6ea0,0x00000007bee00000)
  to   space 155136K, 0% used [0x00000007abf00000,0x00000007abf00000,0x00000007b5680000)
 ParOldGen       total 228864K, used 168850K [0x0000000740000000, 0x000000074df80000, 0x0000000795580000)
  object space 228864K, 73% used [0x0000000740000000,0x000000074a4e4af8,0x000000074df80000)
 Metaspace       used 98257K, capacity 101373K, committed 102232K, reserved 1138688K
  class space    used 11188K, capacity 11874K, committed 12120K, reserved 1048576K
Event: 6481.382 GC heap after
Heap after GC invocations=46 (full 8):
 PSYoungGen      total 517120K, used 0K [0x0000000795580000, 0x00000007bee00000, 0x00000007c0000000)
  eden space 370176K, 0% used [0x0000000795580000,0x0000000795580000,0x00000007abf00000)
  from space 146944K, 0% used [0x00000007b5e80000,0x00000007b5e80000,0x00000007bee00000)
  to   space 155136K, 0% used [0x00000007abf00000,0x00000007abf00000,0x00000007b5680000)
 ParOldGen       total 299008K, used 141232K [0x0000000740000000, 0x0000000752400000, 0x0000000795580000)
  object space 299008K, 47% used [0x0000000740000000,0x00000007489ec020,0x0000000752400000)
 Metaspace       used 83781K, capacity 85685K, committed 98136K, reserved 1134592K
  class space    used 9356K, capacity 9740K, committed 12120K, reserved 1048576K
}
Event: 10081.391 GC heap before
{Heap before GC invocations=47 (full 8):
 PSYoungGen      total 517120K, used 238708K [0x0000000795580000, 0x00000007bee00000, 0x00000007c0000000)
  eden space 370176K, 64% used [0x0000000795580000,0x00000007a3e9d010,0x00000007abf00000)
  from space 146944K, 0% used [0x00000007b5e80000,0x00000007b5e80000,0x00000007bee00000)
  to   space 155136K, 0% used [0x00000007abf00000,0x00000007abf00000,0x00000007b5680000)
 ParOldGen       total 299008K, used 141232K [0x0000000740000000, 0x0000000752400000, 0x0000000795580000)
  object space 299008K, 47% used [0x0000000740000000,0x00000007489ec020,0x0000000752400000)
 Metaspace       used 84394K, capacity 86339K, committed 98136K, reserved 1134592K
  class space    used 9410K, capacity 9805K, committed 12120K, reserved 1048576K
Event: 10082.255 GC heap after
Heap after GC invocations=47 (full 8):
 PSYoungGen      total 525312K, used 54915K [0x0000000795580000, 0x00000007bf600000, 0x00000007c0000000)
  eden space 370176K, 0% used [0x0000000795580000,0x0000000795580000,0x00000007abf00000)
  from space 155136K, 35% used [0x00000007abf00000,0x00000007af4a0e48,0x00000007b5680000)
  to   space 145920K, 0% used [0x00000007b6780000,0x00000007b6780000,0x00000007bf600000)
 ParOldGen       total 299008K, used 141240K [0x0000000740000000, 0x0000000752400000, 0x0000000795580000)
  object space 299008K, 47% used [0x0000000740000000,0x00000007489ee020,0x0000000752400000)
 Metaspace       used 84394K, capacity 86339K, committed 98136K, reserved 1134592K
  class space    used 9410K, capacity 9805K, committed 12120K, reserved 1048576K
}
Event: 10082.255 GC heap before
{Heap before GC invocations=48 (full 9):
 PSYoungGen      total 525312K, used 54915K [0x0000000795580000, 0x00000007bf600000, 0x00000007c0000000)
  eden space 370176K, 0% used [0x0000000795580000,0x0000000795580000,0x00000007abf00000)
  from space 155136K, 35% used [0x00000007abf00000,0x00000007af4a0e48,0x00000007b5680000)
  to   space 145920K, 0% used [0x00000007b6780000,0x00000007b6780000,0x00000007bf600000)
 ParOldGen       total 299008K, used 141240K [0x0000000740000000, 0x0000000752400000, 0x0000000795580000)
  object space 299008K, 47% used [0x0000000740000000,0x00000007489ee020,0x0000000752400000)
 Metaspace       used 84394K, capacity 86339K, committed 98136K, reserved 1134592K
  class space    used 9410K, capacity 9805K, committed 12120K, reserved 1048576K
Event: 10083.401 GC heap after
Heap after GC invocations=48 (full 9):
 PSYoungGen      total 525312K, used 0K [0x0000000795580000, 0x00000007bf600000, 0x00000007c0000000)
  eden space 370176K, 0% used [0x0000000795580000,0x0000000795580000,0x00000007abf00000)
  from space 155136K, 0% used [0x00000007abf00000,0x00000007abf00000,0x00000007b5680000)
  to   space 145920K, 0% used [0x00000007b6780000,0x00000007b6780000,0x00000007bf600000)
 ParOldGen       total 299008K, used 29149K [0x0000000740000000, 0x0000000752400000, 0x0000000795580000)
  object space 299008K, 9% used [0x0000000740000000,0x0000000741c77540,0x0000000752400000)
 Metaspace       used 73080K, capacity 74303K, committed 96088K, reserved 1132544K
  class space    used 7915K, capacity 8159K, committed 12120K, reserved 1048576K
}
Event: 13683.407 GC heap before
{Heap before GC invocations=49 (full 9):
 PSYoungGen      total 525312K, used 25421K [0x0000000795580000, 0x00000007bf600000, 0x00000007c0000000)
  eden space 370176K, 6% used [0x0000000795580000,0x0000000796e53508,0x00000007abf00000)
  from space 155136K, 0% used [0x00000007abf00000,0x00000007abf00000,0x00000007b5680000)
  to   space 145920K, 0% used [0x00000007b6780000,0x00000007b6780000,0x00000007bf600000)
 ParOldGen       total 299008K, used 29149K [0x0000000740000000, 0x0000000752400000, 0x0000000795580000)
  object space 299008K, 9% used [0x0000000740000000,0x0000000741c77540,0x0000000752400000)
 Metaspace       used 73110K, capacity 74327K, committed 96088K, reserved 1132544K
  class space    used 7917K, capacity 8163K, committed 12120K, reserved 1048576K
Event: 13683.451 GC heap after
Heap after GC invocations=49 (full 9):
 PSYoungGen      total 542208K, used 160K [0x0000000795580000, 0x00000007bf700000, 0x00000007c0000000)
  eden space 396288K, 0% used [0x0000000795580000,0x0000000795580000,0x00000007ad880000)
  from space 145920K, 0% used [0x00000007b6780000,0x00000007b67a8000,0x00000007bf600000)
  to   space 146432K, 0% used [0x00000007ad880000,0x00000007ad880000,0x00000007b6780000)
 ParOldGen       total 299008K, used 29157K [0x0000000740000000, 0x0000000752400000, 0x0000000795580000)
  object space 299008K, 9% used [0x0000000740000000,0x0000000741c79540,0x0000000752400000)
 Metaspace       used 73110K, capacity 74327K, committed 96088K, reserved 1132544K
  class space    used 7917K, capacity 8163K, committed 12120K, reserved 1048576K
}
Event: 13683.451 GC heap before
{Heap before GC invocations=50 (full 10):
 PSYoungGen      total 542208K, used 160K [0x0000000795580000, 0x00000007bf700000, 0x00000007c0000000)
  eden space 396288K, 0% used [0x0000000795580000,0x0000000795580000,0x00000007ad880000)
  from space 145920K, 0% used [0x00000007b6780000,0x00000007b67a8000,0x00000007bf600000)
  to   space 146432K, 0% used [0x00000007ad880000,0x00000007ad880000,0x00000007b6780000)
 ParOldGen       total 299008K, used 29157K [0x0000000740000000, 0x0000000752400000, 0x0000000795580000)
  object space 299008K, 9% used [0x0000000740000000,0x0000000741c79540,0x0000000752400000)
 Metaspace       used 73110K, capacity 74327K, committed 96088K, reserved 1132544K
  class space    used 7917K, capacity 8163K, committed 12120K, reserved 1048576K

