# JRE version: OpenJDK Runtime Environment (8.0_152-b01) (build 1.8.0_152-release-1024-b01)
# Java VM: OpenJDK 64-Bit Server VM (25.152-b01 mixed mode bsd-amd64 compressed oops)
Heap:
 PSYoungGen      total 319488K, used 160252K [0x0000000795580000, 0x00000007bed80000, 0x00000007c0000000)
  eden space 232960K, 31% used [0x0000000795580000,0x0000000799db6040,0x00000007a3900000)
  from space 86528K, 99% used [0x00000007a3900000,0x00000007a8d491d0,0x00000007a8d80000)
  to   space 222720K, 0% used [0x00000007b1400000,0x00000007b1400000,0x00000007bed80000)
 ParOldGen       total 369664K, used 288243K [0x0000000740000000, 0x0000000756900000, 0x0000000795580000)
  object space 369664K, 77% used [0x0000000740000000,0x000000075197cf18,0x0000000756900000)
 Metaspace       used 91972K, capacity 98275K, committed 98432K, reserved 1134592K
  class space    used 11833K, capacity 13094K, committed 13184K, reserved 1048576K
GC Heap History (10 events):
Event: 2594.538 GC heap before
{Heap before GC invocations=44 (full 5):
 PSYoungGen      total 458752K, used 458738K [0x0000000795580000, 0x00000007c0000000, 0x00000007c0000000)
  eden space 290304K, 100% used [0x0000000795580000,0x00000007a7100000,0x00000007a7100000)
  from space 168448K, 99% used [0x00000007b5b80000,0x00000007bfffcbf0,0x00000007c0000000)
  to   space 204288K, 0% used [0x00000007a7100000,0x00000007a7100000,0x00000007b3880000)
 ParOldGen       total 369664K, used 271127K [0x0000000740000000, 0x0000000756900000, 0x0000000795580000)
  object space 369664K, 73% used [0x0000000740000000,0x00000007508c5eb8,0x0000000756900000)
 Metaspace       used 91251K, capacity 97361K, committed 97536K, reserved 1134592K
  class space    used 11727K, capacity 12955K, committed 13056K, reserved 1048576K
Event: 2594.646 GC heap after
Heap after GC invocations=44 (full 5):
 PSYoungGen      total 463360K, used 172651K [0x0000000795580000, 0x00000007c0000000, 0x00000007c0000000)
  eden space 290304K, 0% used [0x0000000795580000,0x0000000795580000,0x00000007a7100000)
  from space 173056K, 99% used [0x00000007a7100000,0x00000007b199ae68,0x00000007b1a00000)
  to   space 225280K, 0% used [0x00000007b2400000,0x00000007b2400000,0x00000007c0000000)
 ParOldGen       total 369664K, used 271159K [0x0000000740000000, 0x0000000756900000, 0x0000000795580000)
  object space 369664K, 73% used [0x0000000740000000,0x00000007508cdeb8,0x0000000756900000)
 Metaspace       used 91251K, capacity 97361K, committed 97536K, reserved 1134592K
  class space    used 11727K, capacity 12955K, committed 13056K, reserved 1048576K
}
Event: 2595.236 GC heap before
{Heap before GC invocations=45 (full 5):
 PSYoungGen      total 463360K, used 462955K [0x0000000795580000, 0x00000007c0000000, 0x00000007c0000000)
  eden space 290304K, 100% used [0x0000000795580000,0x00000007a7100000,0x00000007a7100000)
  from space 173056K, 99% used [0x00000007a7100000,0x00000007b199ae68,0x00000007b1a00000)
  to   space 225280K, 0% used [0x00000007b2400000,0x00000007b2400000,0x00000007c0000000)
 ParOldGen       total 369664K, used 271159K [0x0000000740000000, 0x0000000756900000, 0x0000000795580000)
  object space 369664K, 73% used [0x0000000740000000,0x00000007508cdeb8,0x0000000756900000)
 Metaspace       used 91251K, capacity 97361K, committed 97536K, reserved 1134592K
  class space    used 11727K, capacity 12955K, committed 13056K, reserved 1048576K
Event: 2595.357 GC heap after
Heap after GC invocations=45 (full 5):
 PSYoungGen      total 458240K, used 191071K [0x0000000795580000, 0x00000007c0000000, 0x00000007c0000000)
  eden space 232960K, 0% used [0x0000000795580000,0x0000000795580000,0x00000007a3900000)
  from space 225280K, 84% used [0x00000007b2400000,0x00000007bde97fe0,0x00000007c0000000)
  to   space 232960K, 0% used [0x00000007a3900000,0x00000007a3900000,0x00000007b1c80000)
 ParOldGen       total 369664K, used 271191K [0x0000000740000000, 0x0000000756900000, 0x0000000795580000)
  object space 369664K, 73% used [0x0000000740000000,0x00000007508d5eb8,0x0000000756900000)
 Metaspace       used 91251K, capacity 97361K, committed 97536K, reserved 1134592K
  class space    used 11727K, capacity 12955K, committed 13056K, reserved 1048576K
}
Event: 2596.693 GC heap before
{Heap before GC invocations=46 (full 5):
 PSYoungGen      total 458240K, used 424031K [0x0000000795580000, 0x00000007c0000000, 0x00000007c0000000)
  eden space 232960K, 100% used [0x0000000795580000,0x00000007a3900000,0x00000007a3900000)
  from space 225280K, 84% used [0x00000007b2400000,0x00000007bde97fe0,0x00000007c0000000)
  to   space 232960K, 0% used [0x00000007a3900000,0x00000007a3900000,0x00000007b1c80000)
 ParOldGen       total 369664K, used 271191K [0x0000000740000000, 0x0000000756900000, 0x0000000795580000)
  object space 369664K, 73% used [0x0000000740000000,0x00000007508d5eb8,0x0000000756900000)
 Metaspace       used 91253K, capacity 97361K, committed 97536K, reserved 1134592K
  class space    used 11727K, capacity 12955K, committed 13056K, reserved 1048576K
Event: 2596.770 GC heap after
Heap after GC invocations=46 (full 5):
 PSYoungGen      total 465920K, used 117587K [0x0000000795580000, 0x00000007c0000000, 0x00000007c0000000)
  eden space 232960K, 0% used [0x0000000795580000,0x0000000795580000,0x00000007a3900000)
  from space 232960K, 50% used [0x00000007a3900000,0x00000007aabd4ec0,0x00000007b1c80000)
  to   space 232960K, 0% used [0x00000007b1c80000,0x00000007b1c80000,0x00000007c0000000)
 ParOldGen       total 369664K, used 271247K [0x0000000740000000, 0x0000000756900000, 0x0000000795580000)
  object space 369664K, 73% used [0x0000000740000000,0x00000007508e3eb8,0x0000000756900000)
 Metaspace       used 91253K, capacity 97361K, committed 97536K, reserved 1134592K
  class space    used 11727K, capacity 12955K, committed 13056K, reserved 1048576K
}
Event: 2596.996 GC heap before
{Heap before GC invocations=47 (full 5):
 PSYoungGen      total 465920K, used 350547K [0x0000000795580000, 0x00000007c0000000, 0x00000007c0000000)
  eden space 232960K, 100% used [0x0000000795580000,0x00000007a3900000,0x00000007a3900000)
  from space 232960K, 50% used [0x00000007a3900000,0x00000007aabd4ec0,0x00000007b1c80000)
  to   space 232960K, 0% used [0x00000007b1c80000,0x00000007b1c80000,0x00000007c0000000)
 ParOldGen       total 369664K, used 271247K [0x0000000740000000, 0x0000000756900000, 0x0000000795580000)
  object space 369664K, 73% used [0x0000000740000000,0x00000007508e3eb8,0x0000000756900000)
 Metaspace       used 91253K, capacity 97361K, committed 97536K, reserved 1134592K
  class space    used 11727K, capacity 12955K, committed 13056K, reserved 1048576K
Event: 2597.114 GC heap after
Heap after GC invocations=47 (full 5):
 PSYoungGen      total 464896K, used 120053K [0x0000000795580000, 0x00000007bff00000, 0x00000007c0000000)
  eden space 232960K, 0% used [0x0000000795580000,0x0000000795580000,0x00000007a3900000)
  from space 231936K, 51% used [0x00000007b1c80000,0x00000007b91bd6b8,0x00000007bff00000)
  to   space 232448K, 0% used [0x00000007a3900000,0x00000007a3900000,0x00000007b1c00000)
 ParOldGen       total 369664K, used 287715K [0x0000000740000000, 0x0000000756900000, 0x0000000795580000)
  object space 369664K, 77% used [0x0000000740000000,0x00000007518f8ef8,0x0000000756900000)
 Metaspace       used 91253K, capacity 97361K, committed 97536K, reserved 1134592K
  class space    used 11727K, capacity 12955K, committed 13056K, reserved 1048576K
}
Event: 2627.339 GC heap before
{Heap before GC invocations=48 (full 5):
 PSYoungGen      total 464896K, used 352257K [0x0000000795580000, 0x00000007bff00000, 0x00000007c0000000)
  eden space 232960K, 99% used [0x0000000795580000,0x00000007a3842ee0,0x00000007a3900000)
  from space 231936K, 51% used [0x00000007b1c80000,0x00000007b91bd6b8,0x00000007bff00000)
  to   space 232448K, 0% used [0x00000007a3900000,0x00000007a3900000,0x00000007b1c00000)
 ParOldGen       total 369664K, used 287715K [0x0000000740000000, 0x0000000756900000, 0x0000000795580000)
  object space 369664K, 77% used [0x0000000740000000,0x00000007518f8ef8,0x0000000756900000)
 Metaspace       used 91281K, capacity 97441K, committed 97792K, reserved 1134592K
  class space    used 11728K, capacity 12957K, committed 13056K, reserved 1048576K
Event: 2627.466 GC heap after
Heap after GC invocations=48 (full 5):
 PSYoungGen      total 319488K, used 86308K [0x0000000795580000, 0x00000007bed80000, 0x00000007c0000000)
  eden space 232960K, 0% used [0x0000000795580000,0x0000000795580000,0x00000007a3900000)
  from space 86528K, 99% used [0x00000007a3900000,0x00000007a8d491d0,0x00000007a8d80000)
  to   space 222720K, 0% used [0x00000007b1400000,0x00000007b1400000,0x00000007bed80000)
 ParOldGen       total 369664K, used 288243K [0x0000000740000000, 0x0000000756900000, 0x0000000795580000)
  object space 369664K, 77% used [0x0000000740000000,0x000000075197cf18,0x0000000756900000)
 Metaspace       used 91281K, capacity 97441K, committed 97792K, reserved 1134592K
  class space    used 11728K, capacity 12957K, committed 13056K, reserved 1048576K
}

