# JRE version: OpenJDK Runtime Environment (8.0_152-b01) (build 1.8.0_152-release-1024-b01)
# Java VM: OpenJDK 64-Bit Server VM (25.152-b01 mixed mode bsd-amd64 compressed oops)
Heap:
 PSYoungGen      total 561664K, used 290098K [0x0000000795580000, 0x00000007c0000000, 0x00000007c0000000)
  eden space 471552K, 42% used [0x0000000795580000,0x00000007a18d0d18,0x00000007b2200000)
  from space 90112K, 99% used [0x00000007ba800000,0x00000007bfffbec8,0x00000007c0000000)
  to   space 113664K, 0% used [0x00000007b2200000,0x00000007b2200000,0x00000007b9100000)
 ParOldGen       total 441344K, used 371523K [0x0000000740000000, 0x000000075af00000, 0x0000000795580000)
  object space 441344K, 84% used [0x0000000740000000,0x0000000756ad0d80,0x000000075af00000)
 Metaspace       used 67946K, capacity 70597K, committed 70784K, reserved 1110016K
  class space    used 9185K, capacity 9812K, committed 9856K, reserved 1048576K
GC Heap History (10 events):
Event: 31.484 GC heap before
{Heap before GC invocations=26 (full 5):
 PSYoungGen      total 444416K, used 430514K [0x0000000795580000, 0x00000007b5980000, 0x00000007c0000000)
  eden space 389632K, 100% used [0x0000000795580000,0x00000007ad200000,0x00000007ad200000)
  from space 54784K, 74% used [0x00000007b0d00000,0x00000007b34ec808,0x00000007b4280000)
  to   space 60416K, 0% used [0x00000007ad200000,0x00000007ad200000,0x00000007b0d00000)
 ParOldGen       total 293376K, used 184060K [0x0000000740000000, 0x0000000751e80000, 0x0000000795580000)
  object space 293376K, 62% used [0x0000000740000000,0x000000074b3bf250,0x0000000751e80000)
 Metaspace       used 67923K, capacity 70597K, committed 70784K, reserved 1110016K
  class space    used 9184K, capacity 9812K, committed 9856K, reserved 1048576K
Event: 31.848 GC heap after
Heap after GC invocations=26 (full 5):
 PSYoungGen      total 450048K, used 59543K [0x0000000795580000, 0x00000007ba600000, 0x00000007c0000000)
  eden space 389632K, 0% used [0x0000000795580000,0x0000000795580000,0x00000007ad200000)
  from space 60416K, 98% used [0x00000007ad200000,0x00000007b0c25c98,0x00000007b0d00000)
  to   space 70144K, 0% used [0x00000007b6180000,0x00000007b6180000,0x00000007ba600000)
 ParOldGen       total 293376K, used 224982K [0x0000000740000000, 0x0000000751e80000, 0x0000000795580000)
  object space 293376K, 76% used [0x0000000740000000,0x000000074dbb5858,0x0000000751e80000)
 Metaspace       used 67923K, capacity 70597K, committed 70784K, reserved 1110016K
  class space    used 9184K, capacity 9812K, committed 9856K, reserved 1048576K
}
Event: 33.147 GC heap before
{Heap before GC invocations=27 (full 5):
 PSYoungGen      total 450048K, used 449175K [0x0000000795580000, 0x00000007ba600000, 0x00000007c0000000)
  eden space 389632K, 100% used [0x0000000795580000,0x00000007ad200000,0x00000007ad200000)
  from space 60416K, 98% used [0x00000007ad200000,0x00000007b0c25c98,0x00000007b0d00000)
  to   space 70144K, 0% used [0x00000007b6180000,0x00000007b6180000,0x00000007ba600000)
 ParOldGen       total 293376K, used 224982K [0x0000000740000000, 0x0000000751e80000, 0x0000000795580000)
  object space 293376K, 76% used [0x0000000740000000,0x000000074dbb5858,0x0000000751e80000)
 Metaspace       used 67933K, capacity 70597K, committed 70784K, reserved 1110016K
  class space    used 9184K, capacity 9812K, committed 9856K, reserved 1048576K
Event: 33.514 GC heap after
Heap after GC invocations=27 (full 5):
 PSYoungGen      total 525312K, used 68288K [0x0000000795580000, 0x00000007bc600000, 0x00000007c0000000)
  eden space 455168K, 0% used [0x0000000795580000,0x0000000795580000,0x00000007b1200000)
  from space 70144K, 97% used [0x00000007b6180000,0x00000007ba4300a8,0x00000007ba600000)
  to   space 81408K, 0% used [0x00000007b1200000,0x00000007b1200000,0x00000007b6180000)
 ParOldGen       total 293376K, used 284416K [0x0000000740000000, 0x0000000751e80000, 0x0000000795580000)
  object space 293376K, 96% used [0x0000000740000000,0x00000007515c0028,0x0000000751e80000)
 Metaspace       used 67933K, capacity 70597K, committed 70784K, reserved 1110016K
  class space    used 9184K, capacity 9812K, committed 9856K, reserved 1048576K
}
Event: 33.515 GC heap before
{Heap before GC invocations=28 (full 6):
 PSYoungGen      total 525312K, used 68288K [0x0000000795580000, 0x00000007bc600000, 0x00000007c0000000)
  eden space 455168K, 0% used [0x0000000795580000,0x0000000795580000,0x00000007b1200000)
  from space 70144K, 97% used [0x00000007b6180000,0x00000007ba4300a8,0x00000007ba600000)
  to   space 81408K, 0% used [0x00000007b1200000,0x00000007b1200000,0x00000007b6180000)
 ParOldGen       total 293376K, used 284416K [0x0000000740000000, 0x0000000751e80000, 0x0000000795580000)
  object space 293376K, 96% used [0x0000000740000000,0x00000007515c0028,0x0000000751e80000)
 Metaspace       used 67933K, capacity 70597K, committed 70784K, reserved 1110016K
  class space    used 9184K, capacity 9812K, committed 9856K, reserved 1048576K
Event: 35.099 GC heap after
Heap after GC invocations=28 (full 6):
 PSYoungGen      total 525312K, used 57213K [0x0000000795580000, 0x00000007bc600000, 0x00000007c0000000)
  eden space 455168K, 0% used [0x0000000795580000,0x0000000795580000,0x00000007b1200000)
  from space 70144K, 81% used [0x00000007b6180000,0x00000007b995f710,0x00000007ba600000)
  to   space 81408K, 0% used [0x00000007b1200000,0x00000007b1200000,0x00000007b6180000)
 ParOldGen       total 441344K, used 293054K [0x0000000740000000, 0x000000075af00000, 0x0000000795580000)
  object space 441344K, 66% used [0x0000000740000000,0x0000000751e2f940,0x000000075af00000)
 Metaspace       used 67933K, capacity 70597K, committed 70784K, reserved 1110016K
  class space    used 9184K, capacity 9812K, committed 9856K, reserved 1048576K
}
Event: 36.636 GC heap before
{Heap before GC invocations=29 (full 6):
 PSYoungGen      total 525312K, used 512381K [0x0000000795580000, 0x00000007bc600000, 0x00000007c0000000)
  eden space 455168K, 100% used [0x0000000795580000,0x00000007b1200000,0x00000007b1200000)
  from space 70144K, 81% used [0x00000007b6180000,0x00000007b995f710,0x00000007ba600000)
  to   space 81408K, 0% used [0x00000007b1200000,0x00000007b1200000,0x00000007b6180000)
 ParOldGen       total 441344K, used 293054K [0x0000000740000000, 0x000000075af00000, 0x0000000795580000)
  object space 441344K, 66% used [0x0000000740000000,0x0000000751e2f940,0x000000075af00000)
 Metaspace       used 67939K, capacity 70597K, committed 70784K, reserved 1110016K
  class space    used 9185K, capacity 9812K, committed 9856K, reserved 1048576K
Event: 36.947 GC heap after
Heap after GC invocations=29 (full 6):
 PSYoungGen      total 536576K, used 68047K [0x0000000795580000, 0x00000007c0000000, 0x00000007c0000000)
  eden space 455168K, 0% used [0x0000000795580000,0x0000000795580000,0x00000007b1200000)
  from space 81408K, 83% used [0x00000007b1200000,0x00000007b5473e10,0x00000007b6180000)
  to   space 90112K, 0% used [0x00000007ba800000,0x00000007ba800000,0x00000007c0000000)
 ParOldGen       total 441344K, used 348857K [0x0000000740000000, 0x000000075af00000, 0x0000000795580000)
  object space 441344K, 79% used [0x0000000740000000,0x00000007554ae6e0,0x000000075af00000)
 Metaspace       used 67939K, capacity 70597K, committed 70784K, reserved 1110016K
  class space    used 9185K, capacity 9812K, committed 9856K, reserved 1048576K
}
Event: 37.858 GC heap before
{Heap before GC invocations=30 (full 6):
 PSYoungGen      total 536576K, used 523215K [0x0000000795580000, 0x00000007c0000000, 0x00000007c0000000)
  eden space 455168K, 100% used [0x0000000795580000,0x00000007b1200000,0x00000007b1200000)
  from space 81408K, 83% used [0x00000007b1200000,0x00000007b5473e10,0x00000007b6180000)
  to   space 90112K, 0% used [0x00000007ba800000,0x00000007ba800000,0x00000007c0000000)
 ParOldGen       total 441344K, used 348857K [0x0000000740000000, 0x000000075af00000, 0x0000000795580000)
  object space 441344K, 79% used [0x0000000740000000,0x00000007554ae6e0,0x000000075af00000)
 Metaspace       used 67945K, capacity 70597K, committed 70784K, reserved 1110016K
  class space    used 9185K, capacity 9812K, committed 9856K, reserved 1048576K
Event: 38.252 GC heap after
Heap after GC invocations=30 (full 6):
 PSYoungGen      total 561664K, used 90095K [0x0000000795580000, 0x00000007c0000000, 0x00000007c0000000)
  eden space 471552K, 0% used [0x0000000795580000,0x0000000795580000,0x00000007b2200000)
  from space 90112K, 99% used [0x00000007ba800000,0x00000007bfffbec8,0x00000007c0000000)
  to   space 113664K, 0% used [0x00000007b2200000,0x00000007b2200000,0x00000007b9100000)
 ParOldGen       total 441344K, used 371523K [0x0000000740000000, 0x000000075af00000, 0x0000000795580000)
  object space 441344K, 84% used [0x0000000740000000,0x0000000756ad0d80,0x000000075af00000)
 Metaspace       used 67945K, capacity 70597K, committed 70784K, reserved 1110016K
  class space    used 9185K, capacity 9812K, committed 9856K, reserved 1048576K
}

