# JRE version: OpenJDK Runtime Environment (8.0_152-b01) (build 1.8.0_152-release-1024-b01)
# Java VM: OpenJDK 64-Bit Server VM (25.152-b01 mixed mode bsd-amd64 compressed oops)
Heap:
 PSYoungGen      total 465920K, used 166420K [0x0000000795580000, 0x00000007c0000000, 0x00000007c0000000)
  eden space 232960K, 0% used [0x0000000795580000,0x0000000795580000,0x00000007a3900000)
  from space 232960K, 71% used [0x00000007a3900000,0x00000007adb850c0,0x00000007b1c80000)
  to   space 232960K, 0% used [0x00000007b1c80000,0x00000007b1c80000,0x00000007c0000000)
 ParOldGen       total 1208832K, used 1132823K [0x0000000740000000, 0x0000000789c80000, 0x0000000795580000)
  object space 1208832K, 93% used [0x0000000740000000,0x0000000785245f18,0x0000000789c80000)
 Metaspace       used 68823K, capacity 71660K, committed 71936K, reserved 1112064K
  class space    used 9260K, capacity 9931K, committed 9984K, reserved 1048576K
GC Heap History (10 events):
Event: 155.315 GC heap after
Heap after GC invocations=93 (full 12):
 PSYoungGen      total 464896K, used 140984K [0x0000000795580000, 0x00000007c0000000, 0x00000007c0000000)
  eden space 263168K, 0% used [0x0000000795580000,0x0000000795580000,0x00000007a5680000)
  from space 201728K, 69% used [0x00000007a5680000,0x00000007ae02e118,0x00000007b1b80000)
  to   space 206336K, 0% used [0x00000007b3680000,0x00000007b3680000,0x00000007c0000000)
 ParOldGen       total 1208832K, used 996000K [0x0000000740000000, 0x0000000789c80000, 0x0000000795580000)
  object space 1208832K, 82% used [0x0000000740000000,0x000000077cca81e0,0x0000000789c80000)
 Metaspace       used 68654K, capacity 71468K, committed 71680K, reserved 1112064K
  class space    used 9257K, capacity 9931K, committed 9984K, reserved 1048576K
}
Event: 156.279 GC heap before
{Heap before GC invocations=94 (full 12):
 PSYoungGen      total 464896K, used 404152K [0x0000000795580000, 0x00000007c0000000, 0x00000007c0000000)
  eden space 263168K, 100% used [0x0000000795580000,0x00000007a5680000,0x00000007a5680000)
  from space 201728K, 69% used [0x00000007a5680000,0x00000007ae02e118,0x00000007b1b80000)
  to   space 206336K, 0% used [0x00000007b3680000,0x00000007b3680000,0x00000007c0000000)
 ParOldGen       total 1208832K, used 996000K [0x0000000740000000, 0x0000000789c80000, 0x0000000795580000)
  object space 1208832K, 82% used [0x0000000740000000,0x000000077cca81e0,0x0000000789c80000)
 Metaspace       used 68730K, capacity 71532K, committed 71680K, reserved 1112064K
  class space    used 9259K, capacity 9931K, committed 9984K, reserved 1048576K
Event: 156.821 GC heap after
Heap after GC invocations=94 (full 12):
 PSYoungGen      total 458752K, used 177643K [0x0000000795580000, 0x00000007c0000000, 0x00000007c0000000)
  eden space 252416K, 0% used [0x0000000795580000,0x0000000795580000,0x00000007a4c00000)
  from space 206336K, 86% used [0x00000007b3680000,0x00000007be3fac68,0x00000007c0000000)
  to   space 223232K, 0% used [0x00000007a4c00000,0x00000007a4c00000,0x00000007b2600000)
 ParOldGen       total 1208832K, used 996000K [0x0000000740000000, 0x0000000789c80000, 0x0000000795580000)
  object space 1208832K, 82% used [0x0000000740000000,0x000000077cca81e0,0x0000000789c80000)
 Metaspace       used 68730K, capacity 71532K, committed 71680K, reserved 1112064K
  class space    used 9259K, capacity 9931K, committed 9984K, reserved 1048576K
}
Event: 157.575 GC heap before
{Heap before GC invocations=95 (full 12):
 PSYoungGen      total 458752K, used 430059K [0x0000000795580000, 0x00000007c0000000, 0x00000007c0000000)
  eden space 252416K, 100% used [0x0000000795580000,0x00000007a4c00000,0x00000007a4c00000)
  from space 206336K, 86% used [0x00000007b3680000,0x00000007be3fac68,0x00000007c0000000)
  to   space 223232K, 0% used [0x00000007a4c00000,0x00000007a4c00000,0x00000007b2600000)
 ParOldGen       total 1208832K, used 996000K [0x0000000740000000, 0x0000000789c80000, 0x0000000795580000)
  object space 1208832K, 82% used [0x0000000740000000,0x000000077cca81e0,0x0000000789c80000)
 Metaspace       used 68766K, capacity 71596K, committed 71936K, reserved 1112064K
  class space    used 9260K, capacity 9931K, committed 9984K, reserved 1048576K
Event: 158.031 GC heap after
Heap after GC invocations=95 (full 12):
 PSYoungGen      total 475648K, used 223218K [0x0000000795580000, 0x00000007c0000000, 0x00000007c0000000)
  eden space 252416K, 0% used [0x0000000795580000,0x0000000795580000,0x00000007a4c00000)
  from space 223232K, 99% used [0x00000007a4c00000,0x00000007b25fca58,0x00000007b2600000)
  to   space 223232K, 0% used [0x00000007b2600000,0x00000007b2600000,0x00000007c0000000)
 ParOldGen       total 1208832K, used 997511K [0x0000000740000000, 0x0000000789c80000, 0x0000000795580000)
  object space 1208832K, 82% used [0x0000000740000000,0x000000077ce21e38,0x0000000789c80000)
 Metaspace       used 68766K, capacity 71596K, committed 71936K, reserved 1112064K
  class space    used 9260K, capacity 9931K, committed 9984K, reserved 1048576K
}
Event: 158.684 GC heap before
{Heap before GC invocations=96 (full 12):
 PSYoungGen      total 475648K, used 475634K [0x0000000795580000, 0x00000007c0000000, 0x00000007c0000000)
  eden space 252416K, 100% used [0x0000000795580000,0x00000007a4c00000,0x00000007a4c00000)
  from space 223232K, 99% used [0x00000007a4c00000,0x00000007b25fca58,0x00000007b2600000)
  to   space 223232K, 0% used [0x00000007b2600000,0x00000007b2600000,0x00000007c0000000)
 ParOldGen       total 1208832K, used 997511K [0x0000000740000000, 0x0000000789c80000, 0x0000000795580000)
  object space 1208832K, 82% used [0x0000000740000000,0x000000077ce21e38,0x0000000789c80000)
 Metaspace       used 68821K, capacity 71596K, committed 71936K, reserved 1112064K
  class space    used 9260K, capacity 9931K, committed 9984K, reserved 1048576K
Event: 159.164 GC heap after
Heap after GC invocations=96 (full 12):
 PSYoungGen      total 456192K, used 223228K [0x0000000795580000, 0x00000007c0000000, 0x00000007c0000000)
  eden space 232960K, 0% used [0x0000000795580000,0x0000000795580000,0x00000007a3900000)
  from space 223232K, 99% used [0x00000007b2600000,0x00000007bffff250,0x00000007c0000000)
  to   space 232960K, 0% used [0x00000007a3900000,0x00000007a3900000,0x00000007b1c80000)
 ParOldGen       total 1208832K, used 1037412K [0x0000000740000000, 0x0000000789c80000, 0x0000000795580000)
  object space 1208832K, 85% used [0x0000000740000000,0x000000077f519030,0x0000000789c80000)
 Metaspace       used 68821K, capacity 71596K, committed 71936K, reserved 1112064K
  class space    used 9260K, capacity 9931K, committed 9984K, reserved 1048576K
}
Event: 159.734 GC heap before
{Heap before GC invocations=97 (full 12):
 PSYoungGen      total 456192K, used 456188K [0x0000000795580000, 0x00000007c0000000, 0x00000007c0000000)
  eden space 232960K, 100% used [0x0000000795580000,0x00000007a3900000,0x00000007a3900000)
  from space 223232K, 99% used [0x00000007b2600000,0x00000007bffff250,0x00000007c0000000)
  to   space 232960K, 0% used [0x00000007a3900000,0x00000007a3900000,0x00000007b1c80000)
 ParOldGen       total 1208832K, used 1037412K [0x0000000740000000, 0x0000000789c80000, 0x0000000795580000)
  object space 1208832K, 85% used [0x0000000740000000,0x000000077f519030,0x0000000789c80000)
 Metaspace       used 68823K, capacity 71660K, committed 71936K, reserved 1112064K
  class space    used 9260K, capacity 9931K, committed 9984K, reserved 1048576K
Event: 160.563 GC heap after
Heap after GC invocations=97 (full 12):
 PSYoungGen      total 465920K, used 166420K [0x0000000795580000, 0x00000007c0000000, 0x00000007c0000000)
  eden space 232960K, 0% used [0x0000000795580000,0x0000000795580000,0x00000007a3900000)
  from space 232960K, 71% used [0x00000007a3900000,0x00000007adb850c0,0x00000007b1c80000)
  to   space 232960K, 0% used [0x00000007b1c80000,0x00000007b1c80000,0x00000007c0000000)
 ParOldGen       total 1208832K, used 1132823K [0x0000000740000000, 0x0000000789c80000, 0x0000000795580000)
  object space 1208832K, 93% used [0x0000000740000000,0x0000000785245f18,0x0000000789c80000)
 Metaspace       used 68823K, capacity 71660K, committed 71936K, reserved 1112064K
  class space    used 9260K, capacity 9931K, committed 9984K, reserved 1048576K
}
Event: 160.563 GC heap before
{Heap before GC invocations=98 (full 13):
 PSYoungGen      total 465920K, used 166420K [0x0000000795580000, 0x00000007c0000000, 0x00000007c0000000)
  eden space 232960K, 0% used [0x0000000795580000,0x0000000795580000,0x00000007a3900000)
  from space 232960K, 71% used [0x00000007a3900000,0x00000007adb850c0,0x00000007b1c80000)
  to   space 232960K, 0% used [0x00000007b1c80000,0x00000007b1c80000,0x00000007c0000000)
 ParOldGen       total 1208832K, used 1132823K [0x0000000740000000, 0x0000000789c80000, 0x0000000795580000)
  object space 1208832K, 93% used [0x0000000740000000,0x0000000785245f18,0x0000000789c80000)
 Metaspace       used 68823K, capacity 71660K, committed 71936K, reserved 1112064K
  class space    used 9260K, capacity 9931K, committed 9984K, reserved 1048576K

