# JRE version: OpenJDK Runtime Environment (8.0_152-b01) (build 1.8.0_152-release-1024-b01)
# Java VM: OpenJDK 64-Bit Server VM (25.152-b01 mixed mode bsd-amd64 compressed oops)
Heap:
 PSYoungGen      total 503808K, used 346706K [0x0000000795580000, 0x00000007bee80000, 0x00000007c0000000)
  eden space 325120K, 78% used [0x0000000795580000,0x00000007a4ed5240,0x00000007a9300000)
  from space 178688K, 51% used [0x00000007a9300000,0x00000007aec3f8f0,0x00000007b4180000)
  to   space 174592K, 0% used [0x00000007b4400000,0x00000007b4400000,0x00000007bee80000)
 ParOldGen       total 239104K, used 168879K [0x0000000740000000, 0x000000074e980000, 0x0000000795580000)
  object space 239104K, 70% used [0x0000000740000000,0x000000074a4ebef0,0x000000074e980000)
 Metaspace       used 132134K, capacity 137347K, committed 137600K, reserved 1169408K
  class space    used 15709K, capacity 16953K, committed 17024K, reserved 1048576K
GC Heap History (10 events):
Event: 5824.570 GC heap before
{Heap before GC invocations=48 (full 9):
 PSYoungGen      total 487424K, used 394465K [0x0000000795580000, 0x00000007beb80000, 0x00000007c0000000)
  eden space 320512K, 100% used [0x0000000795580000,0x00000007a8e80000,0x00000007a8e80000)
  from space 166912K, 44% used [0x00000007b4880000,0x00000007b90b8780,0x00000007beb80000)
  to   space 178688K, 0% used [0x00000007a8e80000,0x00000007a8e80000,0x00000007b3d00000)
 ParOldGen       total 239104K, used 71792K [0x0000000740000000, 0x000000074e980000, 0x0000000795580000)
  object space 239104K, 30% used [0x0000000740000000,0x000000074461c3a8,0x000000074e980000)
 Metaspace       used 119147K, capacity 123515K, committed 123648K, reserved 1157120K
  class space    used 14063K, capacity 15101K, committed 15104K, reserved 1048576K
Event: 5825.033 GC heap after
Heap after GC invocations=48 (full 9):
 PSYoungGen      total 499200K, used 140005K [0x0000000795580000, 0x00000007c0000000, 0x00000007c0000000)
  eden space 320512K, 0% used [0x0000000795580000,0x0000000795580000,0x00000007a8e80000)
  from space 178688K, 78% used [0x00000007a8e80000,0x00000007b17397a0,0x00000007b3d00000)
  to   space 190976K, 0% used [0x00000007b4580000,0x00000007b4580000,0x00000007c0000000)
 ParOldGen       total 239104K, used 74646K [0x0000000740000000, 0x000000074e980000, 0x0000000795580000)
  object space 239104K, 31% used [0x0000000740000000,0x00000007448e5bb0,0x000000074e980000)
 Metaspace       used 119147K, capacity 123515K, committed 123648K, reserved 1157120K
  class space    used 14063K, capacity 15101K, committed 15104K, reserved 1048576K
}
Event: 6544.967 GC heap before
{Heap before GC invocations=49 (full 9):
 PSYoungGen      total 499200K, used 460517K [0x0000000795580000, 0x00000007c0000000, 0x00000007c0000000)
  eden space 320512K, 100% used [0x0000000795580000,0x00000007a8e80000,0x00000007a8e80000)
  from space 178688K, 78% used [0x00000007a8e80000,0x00000007b17397a0,0x00000007b3d00000)
  to   space 190976K, 0% used [0x00000007b4580000,0x00000007b4580000,0x00000007c0000000)
 ParOldGen       total 239104K, used 74646K [0x0000000740000000, 0x000000074e980000, 0x0000000795580000)
  object space 239104K, 31% used [0x0000000740000000,0x00000007448e5bb0,0x000000074e980000)
 Metaspace       used 119697K, capacity 124121K, committed 124288K, reserved 1159168K
  class space    used 14122K, capacity 15174K, committed 15232K, reserved 1048576K
Event: 6546.017 GC heap after
Heap after GC invocations=49 (full 9):
 PSYoungGen      total 504832K, used 15420K [0x0000000795580000, 0x00000007c0000000, 0x00000007c0000000)
  eden space 313856K, 0% used [0x0000000795580000,0x0000000795580000,0x00000007a8800000)
  from space 190976K, 8% used [0x00000007b4580000,0x00000007b548f360,0x00000007c0000000)
  to   space 192512K, 0% used [0x00000007a8800000,0x00000007a8800000,0x00000007b4400000)
 ParOldGen       total 239104K, used 76989K [0x0000000740000000, 0x000000074e980000, 0x0000000795580000)
  object space 239104K, 32% used [0x0000000740000000,0x0000000744b2f440,0x000000074e980000)
 Metaspace       used 119697K, capacity 124121K, committed 124288K, reserved 1159168K
  class space    used 14122K, capacity 15174K, committed 15232K, reserved 1048576K
}
Event: 6563.584 GC heap before
{Heap before GC invocations=50 (full 9):
 PSYoungGen      total 504832K, used 329276K [0x0000000795580000, 0x00000007c0000000, 0x00000007c0000000)
  eden space 313856K, 100% used [0x0000000795580000,0x00000007a8800000,0x00000007a8800000)
  from space 190976K, 8% used [0x00000007b4580000,0x00000007b548f360,0x00000007c0000000)
  to   space 192512K, 0% used [0x00000007a8800000,0x00000007a8800000,0x00000007b4400000)
 ParOldGen       total 239104K, used 76989K [0x0000000740000000, 0x000000074e980000, 0x0000000795580000)
  object space 239104K, 32% used [0x0000000740000000,0x0000000744b2f440,0x000000074e980000)
 Metaspace       used 121431K, capacity 126153K, committed 126336K, reserved 1161216K
  class space    used 14301K, capacity 15430K, committed 15488K, reserved 1048576K
Event: 6564.654 GC heap after
Heap after GC invocations=50 (full 9):
 PSYoungGen      total 350720K, used 36501K [0x0000000795580000, 0x00000007bf980000, 0x00000007c0000000)
  eden space 313856K, 0% used [0x0000000795580000,0x0000000795580000,0x00000007a8800000)
  from space 36864K, 99% used [0x00000007a8800000,0x00000007aaba54d8,0x00000007aac00000)
  to   space 188416K, 0% used [0x00000007b4180000,0x00000007b4180000,0x00000007bf980000)
 ParOldGen       total 239104K, used 81983K [0x0000000740000000, 0x000000074e980000, 0x0000000795580000)
  object space 239104K, 34% used [0x0000000740000000,0x000000074500fc20,0x000000074e980000)
 Metaspace       used 121431K, capacity 126153K, committed 126336K, reserved 1161216K
  class space    used 14301K, capacity 15430K, committed 15488K, reserved 1048576K
}
Event: 6578.993 GC heap before
{Heap before GC invocations=51 (full 9):
 PSYoungGen      total 350720K, used 350357K [0x0000000795580000, 0x00000007bf980000, 0x00000007c0000000)
  eden space 313856K, 100% used [0x0000000795580000,0x00000007a8800000,0x00000007a8800000)
  from space 36864K, 99% used [0x00000007a8800000,0x00000007aaba54d8,0x00000007aac00000)
  to   space 188416K, 0% used [0x00000007b4180000,0x00000007b4180000,0x00000007bf980000)
 ParOldGen       total 239104K, used 81983K [0x0000000740000000, 0x000000074e980000, 0x0000000795580000)
  object space 239104K, 34% used [0x0000000740000000,0x000000074500fc20,0x000000074e980000)
 Metaspace       used 131604K, capacity 136733K, committed 136960K, reserved 1169408K
  class space    used 15661K, capacity 16880K, committed 16896K, reserved 1048576K
Event: 6581.160 GC heap after
Heap after GC invocations=51 (full 9):
 PSYoungGen      total 513536K, used 65977K [0x0000000795580000, 0x00000007c0000000, 0x00000007c0000000)
  eden space 325120K, 0% used [0x0000000795580000,0x0000000795580000,0x00000007a9300000)
  from space 188416K, 35% used [0x00000007b4180000,0x00000007b81ee7d8,0x00000007bf980000)
  to   space 178688K, 0% used [0x00000007a9300000,0x00000007a9300000,0x00000007b4180000)
 ParOldGen       total 239104K, used 112348K [0x0000000740000000, 0x000000074e980000, 0x0000000795580000)
  object space 239104K, 46% used [0x0000000740000000,0x0000000746db7098,0x000000074e980000)
 Metaspace       used 131604K, capacity 136733K, committed 136960K, reserved 1169408K
  class space    used 15661K, capacity 16880K, committed 16896K, reserved 1048576K
}
Event: 6586.765 GC heap before
{Heap before GC invocations=52 (full 9):
 PSYoungGen      total 513536K, used 391097K [0x0000000795580000, 0x00000007c0000000, 0x00000007c0000000)
  eden space 325120K, 100% used [0x0000000795580000,0x00000007a9300000,0x00000007a9300000)
  from space 188416K, 35% used [0x00000007b4180000,0x00000007b81ee7d8,0x00000007bf980000)
  to   space 178688K, 0% used [0x00000007a9300000,0x00000007a9300000,0x00000007b4180000)
 ParOldGen       total 239104K, used 112348K [0x0000000740000000, 0x000000074e980000, 0x0000000795580000)
  object space 239104K, 46% used [0x0000000740000000,0x0000000746db7098,0x000000074e980000)
 Metaspace       used 132013K, capacity 137211K, committed 137344K, reserved 1169408K
  class space    used 15707K, capacity 16953K, committed 17024K, reserved 1048576K
Event: 6588.484 GC heap after
Heap after GC invocations=52 (full 9):
 PSYoungGen      total 503808K, used 91390K [0x0000000795580000, 0x00000007bee80000, 0x00000007c0000000)
  eden space 325120K, 0% used [0x0000000795580000,0x0000000795580000,0x00000007a9300000)
  from space 178688K, 51% used [0x00000007a9300000,0x00000007aec3f8f0,0x00000007b4180000)
  to   space 174592K, 0% used [0x00000007b4400000,0x00000007b4400000,0x00000007bee80000)
 ParOldGen       total 239104K, used 168879K [0x0000000740000000, 0x000000074e980000, 0x0000000795580000)
  object space 239104K, 70% used [0x0000000740000000,0x000000074a4ebef0,0x000000074e980000)
 Metaspace       used 132013K, capacity 137211K, committed 137344K, reserved 1169408K
  class space    used 15707K, capacity 16953K, committed 17024K, reserved 1048576K
}

