# JRE version: OpenJDK Runtime Environment (8.0_152-b01) (build 1.8.0_152-release-1024-b01)
# Java VM: OpenJDK 64-Bit Server VM (25.152-b01 mixed mode bsd-amd64 compressed oops)
Heap:
 PSYoungGen      total 540160K, used 408138K [0x0000000795580000, 0x00000007c0000000, 0x00000007c0000000)
  eden space 383488K, 82% used [0x0000000795580000,0x00000007a8bd2f70,0x00000007acc00000)
  from space 156672K, 57% used [0x00000007b6700000,0x00000007bbf3f978,0x00000007c0000000)
  to   space 157696K, 0% used [0x00000007acc00000,0x00000007acc00000,0x00000007b6600000)
 ParOldGen       total 801792K, used 610183K [0x0000000740000000, 0x0000000770f00000, 0x0000000795580000)
  object space 801792K, 76% used [0x0000000740000000,0x00000007653e1d58,0x0000000770f00000)
 Metaspace       used 68076K, capacity 70690K, committed 70784K, reserved 1110016K
  class space    used 9204K, capacity 9843K, committed 9856K, reserved 1048576K
GC Heap History (10 events):
Event: 45.163 GC heap before
{Heap before GC invocations=28 (full 7):
 PSYoungGen      total 576512K, used 484881K [0x0000000795580000, 0x00000007c0000000, 0x00000007c0000000)
  eden space 478720K, 100% used [0x0000000795580000,0x00000007b2900000,0x00000007b2900000)
  from space 97792K, 6% used [0x00000007ba080000,0x00000007ba6846d0,0x00000007c0000000)
  to   space 110080K, 0% used [0x00000007b2900000,0x00000007b2900000,0x00000007b9480000)
 ParOldGen       total 610304K, used 438641K [0x0000000740000000, 0x0000000765400000, 0x0000000795580000)
  object space 610304K, 71% used [0x0000000740000000,0x000000075ac5c478,0x0000000765400000)
 Metaspace       used 68062K, capacity 70684K, committed 70784K, reserved 1110016K
  class space    used 9203K, capacity 9842K, committed 9856K, reserved 1048576K
Event: 45.380 GC heap after
Heap after GC invocations=28 (full 7):
 PSYoungGen      total 551936K, used 72817K [0x0000000795580000, 0x00000007c0000000, 0x00000007c0000000)
  eden space 478720K, 0% used [0x0000000795580000,0x0000000795580000,0x00000007b2900000)
  from space 73216K, 99% used [0x00000007b2900000,0x00000007b701c670,0x00000007b7080000)
  to   space 114688K, 0% used [0x00000007b9000000,0x00000007b9000000,0x00000007c0000000)
 ParOldGen       total 610304K, used 438641K [0x0000000740000000, 0x0000000765400000, 0x0000000795580000)
  object space 610304K, 71% used [0x0000000740000000,0x000000075ac5c478,0x0000000765400000)
 Metaspace       used 68062K, capacity 70684K, committed 70784K, reserved 1110016K
  class space    used 9203K, capacity 9842K, committed 9856K, reserved 1048576K
}
Event: 46.647 GC heap before
{Heap before GC invocations=29 (full 7):
 PSYoungGen      total 551936K, used 551537K [0x0000000795580000, 0x00000007c0000000, 0x00000007c0000000)
  eden space 478720K, 100% used [0x0000000795580000,0x00000007b2900000,0x00000007b2900000)
  from space 73216K, 99% used [0x00000007b2900000,0x00000007b701c670,0x00000007b7080000)
  to   space 114688K, 0% used [0x00000007b9000000,0x00000007b9000000,0x00000007c0000000)
 ParOldGen       total 610304K, used 438641K [0x0000000740000000, 0x0000000765400000, 0x0000000795580000)
  object space 610304K, 71% used [0x0000000740000000,0x000000075ac5c478,0x0000000765400000)
 Metaspace       used 68062K, capacity 70684K, committed 70784K, reserved 1110016K
  class space    used 9203K, capacity 9842K, committed 9856K, reserved 1048576K
Event: 46.859 GC heap after
Heap after GC invocations=29 (full 7):
 PSYoungGen      total 527872K, used 114674K [0x0000000795580000, 0x00000007c0000000, 0x00000007c0000000)
  eden space 413184K, 0% used [0x0000000795580000,0x0000000795580000,0x00000007ae900000)
  from space 114688K, 99% used [0x00000007b9000000,0x00000007bfffc920,0x00000007c0000000)
  to   space 142848K, 0% used [0x00000007ae900000,0x00000007ae900000,0x00000007b7480000)
 ParOldGen       total 610304K, used 464167K [0x0000000740000000, 0x0000000765400000, 0x0000000795580000)
  object space 610304K, 76% used [0x0000000740000000,0x000000075c549e78,0x0000000765400000)
 Metaspace       used 68062K, capacity 70684K, committed 70784K, reserved 1110016K
  class space    used 9203K, capacity 9842K, committed 9856K, reserved 1048576K
}
Event: 47.900 GC heap before
{Heap before GC invocations=30 (full 7):
 PSYoungGen      total 527872K, used 527858K [0x0000000795580000, 0x00000007c0000000, 0x00000007c0000000)
  eden space 413184K, 100% used [0x0000000795580000,0x00000007ae900000,0x00000007ae900000)
  from space 114688K, 99% used [0x00000007b9000000,0x00000007bfffc920,0x00000007c0000000)
  to   space 142848K, 0% used [0x00000007ae900000,0x00000007ae900000,0x00000007b7480000)
 ParOldGen       total 610304K, used 464167K [0x0000000740000000, 0x0000000765400000, 0x0000000795580000)
  object space 610304K, 76% used [0x0000000740000000,0x000000075c549e78,0x0000000765400000)
 Metaspace       used 68065K, capacity 70684K, committed 70784K, reserved 1110016K
  class space    used 9203K, capacity 9842K, committed 9856K, reserved 1048576K
Event: 48.212 GC heap after
Heap after GC invocations=30 (full 7):
 PSYoungGen      total 528896K, used 115469K [0x0000000795580000, 0x00000007c0000000, 0x00000007c0000000)
  eden space 413184K, 0% used [0x0000000795580000,0x0000000795580000,0x00000007ae900000)
  from space 115712K, 99% used [0x00000007ae900000,0x00000007b59c34e0,0x00000007b5a00000)
  to   space 156672K, 0% used [0x00000007b6700000,0x00000007b6700000,0x00000007c0000000)
 ParOldGen       total 610304K, used 526638K [0x0000000740000000, 0x0000000765400000, 0x0000000795580000)
  object space 610304K, 86% used [0x0000000740000000,0x000000076024b9b8,0x0000000765400000)
 Metaspace       used 68065K, capacity 70684K, committed 70784K, reserved 1110016K
  class space    used 9203K, capacity 9842K, committed 9856K, reserved 1048576K
}
Event: 48.212 GC heap before
{Heap before GC invocations=31 (full 8):
 PSYoungGen      total 528896K, used 115469K [0x0000000795580000, 0x00000007c0000000, 0x00000007c0000000)
  eden space 413184K, 0% used [0x0000000795580000,0x0000000795580000,0x00000007ae900000)
  from space 115712K, 99% used [0x00000007ae900000,0x00000007b59c34e0,0x00000007b5a00000)
  to   space 156672K, 0% used [0x00000007b6700000,0x00000007b6700000,0x00000007c0000000)
 ParOldGen       total 610304K, used 526638K [0x0000000740000000, 0x0000000765400000, 0x0000000795580000)
  object space 610304K, 86% used [0x0000000740000000,0x000000076024b9b8,0x0000000765400000)
 Metaspace       used 68065K, capacity 70684K, committed 70784K, reserved 1110016K
  class space    used 9203K, capacity 9842K, committed 9856K, reserved 1048576K
Event: 52.166 GC heap after
Heap after GC invocations=31 (full 8):
 PSYoungGen      total 528896K, used 29213K [0x0000000795580000, 0x00000007c0000000, 0x00000007c0000000)
  eden space 413184K, 0% used [0x0000000795580000,0x0000000795580000,0x00000007ae900000)
  from space 115712K, 25% used [0x00000007ae900000,0x00000007b05877f0,0x00000007b5a00000)
  to   space 156672K, 0% used [0x00000007b6700000,0x00000007b6700000,0x00000007c0000000)
 ParOldGen       total 801792K, used 610183K [0x0000000740000000, 0x0000000770f00000, 0x0000000795580000)
  object space 801792K, 76% used [0x0000000740000000,0x00000007653e1d58,0x0000000770f00000)
 Metaspace       used 68065K, capacity 70684K, committed 70784K, reserved 1110016K
  class space    used 9203K, capacity 9842K, committed 9856K, reserved 1048576K
}
Event: 53.729 GC heap before
{Heap before GC invocations=32 (full 8):
 PSYoungGen      total 528896K, used 442397K [0x0000000795580000, 0x00000007c0000000, 0x00000007c0000000)
  eden space 413184K, 100% used [0x0000000795580000,0x00000007ae900000,0x00000007ae900000)
  from space 115712K, 25% used [0x00000007ae900000,0x00000007b05877f0,0x00000007b5a00000)
  to   space 156672K, 0% used [0x00000007b6700000,0x00000007b6700000,0x00000007c0000000)
 ParOldGen       total 801792K, used 610183K [0x0000000740000000, 0x0000000770f00000, 0x0000000795580000)
  object space 801792K, 76% used [0x0000000740000000,0x00000007653e1d58,0x0000000770f00000)
 Metaspace       used 68071K, capacity 70690K, committed 70784K, reserved 1110016K
  class space    used 9204K, capacity 9843K, committed 9856K, reserved 1048576K
Event: 54.376 GC heap after
Heap after GC invocations=32 (full 8):
 PSYoungGen      total 540160K, used 90366K [0x0000000795580000, 0x00000007c0000000, 0x00000007c0000000)
  eden space 383488K, 0% used [0x0000000795580000,0x0000000795580000,0x00000007acc00000)
  from space 156672K, 57% used [0x00000007b6700000,0x00000007bbf3f978,0x00000007c0000000)
  to   space 157696K, 0% used [0x00000007acc00000,0x00000007acc00000,0x00000007b6600000)
 ParOldGen       total 801792K, used 610183K [0x0000000740000000, 0x0000000770f00000, 0x0000000795580000)
  object space 801792K, 76% used [0x0000000740000000,0x00000007653e1d58,0x0000000770f00000)
 Metaspace       used 68071K, capacity 70690K, committed 70784K, reserved 1110016K
  class space    used 9204K, capacity 9843K, committed 9856K, reserved 1048576K
}

