# JRE version: OpenJDK Runtime Environment (8.0_152-b01) (build 1.8.0_152-release-1024-b01)
# Java VM: OpenJDK 64-Bit Server VM (25.152-b01 mixed mode bsd-amd64 compressed oops)
Heap:
 PSYoungGen      total 456704K, used 233253K [0x0000000795580000, 0x00000007bea80000, 0x00000007c0000000)
  eden space 240640K, 88% used [0x0000000795580000,0x00000007a256d380,0x00000007a4080000)
  from space 216064K, 9% used [0x00000007b1780000,0x00000007b2b5c0e0,0x00000007bea80000)
  to   space 218112K, 0% used [0x00000007a4080000,0x00000007a4080000,0x00000007b1580000)
 ParOldGen       total 489984K, used 235528K [0x0000000740000000, 0x000000075de80000, 0x0000000795580000)
  object space 489984K, 48% used [0x0000000740000000,0x000000074e6022a8,0x000000075de80000)
 Metaspace       used 79086K, capacity 83916K, committed 84224K, reserved 1122304K
  class space    used 10439K, capacity 11420K, committed 11520K, reserved 1048576K
GC Heap History (10 events):
Event: 125.908 GC heap before
{Heap before GC invocations=62 (full 12):
 PSYoungGen      total 465920K, used 232377K [0x0000000795580000, 0x00000007c0000000, 0x00000007c0000000)
  eden space 232960K, 99% used [0x0000000795580000,0x00000007a385e6d8,0x00000007a3900000)
  from space 232960K, 0% used [0x00000007a3900000,0x00000007a3910000,0x00000007b1c80000)
  to   space 232960K, 0% used [0x00000007b1c80000,0x00000007b1c80000,0x00000007c0000000)
 ParOldGen       total 489984K, used 226256K [0x0000000740000000, 0x000000075de80000, 0x0000000795580000)
  object space 489984K, 46% used [0x0000000740000000,0x000000074dcf4220,0x000000075de80000)
 Metaspace       used 70364K, capacity 73398K, committed 73472K, reserved 1112064K
  class space    used 9476K, capacity 10169K, committed 10240K, reserved 1048576K
Event: 125.917 GC heap after
Heap after GC invocations=62 (full 12):
 PSYoungGen      total 465920K, used 128K [0x0000000795580000, 0x00000007c0000000, 0x00000007c0000000)
  eden space 232960K, 0% used [0x0000000795580000,0x0000000795580000,0x00000007a3900000)
  from space 232960K, 0% used [0x00000007b1c80000,0x00000007b1ca0000,0x00000007c0000000)
  to   space 232960K, 0% used [0x00000007a3900000,0x00000007a3900000,0x00000007b1c80000)
 ParOldGen       total 489984K, used 226288K [0x0000000740000000, 0x000000075de80000, 0x0000000795580000)
  object space 489984K, 46% used [0x0000000740000000,0x000000074dcfc220,0x000000075de80000)
 Metaspace       used 70364K, capacity 73398K, committed 73472K, reserved 1112064K
  class space    used 9476K, capacity 10169K, committed 10240K, reserved 1048576K
}
Event: 276.979 GC heap before
{Heap before GC invocations=63 (full 12):
 PSYoungGen      total 465920K, used 233088K [0x0000000795580000, 0x00000007c0000000, 0x00000007c0000000)
  eden space 232960K, 100% used [0x0000000795580000,0x00000007a3900000,0x00000007a3900000)
  from space 232960K, 0% used [0x00000007b1c80000,0x00000007b1ca0000,0x00000007c0000000)
  to   space 232960K, 0% used [0x00000007a3900000,0x00000007a3900000,0x00000007b1c80000)
 ParOldGen       total 489984K, used 226288K [0x0000000740000000, 0x000000075de80000, 0x0000000795580000)
  object space 489984K, 46% used [0x0000000740000000,0x000000074dcfc220,0x000000075de80000)
 Metaspace       used 75304K, capacity 78990K, committed 79232K, reserved 1118208K
  class space    used 10004K, capacity 10843K, committed 10880K, reserved 1048576K
Event: 277.151 GC heap after
Heap after GC invocations=63 (full 12):
 PSYoungGen      total 465920K, used 19684K [0x0000000795580000, 0x00000007c0000000, 0x00000007c0000000)
  eden space 232960K, 0% used [0x0000000795580000,0x0000000795580000,0x00000007a3900000)
  from space 232960K, 8% used [0x00000007a3900000,0x00000007a4c39100,0x00000007b1c80000)
  to   space 232960K, 0% used [0x00000007b1c80000,0x00000007b1c80000,0x00000007c0000000)
 ParOldGen       total 489984K, used 226328K [0x0000000740000000, 0x000000075de80000, 0x0000000795580000)
  object space 489984K, 46% used [0x0000000740000000,0x000000074dd06220,0x000000075de80000)
 Metaspace       used 75304K, capacity 78990K, committed 79232K, reserved 1118208K
  class space    used 10004K, capacity 10843K, committed 10880K, reserved 1048576K
}
Event: 314.171 GC heap before
{Heap before GC invocations=64 (full 12):
 PSYoungGen      total 465920K, used 252644K [0x0000000795580000, 0x00000007c0000000, 0x00000007c0000000)
  eden space 232960K, 100% used [0x0000000795580000,0x00000007a3900000,0x00000007a3900000)
  from space 232960K, 8% used [0x00000007a3900000,0x00000007a4c39100,0x00000007b1c80000)
  to   space 232960K, 0% used [0x00000007b1c80000,0x00000007b1c80000,0x00000007c0000000)
 ParOldGen       total 489984K, used 226328K [0x0000000740000000, 0x000000075de80000, 0x0000000795580000)
  object space 489984K, 46% used [0x0000000740000000,0x000000074dd06220,0x000000075de80000)
 Metaspace       used 77501K, capacity 81468K, committed 81536K, reserved 1120256K
  class space    used 10238K, capacity 11114K, committed 11136K, reserved 1048576K
Event: 314.264 GC heap after
Heap after GC invocations=64 (full 12):
 PSYoungGen      total 465920K, used 5896K [0x0000000795580000, 0x00000007c0000000, 0x00000007c0000000)
  eden space 232960K, 0% used [0x0000000795580000,0x0000000795580000,0x00000007a3900000)
  from space 232960K, 2% used [0x00000007b1c80000,0x00000007b22422c8,0x00000007c0000000)
  to   space 232960K, 0% used [0x00000007a3900000,0x00000007a3900000,0x00000007b1c80000)
 ParOldGen       total 489984K, used 231185K [0x0000000740000000, 0x000000075de80000, 0x0000000795580000)
  object space 489984K, 47% used [0x0000000740000000,0x000000074e1c4448,0x000000075de80000)
 Metaspace       used 77501K, capacity 81468K, committed 81536K, reserved 1120256K
  class space    used 10238K, capacity 11114K, committed 11136K, reserved 1048576K
}
Event: 381.213 GC heap before
{Heap before GC invocations=65 (full 12):
 PSYoungGen      total 465920K, used 238856K [0x0000000795580000, 0x00000007c0000000, 0x00000007c0000000)
  eden space 232960K, 100% used [0x0000000795580000,0x00000007a3900000,0x00000007a3900000)
  from space 232960K, 2% used [0x00000007b1c80000,0x00000007b22422c8,0x00000007c0000000)
  to   space 232960K, 0% used [0x00000007a3900000,0x00000007a3900000,0x00000007b1c80000)
 ParOldGen       total 489984K, used 231185K [0x0000000740000000, 0x000000075de80000, 0x0000000795580000)
  object space 489984K, 47% used [0x0000000740000000,0x000000074e1c4448,0x000000075de80000)
 Metaspace       used 78392K, capacity 82804K, committed 83072K, reserved 1120256K
  class space    used 10343K, capacity 11266K, committed 11392K, reserved 1048576K
Event: 381.390 GC heap after
Heap after GC invocations=65 (full 12):
 PSYoungGen      total 254464K, used 21120K [0x0000000795580000, 0x00000007bf600000, 0x00000007c0000000)
  eden space 232960K, 0% used [0x0000000795580000,0x0000000795580000,0x00000007a3900000)
  from space 21504K, 98% used [0x00000007a3900000,0x00000007a4da0060,0x00000007a4e00000)
  to   space 227840K, 0% used [0x00000007b1780000,0x00000007b1780000,0x00000007bf600000)
 ParOldGen       total 489984K, used 235520K [0x0000000740000000, 0x000000075de80000, 0x0000000795580000)
  object space 489984K, 48% used [0x0000000740000000,0x000000074e6002a8,0x000000075de80000)
 Metaspace       used 78392K, capacity 82804K, committed 83072K, reserved 1120256K
  class space    used 10343K, capacity 11266K, committed 11392K, reserved 1048576K
}
Event: 390.611 GC heap before
{Heap before GC invocations=66 (full 12):
 PSYoungGen      total 254464K, used 254080K [0x0000000795580000, 0x00000007bf600000, 0x00000007c0000000)
  eden space 232960K, 100% used [0x0000000795580000,0x00000007a3900000,0x00000007a3900000)
  from space 21504K, 98% used [0x00000007a3900000,0x00000007a4da0060,0x00000007a4e00000)
  to   space 227840K, 0% used [0x00000007b1780000,0x00000007b1780000,0x00000007bf600000)
 ParOldGen       total 489984K, used 235520K [0x0000000740000000, 0x000000075de80000, 0x0000000795580000)
  object space 489984K, 48% used [0x0000000740000000,0x000000074e6002a8,0x000000075de80000)
 Metaspace       used 78806K, capacity 83586K, committed 83840K, reserved 1122304K
  class space    used 10402K, capacity 11375K, committed 11392K, reserved 1048576K
Event: 390.663 GC heap after
Heap after GC invocations=66 (full 12):
 PSYoungGen      total 456704K, used 20336K [0x0000000795580000, 0x00000007bea80000, 0x00000007c0000000)
  eden space 240640K, 0% used [0x0000000795580000,0x0000000795580000,0x00000007a4080000)
  from space 216064K, 9% used [0x00000007b1780000,0x00000007b2b5c0e0,0x00000007bea80000)
  to   space 218112K, 0% used [0x00000007a4080000,0x00000007a4080000,0x00000007b1580000)
 ParOldGen       total 489984K, used 235528K [0x0000000740000000, 0x000000075de80000, 0x0000000795580000)
  object space 489984K, 48% used [0x0000000740000000,0x000000074e6022a8,0x000000075de80000)
 Metaspace       used 78806K, capacity 83586K, committed 83840K, reserved 1122304K
  class space    used 10402K, capacity 11375K, committed 11392K, reserved 1048576K
}

