# JRE version: OpenJDK Runtime Environment (8.0_152-b01) (build 1.8.0_152-release-1024-b01)
# Java VM: OpenJDK 64-Bit Server VM (25.152-b01 mixed mode bsd-amd64 compressed oops)
Heap:
 PSYoungGen      total 575488K, used 565311K [0x0000000795580000, 0x00000007c0000000, 0x00000007c0000000)
  eden space 475648K, 100% used [0x0000000795580000,0x00000007b2600000,0x00000007b2600000)
  from space 99840K, 89% used [0x00000007b9e80000,0x00000007bf60fe90,0x00000007c0000000)
  to   space 111616K, 78% used [0x00000007b2600000,0x00000007b7b4f250,0x00000007b9300000)
 ParOldGen       total 175616K, used 94148K [0x0000000740000000, 0x000000074ab80000, 0x0000000795580000)
  object space 175616K, 53% used [0x0000000740000000,0x0000000745bf13a8,0x000000074ab80000)
 Metaspace       used 101486K, capacity 108757K, committed 109056K, reserved 1144832K
  class space    used 12923K, capacity 14492K, committed 14592K, reserved 1048576K
GC Heap History (10 events):
Event: 8027.235 GC heap after
Heap after GC invocations=34 (full 6):
 PSYoungGen      total 566272K, used 63709K [0x0000000795580000, 0x00000007bda80000, 0x00000007c0000000)
  eden space 488960K, 0% used [0x0000000795580000,0x0000000795580000,0x00000007b3300000)
  from space 77312K, 82% used [0x00000007b8600000,0x00000007bc4375b8,0x00000007bd180000)
  to   space 84992K, 0% used [0x00000007b3300000,0x00000007b3300000,0x00000007b8600000)
 ParOldGen       total 175616K, used 94116K [0x0000000740000000, 0x000000074ab80000, 0x0000000795580000)
  object space 175616K, 53% used [0x0000000740000000,0x0000000745be93a8,0x000000074ab80000)
 Metaspace       used 91622K, capacity 96695K, committed 98816K, reserved 1134592K
  class space    used 11623K, capacity 12668K, committed 13056K, reserved 1048576K
}
Event: 8209.322 GC heap before
{Heap before GC invocations=35 (full 6):
 PSYoungGen      total 566272K, used 552669K [0x0000000795580000, 0x00000007bda80000, 0x00000007c0000000)
  eden space 488960K, 100% used [0x0000000795580000,0x00000007b3300000,0x00000007b3300000)
  from space 77312K, 82% used [0x00000007b8600000,0x00000007bc4375b8,0x00000007bd180000)
  to   space 84992K, 0% used [0x00000007b3300000,0x00000007b3300000,0x00000007b8600000)
 ParOldGen       total 175616K, used 94116K [0x0000000740000000, 0x000000074ab80000, 0x0000000795580000)
  object space 175616K, 53% used [0x0000000740000000,0x0000000745be93a8,0x000000074ab80000)
 Metaspace       used 92674K, capacity 98505K, committed 99328K, reserved 1136640K
  class space    used 11752K, capacity 12893K, committed 13056K, reserved 1048576K
Event: 8210.055 GC heap after
Heap after GC invocations=35 (full 6):
 PSYoungGen      total 573952K, used 59746K [0x0000000795580000, 0x00000007bfd00000, 0x00000007c0000000)
  eden space 488960K, 0% used [0x0000000795580000,0x0000000795580000,0x00000007b3300000)
  from space 84992K, 70% used [0x00000007b3300000,0x00000007b6d58820,0x00000007b8600000)
  to   space 89600K, 0% used [0x00000007ba580000,0x00000007ba580000,0x00000007bfd00000)
 ParOldGen       total 175616K, used 94116K [0x0000000740000000, 0x000000074ab80000, 0x0000000795580000)
  object space 175616K, 53% used [0x0000000740000000,0x0000000745be93a8,0x000000074ab80000)
 Metaspace       used 92674K, capacity 98505K, committed 99328K, reserved 1136640K
  class space    used 11752K, capacity 12893K, committed 13056K, reserved 1048576K
}
Event: 8283.788 GC heap before
{Heap before GC invocations=36 (full 6):
 PSYoungGen      total 573952K, used 548706K [0x0000000795580000, 0x00000007bfd00000, 0x00000007c0000000)
  eden space 488960K, 100% used [0x0000000795580000,0x00000007b3300000,0x00000007b3300000)
  from space 84992K, 70% used [0x00000007b3300000,0x00000007b6d58820,0x00000007b8600000)
  to   space 89600K, 0% used [0x00000007ba580000,0x00000007ba580000,0x00000007bfd00000)
 ParOldGen       total 175616K, used 94116K [0x0000000740000000, 0x000000074ab80000, 0x0000000795580000)
  object space 175616K, 53% used [0x0000000740000000,0x0000000745be93a8,0x000000074ab80000)
 Metaspace       used 98807K, capacity 105313K, committed 105600K, reserved 1140736K
  class space    used 12595K, capacity 14039K, committed 14208K, reserved 1048576K
Event: 8284.352 GC heap after
Heap after GC invocations=36 (full 6):
 PSYoungGen      total 591872K, used 73844K [0x0000000795580000, 0x00000007c0000000, 0x00000007c0000000)
  eden space 502272K, 0% used [0x0000000795580000,0x0000000795580000,0x00000007b4000000)
  from space 89600K, 82% used [0x00000007ba580000,0x00000007bed9d168,0x00000007bfd00000)
  to   space 98304K, 0% used [0x00000007b4000000,0x00000007b4000000,0x00000007ba000000)
 ParOldGen       total 175616K, used 94124K [0x0000000740000000, 0x000000074ab80000, 0x0000000795580000)
  object space 175616K, 53% used [0x0000000740000000,0x0000000745beb3a8,0x000000074ab80000)
 Metaspace       used 98807K, capacity 105313K, committed 105600K, reserved 1140736K
  class space    used 12595K, capacity 14039K, committed 14208K, reserved 1048576K
}
Event: 8343.319 GC heap before
{Heap before GC invocations=37 (full 6):
 PSYoungGen      total 591872K, used 576116K [0x0000000795580000, 0x00000007c0000000, 0x00000007c0000000)
  eden space 502272K, 100% used [0x0000000795580000,0x00000007b4000000,0x00000007b4000000)
  from space 89600K, 82% used [0x00000007ba580000,0x00000007bed9d168,0x00000007bfd00000)
  to   space 98304K, 0% used [0x00000007b4000000,0x00000007b4000000,0x00000007ba000000)
 ParOldGen       total 175616K, used 94124K [0x0000000740000000, 0x000000074ab80000, 0x0000000795580000)
  object space 175616K, 53% used [0x0000000740000000,0x0000000745beb3a8,0x000000074ab80000)
 Metaspace       used 100097K, capacity 107205K, committed 107264K, reserved 1142784K
  class space    used 12782K, capacity 14330K, committed 14336K, reserved 1048576K
Event: 8344.270 GC heap after
Heap after GC invocations=37 (full 6):
 PSYoungGen      total 563200K, used 60637K [0x0000000795580000, 0x00000007c0000000, 0x00000007c0000000)
  eden space 502272K, 0% used [0x0000000795580000,0x0000000795580000,0x00000007b4000000)
  from space 60928K, 99% used [0x00000007b4000000,0x00000007b7b375f8,0x00000007b7b80000)
  to   space 99840K, 0% used [0x00000007b9e80000,0x00000007b9e80000,0x00000007c0000000)
 ParOldGen       total 175616K, used 94132K [0x0000000740000000, 0x000000074ab80000, 0x0000000795580000)
  object space 175616K, 53% used [0x0000000740000000,0x0000000745bed3a8,0x000000074ab80000)
 Metaspace       used 100097K, capacity 107205K, committed 107264K, reserved 1142784K
  class space    used 12782K, capacity 14330K, committed 14336K, reserved 1048576K
}
Event: 8414.252 GC heap before
{Heap before GC invocations=38 (full 6):
 PSYoungGen      total 563200K, used 562236K [0x0000000795580000, 0x00000007c0000000, 0x00000007c0000000)
  eden space 502272K, 99% used [0x0000000795580000,0x00000007b3f57cd8,0x00000007b4000000)
  from space 60928K, 99% used [0x00000007b4000000,0x00000007b7b375f8,0x00000007b7b80000)
  to   space 99840K, 0% used [0x00000007b9e80000,0x00000007b9e80000,0x00000007c0000000)
 ParOldGen       total 175616K, used 94132K [0x0000000740000000, 0x000000074ab80000, 0x0000000795580000)
  object space 175616K, 53% used [0x0000000740000000,0x0000000745bed3a8,0x000000074ab80000)
 Metaspace       used 100326K, capacity 107599K, committed 107904K, reserved 1142784K
  class space    used 12800K, capacity 14363K, committed 14464K, reserved 1048576K
Event: 8415.016 GC heap after
Heap after GC invocations=38 (full 6):
 PSYoungGen      total 575488K, used 89663K [0x0000000795580000, 0x00000007c0000000, 0x00000007c0000000)
  eden space 475648K, 0% used [0x0000000795580000,0x0000000795580000,0x00000007b2600000)
  from space 99840K, 89% used [0x00000007b9e80000,0x00000007bf60fe90,0x00000007c0000000)
  to   space 111616K, 0% used [0x00000007b2600000,0x00000007b2600000,0x00000007b9300000)
 ParOldGen       total 175616K, used 94140K [0x0000000740000000, 0x000000074ab80000, 0x0000000795580000)
  object space 175616K, 53% used [0x0000000740000000,0x0000000745bef3a8,0x000000074ab80000)
 Metaspace       used 100326K, capacity 107599K, committed 107904K, reserved 1142784K
  class space    used 12800K, capacity 14363K, committed 14464K, reserved 1048576K
}
Event: 8491.217 GC heap before
{Heap before GC invocations=39 (full 6):
 PSYoungGen      total 575488K, used 565311K [0x0000000795580000, 0x00000007c0000000, 0x00000007c0000000)
  eden space 475648K, 100% used [0x0000000795580000,0x00000007b2600000,0x00000007b2600000)
  from space 99840K, 89% used [0x00000007b9e80000,0x00000007bf60fe90,0x00000007c0000000)
  to   space 111616K, 0% used [0x00000007b2600000,0x00000007b2600000,0x00000007b9300000)
 ParOldGen       total 175616K, used 94140K [0x0000000740000000, 0x000000074ab80000, 0x0000000795580000)
  object space 175616K, 53% used [0x0000000740000000,0x0000000745bef3a8,0x000000074ab80000)
 Metaspace       used 101486K, capacity 108757K, committed 109056K, reserved 1144832K
  class space    used 12923K, capacity 14492K, committed 14592K, reserved 1048576K

