# JRE version: OpenJDK Runtime Environment (8.0_152-b01) (build 1.8.0_152-release-1024-b01)
# Java VM: OpenJDK 64-Bit Server VM (25.152-b01 mixed mode bsd-amd64 compressed oops)
Heap:
 PSYoungGen      total 350720K, used 333469K [0x0000000795580000, 0x00000007ae200000, 0x00000007c0000000)
  eden space 301056K, 100% used [0x0000000795580000,0x00000007a7b80000,0x00000007a7b80000)
  from space 49664K, 65% used [0x00000007aae00000,0x00000007acda7500,0x00000007ade80000)
  to   space 51712K, 66% used [0x00000007a7b80000,0x00000007a9ce9228,0x00000007aae00000)
 ParOldGen       total 145920K, used 90348K [0x0000000740000000, 0x0000000748e80000, 0x0000000795580000)
  object space 145920K, 61% used [0x0000000740000000,0x000000074583b250,0x0000000748e80000)
 Metaspace       used 91972K, capacity 96729K, committed 97112K, reserved 1132544K
  class space    used 11904K, capacity 12963K, committed 13144K, reserved 1048576K
GC Heap History (10 events):
Event: 3634.194 GC heap after
Heap after GC invocations=26 (full 4):
 PSYoungGen      total 268288K, used 27619K [0x0000000795580000, 0x00000007abe80000, 0x00000007c0000000)
  eden space 240640K, 0% used [0x0000000795580000,0x0000000795580000,0x00000007a4080000)
  from space 27648K, 99% used [0x00000007a6600000,0x00000007a80f8e48,0x00000007a8100000)
  to   space 38400K, 0% used [0x00000007a4080000,0x00000007a4080000,0x00000007a6600000)
 ParOldGen       total 145920K, used 84722K [0x0000000740000000, 0x0000000748e80000, 0x0000000795580000)
  object space 145920K, 58% used [0x0000000740000000,0x00000007452bcae0,0x0000000748e80000)
 Metaspace       used 82465K, capacity 86103K, committed 88152K, reserved 1126400K
  class space    used 10816K, capacity 11663K, committed 12120K, reserved 1048576K
}
Event: 3683.586 GC heap before
{Heap before GC invocations=27 (full 4):
 PSYoungGen      total 268288K, used 268259K [0x0000000795580000, 0x00000007abe80000, 0x00000007c0000000)
  eden space 240640K, 100% used [0x0000000795580000,0x00000007a4080000,0x00000007a4080000)
  from space 27648K, 99% used [0x00000007a6600000,0x00000007a80f8e48,0x00000007a8100000)
  to   space 38400K, 0% used [0x00000007a4080000,0x00000007a4080000,0x00000007a6600000)
 ParOldGen       total 145920K, used 84722K [0x0000000740000000, 0x0000000748e80000, 0x0000000795580000)
  object space 145920K, 58% used [0x0000000740000000,0x00000007452bcae0,0x0000000748e80000)
 Metaspace       used 84101K, capacity 88035K, committed 89688K, reserved 1126400K
  class space    used 11060K, capacity 11975K, committed 12376K, reserved 1048576K
Event: 3683.697 GC heap after
Heap after GC invocations=27 (full 4):
 PSYoungGen      total 279040K, used 23187K [0x0000000795580000, 0x00000007ab480000, 0x00000007c0000000)
  eden space 240640K, 0% used [0x0000000795580000,0x0000000795580000,0x00000007a4080000)
  from space 38400K, 60% used [0x00000007a4080000,0x00000007a5724e10,0x00000007a6600000)
  to   space 39424K, 0% used [0x00000007a8e00000,0x00000007a8e00000,0x00000007ab480000)
 ParOldGen       total 145920K, used 90068K [0x0000000740000000, 0x0000000748e80000, 0x0000000795580000)
  object space 145920K, 61% used [0x0000000740000000,0x00000007457f5238,0x0000000748e80000)
 Metaspace       used 84101K, capacity 88035K, committed 89688K, reserved 1126400K
  class space    used 11060K, capacity 11975K, committed 12376K, reserved 1048576K
}
Event: 3694.116 GC heap before
{Heap before GC invocations=28 (full 4):
 PSYoungGen      total 279040K, used 263827K [0x0000000795580000, 0x00000007ab480000, 0x00000007c0000000)
  eden space 240640K, 100% used [0x0000000795580000,0x00000007a4080000,0x00000007a4080000)
  from space 38400K, 60% used [0x00000007a4080000,0x00000007a5724e10,0x00000007a6600000)
  to   space 39424K, 0% used [0x00000007a8e00000,0x00000007a8e00000,0x00000007ab480000)
 ParOldGen       total 145920K, used 90068K [0x0000000740000000, 0x0000000748e80000, 0x0000000795580000)
  object space 145920K, 61% used [0x0000000740000000,0x00000007457f5238,0x0000000748e80000)
 Metaspace       used 84599K, capacity 88579K, committed 89944K, reserved 1126400K
  class space    used 11121K, capacity 12045K, committed 12376K, reserved 1048576K
Event: 3694.159 GC heap after
Heap after GC invocations=28 (full 4):
 PSYoungGen      total 314368K, used 37944K [0x0000000795580000, 0x00000007abc00000, 0x00000007c0000000)
  eden space 274944K, 0% used [0x0000000795580000,0x0000000795580000,0x00000007a6200000)
  from space 39424K, 96% used [0x00000007a8e00000,0x00000007ab30e2d8,0x00000007ab480000)
  to   space 45056K, 0% used [0x00000007a6200000,0x00000007a6200000,0x00000007a8e00000)
 ParOldGen       total 145920K, used 90076K [0x0000000740000000, 0x0000000748e80000, 0x0000000795580000)
  object space 145920K, 61% used [0x0000000740000000,0x00000007457f7238,0x0000000748e80000)
 Metaspace       used 84599K, capacity 88579K, committed 89944K, reserved 1126400K
  class space    used 11121K, capacity 12045K, committed 12376K, reserved 1048576K
}
Event: 3727.626 GC heap before
{Heap before GC invocations=29 (full 4):
 PSYoungGen      total 314368K, used 312888K [0x0000000795580000, 0x00000007abc00000, 0x00000007c0000000)
  eden space 274944K, 100% used [0x0000000795580000,0x00000007a6200000,0x00000007a6200000)
  from space 39424K, 96% used [0x00000007a8e00000,0x00000007ab30e2d8,0x00000007ab480000)
  to   space 45056K, 0% used [0x00000007a6200000,0x00000007a6200000,0x00000007a8e00000)
 ParOldGen       total 145920K, used 90076K [0x0000000740000000, 0x0000000748e80000, 0x0000000795580000)
  object space 145920K, 61% used [0x0000000740000000,0x00000007457f7238,0x0000000748e80000)
 Metaspace       used 88140K, capacity 92355K, committed 93272K, reserved 1130496K
  class space    used 11457K, capacity 12435K, committed 12632K, reserved 1048576K
Event: 3727.729 GC heap after
Heap after GC invocations=29 (full 4):
 PSYoungGen      total 320000K, used 37114K [0x0000000795580000, 0x00000007ade80000, 0x00000007c0000000)
  eden space 274944K, 0% used [0x0000000795580000,0x0000000795580000,0x00000007a6200000)
  from space 45056K, 82% used [0x00000007a6200000,0x00000007a863ea90,0x00000007a8e00000)
  to   space 49664K, 0% used [0x00000007aae00000,0x00000007aae00000,0x00000007ade80000)
 ParOldGen       total 145920K, used 90084K [0x0000000740000000, 0x0000000748e80000, 0x0000000795580000)
  object space 145920K, 61% used [0x0000000740000000,0x00000007457f9238,0x0000000748e80000)
 Metaspace       used 88140K, capacity 92355K, committed 93272K, reserved 1130496K
  class space    used 11457K, capacity 12435K, committed 12632K, reserved 1048576K
}
Event: 3745.515 GC heap before
{Heap before GC invocations=30 (full 4):
 PSYoungGen      total 320000K, used 312058K [0x0000000795580000, 0x00000007ade80000, 0x00000007c0000000)
  eden space 274944K, 100% used [0x0000000795580000,0x00000007a6200000,0x00000007a6200000)
  from space 45056K, 82% used [0x00000007a6200000,0x00000007a863ea90,0x00000007a8e00000)
  to   space 49664K, 0% used [0x00000007aae00000,0x00000007aae00000,0x00000007ade80000)
 ParOldGen       total 145920K, used 90084K [0x0000000740000000, 0x0000000748e80000, 0x0000000795580000)
  object space 145920K, 61% used [0x0000000740000000,0x00000007457f9238,0x0000000748e80000)
 Metaspace       used 89352K, capacity 93629K, committed 94680K, reserved 1130496K
  class space    used 11548K, capacity 12538K, committed 12760K, reserved 1048576K
Event: 3745.628 GC heap after
Heap after GC invocations=30 (full 4):
 PSYoungGen      total 350720K, used 32413K [0x0000000795580000, 0x00000007ae200000, 0x00000007c0000000)
  eden space 301056K, 0% used [0x0000000795580000,0x0000000795580000,0x00000007a7b80000)
  from space 49664K, 65% used [0x00000007aae00000,0x00000007acda7500,0x00000007ade80000)
  to   space 51712K, 0% used [0x00000007a7b80000,0x00000007a7b80000,0x00000007aae00000)
 ParOldGen       total 145920K, used 90348K [0x0000000740000000, 0x0000000748e80000, 0x0000000795580000)
  object space 145920K, 61% used [0x0000000740000000,0x000000074583b250,0x0000000748e80000)
 Metaspace       used 89352K, capacity 93629K, committed 94680K, reserved 1130496K
  class space    used 11548K, capacity 12538K, committed 12760K, reserved 1048576K
}
Event: 4117.926 GC heap before
{Heap before GC invocations=31 (full 4):
 PSYoungGen      total 350720K, used 333469K [0x0000000795580000, 0x00000007ae200000, 0x00000007c0000000)
  eden space 301056K, 100% used [0x0000000795580000,0x00000007a7b80000,0x00000007a7b80000)
  from space 49664K, 65% used [0x00000007aae00000,0x00000007acda7500,0x00000007ade80000)
  to   space 51712K, 0% used [0x00000007a7b80000,0x00000007a7b80000,0x00000007aae00000)
 ParOldGen       total 145920K, used 90348K [0x0000000740000000, 0x0000000748e80000, 0x0000000795580000)
  object space 145920K, 61% used [0x0000000740000000,0x000000074583b250,0x0000000748e80000)
 Metaspace       used 91972K, capacity 96729K, committed 97112K, reserved 1132544K
  class space    used 11904K, capacity 12963K, committed 13144K, reserved 1048576K

