# JRE version: OpenJDK Runtime Environment (8.0_152-b01) (build 1.8.0_152-release-1024-b01)
# Java VM: OpenJDK 64-Bit Server VM (25.152-b01 mixed mode bsd-amd64 compressed oops)
Heap:
 PSYoungGen      total 342016K, used 294605K [0x0000000795580000, 0x00000007af680000, 0x00000007c0000000)
  eden space 306176K, 96% used [0x0000000795580000,0x00000007a75334a8,0x00000007a8080000)
  from space 35840K, 0% used [0x00000007acd80000,0x00000007acd80000,0x00000007af080000)
  to   space 60416K, 0% used [0x00000007a8080000,0x00000007a8080000,0x00000007abb80000)
 ParOldGen       total 159744K, used 97084K [0x0000000740000000, 0x0000000749c00000, 0x0000000795580000)
  object space 159744K, 60% used [0x0000000740000000,0x0000000745ecf3f8,0x0000000749c00000)
 Metaspace       used 90626K, capacity 95971K, committed 97152K, reserved 1134592K
  class space    used 11538K, capacity 12624K, committed 12928K, reserved 1048576K
GC Heap History (10 events):
Event: 1836.813 GC heap before
{Heap before GC invocations=43 (full 4):
 PSYoungGen      total 367616K, used 349842K [0x0000000795580000, 0x00000007aed00000, 0x00000007c0000000)
  eden space 333312K, 100% used [0x0000000795580000,0x00000007a9b00000,0x00000007a9b00000)
  from space 34304K, 48% used [0x00000007acb80000,0x00000007adba4930,0x00000007aed00000)
  to   space 41984K, 0% used [0x00000007a9b00000,0x00000007a9b00000,0x00000007ac400000)
 ParOldGen       total 159744K, used 109948K [0x0000000740000000, 0x0000000749c00000, 0x0000000795580000)
  object space 159744K, 68% used [0x0000000740000000,0x0000000746b5f1c0,0x0000000749c00000)
 Metaspace       used 90324K, capacity 95619K, committed 95744K, reserved 1132544K
  class space    used 11624K, capacity 12751K, committed 12800K, reserved 1048576K
Event: 1837.025 GC heap after
Heap after GC invocations=43 (full 4):
 PSYoungGen      total 375296K, used 41970K [0x0000000795580000, 0x00000007b1980000, 0x00000007c0000000)
  eden space 333312K, 0% used [0x0000000795580000,0x0000000795580000,0x00000007a9b00000)
  from space 41984K, 99% used [0x00000007a9b00000,0x00000007ac3fc9b8,0x00000007ac400000)
  to   space 50688K, 0% used [0x00000007ae800000,0x00000007ae800000,0x00000007b1980000)
 ParOldGen       total 159744K, used 113974K [0x0000000740000000, 0x0000000749c00000, 0x0000000795580000)
  object space 159744K, 71% used [0x0000000740000000,0x0000000746f4dab8,0x0000000749c00000)
 Metaspace       used 90324K, capacity 95619K, committed 95744K, reserved 1132544K
  class space    used 11624K, capacity 12751K, committed 12800K, reserved 1048576K
}
Event: 1874.713 GC heap before
{Heap before GC invocations=44 (full 4):
 PSYoungGen      total 375296K, used 374480K [0x0000000795580000, 0x00000007b1980000, 0x00000007c0000000)
  eden space 333312K, 99% used [0x0000000795580000,0x00000007a9a377d8,0x00000007a9b00000)
  from space 41984K, 99% used [0x00000007a9b00000,0x00000007ac3fc9b8,0x00000007ac400000)
  to   space 50688K, 0% used [0x00000007ae800000,0x00000007ae800000,0x00000007b1980000)
 ParOldGen       total 159744K, used 113974K [0x0000000740000000, 0x0000000749c00000, 0x0000000795580000)
  object space 159744K, 71% used [0x0000000740000000,0x0000000746f4dab8,0x0000000749c00000)
 Metaspace       used 90514K, capacity 95895K, committed 96000K, reserved 1132544K
  class space    used 11631K, capacity 12765K, committed 12800K, reserved 1048576K
Event: 1874.886 GC heap after
Heap after GC invocations=44 (full 4):
 PSYoungGen      total 347136K, used 27267K [0x0000000795580000, 0x00000007b0300000, 0x00000007c0000000)
  eden space 319488K, 0% used [0x0000000795580000,0x0000000795580000,0x00000007a8d80000)
  from space 27648K, 98% used [0x00000007ae800000,0x00000007b02a0c28,0x00000007b0300000)
  to   space 50688K, 0% used [0x00000007aa000000,0x00000007aa000000,0x00000007ad180000)
 ParOldGen       total 159744K, used 127525K [0x0000000740000000, 0x0000000749c00000, 0x0000000795580000)
  object space 159744K, 79% used [0x0000000740000000,0x0000000747c896d8,0x0000000749c00000)
 Metaspace       used 90514K, capacity 95895K, committed 96000K, reserved 1132544K
  class space    used 11631K, capacity 12765K, committed 12800K, reserved 1048576K
}
Event: 3700.122 GC heap before
{Heap before GC invocations=45 (full 4):
 PSYoungGen      total 347136K, used 346755K [0x0000000795580000, 0x00000007b0300000, 0x00000007c0000000)
  eden space 319488K, 100% used [0x0000000795580000,0x00000007a8d80000,0x00000007a8d80000)
  from space 27648K, 98% used [0x00000007ae800000,0x00000007b02a0c28,0x00000007b0300000)
  to   space 50688K, 0% used [0x00000007aa000000,0x00000007aa000000,0x00000007ad180000)
 ParOldGen       total 159744K, used 127525K [0x0000000740000000, 0x0000000749c00000, 0x0000000795580000)
  object space 159744K, 79% used [0x0000000740000000,0x0000000747c896d8,0x0000000749c00000)
 Metaspace       used 91243K, capacity 96949K, committed 97152K, reserved 1134592K
  class space    used 11698K, capacity 12886K, committed 12928K, reserved 1048576K
Event: 3700.614 GC heap after
Heap after GC invocations=45 (full 4):
 PSYoungGen      total 352768K, used 46528K [0x0000000795580000, 0x00000007af080000, 0x00000007c0000000)
  eden space 306176K, 0% used [0x0000000795580000,0x0000000795580000,0x00000007a8080000)
  from space 46592K, 99% used [0x00000007aa000000,0x00000007acd703f8,0x00000007acd80000)
  to   space 35840K, 0% used [0x00000007acd80000,0x00000007acd80000,0x00000007af080000)
 ParOldGen       total 159744K, used 127533K [0x0000000740000000, 0x0000000749c00000, 0x0000000795580000)
  object space 159744K, 79% used [0x0000000740000000,0x0000000747c8b6d8,0x0000000749c00000)
 Metaspace       used 91243K, capacity 96949K, committed 97152K, reserved 1134592K
  class space    used 11698K, capacity 12886K, committed 12928K, reserved 1048576K
}
Event: 3720.644 GC heap before
{Heap before GC invocations=46 (full 4):
 PSYoungGen      total 352768K, used 324448K [0x0000000795580000, 0x00000007af080000, 0x00000007c0000000)
  eden space 306176K, 90% used [0x0000000795580000,0x00000007a64e7ea0,0x00000007a8080000)
  from space 46592K, 99% used [0x00000007aa000000,0x00000007acd703f8,0x00000007acd80000)
  to   space 35840K, 0% used [0x00000007acd80000,0x00000007acd80000,0x00000007af080000)
 ParOldGen       total 159744K, used 127533K [0x0000000740000000, 0x0000000749c00000, 0x0000000795580000)
  object space 159744K, 79% used [0x0000000740000000,0x0000000747c8b6d8,0x0000000749c00000)
 Metaspace       used 91342K, capacity 97081K, committed 97152K, reserved 1134592K
  class space    used 11698K, capacity 12886K, committed 12928K, reserved 1048576K
Event: 3721.213 GC heap after
Heap after GC invocations=46 (full 4):
 PSYoungGen      total 342016K, used 35811K [0x0000000795580000, 0x00000007af680000, 0x00000007c0000000)
  eden space 306176K, 0% used [0x0000000795580000,0x0000000795580000,0x00000007a8080000)
  from space 35840K, 99% used [0x00000007acd80000,0x00000007af078e20,0x00000007af080000)
  to   space 60416K, 0% used [0x00000007a8080000,0x00000007a8080000,0x00000007abb80000)
 ParOldGen       total 159744K, used 132404K [0x0000000740000000, 0x0000000749c00000, 0x0000000795580000)
  object space 159744K, 82% used [0x0000000740000000,0x000000074814d120,0x0000000749c00000)
 Metaspace       used 91342K, capacity 97081K, committed 97152K, reserved 1134592K
  class space    used 11698K, capacity 12886K, committed 12928K, reserved 1048576K
}
Event: 3721.213 GC heap before
{Heap before GC invocations=47 (full 5):
 PSYoungGen      total 342016K, used 35811K [0x0000000795580000, 0x00000007af680000, 0x00000007c0000000)
  eden space 306176K, 0% used [0x0000000795580000,0x0000000795580000,0x00000007a8080000)
  from space 35840K, 99% used [0x00000007acd80000,0x00000007af078e20,0x00000007af080000)
  to   space 60416K, 0% used [0x00000007a8080000,0x00000007a8080000,0x00000007abb80000)
 ParOldGen       total 159744K, used 132404K [0x0000000740000000, 0x0000000749c00000, 0x0000000795580000)
  object space 159744K, 82% used [0x0000000740000000,0x000000074814d120,0x0000000749c00000)
 Metaspace       used 91342K, capacity 97081K, committed 97152K, reserved 1134592K
  class space    used 11698K, capacity 12886K, committed 12928K, reserved 1048576K
Event: 3728.069 GC heap after
Heap after GC invocations=47 (full 5):
 PSYoungGen      total 342016K, used 0K [0x0000000795580000, 0x00000007af680000, 0x00000007c0000000)
  eden space 306176K, 0% used [0x0000000795580000,0x0000000795580000,0x00000007a8080000)
  from space 35840K, 0% used [0x00000007acd80000,0x00000007acd80000,0x00000007af080000)
  to   space 60416K, 0% used [0x00000007a8080000,0x00000007a8080000,0x00000007abb80000)
 ParOldGen       total 159744K, used 97084K [0x0000000740000000, 0x0000000749c00000, 0x0000000795580000)
  object space 159744K, 60% used [0x0000000740000000,0x0000000745ecf3f8,0x0000000749c00000)
 Metaspace       used 90370K, capacity 95681K, committed 97152K, reserved 1134592K
  class space    used 11523K, capacity 12597K, committed 12928K, reserved 1048576K
}

