# JRE version: OpenJDK Runtime Environment (8.0_152-b01) (build 1.8.0_152-release-1024-b01)
# Java VM: OpenJDK 64-Bit Server VM (25.152-b01 mixed mode bsd-amd64 compressed oops)
Heap:
 PSYoungGen      total 235008K, used 9690K [0x0000000795580000, 0x00000007a9900000, 0x00000007c0000000)
  eden space 154112K, 6% used [0x0000000795580000,0x0000000795ef6840,0x000000079ec00000)
  from space 80896K, 0% used [0x000000079ec00000,0x000000079ec00000,0x00000007a3b00000)
  to   space 80896K, 0% used [0x00000007a4a00000,0x00000007a4a00000,0x00000007a9900000)
 ParOldGen       total 182784K, used 115143K [0x0000000740000000, 0x000000074b280000, 0x0000000795580000)
  object space 182784K, 62% used [0x0000000740000000,0x0000000747071fc0,0x000000074b280000)
 Metaspace       used 102569K, capacity 108287K, committed 109952K, reserved 1144832K
  class space    used 13153K, capacity 14369K, committed 14720K, reserved 1048576K
GC Heap History (10 events):
Event: 3048.337 GC heap before
{Heap before GC invocations=50 (full 4):
 PSYoungGen      total 201216K, used 174776K [0x0000000795580000, 0x00000007a6a00000, 0x00000007c0000000)
  eden space 131584K, 100% used [0x0000000795580000,0x000000079d600000,0x000000079d600000)
  from space 69632K, 62% used [0x000000079d600000,0x00000007a002e1f8,0x00000007a1a00000)
  to   space 70656K, 0% used [0x00000007a2500000,0x00000007a2500000,0x00000007a6a00000)
 ParOldGen       total 136704K, used 111179K [0x0000000740000000, 0x0000000748580000, 0x0000000795580000)
  object space 136704K, 81% used [0x0000000740000000,0x0000000746c92c10,0x0000000748580000)
 Metaspace       used 96221K, capacity 102159K, committed 102400K, reserved 1138688K
  class space    used 12370K, capacity 13561K, committed 13568K, reserved 1048576K
Event: 3048.436 GC heap after
Heap after GC invocations=50 (full 4):
 PSYoungGen      total 209408K, used 49750K [0x0000000795580000, 0x00000007a7000000, 0x00000007c0000000)
  eden space 138752K, 0% used [0x0000000795580000,0x0000000795580000,0x000000079dd00000)
  from space 70656K, 70% used [0x00000007a2500000,0x00000007a5595ba8,0x00000007a6a00000)
  to   space 73728K, 0% used [0x000000079dd00000,0x000000079dd00000,0x00000007a2500000)
 ParOldGen       total 136704K, used 111187K [0x0000000740000000, 0x0000000748580000, 0x0000000795580000)
  object space 136704K, 81% used [0x0000000740000000,0x0000000746c94c10,0x0000000748580000)
 Metaspace       used 96221K, capacity 102159K, committed 102400K, reserved 1138688K
  class space    used 12370K, capacity 13561K, committed 13568K, reserved 1048576K
}
Event: 3050.967 GC heap before
{Heap before GC invocations=51 (full 4):
 PSYoungGen      total 209408K, used 188502K [0x0000000795580000, 0x00000007a7000000, 0x00000007c0000000)
  eden space 138752K, 100% used [0x0000000795580000,0x000000079dd00000,0x000000079dd00000)
  from space 70656K, 70% used [0x00000007a2500000,0x00000007a5595ba8,0x00000007a6a00000)
  to   space 73728K, 0% used [0x000000079dd00000,0x000000079dd00000,0x00000007a2500000)
 ParOldGen       total 136704K, used 111187K [0x0000000740000000, 0x0000000748580000, 0x0000000795580000)
  object space 136704K, 81% used [0x0000000740000000,0x0000000746c94c10,0x0000000748580000)
 Metaspace       used 96391K, capacity 102359K, committed 102400K, reserved 1138688K
  class space    used 12373K, capacity 13563K, committed 13568K, reserved 1048576K
Event: 3051.139 GC heap after
Heap after GC invocations=51 (full 4):
 PSYoungGen      total 212480K, used 71774K [0x0000000795580000, 0x00000007a9100000, 0x00000007c0000000)
  eden space 138752K, 0% used [0x0000000795580000,0x0000000795580000,0x000000079dd00000)
  from space 73728K, 97% used [0x000000079dd00000,0x00000007a2317820,0x00000007a2500000)
  to   space 83968K, 0% used [0x00000007a3f00000,0x00000007a3f00000,0x00000007a9100000)
 ParOldGen       total 136704K, used 111187K [0x0000000740000000, 0x0000000748580000, 0x0000000795580000)
  object space 136704K, 81% used [0x0000000740000000,0x0000000746c94c10,0x0000000748580000)
 Metaspace       used 96391K, capacity 102359K, committed 102400K, reserved 1138688K
  class space    used 12373K, capacity 13563K, committed 13568K, reserved 1048576K
}
Event: 3058.293 GC heap before
{Heap before GC invocations=52 (full 4):
 PSYoungGen      total 212480K, used 210526K [0x0000000795580000, 0x00000007a9100000, 0x00000007c0000000)
  eden space 138752K, 100% used [0x0000000795580000,0x000000079dd00000,0x000000079dd00000)
  from space 73728K, 97% used [0x000000079dd00000,0x00000007a2317820,0x00000007a2500000)
  to   space 83968K, 0% used [0x00000007a3f00000,0x00000007a3f00000,0x00000007a9100000)
 ParOldGen       total 136704K, used 111187K [0x0000000740000000, 0x0000000748580000, 0x0000000795580000)
  object space 136704K, 81% used [0x0000000740000000,0x0000000746c94c10,0x0000000748580000)
 Metaspace       used 96629K, capacity 102545K, committed 102784K, reserved 1138688K
  class space    used 12395K, capacity 13600K, committed 13696K, reserved 1048576K
Event: 3058.379 GC heap after
Heap after GC invocations=52 (full 4):
 PSYoungGen      total 230912K, used 41477K [0x0000000795580000, 0x00000007a8a00000, 0x00000007c0000000)
  eden space 154112K, 0% used [0x0000000795580000,0x0000000795580000,0x000000079ec00000)
  from space 76800K, 54% used [0x00000007a3f00000,0x00000007a67817e0,0x00000007a8a00000)
  to   space 80896K, 0% used [0x000000079ec00000,0x000000079ec00000,0x00000007a3b00000)
 ParOldGen       total 136704K, used 118674K [0x0000000740000000, 0x0000000748580000, 0x0000000795580000)
  object space 136704K, 86% used [0x0000000740000000,0x00000007473e4b00,0x0000000748580000)
 Metaspace       used 96629K, capacity 102545K, committed 102784K, reserved 1138688K
  class space    used 12395K, capacity 13600K, committed 13696K, reserved 1048576K
}
Event: 3063.679 GC heap before
{Heap before GC invocations=53 (full 4):
 PSYoungGen      total 230912K, used 195589K [0x0000000795580000, 0x00000007a8a00000, 0x00000007c0000000)
  eden space 154112K, 99% used [0x0000000795580000,0x000000079ebfffa0,0x000000079ec00000)
  from space 76800K, 54% used [0x00000007a3f00000,0x00000007a67817e0,0x00000007a8a00000)
  to   space 80896K, 0% used [0x000000079ec00000,0x000000079ec00000,0x00000007a3b00000)
 ParOldGen       total 136704K, used 118674K [0x0000000740000000, 0x0000000748580000, 0x0000000795580000)
  object space 136704K, 86% used [0x0000000740000000,0x00000007473e4b00,0x0000000748580000)
 Metaspace       used 103432K, capacity 109649K, committed 109952K, reserved 1144832K
  class space    used 13292K, capacity 14593K, committed 14720K, reserved 1048576K
Event: 3063.744 GC heap after
Heap after GC invocations=53 (full 4):
 PSYoungGen      total 235008K, used 48739K [0x0000000795580000, 0x00000007a9900000, 0x00000007c0000000)
  eden space 154112K, 0% used [0x0000000795580000,0x0000000795580000,0x000000079ec00000)
  from space 80896K, 60% used [0x000000079ec00000,0x00000007a1b98ce0,0x00000007a3b00000)
  to   space 80896K, 0% used [0x00000007a4a00000,0x00000007a4a00000,0x00000007a9900000)
 ParOldGen       total 136704K, used 126932K [0x0000000740000000, 0x0000000748580000, 0x0000000795580000)
  object space 136704K, 92% used [0x0000000740000000,0x0000000747bf51c0,0x0000000748580000)
 Metaspace       used 103432K, capacity 109649K, committed 109952K, reserved 1144832K
  class space    used 13292K, capacity 14593K, committed 14720K, reserved 1048576K
}
Event: 3063.744 GC heap before
{Heap before GC invocations=54 (full 5):
 PSYoungGen      total 235008K, used 48739K [0x0000000795580000, 0x00000007a9900000, 0x00000007c0000000)
  eden space 154112K, 0% used [0x0000000795580000,0x0000000795580000,0x000000079ec00000)
  from space 80896K, 60% used [0x000000079ec00000,0x00000007a1b98ce0,0x00000007a3b00000)
  to   space 80896K, 0% used [0x00000007a4a00000,0x00000007a4a00000,0x00000007a9900000)
 ParOldGen       total 136704K, used 126932K [0x0000000740000000, 0x0000000748580000, 0x0000000795580000)
  object space 136704K, 92% used [0x0000000740000000,0x0000000747bf51c0,0x0000000748580000)
 Metaspace       used 103432K, capacity 109649K, committed 109952K, reserved 1144832K
  class space    used 13292K, capacity 14593K, committed 14720K, reserved 1048576K
Event: 3064.620 GC heap after
Heap after GC invocations=54 (full 5):
 PSYoungGen      total 235008K, used 0K [0x0000000795580000, 0x00000007a9900000, 0x00000007c0000000)
  eden space 154112K, 0% used [0x0000000795580000,0x0000000795580000,0x000000079ec00000)
  from space 80896K, 0% used [0x000000079ec00000,0x000000079ec00000,0x00000007a3b00000)
  to   space 80896K, 0% used [0x00000007a4a00000,0x00000007a4a00000,0x00000007a9900000)
 ParOldGen       total 182784K, used 115143K [0x0000000740000000, 0x000000074b280000, 0x0000000795580000)
  object space 182784K, 62% used [0x0000000740000000,0x0000000747071fc0,0x000000074b280000)
 Metaspace       used 102564K, capacity 108281K, committed 109952K, reserved 1144832K
  class space    used 13152K, capacity 14368K, committed 14720K, reserved 1048576K
}

