# JRE version: OpenJDK Runtime Environment (8.0_152-b01) (build 1.8.0_152-release-1024-b01)
# Java VM: OpenJDK 64-Bit Server VM (25.152-b01 mixed mode bsd-amd64 compressed oops)
Heap:
 PSYoungGen      total 443392K, used 71576K [0x0000000795580000, 0x00000007bf380000, 0x00000007c0000000)
  eden space 387584K, 4% used [0x0000000795580000,0x00000007964ef990,0x00000007ad000000)
  from space 55808K, 99% used [0x00000007ad000000,0x00000007b06766c0,0x00000007b0680000)
  to   space 146432K, 0% used [0x00000007b6480000,0x00000007b6480000,0x00000007bf380000)
 ParOldGen       total 415744K, used 100425K [0x0000000740000000, 0x0000000759600000, 0x0000000795580000)
  object space 415744K, 24% used [0x0000000740000000,0x00000007462124d8,0x0000000759600000)
 Metaspace       used 124505K, capacity 131137K, committed 134360K, reserved 1165312K
  class space    used 15729K, capacity 17129K, committed 17920K, reserved 1048576K
GC Heap History (10 events):
Event: 3700.969 GC heap before
{Heap before GC invocations=102 (full 8):
 PSYoungGen      total 523264K, used 386758K [0x0000000795580000, 0x00000007bfd80000, 0x00000007c0000000)
  eden space 358912K, 100% used [0x0000000795580000,0x00000007ab400000,0x00000007ab400000)
  from space 164352K, 16% used [0x00000007ab400000,0x00000007acf31988,0x00000007b5480000)
  to   space 160256K, 0% used [0x00000007b6100000,0x00000007b6100000,0x00000007bfd80000)
 ParOldGen       total 415744K, used 283616K [0x0000000740000000, 0x0000000759600000, 0x0000000795580000)
  object space 415744K, 68% used [0x0000000740000000,0x00000007514f8300,0x0000000759600000)
 Metaspace       used 125794K, capacity 133175K, committed 133464K, reserved 1165312K
  class space    used 16081K, capacity 17736K, committed 17792K, reserved 1048576K
Event: 3701.383 GC heap after
Heap after GC invocations=102 (full 8):
 PSYoungGen      total 527872K, used 15603K [0x0000000795580000, 0x00000007bf700000, 0x00000007c0000000)
  eden space 374272K, 0% used [0x0000000795580000,0x0000000795580000,0x00000007ac300000)
  from space 153600K, 10% used [0x00000007b6100000,0x00000007b703cc50,0x00000007bf700000)
  to   space 157696K, 0% used [0x00000007ac300000,0x00000007ac300000,0x00000007b5d00000)
 ParOldGen       total 415744K, used 306787K [0x0000000740000000, 0x0000000759600000, 0x0000000795580000)
  object space 415744K, 73% used [0x0000000740000000,0x0000000752b98de8,0x0000000759600000)
 Metaspace       used 125794K, capacity 133175K, committed 133464K, reserved 1165312K
  class space    used 16081K, capacity 17736K, committed 17792K, reserved 1048576K
}
Event: 3997.057 GC heap before
{Heap before GC invocations=103 (full 8):
 PSYoungGen      total 527872K, used 389875K [0x0000000795580000, 0x00000007bf700000, 0x00000007c0000000)
  eden space 374272K, 100% used [0x0000000795580000,0x00000007ac300000,0x00000007ac300000)
  from space 153600K, 10% used [0x00000007b6100000,0x00000007b703cc50,0x00000007bf700000)
  to   space 157696K, 0% used [0x00000007ac300000,0x00000007ac300000,0x00000007b5d00000)
 ParOldGen       total 415744K, used 306787K [0x0000000740000000, 0x0000000759600000, 0x0000000795580000)
  object space 415744K, 73% used [0x0000000740000000,0x0000000752b98de8,0x0000000759600000)
 Metaspace       used 126378K, capacity 134057K, committed 134360K, reserved 1165312K
  class space    used 16131K, capacity 17827K, committed 17920K, reserved 1048576K
Event: 3997.350 GC heap after
Heap after GC invocations=103 (full 8):
 PSYoungGen      total 531968K, used 12115K [0x0000000795580000, 0x00000007bff00000, 0x00000007c0000000)
  eden space 374272K, 0% used [0x0000000795580000,0x0000000795580000,0x00000007ac300000)
  from space 157696K, 7% used [0x00000007ac300000,0x00000007aced4c50,0x00000007b5d00000)
  to   space 155136K, 0% used [0x00000007b6780000,0x00000007b6780000,0x00000007bff00000)
 ParOldGen       total 415744K, used 307753K [0x0000000740000000, 0x0000000759600000, 0x0000000795580000)
  object space 415744K, 74% used [0x0000000740000000,0x0000000752c8a500,0x0000000759600000)
 Metaspace       used 126378K, capacity 134057K, committed 134360K, reserved 1165312K
  class space    used 16131K, capacity 17827K, committed 17920K, reserved 1048576K
}
Event: 4098.015 GC heap before
{Heap before GC invocations=104 (full 8):
 PSYoungGen      total 531968K, used 142801K [0x0000000795580000, 0x00000007bff00000, 0x00000007c0000000)
  eden space 374272K, 34% used [0x0000000795580000,0x000000079d51f9a8,0x00000007ac300000)
  from space 157696K, 7% used [0x00000007ac300000,0x00000007aced4c50,0x00000007b5d00000)
  to   space 155136K, 0% used [0x00000007b6780000,0x00000007b6780000,0x00000007bff00000)
 ParOldGen       total 415744K, used 307753K [0x0000000740000000, 0x0000000759600000, 0x0000000795580000)
  object space 415744K, 74% used [0x0000000740000000,0x0000000752c8a500,0x0000000759600000)
 Metaspace       used 126645K, capacity 134293K, committed 134360K, reserved 1165312K
  class space    used 16183K, capacity 17861K, committed 17920K, reserved 1048576K
Event: 4098.231 GC heap after
Heap after GC invocations=104 (full 8):
 PSYoungGen      total 539648K, used 771K [0x0000000795580000, 0x00000007bfc00000, 0x00000007c0000000)
  eden space 387584K, 0% used [0x0000000795580000,0x0000000795580000,0x00000007ad000000)
  from space 152064K, 0% used [0x00000007b6780000,0x00000007b6840c20,0x00000007bfc00000)
  to   space 153600K, 0% used [0x00000007ad000000,0x00000007ad000000,0x00000007b6600000)
 ParOldGen       total 415744K, used 308100K [0x0000000740000000, 0x0000000759600000, 0x0000000795580000)
  object space 415744K, 74% used [0x0000000740000000,0x0000000752ce11a0,0x0000000759600000)
 Metaspace       used 126645K, capacity 134293K, committed 134360K, reserved 1165312K
  class space    used 16183K, capacity 17861K, committed 17920K, reserved 1048576K
}
Event: 4098.231 GC heap before
{Heap before GC invocations=105 (full 9):
 PSYoungGen      total 539648K, used 771K [0x0000000795580000, 0x00000007bfc00000, 0x00000007c0000000)
  eden space 387584K, 0% used [0x0000000795580000,0x0000000795580000,0x00000007ad000000)
  from space 152064K, 0% used [0x00000007b6780000,0x00000007b6840c20,0x00000007bfc00000)
  to   space 153600K, 0% used [0x00000007ad000000,0x00000007ad000000,0x00000007b6600000)
 ParOldGen       total 415744K, used 308100K [0x0000000740000000, 0x0000000759600000, 0x0000000795580000)
  object space 415744K, 74% used [0x0000000740000000,0x0000000752ce11a0,0x0000000759600000)
 Metaspace       used 126645K, capacity 134293K, committed 134360K, reserved 1165312K
  class space    used 16183K, capacity 17861K, committed 17920K, reserved 1048576K
Event: 4104.798 GC heap after
Heap after GC invocations=105 (full 9):
 PSYoungGen      total 539648K, used 0K [0x0000000795580000, 0x00000007bfc00000, 0x00000007c0000000)
  eden space 387584K, 0% used [0x0000000795580000,0x0000000795580000,0x00000007ad000000)
  from space 152064K, 0% used [0x00000007b6780000,0x00000007b6780000,0x00000007bfc00000)
  to   space 153600K, 0% used [0x00000007ad000000,0x00000007ad000000,0x00000007b6600000)
 ParOldGen       total 415744K, used 100417K [0x0000000740000000, 0x0000000759600000, 0x0000000795580000)
  object space 415744K, 24% used [0x0000000740000000,0x00000007462104d8,0x0000000759600000)
 Metaspace       used 124228K, capacity 130747K, committed 134360K, reserved 1165312K
  class space    used 15710K, capacity 17096K, committed 17920K, reserved 1048576K
}
Event: 4174.351 GC heap before
{Heap before GC invocations=106 (full 9):
 PSYoungGen      total 539648K, used 387584K [0x0000000795580000, 0x00000007bfc00000, 0x00000007c0000000)
  eden space 387584K, 100% used [0x0000000795580000,0x00000007ad000000,0x00000007ad000000)
  from space 152064K, 0% used [0x00000007b6780000,0x00000007b6780000,0x00000007bfc00000)
  to   space 153600K, 0% used [0x00000007ad000000,0x00000007ad000000,0x00000007b6600000)
 ParOldGen       total 415744K, used 100417K [0x0000000740000000, 0x0000000759600000, 0x0000000795580000)
  object space 415744K, 24% used [0x0000000740000000,0x00000007462104d8,0x0000000759600000)
 Metaspace       used 124504K, capacity 131137K, committed 134360K, reserved 1165312K
  class space    used 15729K, capacity 17129K, committed 17920K, reserved 1048576K
Event: 4174.875 GC heap after
Heap after GC invocations=106 (full 9):
 PSYoungGen      total 443392K, used 55769K [0x0000000795580000, 0x00000007bf380000, 0x00000007c0000000)
  eden space 387584K, 0% used [0x0000000795580000,0x0000000795580000,0x00000007ad000000)
  from space 55808K, 99% used [0x00000007ad000000,0x00000007b06766c0,0x00000007b0680000)
  to   space 146432K, 0% used [0x00000007b6480000,0x00000007b6480000,0x00000007bf380000)
 ParOldGen       total 415744K, used 100425K [0x0000000740000000, 0x0000000759600000, 0x0000000795580000)
  object space 415744K, 24% used [0x0000000740000000,0x00000007462124d8,0x0000000759600000)
 Metaspace       used 124504K, capacity 131137K, committed 134360K, reserved 1165312K
  class space    used 15729K, capacity 17129K, committed 17920K, reserved 1048576K
}

