# JRE version: OpenJDK Runtime Environment (8.0_152-b01) (build 1.8.0_152-release-1024-b01)
# Java VM: OpenJDK 64-Bit Server VM (25.152-b01 mixed mode bsd-amd64 compressed oops)
Heap:
 PSYoungGen      total 522240K, used 78316K [0x0000000795580000, 0x00000007c0000000, 0x00000007c0000000)
  eden space 443904K, 0% used [0x0000000795580000,0x0000000795580000,0x00000007b0700000)
  from space 78336K, 99% used [0x00000007b7300000,0x00000007bbf7b178,0x00000007bbf80000)
  to   space 110592K, 0% used [0x00000007b0700000,0x00000007b0700000,0x00000007b7300000)
 ParOldGen       total 306176K, used 292102K [0x0000000740000000, 0x0000000752b00000, 0x0000000795580000)
  object space 306176K, 95% used [0x0000000740000000,0x0000000751d419b8,0x0000000752b00000)
 Metaspace       used 68220K, capacity 71056K, committed 71168K, reserved 1110016K
  class space    used 9223K, capacity 9925K, committed 9984K, reserved 1048576K
GC Heap History (10 events):
Event: 37.604 GC heap after
Heap after GC invocations=23 (full 4):
 PSYoungGen      total 375296K, used 43516K [0x0000000795580000, 0x00000007b6380000, 0x00000007c0000000)
  eden space 331776K, 0% used [0x0000000795580000,0x0000000795580000,0x00000007a9980000)
  from space 43520K, 99% used [0x00000007a9980000,0x00000007ac3ff120,0x00000007ac400000)
  to   space 62976K, 0% used [0x00000007b2600000,0x00000007b2600000,0x00000007b6380000)
 ParOldGen       total 184320K, used 150170K [0x0000000740000000, 0x000000074b400000, 0x0000000795580000)
  object space 184320K, 81% used [0x0000000740000000,0x00000007492a69d8,0x000000074b400000)
 Metaspace       used 68193K, capacity 71056K, committed 71168K, reserved 1110016K
  class space    used 9222K, capacity 9925K, committed 9984K, reserved 1048576K
}
Event: 38.542 GC heap before
{Heap before GC invocations=24 (full 4):
 PSYoungGen      total 375296K, used 375292K [0x0000000795580000, 0x00000007b6380000, 0x00000007c0000000)
  eden space 331776K, 100% used [0x0000000795580000,0x00000007a9980000,0x00000007a9980000)
  from space 43520K, 99% used [0x00000007a9980000,0x00000007ac3ff120,0x00000007ac400000)
  to   space 62976K, 0% used [0x00000007b2600000,0x00000007b2600000,0x00000007b6380000)
 ParOldGen       total 184320K, used 150170K [0x0000000740000000, 0x000000074b400000, 0x0000000795580000)
  object space 184320K, 81% used [0x0000000740000000,0x00000007492a69d8,0x000000074b400000)
 Metaspace       used 68211K, capacity 71056K, committed 71168K, reserved 1110016K
  class space    used 9222K, capacity 9925K, committed 9984K, reserved 1048576K
Event: 38.685 GC heap after
Heap after GC invocations=24 (full 4):
 PSYoungGen      total 469504K, used 50126K [0x0000000795580000, 0x00000007b7a00000, 0x00000007c0000000)
  eden space 406528K, 0% used [0x0000000795580000,0x0000000795580000,0x00000007ae280000)
  from space 62976K, 79% used [0x00000007b2600000,0x00000007b56f3ae8,0x00000007b6380000)
  to   space 69120K, 0% used [0x00000007ae280000,0x00000007ae280000,0x00000007b2600000)
 ParOldGen       total 193536K, used 193109K [0x0000000740000000, 0x000000074bd00000, 0x0000000795580000)
  object space 193536K, 99% used [0x0000000740000000,0x000000074bc95660,0x000000074bd00000)
 Metaspace       used 68211K, capacity 71056K, committed 71168K, reserved 1110016K
  class space    used 9222K, capacity 9925K, committed 9984K, reserved 1048576K
}
Event: 38.685 GC heap before
{Heap before GC invocations=25 (full 5):
 PSYoungGen      total 469504K, used 50126K [0x0000000795580000, 0x00000007b7a00000, 0x00000007c0000000)
  eden space 406528K, 0% used [0x0000000795580000,0x0000000795580000,0x00000007ae280000)
  from space 62976K, 79% used [0x00000007b2600000,0x00000007b56f3ae8,0x00000007b6380000)
  to   space 69120K, 0% used [0x00000007ae280000,0x00000007ae280000,0x00000007b2600000)
 ParOldGen       total 193536K, used 193109K [0x0000000740000000, 0x000000074bd00000, 0x0000000795580000)
  object space 193536K, 99% used [0x0000000740000000,0x000000074bc95660,0x000000074bd00000)
 Metaspace       used 68211K, capacity 71056K, committed 71168K, reserved 1110016K
  class space    used 9222K, capacity 9925K, committed 9984K, reserved 1048576K
Event: 40.020 GC heap after
Heap after GC invocations=25 (full 5):
 PSYoungGen      total 469504K, used 47896K [0x0000000795580000, 0x00000007b7a00000, 0x00000007c0000000)
  eden space 406528K, 0% used [0x0000000795580000,0x0000000795580000,0x00000007ae280000)
  from space 62976K, 76% used [0x00000007b2600000,0x00000007b54c6128,0x00000007b6380000)
  to   space 69120K, 0% used [0x00000007ae280000,0x00000007ae280000,0x00000007b2600000)
 ParOldGen       total 306176K, used 193345K [0x0000000740000000, 0x0000000752b00000, 0x0000000795580000)
  object space 306176K, 63% used [0x0000000740000000,0x000000074bcd0470,0x0000000752b00000)
 Metaspace       used 68211K, capacity 71056K, committed 71168K, reserved 1110016K
  class space    used 9222K, capacity 9925K, committed 9984K, reserved 1048576K
}
Event: 41.196 GC heap before
{Heap before GC invocations=26 (full 5):
 PSYoungGen      total 469504K, used 454424K [0x0000000795580000, 0x00000007b7a00000, 0x00000007c0000000)
  eden space 406528K, 100% used [0x0000000795580000,0x00000007ae280000,0x00000007ae280000)
  from space 62976K, 76% used [0x00000007b2600000,0x00000007b54c6128,0x00000007b6380000)
  to   space 69120K, 0% used [0x00000007ae280000,0x00000007ae280000,0x00000007b2600000)
 ParOldGen       total 306176K, used 193345K [0x0000000740000000, 0x0000000752b00000, 0x0000000795580000)
  object space 306176K, 63% used [0x0000000740000000,0x000000074bcd0470,0x0000000752b00000)
 Metaspace       used 68216K, capacity 71056K, committed 71168K, reserved 1110016K
  class space    used 9223K, capacity 9925K, committed 9984K, reserved 1048576K
Event: 41.387 GC heap after
Heap after GC invocations=26 (full 5):
 PSYoungGen      total 475648K, used 62386K [0x0000000795580000, 0x00000007bbf80000, 0x00000007c0000000)
  eden space 406528K, 0% used [0x0000000795580000,0x0000000795580000,0x00000007ae280000)
  from space 69120K, 90% used [0x00000007ae280000,0x00000007b1f6c8c8,0x00000007b2600000)
  to   space 78336K, 0% used [0x00000007b7300000,0x00000007b7300000,0x00000007bbf80000)
 ParOldGen       total 306176K, used 241377K [0x0000000740000000, 0x0000000752b00000, 0x0000000795580000)
  object space 306176K, 78% used [0x0000000740000000,0x000000074ebb8480,0x0000000752b00000)
 Metaspace       used 68216K, capacity 71056K, committed 71168K, reserved 1110016K
  class space    used 9223K, capacity 9925K, committed 9984K, reserved 1048576K
}
Event: 42.662 GC heap before
{Heap before GC invocations=27 (full 5):
 PSYoungGen      total 475648K, used 468914K [0x0000000795580000, 0x00000007bbf80000, 0x00000007c0000000)
  eden space 406528K, 100% used [0x0000000795580000,0x00000007ae280000,0x00000007ae280000)
  from space 69120K, 90% used [0x00000007ae280000,0x00000007b1f6c8c8,0x00000007b2600000)
  to   space 78336K, 0% used [0x00000007b7300000,0x00000007b7300000,0x00000007bbf80000)
 ParOldGen       total 306176K, used 241377K [0x0000000740000000, 0x0000000752b00000, 0x0000000795580000)
  object space 306176K, 78% used [0x0000000740000000,0x000000074ebb8480,0x0000000752b00000)
 Metaspace       used 68220K, capacity 71056K, committed 71168K, reserved 1110016K
  class space    used 9223K, capacity 9925K, committed 9984K, reserved 1048576K
Event: 42.923 GC heap after
Heap after GC invocations=27 (full 5):
 PSYoungGen      total 522240K, used 78316K [0x0000000795580000, 0x00000007c0000000, 0x00000007c0000000)
  eden space 443904K, 0% used [0x0000000795580000,0x0000000795580000,0x00000007b0700000)
  from space 78336K, 99% used [0x00000007b7300000,0x00000007bbf7b178,0x00000007bbf80000)
  to   space 110592K, 0% used [0x00000007b0700000,0x00000007b0700000,0x00000007b7300000)
 ParOldGen       total 306176K, used 292102K [0x0000000740000000, 0x0000000752b00000, 0x0000000795580000)
  object space 306176K, 95% used [0x0000000740000000,0x0000000751d419b8,0x0000000752b00000)
 Metaspace       used 68220K, capacity 71056K, committed 71168K, reserved 1110016K
  class space    used 9223K, capacity 9925K, committed 9984K, reserved 1048576K
}
Event: 42.923 GC heap before
{Heap before GC invocations=28 (full 6):
 PSYoungGen      total 522240K, used 78316K [0x0000000795580000, 0x00000007c0000000, 0x00000007c0000000)
  eden space 443904K, 0% used [0x0000000795580000,0x0000000795580000,0x00000007b0700000)
  from space 78336K, 99% used [0x00000007b7300000,0x00000007bbf7b178,0x00000007bbf80000)
  to   space 110592K, 0% used [0x00000007b0700000,0x00000007b0700000,0x00000007b7300000)
 ParOldGen       total 306176K, used 292102K [0x0000000740000000, 0x0000000752b00000, 0x0000000795580000)
  object space 306176K, 95% used [0x0000000740000000,0x0000000751d419b8,0x0000000752b00000)
 Metaspace       used 68220K, capacity 71056K, committed 71168K, reserved 1110016K
  class space    used 9223K, capacity 9925K, committed 9984K, reserved 1048576K

