# JRE version: OpenJDK Runtime Environment (8.0_152-b01) (build 1.8.0_152-release-1024-b01)
# Java VM: OpenJDK 64-Bit Server VM (25.152-b01 mixed mode bsd-amd64 compressed oops)
Heap:
 PSYoungGen      total 524288K, used 116124K [0x0000000795580000, 0x00000007c0000000, 0x00000007c0000000)
  eden space 378368K, 0% used [0x0000000795580000,0x0000000795580000,0x00000007ac700000)
  from space 145920K, 79% used [0x00000007b7180000,0x00000007be2e7210,0x00000007c0000000)
  to   space 160256K, 0% used [0x00000007ac700000,0x00000007ac700000,0x00000007b6380000)
 ParOldGen       total 458240K, used 421350K [0x0000000740000000, 0x000000075bf80000, 0x0000000795580000)
  object space 458240K, 91% used [0x0000000740000000,0x0000000759b79b80,0x000000075bf80000)
 Metaspace       used 68282K, capacity 71082K, committed 71424K, reserved 1110016K
  class space    used 9239K, capacity 9896K, committed 9984K, reserved 1048576K
GC Heap History (10 events):
Event: 35.309 GC heap after
Heap after GC invocations=28 (full 6):
 PSYoungGen      total 440832K, used 16336K [0x0000000795580000, 0x00000007ba080000, 0x00000007c0000000)
  eden space 378368K, 0% used [0x0000000795580000,0x0000000795580000,0x00000007ac700000)
  from space 62464K, 26% used [0x00000007b2080000,0x00000007b3074308,0x00000007b5d80000)
  to   space 91648K, 0% used [0x00000007ac700000,0x00000007ac700000,0x00000007b2080000)
 ParOldGen       total 458240K, used 311074K [0x0000000740000000, 0x000000075bf80000, 0x0000000795580000)
  object space 458240K, 67% used [0x0000000740000000,0x0000000752fc8820,0x000000075bf80000)
 Metaspace       used 68265K, capacity 71082K, committed 71424K, reserved 1110016K
  class space    used 9238K, capacity 9896K, committed 9984K, reserved 1048576K
}
Event: 36.774 GC heap before
{Heap before GC invocations=29 (full 6):
 PSYoungGen      total 440832K, used 394704K [0x0000000795580000, 0x00000007ba080000, 0x00000007c0000000)
  eden space 378368K, 100% used [0x0000000795580000,0x00000007ac700000,0x00000007ac700000)
  from space 62464K, 26% used [0x00000007b2080000,0x00000007b3074308,0x00000007b5d80000)
  to   space 91648K, 0% used [0x00000007ac700000,0x00000007ac700000,0x00000007b2080000)
 ParOldGen       total 458240K, used 311074K [0x0000000740000000, 0x000000075bf80000, 0x0000000795580000)
  object space 458240K, 67% used [0x0000000740000000,0x0000000752fc8820,0x000000075bf80000)
 Metaspace       used 68274K, capacity 71082K, committed 71424K, reserved 1110016K
  class space    used 9238K, capacity 9896K, committed 9984K, reserved 1048576K
Event: 36.931 GC heap after
Heap after GC invocations=29 (full 6):
 PSYoungGen      total 470016K, used 62561K [0x0000000795580000, 0x00000007bb100000, 0x00000007c0000000)
  eden space 378368K, 0% used [0x0000000795580000,0x0000000795580000,0x00000007ac700000)
  from space 91648K, 68% used [0x00000007ac700000,0x00000007b04185f0,0x00000007b2080000)
  to   space 96768K, 0% used [0x00000007b5280000,0x00000007b5280000,0x00000007bb100000)
 ParOldGen       total 458240K, used 327554K [0x0000000740000000, 0x000000075bf80000, 0x0000000795580000)
  object space 458240K, 71% used [0x0000000740000000,0x0000000753fe0820,0x000000075bf80000)
 Metaspace       used 68274K, capacity 71082K, committed 71424K, reserved 1110016K
  class space    used 9238K, capacity 9896K, committed 9984K, reserved 1048576K
}
Event: 37.588 GC heap before
{Heap before GC invocations=30 (full 6):
 PSYoungGen      total 470016K, used 440929K [0x0000000795580000, 0x00000007bb100000, 0x00000007c0000000)
  eden space 378368K, 100% used [0x0000000795580000,0x00000007ac700000,0x00000007ac700000)
  from space 91648K, 68% used [0x00000007ac700000,0x00000007b04185f0,0x00000007b2080000)
  to   space 96768K, 0% used [0x00000007b5280000,0x00000007b5280000,0x00000007bb100000)
 ParOldGen       total 458240K, used 327554K [0x0000000740000000, 0x000000075bf80000, 0x0000000795580000)
  object space 458240K, 71% used [0x0000000740000000,0x0000000753fe0820,0x000000075bf80000)
 Metaspace       used 68276K, capacity 71082K, committed 71424K, reserved 1110016K
  class space    used 9239K, capacity 9896K, committed 9984K, reserved 1048576K
Event: 37.753 GC heap after
Heap after GC invocations=30 (full 6):
 PSYoungGen      total 506368K, used 93351K [0x0000000795580000, 0x00000007bd980000, 0x00000007c0000000)
  eden space 409600K, 0% used [0x0000000795580000,0x0000000795580000,0x00000007ae580000)
  from space 96768K, 96% used [0x00000007b5280000,0x00000007bada9d88,0x00000007bb100000)
  to   space 111616K, 0% used [0x00000007ae580000,0x00000007ae580000,0x00000007b5280000)
 ParOldGen       total 458240K, used 327554K [0x0000000740000000, 0x000000075bf80000, 0x0000000795580000)
  object space 458240K, 71% used [0x0000000740000000,0x0000000753fe0820,0x000000075bf80000)
 Metaspace       used 68276K, capacity 71082K, committed 71424K, reserved 1110016K
  class space    used 9239K, capacity 9896K, committed 9984K, reserved 1048576K
}
Event: 38.803 GC heap before
{Heap before GC invocations=31 (full 6):
 PSYoungGen      total 506368K, used 502951K [0x0000000795580000, 0x00000007bd980000, 0x00000007c0000000)
  eden space 409600K, 100% used [0x0000000795580000,0x00000007ae580000,0x00000007ae580000)
  from space 96768K, 96% used [0x00000007b5280000,0x00000007bada9d88,0x00000007bb100000)
  to   space 111616K, 0% used [0x00000007ae580000,0x00000007ae580000,0x00000007b5280000)
 ParOldGen       total 458240K, used 327554K [0x0000000740000000, 0x000000075bf80000, 0x0000000795580000)
  object space 458240K, 71% used [0x0000000740000000,0x0000000753fe0820,0x000000075bf80000)
 Metaspace       used 68281K, capacity 71082K, committed 71424K, reserved 1110016K
  class space    used 9239K, capacity 9896K, committed 9984K, reserved 1048576K
Event: 39.097 GC heap after
Heap after GC invocations=31 (full 6):
 PSYoungGen      total 521216K, used 111596K [0x0000000795580000, 0x00000007c0000000, 0x00000007c0000000)
  eden space 409600K, 0% used [0x0000000795580000,0x0000000795580000,0x00000007ae580000)
  from space 111616K, 99% used [0x00000007ae580000,0x00000007b527b168,0x00000007b5280000)
  to   space 145920K, 0% used [0x00000007b7180000,0x00000007b7180000,0x00000007c0000000)
 ParOldGen       total 458240K, used 368682K [0x0000000740000000, 0x000000075bf80000, 0x0000000795580000)
  object space 458240K, 80% used [0x0000000740000000,0x000000075680abc0,0x000000075bf80000)
 Metaspace       used 68281K, capacity 71082K, committed 71424K, reserved 1110016K
  class space    used 9239K, capacity 9896K, committed 9984K, reserved 1048576K
}
Event: 40.079 GC heap before
{Heap before GC invocations=32 (full 6):
 PSYoungGen      total 521216K, used 521196K [0x0000000795580000, 0x00000007c0000000, 0x00000007c0000000)
  eden space 409600K, 100% used [0x0000000795580000,0x00000007ae580000,0x00000007ae580000)
  from space 111616K, 99% used [0x00000007ae580000,0x00000007b527b168,0x00000007b5280000)
  to   space 145920K, 0% used [0x00000007b7180000,0x00000007b7180000,0x00000007c0000000)
 ParOldGen       total 458240K, used 368682K [0x0000000740000000, 0x000000075bf80000, 0x0000000795580000)
  object space 458240K, 80% used [0x0000000740000000,0x000000075680abc0,0x000000075bf80000)
 Metaspace       used 68282K, capacity 71082K, committed 71424K, reserved 1110016K
  class space    used 9239K, capacity 9896K, committed 9984K, reserved 1048576K
Event: 40.561 GC heap after
Heap after GC invocations=32 (full 6):
 PSYoungGen      total 524288K, used 116124K [0x0000000795580000, 0x00000007c0000000, 0x00000007c0000000)
  eden space 378368K, 0% used [0x0000000795580000,0x0000000795580000,0x00000007ac700000)
  from space 145920K, 79% used [0x00000007b7180000,0x00000007be2e7210,0x00000007c0000000)
  to   space 160256K, 0% used [0x00000007ac700000,0x00000007ac700000,0x00000007b6380000)
 ParOldGen       total 458240K, used 421350K [0x0000000740000000, 0x000000075bf80000, 0x0000000795580000)
  object space 458240K, 91% used [0x0000000740000000,0x0000000759b79b80,0x000000075bf80000)
 Metaspace       used 68282K, capacity 71082K, committed 71424K, reserved 1110016K
  class space    used 9239K, capacity 9896K, committed 9984K, reserved 1048576K
}
Event: 40.561 GC heap before
{Heap before GC invocations=33 (full 7):
 PSYoungGen      total 524288K, used 116124K [0x0000000795580000, 0x00000007c0000000, 0x00000007c0000000)
  eden space 378368K, 0% used [0x0000000795580000,0x0000000795580000,0x00000007ac700000)
  from space 145920K, 79% used [0x00000007b7180000,0x00000007be2e7210,0x00000007c0000000)
  to   space 160256K, 0% used [0x00000007ac700000,0x00000007ac700000,0x00000007b6380000)
 ParOldGen       total 458240K, used 421350K [0x0000000740000000, 0x000000075bf80000, 0x0000000795580000)
  object space 458240K, 91% used [0x0000000740000000,0x0000000759b79b80,0x000000075bf80000)
 Metaspace       used 68282K, capacity 71082K, committed 71424K, reserved 1110016K
  class space    used 9239K, capacity 9896K, committed 9984K, reserved 1048576K

