# JRE version: OpenJDK Runtime Environment (8.0_152-b01) (build 1.8.0_152-release-1024-b01)
# Java VM: OpenJDK 64-Bit Server VM (25.152-b01 mixed mode bsd-amd64 compressed oops)
Heap:
 PSYoungGen      total 468480K, used 90012K [0x0000000795580000, 0x00000007bfa80000, 0x00000007c0000000)
  eden space 441344K, 14% used [0x0000000795580000,0x0000000799306008,0x00000007b0480000)
  from space 27136K, 99% used [0x00000007b0480000,0x00000007b1ee1178,0x00000007b1f00000)
  to   space 125952K, 0% used [0x00000007b7f80000,0x00000007b7f80000,0x00000007bfa80000)
 ParOldGen       total 314368K, used 120162K [0x0000000740000000, 0x0000000753300000, 0x0000000795580000)
  object space 314368K, 38% used [0x0000000740000000,0x0000000747558858,0x0000000753300000)
 Metaspace       used 87302K, capacity 89759K, committed 102104K, reserved 1138688K
  class space    used 9690K, capacity 10213K, committed 12544K, reserved 1048576K
GC Heap History (10 events):
Event: 11363.534 GC heap before
{Heap before GC invocations=47 (full 11):
 PSYoungGen      total 556544K, used 495194K [0x0000000795580000, 0x00000007bf480000, 0x00000007c0000000)
  eden space 431104K, 100% used [0x0000000795580000,0x00000007afa80000,0x00000007afa80000)
  from space 125440K, 51% used [0x00000007afa80000,0x00000007b39169b0,0x00000007b7500000)
  to   space 122368K, 0% used [0x00000007b7d00000,0x00000007b7d00000,0x00000007bf480000)
 ParOldGen       total 304128K, used 106149K [0x0000000740000000, 0x0000000752900000, 0x0000000795580000)
  object space 304128K, 34% used [0x0000000740000000,0x00000007467a9648,0x0000000752900000)
 Metaspace       used 97677K, capacity 100655K, committed 101592K, reserved 1138688K
  class space    used 11124K, capacity 11795K, committed 12544K, reserved 1048576K
Event: 11364.124 GC heap after
Heap after GC invocations=47 (full 11):
 PSYoungGen      total 559104K, used 87595K [0x0000000795580000, 0x00000007c0000000, 0x00000007c0000000)
  eden space 436736K, 0% used [0x0000000795580000,0x0000000795580000,0x00000007b0000000)
  from space 122368K, 71% used [0x00000007b7d00000,0x00000007bd28afe0,0x00000007bf480000)
  to   space 128000K, 0% used [0x00000007b0000000,0x00000007b0000000,0x00000007b7d00000)
 ParOldGen       total 304128K, used 157701K [0x0000000740000000, 0x0000000752900000, 0x0000000795580000)
  object space 304128K, 51% used [0x0000000740000000,0x0000000749a015f8,0x0000000752900000)
 Metaspace       used 97677K, capacity 100655K, committed 101592K, reserved 1138688K
  class space    used 11124K, capacity 11795K, committed 12544K, reserved 1048576K
}
Event: 11372.840 GC heap before
{Heap before GC invocations=48 (full 11):
 PSYoungGen      total 559104K, used 524331K [0x0000000795580000, 0x00000007c0000000, 0x00000007c0000000)
  eden space 436736K, 100% used [0x0000000795580000,0x00000007b0000000,0x00000007b0000000)
  from space 122368K, 71% used [0x00000007b7d00000,0x00000007bd28afe0,0x00000007bf480000)
  to   space 128000K, 0% used [0x00000007b0000000,0x00000007b0000000,0x00000007b7d00000)
 ParOldGen       total 304128K, used 157701K [0x0000000740000000, 0x0000000752900000, 0x0000000795580000)
  object space 304128K, 51% used [0x0000000740000000,0x0000000749a015f8,0x0000000752900000)
 Metaspace       used 98227K, capacity 101287K, committed 102104K, reserved 1138688K
  class space    used 11173K, capacity 11869K, committed 12544K, reserved 1048576K
Event: 11375.461 GC heap after
Heap after GC invocations=48 (full 11):
 PSYoungGen      total 564736K, used 79798K [0x0000000795580000, 0x00000007c0000000, 0x00000007c0000000)
  eden space 436736K, 0% used [0x0000000795580000,0x0000000795580000,0x00000007b0000000)
  from space 128000K, 62% used [0x00000007b0000000,0x00000007b4ded9c0,0x00000007b7d00000)
  to   space 129024K, 0% used [0x00000007b8200000,0x00000007b8200000,0x00000007c0000000)
 ParOldGen       total 304128K, used 236177K [0x0000000740000000, 0x0000000752900000, 0x0000000795580000)
  object space 304128K, 77% used [0x0000000740000000,0x000000074e6a4580,0x0000000752900000)
 Metaspace       used 98227K, capacity 101287K, committed 102104K, reserved 1138688K
  class space    used 11173K, capacity 11869K, committed 12544K, reserved 1048576K
}
Event: 11375.477 GC heap before
{Heap before GC invocations=49 (full 12):
 PSYoungGen      total 564736K, used 79798K [0x0000000795580000, 0x00000007c0000000, 0x00000007c0000000)
  eden space 436736K, 0% used [0x0000000795580000,0x0000000795580000,0x00000007b0000000)
  from space 128000K, 62% used [0x00000007b0000000,0x00000007b4ded9c0,0x00000007b7d00000)
  to   space 129024K, 0% used [0x00000007b8200000,0x00000007b8200000,0x00000007c0000000)
 ParOldGen       total 304128K, used 236177K [0x0000000740000000, 0x0000000752900000, 0x0000000795580000)
  object space 304128K, 77% used [0x0000000740000000,0x000000074e6a4580,0x0000000752900000)
 Metaspace       used 98227K, capacity 101287K, committed 102104K, reserved 1138688K
  class space    used 11173K, capacity 11869K, committed 12544K, reserved 1048576K
Event: 11378.709 GC heap after
Heap after GC invocations=49 (full 12):
 PSYoungGen      total 564736K, used 0K [0x0000000795580000, 0x00000007c0000000, 0x00000007c0000000)
  eden space 436736K, 0% used [0x0000000795580000,0x0000000795580000,0x00000007b0000000)
  from space 128000K, 0% used [0x00000007b0000000,0x00000007b0000000,0x00000007b7d00000)
  to   space 129024K, 0% used [0x00000007b8200000,0x00000007b8200000,0x00000007c0000000)
 ParOldGen       total 314368K, used 100178K [0x0000000740000000, 0x0000000753300000, 0x0000000795580000)
  object space 314368K, 31% used [0x0000000740000000,0x00000007461d4818,0x0000000753300000)
 Metaspace       used 86252K, capacity 88607K, committed 102104K, reserved 1138688K
  class space    used 9610K, capacity 10121K, committed 12544K, reserved 1048576K
}
Event: 11388.287 GC heap before
{Heap before GC invocations=50 (full 12):
 PSYoungGen      total 564736K, used 436736K [0x0000000795580000, 0x00000007c0000000, 0x00000007c0000000)
  eden space 436736K, 100% used [0x0000000795580000,0x00000007b0000000,0x00000007b0000000)
  from space 128000K, 0% used [0x00000007b0000000,0x00000007b0000000,0x00000007b7d00000)
  to   space 129024K, 0% used [0x00000007b8200000,0x00000007b8200000,0x00000007c0000000)
 ParOldGen       total 314368K, used 100178K [0x0000000740000000, 0x0000000753300000, 0x0000000795580000)
  object space 314368K, 31% used [0x0000000740000000,0x00000007461d4818,0x0000000753300000)
 Metaspace       used 86584K, capacity 88889K, committed 102104K, reserved 1138688K
  class space    used 9623K, capacity 10124K, committed 12544K, reserved 1048576K
Event: 11388.411 GC heap after
Heap after GC invocations=50 (full 12):
 PSYoungGen      total 570368K, used 23487K [0x0000000795580000, 0x00000007c0000000, 0x00000007c0000000)
  eden space 441344K, 0% used [0x0000000795580000,0x0000000795580000,0x00000007b0480000)
  from space 129024K, 18% used [0x00000007b8200000,0x00000007b98efc10,0x00000007c0000000)
  to   space 128512K, 0% used [0x00000007b0480000,0x00000007b0480000,0x00000007b8200000)
 ParOldGen       total 314368K, used 100186K [0x0000000740000000, 0x0000000753300000, 0x0000000795580000)
  object space 314368K, 31% used [0x0000000740000000,0x00000007461d6818,0x0000000753300000)
 Metaspace       used 86584K, capacity 88889K, committed 102104K, reserved 1138688K
  class space    used 9623K, capacity 10124K, committed 12544K, reserved 1048576K
}
Event: 14262.789 GC heap before
{Heap before GC invocations=51 (full 12):
 PSYoungGen      total 570368K, used 464831K [0x0000000795580000, 0x00000007c0000000, 0x00000007c0000000)
  eden space 441344K, 100% used [0x0000000795580000,0x00000007b0480000,0x00000007b0480000)
  from space 129024K, 18% used [0x00000007b8200000,0x00000007b98efc10,0x00000007c0000000)
  to   space 128512K, 0% used [0x00000007b0480000,0x00000007b0480000,0x00000007b8200000)
 ParOldGen       total 314368K, used 100186K [0x0000000740000000, 0x0000000753300000, 0x0000000795580000)
  object space 314368K, 31% used [0x0000000740000000,0x00000007461d6818,0x0000000753300000)
 Metaspace       used 87295K, capacity 89759K, committed 102104K, reserved 1138688K
  class space    used 9690K, capacity 10213K, committed 12544K, reserved 1048576K
Event: 14264.615 GC heap after
Heap after GC invocations=51 (full 12):
 PSYoungGen      total 468480K, used 27012K [0x0000000795580000, 0x00000007bfa80000, 0x00000007c0000000)
  eden space 441344K, 0% used [0x0000000795580000,0x0000000795580000,0x00000007b0480000)
  from space 27136K, 99% used [0x00000007b0480000,0x00000007b1ee1178,0x00000007b1f00000)
  to   space 125952K, 0% used [0x00000007b7f80000,0x00000007b7f80000,0x00000007bfa80000)
 ParOldGen       total 314368K, used 120162K [0x0000000740000000, 0x0000000753300000, 0x0000000795580000)
  object space 314368K, 38% used [0x0000000740000000,0x0000000747558858,0x0000000753300000)
 Metaspace       used 87295K, capacity 89759K, committed 102104K, reserved 1138688K
  class space    used 9690K, capacity 10213K, committed 12544K, reserved 1048576K
}

