# JRE version: OpenJDK Runtime Environment (8.0_152-b01) (build 1.8.0_152-release-1024-b01)
# Java VM: OpenJDK 64-Bit Server VM (25.152-b01 mixed mode bsd-amd64 compressed oops)
Heap:
 PSYoungGen      total 211968K, used 11847K [0x0000000795580000, 0x00000007a8e80000, 0x00000007c0000000)
  eden space 160256K, 7% used [0x0000000795580000,0x0000000796111ca8,0x000000079f200000)
  from space 51712K, 0% used [0x000000079f200000,0x000000079f200000,0x00000007a2480000)
  to   space 56832K, 0% used [0x00000007a5700000,0x00000007a5700000,0x00000007a8e80000)
 ParOldGen       total 120832K, used 34825K [0x0000000740000000, 0x0000000747600000, 0x0000000795580000)
  object space 120832K, 28% used [0x0000000740000000,0x0000000742202450,0x0000000747600000)
 Metaspace       used 67839K, capacity 69423K, committed 69632K, reserved 1110016K
  class space    used 8249K, capacity 8621K, committed 8704K, reserved 1048576K
GC Heap History (10 events):
Event: 24.339 GC heap before
{Heap before GC invocations=22 (full 4):
 PSYoungGen      total 141824K, used 117760K [0x0000000795580000, 0x00000007a4480000, 0x00000007c0000000)
  eden space 117760K, 100% used [0x0000000795580000,0x000000079c880000,0x000000079c880000)
  from space 24064K, 0% used [0x000000079c880000,0x000000079c880000,0x000000079e000000)
  to   space 39936K, 0% used [0x00000007a1d80000,0x00000007a1d80000,0x00000007a4480000)
 ParOldGen       total 138240K, used 73856K [0x0000000740000000, 0x0000000748700000, 0x0000000795580000)
  object space 138240K, 53% used [0x0000000740000000,0x0000000744820098,0x0000000748700000)
 Metaspace       used 61119K, capacity 62175K, committed 62464K, reserved 1103872K
  class space    used 7420K, capacity 7671K, committed 7680K, reserved 1048576K
Event: 24.370 GC heap after
Heap after GC invocations=22 (full 4):
 PSYoungGen      total 161280K, used 17133K [0x0000000795580000, 0x00000007a2e80000, 0x00000007c0000000)
  eden space 143872K, 0% used [0x0000000795580000,0x0000000795580000,0x000000079e200000)
  from space 17408K, 98% used [0x00000007a1d80000,0x00000007a2e3b598,0x00000007a2e80000)
  to   space 37888K, 0% used [0x000000079e480000,0x000000079e480000,0x00000007a0980000)
 ParOldGen       total 138240K, used 73864K [0x0000000740000000, 0x0000000748700000, 0x0000000795580000)
  object space 138240K, 53% used [0x0000000740000000,0x0000000744822098,0x0000000748700000)
 Metaspace       used 61119K, capacity 62175K, committed 62464K, reserved 1103872K
  class space    used 7420K, capacity 7671K, committed 7680K, reserved 1048576K
}
Event: 26.671 GC heap before
{Heap before GC invocations=23 (full 4):
 PSYoungGen      total 161280K, used 161005K [0x0000000795580000, 0x00000007a2e80000, 0x00000007c0000000)
  eden space 143872K, 100% used [0x0000000795580000,0x000000079e200000,0x000000079e200000)
  from space 17408K, 98% used [0x00000007a1d80000,0x00000007a2e3b598,0x00000007a2e80000)
  to   space 37888K, 0% used [0x000000079e480000,0x000000079e480000,0x00000007a0980000)
 ParOldGen       total 138240K, used 73864K [0x0000000740000000, 0x0000000748700000, 0x0000000795580000)
  object space 138240K, 53% used [0x0000000740000000,0x0000000744822098,0x0000000748700000)
 Metaspace       used 67408K, capacity 68917K, committed 69120K, reserved 1110016K
  class space    used 8230K, capacity 8590K, committed 8704K, reserved 1048576K
Event: 26.727 GC heap after
Heap after GC invocations=23 (full 4):
 PSYoungGen      total 184320K, used 7526K [0x0000000795580000, 0x00000007a4880000, 0x00000007c0000000)
  eden space 146432K, 0% used [0x0000000795580000,0x0000000795580000,0x000000079e480000)
  from space 37888K, 19% used [0x000000079e480000,0x000000079ebd98a8,0x00000007a0980000)
  to   space 36864K, 0% used [0x00000007a2480000,0x00000007a2480000,0x00000007a4880000)
 ParOldGen       total 138240K, used 86338K [0x0000000740000000, 0x0000000748700000, 0x0000000795580000)
  object space 138240K, 62% used [0x0000000740000000,0x0000000745450940,0x0000000748700000)
 Metaspace       used 67408K, capacity 68917K, committed 69120K, reserved 1110016K
  class space    used 8230K, capacity 8590K, committed 8704K, reserved 1048576K
}
Event: 27.482 GC heap before
{Heap before GC invocations=24 (full 4):
 PSYoungGen      total 184320K, used 153958K [0x0000000795580000, 0x00000007a4880000, 0x00000007c0000000)
  eden space 146432K, 100% used [0x0000000795580000,0x000000079e480000,0x000000079e480000)
  from space 37888K, 19% used [0x000000079e480000,0x000000079ebd98a8,0x00000007a0980000)
  to   space 36864K, 0% used [0x00000007a2480000,0x00000007a2480000,0x00000007a4880000)
 ParOldGen       total 138240K, used 86338K [0x0000000740000000, 0x0000000748700000, 0x0000000795580000)
  object space 138240K, 62% used [0x0000000740000000,0x0000000745450940,0x0000000748700000)
 Metaspace       used 67461K, capacity 68981K, committed 69120K, reserved 1110016K
  class space    used 8230K, capacity 8590K, committed 8704K, reserved 1048576K
Event: 27.560 GC heap after
Heap after GC invocations=24 (full 4):
 PSYoungGen      total 197120K, used 36839K [0x0000000795580000, 0x00000007a6f80000, 0x00000007c0000000)
  eden space 160256K, 0% used [0x0000000795580000,0x0000000795580000,0x000000079f200000)
  from space 36864K, 99% used [0x00000007a2480000,0x00000007a4879df0,0x00000007a4880000)
  to   space 51712K, 0% used [0x000000079f200000,0x000000079f200000,0x00000007a2480000)
 ParOldGen       total 138240K, used 108877K [0x0000000740000000, 0x0000000748700000, 0x0000000795580000)
  object space 138240K, 78% used [0x0000000740000000,0x0000000746a53430,0x0000000748700000)
 Metaspace       used 67461K, capacity 68981K, committed 69120K, reserved 1110016K
  class space    used 8230K, capacity 8590K, committed 8704K, reserved 1048576K
}
Event: 30.171 GC heap before
{Heap before GC invocations=25 (full 4):
 PSYoungGen      total 197120K, used 197095K [0x0000000795580000, 0x00000007a6f80000, 0x00000007c0000000)
  eden space 160256K, 100% used [0x0000000795580000,0x000000079f200000,0x000000079f200000)
  from space 36864K, 99% used [0x00000007a2480000,0x00000007a4879df0,0x00000007a4880000)
  to   space 51712K, 0% used [0x000000079f200000,0x000000079f200000,0x00000007a2480000)
 ParOldGen       total 138240K, used 108877K [0x0000000740000000, 0x0000000748700000, 0x0000000795580000)
  object space 138240K, 78% used [0x0000000740000000,0x0000000746a53430,0x0000000748700000)
 Metaspace       used 67829K, capacity 69359K, committed 69632K, reserved 1110016K
  class space    used 8249K, capacity 8621K, committed 8704K, reserved 1048576K
Event: 30.489 GC heap after
Heap after GC invocations=25 (full 4):
 PSYoungGen      total 211968K, used 41571K [0x0000000795580000, 0x00000007a8e80000, 0x00000007c0000000)
  eden space 160256K, 0% used [0x0000000795580000,0x0000000795580000,0x000000079f200000)
  from space 51712K, 80% used [0x000000079f200000,0x00000007a1a98e50,0x00000007a2480000)
  to   space 56832K, 0% used [0x00000007a5700000,0x00000007a5700000,0x00000007a8e80000)
 ParOldGen       total 145408K, used 145393K [0x0000000740000000, 0x0000000748e00000, 0x0000000795580000)
  object space 145408K, 99% used [0x0000000740000000,0x0000000748dfc680,0x0000000748e00000)
 Metaspace       used 67829K, capacity 69359K, committed 69632K, reserved 1110016K
  class space    used 8249K, capacity 8621K, committed 8704K, reserved 1048576K
}
Event: 30.489 GC heap before
{Heap before GC invocations=26 (full 5):
 PSYoungGen      total 211968K, used 41571K [0x0000000795580000, 0x00000007a8e80000, 0x00000007c0000000)
  eden space 160256K, 0% used [0x0000000795580000,0x0000000795580000,0x000000079f200000)
  from space 51712K, 80% used [0x000000079f200000,0x00000007a1a98e50,0x00000007a2480000)
  to   space 56832K, 0% used [0x00000007a5700000,0x00000007a5700000,0x00000007a8e80000)
 ParOldGen       total 145408K, used 145393K [0x0000000740000000, 0x0000000748e00000, 0x0000000795580000)
  object space 145408K, 99% used [0x0000000740000000,0x0000000748dfc680,0x0000000748e00000)
 Metaspace       used 67829K, capacity 69359K, committed 69632K, reserved 1110016K
  class space    used 8249K, capacity 8621K, committed 8704K, reserved 1048576K
Event: 30.746 GC heap after
Heap after GC invocations=26 (full 5):
 PSYoungGen      total 211968K, used 0K [0x0000000795580000, 0x00000007a8e80000, 0x00000007c0000000)
  eden space 160256K, 0% used [0x0000000795580000,0x0000000795580000,0x000000079f200000)
  from space 51712K, 0% used [0x000000079f200000,0x000000079f200000,0x00000007a2480000)
  to   space 56832K, 0% used [0x00000007a5700000,0x00000007a5700000,0x00000007a8e80000)
 ParOldGen       total 120832K, used 34825K [0x0000000740000000, 0x0000000747600000, 0x0000000795580000)
  object space 120832K, 28% used [0x0000000740000000,0x0000000742202450,0x0000000747600000)
 Metaspace       used 67829K, capacity 69359K, committed 69632K, reserved 1110016K
  class space    used 8249K, capacity 8621K, committed 8704K, reserved 1048576K
}

