# JRE version: OpenJDK Runtime Environment (8.0_152-b01) (build 1.8.0_152-release-1024-b01)
# Java VM: OpenJDK 64-Bit Server VM (25.152-b01 mixed mode bsd-amd64 compressed oops)
Heap:
 PSYoungGen      total 61952K, used 14230K [0x0000000795580000, 0x000000079ba00000, 0x00000007c0000000)
  eden space 53248K, 10% used [0x0000000795580000,0x0000000795aeacc8,0x0000000798980000)
  from space 8704K, 99% used [0x0000000798980000,0x00000007991fad68,0x0000000799200000)
  to   space 12288K, 0% used [0x000000079ae00000,0x000000079ae00000,0x000000079ba00000)
 ParOldGen       total 35840K, used 17765K [0x0000000740000000, 0x0000000742300000, 0x0000000795580000)
  object space 35840K, 49% used [0x0000000740000000,0x0000000741159678,0x0000000742300000)
 Metaspace       used 32080K, capacity 32587K, committed 32896K, reserved 1077248K
  class space    used 4074K, capacity 4223K, committed 4224K, reserved 1048576K
GC Heap History (10 events):
Event: 2.346 GC heap before
{Heap before GC invocations=5 (full 1):
 PSYoungGen      total 18944K, used 18920K [0x0000000795580000, 0x0000000797a80000, 0x00000007c0000000)
  eden space 16384K, 100% used [0x0000000795580000,0x0000000796580000,0x0000000796580000)
  from space 2560K, 99% used [0x0000000796580000,0x00000007967fa140,0x0000000796800000)
  to   space 2560K, 0% used [0x0000000797800000,0x0000000797800000,0x0000000797a80000)
 ParOldGen       total 44032K, used 6526K [0x0000000740000000, 0x0000000742b00000, 0x0000000795580000)
  object space 44032K, 14% used [0x0000000740000000,0x000000074065fa10,0x0000000742b00000)
 Metaspace       used 17850K, capacity 18144K, committed 18432K, reserved 1064960K
  class space    used 2100K, capacity 2210K, committed 2304K, reserved 1048576K
Event: 2.362 GC heap after
Heap after GC invocations=5 (full 1):
 PSYoungGen      total 35328K, used 2536K [0x0000000795580000, 0x0000000797a80000, 0x00000007c0000000)
  eden space 32768K, 0% used [0x0000000795580000,0x0000000795580000,0x0000000797580000)
  from space 2560K, 99% used [0x0000000797800000,0x0000000797a7a0b0,0x0000000797a80000)
  to   space 2560K, 0% used [0x0000000797580000,0x0000000797580000,0x0000000797800000)
 ParOldGen       total 44032K, used 10326K [0x0000000740000000, 0x0000000742b00000, 0x0000000795580000)
  object space 44032K, 23% used [0x0000000740000000,0x0000000740a15850,0x0000000742b00000)
 Metaspace       used 17850K, capacity 18144K, committed 18432K, reserved 1064960K
  class space    used 2100K, capacity 2210K, committed 2304K, reserved 1048576K
}
Event: 2.588 GC heap before
{Heap before GC invocations=6 (full 1):
 PSYoungGen      total 35328K, used 16975K [0x0000000795580000, 0x0000000797a80000, 0x00000007c0000000)
  eden space 32768K, 44% used [0x0000000795580000,0x0000000796399b90,0x0000000797580000)
  from space 2560K, 99% used [0x0000000797800000,0x0000000797a7a0b0,0x0000000797a80000)
  to   space 2560K, 0% used [0x0000000797580000,0x0000000797580000,0x0000000797800000)
 ParOldGen       total 44032K, used 10326K [0x0000000740000000, 0x0000000742b00000, 0x0000000795580000)
  object space 44032K, 23% used [0x0000000740000000,0x0000000740a15850,0x0000000742b00000)
 Metaspace       used 20770K, capacity 21052K, committed 21296K, reserved 1069056K
  class space    used 2530K, capacity 2648K, committed 2688K, reserved 1048576K
Event: 2.600 GC heap after
Heap after GC invocations=6 (full 1):
 PSYoungGen      total 35328K, used 2528K [0x0000000795580000, 0x0000000799a80000, 0x00000007c0000000)
  eden space 32768K, 0% used [0x0000000795580000,0x0000000795580000,0x0000000797580000)
  from space 2560K, 98% used [0x0000000797580000,0x00000007977f82b8,0x0000000797800000)
  to   space 2560K, 0% used [0x0000000799800000,0x0000000799800000,0x0000000799a80000)
 ParOldGen       total 44032K, used 13071K [0x0000000740000000, 0x0000000742b00000, 0x0000000795580000)
  object space 44032K, 29% used [0x0000000740000000,0x0000000740cc3c80,0x0000000742b00000)
 Metaspace       used 20770K, capacity 21052K, committed 21296K, reserved 1069056K
  class space    used 2530K, capacity 2648K, committed 2688K, reserved 1048576K
}
Event: 2.600 GC heap before
{Heap before GC invocations=7 (full 2):
 PSYoungGen      total 35328K, used 2528K [0x0000000795580000, 0x0000000799a80000, 0x00000007c0000000)
  eden space 32768K, 0% used [0x0000000795580000,0x0000000795580000,0x0000000797580000)
  from space 2560K, 98% used [0x0000000797580000,0x00000007977f82b8,0x0000000797800000)
  to   space 2560K, 0% used [0x0000000799800000,0x0000000799800000,0x0000000799a80000)
 ParOldGen       total 44032K, used 13071K [0x0000000740000000, 0x0000000742b00000, 0x0000000795580000)
  object space 44032K, 29% used [0x0000000740000000,0x0000000740cc3c80,0x0000000742b00000)
 Metaspace       used 20770K, capacity 21052K, committed 21296K, reserved 1069056K
  class space    used 2530K, capacity 2648K, committed 2688K, reserved 1048576K
Event: 2.628 GC heap after
Heap after GC invocations=7 (full 2):
 PSYoungGen      total 35328K, used 0K [0x0000000795580000, 0x0000000799a80000, 0x00000007c0000000)
  eden space 32768K, 0% used [0x0000000795580000,0x0000000795580000,0x0000000797580000)
  from space 2560K, 0% used [0x0000000797580000,0x0000000797580000,0x0000000797800000)
  to   space 2560K, 0% used [0x0000000799800000,0x0000000799800000,0x0000000799a80000)
 ParOldGen       total 35840K, used 7917K [0x0000000740000000, 0x0000000742300000, 0x0000000795580000)
  object space 35840K, 22% used [0x0000000740000000,0x00000007407bb6b8,0x0000000742300000)
 Metaspace       used 20770K, capacity 21052K, committed 21296K, reserved 1069056K
  class space    used 2530K, capacity 2648K, committed 2688K, reserved 1048576K
}
Event: 3.911 GC heap before
{Heap before GC invocations=8 (full 2):
 PSYoungGen      total 35328K, used 32768K [0x0000000795580000, 0x0000000799a80000, 0x00000007c0000000)
  eden space 32768K, 100% used [0x0000000795580000,0x0000000797580000,0x0000000797580000)
  from space 2560K, 0% used [0x0000000797580000,0x0000000797580000,0x0000000797800000)
  to   space 2560K, 0% used [0x0000000799800000,0x0000000799800000,0x0000000799a80000)
 ParOldGen       total 35840K, used 7917K [0x0000000740000000, 0x0000000742300000, 0x0000000795580000)
  object space 35840K, 22% used [0x0000000740000000,0x00000007407bb6b8,0x0000000742300000)
 Metaspace       used 27559K, capacity 27984K, committed 28288K, reserved 1073152K
  class space    used 3547K, capacity 3666K, committed 3712K, reserved 1048576K
Event: 3.921 GC heap after
Heap after GC invocations=8 (full 2):
 PSYoungGen      total 53760K, used 2551K [0x0000000795580000, 0x0000000799a80000, 0x00000007c0000000)
  eden space 51200K, 0% used [0x0000000795580000,0x0000000795580000,0x0000000798780000)
  from space 2560K, 99% used [0x0000000799800000,0x0000000799a7df40,0x0000000799a80000)
  to   space 8704K, 0% used [0x0000000798980000,0x0000000798980000,0x0000000799200000)
 ParOldGen       total 35840K, used 13157K [0x0000000740000000, 0x0000000742300000, 0x0000000795580000)
  object space 35840K, 36% used [0x0000000740000000,0x0000000740cd9748,0x0000000742300000)
 Metaspace       used 27559K, capacity 27984K, committed 28288K, reserved 1073152K
  class space    used 3547K, capacity 3666K, committed 3712K, reserved 1048576K
}
Event: 5.604 GC heap before
{Heap before GC invocations=9 (full 2):
 PSYoungGen      total 53760K, used 53751K [0x0000000795580000, 0x0000000799a80000, 0x00000007c0000000)
  eden space 51200K, 100% used [0x0000000795580000,0x0000000798780000,0x0000000798780000)
  from space 2560K, 99% used [0x0000000799800000,0x0000000799a7df40,0x0000000799a80000)
  to   space 8704K, 0% used [0x0000000798980000,0x0000000798980000,0x0000000799200000)
 ParOldGen       total 35840K, used 13157K [0x0000000740000000, 0x0000000742300000, 0x0000000795580000)
  object space 35840K, 36% used [0x0000000740000000,0x0000000740cd9748,0x0000000742300000)
 Metaspace       used 31716K, capacity 32167K, committed 32640K, reserved 1077248K
  class space    used 4029K, capacity 4153K, committed 4224K, reserved 1048576K
Event: 5.630 GC heap after
Heap after GC invocations=9 (full 2):
 PSYoungGen      total 61952K, used 8683K [0x0000000795580000, 0x000000079ba00000, 0x00000007c0000000)
  eden space 53248K, 0% used [0x0000000795580000,0x0000000795580000,0x0000000798980000)
  from space 8704K, 99% used [0x0000000798980000,0x00000007991fad68,0x0000000799200000)
  to   space 12288K, 0% used [0x000000079ae00000,0x000000079ae00000,0x000000079ba00000)
 ParOldGen       total 35840K, used 17765K [0x0000000740000000, 0x0000000742300000, 0x0000000795580000)
  object space 35840K, 49% used [0x0000000740000000,0x0000000741159678,0x0000000742300000)
 Metaspace       used 31716K, capacity 32167K, committed 32640K, reserved 1077248K
  class space    used 4029K, capacity 4153K, committed 4224K, reserved 1048576K
}

