# JRE version: OpenJDK Runtime Environment (8.0_152-b01) (build 1.8.0_152-release-1024-b01)
# Java VM: OpenJDK 64-Bit Server VM (25.152-b01 mixed mode bsd-amd64 compressed oops)
Heap:
 PSYoungGen      total 256512K, used 235520K [0x0000000795580000, 0x00000007a6780000, 0x00000007c0000000)
  eden space 235520K, 100% used [0x0000000795580000,0x00000007a3b80000,0x00000007a3b80000)
  from space 20992K, 0% used [0x00000007a5000000,0x00000007a5000000,0x00000007a6480000)
  to   space 20992K, 62% used [0x00000007a3b80000,0x00000007a4838030,0x00000007a5000000)
 ParOldGen       total 104960K, used 49654K [0x0000000740000000, 0x0000000746680000, 0x0000000795580000)
  object space 104960K, 47% used [0x0000000740000000,0x000000074307db20,0x0000000746680000)
 Metaspace       used 60868K, capacity 63432K, committed 63616K, reserved 1103872K
  class space    used 8391K, capacity 9021K, committed 9088K, reserved 1048576K
GC Heap History (10 events):
Event: 8.630 GC heap after
Heap after GC invocations=13 (full 2):
 PSYoungGen      total 137728K, used 11745K [0x0000000795580000, 0x00000007a1c00000, 0x00000007c0000000)
  eden space 125952K, 0% used [0x0000000795580000,0x0000000795580000,0x000000079d080000)
  from space 11776K, 99% used [0x000000079d080000,0x000000079dbf84d8,0x000000079dc00000)
  to   space 13824K, 0% used [0x00000007a0e80000,0x00000007a0e80000,0x00000007a1c00000)
 ParOldGen       total 51200K, used 16469K [0x0000000740000000, 0x0000000743200000, 0x0000000795580000)
  object space 51200K, 32% used [0x0000000740000000,0x00000007410155d0,0x0000000743200000)
 Metaspace       used 40360K, capacity 41238K, committed 41600K, reserved 1085440K
  class space    used 5479K, capacity 5742K, committed 5760K, reserved 1048576K
}
Event: 11.162 GC heap before
{Heap before GC invocations=14 (full 2):
 PSYoungGen      total 137728K, used 137697K [0x0000000795580000, 0x00000007a1c00000, 0x00000007c0000000)
  eden space 125952K, 100% used [0x0000000795580000,0x000000079d080000,0x000000079d080000)
  from space 11776K, 99% used [0x000000079d080000,0x000000079dbf84d8,0x000000079dc00000)
  to   space 13824K, 0% used [0x00000007a0e80000,0x00000007a0e80000,0x00000007a1c00000)
 ParOldGen       total 51200K, used 16469K [0x0000000740000000, 0x0000000743200000, 0x0000000795580000)
  object space 51200K, 32% used [0x0000000740000000,0x00000007410155d0,0x0000000743200000)
 Metaspace       used 51369K, capacity 52828K, committed 52992K, reserved 1095680K
  class space    used 7000K, capacity 7369K, committed 7424K, reserved 1048576K
Event: 11.191 GC heap after
Heap after GC invocations=14 (full 2):
 PSYoungGen      total 185344K, used 11344K [0x0000000795580000, 0x00000007a1b00000, 0x00000007c0000000)
  eden space 172544K, 0% used [0x0000000795580000,0x0000000795580000,0x000000079fe00000)
  from space 12800K, 88% used [0x00000007a0e80000,0x00000007a1994378,0x00000007a1b00000)
  to   space 14848K, 0% used [0x000000079fe00000,0x000000079fe00000,0x00000007a0c80000)
 ParOldGen       total 51200K, used 26153K [0x0000000740000000, 0x0000000743200000, 0x0000000795580000)
  object space 51200K, 51% used [0x0000000740000000,0x000000074198a748,0x0000000743200000)
 Metaspace       used 51369K, capacity 52828K, committed 52992K, reserved 1095680K
  class space    used 7000K, capacity 7369K, committed 7424K, reserved 1048576K
}
Event: 13.170 GC heap before
{Heap before GC invocations=15 (full 2):
 PSYoungGen      total 185344K, used 183888K [0x0000000795580000, 0x00000007a1b00000, 0x00000007c0000000)
  eden space 172544K, 100% used [0x0000000795580000,0x000000079fe00000,0x000000079fe00000)
  from space 12800K, 88% used [0x00000007a0e80000,0x00000007a1994378,0x00000007a1b00000)
  to   space 14848K, 0% used [0x000000079fe00000,0x000000079fe00000,0x00000007a0c80000)
 ParOldGen       total 51200K, used 26153K [0x0000000740000000, 0x0000000743200000, 0x0000000795580000)
  object space 51200K, 51% used [0x0000000740000000,0x000000074198a748,0x0000000743200000)
 Metaspace       used 56306K, capacity 58240K, committed 58496K, reserved 1099776K
  class space    used 7805K, capacity 8294K, committed 8320K, reserved 1048576K
Event: 13.219 GC heap after
Heap after GC invocations=15 (full 2):
 PSYoungGen      total 187392K, used 14816K [0x0000000795580000, 0x00000007a6480000, 0x00000007c0000000)
  eden space 172544K, 0% used [0x0000000795580000,0x0000000795580000,0x000000079fe00000)
  from space 14848K, 99% used [0x000000079fe00000,0x00000007a0c78040,0x00000007a0c80000)
  to   space 20992K, 0% used [0x00000007a5000000,0x00000007a5000000,0x00000007a6480000)
 ParOldGen       total 51200K, used 37251K [0x0000000740000000, 0x0000000743200000, 0x0000000795580000)
  object space 51200K, 72% used [0x0000000740000000,0x0000000742460c30,0x0000000743200000)
 Metaspace       used 56306K, capacity 58240K, committed 58496K, reserved 1099776K
  class space    used 7805K, capacity 8294K, committed 8320K, reserved 1048576K
}
Event: 13.906 GC heap before
{Heap before GC invocations=16 (full 2):
 PSYoungGen      total 187392K, used 44538K [0x0000000795580000, 0x00000007a6480000, 0x00000007c0000000)
  eden space 172544K, 17% used [0x0000000795580000,0x0000000797286b48,0x000000079fe00000)
  from space 14848K, 99% used [0x000000079fe00000,0x00000007a0c78040,0x00000007a0c80000)
  to   space 20992K, 0% used [0x00000007a5000000,0x00000007a5000000,0x00000007a6480000)
 ParOldGen       total 51200K, used 37251K [0x0000000740000000, 0x0000000743200000, 0x0000000795580000)
  object space 51200K, 72% used [0x0000000740000000,0x0000000742460c30,0x0000000743200000)
 Metaspace       used 56842K, capacity 58912K, committed 59028K, reserved 1099776K
  class space    used 7900K, capacity 8438K, committed 8448K, reserved 1048576K
Event: 13.933 GC heap after
Heap after GC invocations=16 (full 2):
 PSYoungGen      total 256512K, used 3252K [0x0000000795580000, 0x00000007a6780000, 0x00000007c0000000)
  eden space 235520K, 0% used [0x0000000795580000,0x0000000795580000,0x00000007a3b80000)
  from space 20992K, 15% used [0x00000007a5000000,0x00000007a532d000,0x00000007a6480000)
  to   space 20992K, 0% used [0x00000007a3b80000,0x00000007a3b80000,0x00000007a5000000)
 ParOldGen       total 52736K, used 52051K [0x0000000740000000, 0x0000000743380000, 0x0000000795580000)
  object space 52736K, 98% used [0x0000000740000000,0x00000007432d4cd0,0x0000000743380000)
 Metaspace       used 56842K, capacity 58912K, committed 59028K, reserved 1099776K
  class space    used 7900K, capacity 8438K, committed 8448K, reserved 1048576K
}
Event: 13.933 GC heap before
{Heap before GC invocations=17 (full 3):
 PSYoungGen      total 256512K, used 3252K [0x0000000795580000, 0x00000007a6780000, 0x00000007c0000000)
  eden space 235520K, 0% used [0x0000000795580000,0x0000000795580000,0x00000007a3b80000)
  from space 20992K, 15% used [0x00000007a5000000,0x00000007a532d000,0x00000007a6480000)
  to   space 20992K, 0% used [0x00000007a3b80000,0x00000007a3b80000,0x00000007a5000000)
 ParOldGen       total 52736K, used 52051K [0x0000000740000000, 0x0000000743380000, 0x0000000795580000)
  object space 52736K, 98% used [0x0000000740000000,0x00000007432d4cd0,0x0000000743380000)
 Metaspace       used 56842K, capacity 58912K, committed 59028K, reserved 1099776K
  class space    used 7900K, capacity 8438K, committed 8448K, reserved 1048576K
Event: 14.298 GC heap after
Heap after GC invocations=17 (full 3):
 PSYoungGen      total 256512K, used 0K [0x0000000795580000, 0x00000007a6780000, 0x00000007c0000000)
  eden space 235520K, 0% used [0x0000000795580000,0x0000000795580000,0x00000007a3b80000)
  from space 20992K, 0% used [0x00000007a5000000,0x00000007a5000000,0x00000007a6480000)
  to   space 20992K, 0% used [0x00000007a3b80000,0x00000007a3b80000,0x00000007a5000000)
 ParOldGen       total 104960K, used 49654K [0x0000000740000000, 0x0000000746680000, 0x0000000795580000)
  object space 104960K, 47% used [0x0000000740000000,0x000000074307db20,0x0000000746680000)
 Metaspace       used 56842K, capacity 58912K, committed 59028K, reserved 1099776K
  class space    used 7900K, capacity 8438K, committed 8448K, reserved 1048576K
}
Event: 22.755 GC heap before
{Heap before GC invocations=18 (full 3):
 PSYoungGen      total 256512K, used 235520K [0x0000000795580000, 0x00000007a6780000, 0x00000007c0000000)
  eden space 235520K, 100% used [0x0000000795580000,0x00000007a3b80000,0x00000007a3b80000)
  from space 20992K, 0% used [0x00000007a5000000,0x00000007a5000000,0x00000007a6480000)
  to   space 20992K, 0% used [0x00000007a3b80000,0x00000007a3b80000,0x00000007a5000000)
 ParOldGen       total 104960K, used 49654K [0x0000000740000000, 0x0000000746680000, 0x0000000795580000)
  object space 104960K, 47% used [0x0000000740000000,0x000000074307db20,0x0000000746680000)
 Metaspace       used 60868K, capacity 63432K, committed 63616K, reserved 1103872K
  class space    used 8391K, capacity 9021K, committed 9088K, reserved 1048576K

