# JRE version: OpenJDK Runtime Environment (8.0_152-b01) (build 1.8.0_152-release-1024-b01)
# Java VM: OpenJDK 64-Bit Server VM (25.152-b01 mixed mode bsd-amd64 compressed oops)
Heap:
 PSYoungGen      total 332288K, used 306191K [0x0000000795580000, 0x00000007adc80000, 0x00000007c0000000)
  eden space 283648K, 100% used [0x0000000795580000,0x00000007a6a80000,0x00000007a6a80000)
  from space 48640K, 46% used [0x00000007aad00000,0x00000007ac303fa8,0x00000007adc80000)
  to   space 58368K, 51% used [0x00000007a6a80000,0x00000007a87c0370,0x00000007aa380000)
 ParOldGen       total 223744K, used 144706K [0x0000000740000000, 0x000000074da80000, 0x0000000795580000)
  object space 223744K, 64% used [0x0000000740000000,0x0000000748d50a88,0x000000074da80000)
 Metaspace       used 79286K, capacity 81873K, committed 82176K, reserved 1122304K
  class space    used 9281K, capacity 9894K, committed 9984K, reserved 1048576K
GC Heap History (10 events):
Event: 30.399 GC heap after
Heap after GC invocations=24 (full 5):
 PSYoungGen      total 265216K, used 44464K [0x0000000795580000, 0x00000007aca00000, 0x00000007c0000000)
  eden space 202240K, 0% used [0x0000000795580000,0x0000000795580000,0x00000007a1b00000)
  from space 62976K, 70% used [0x00000007a1b00000,0x00000007a466c1a8,0x00000007a5880000)
  to   space 66560K, 0% used [0x00000007a8900000,0x00000007a8900000,0x00000007aca00000)
 ParOldGen       total 225280K, used 216653K [0x0000000740000000, 0x000000074dc00000, 0x0000000795580000)
  object space 225280K, 96% used [0x0000000740000000,0x000000074d393688,0x000000074dc00000)
 Metaspace       used 61972K, capacity 63427K, committed 63616K, reserved 1105920K
  class space    used 7463K, capacity 7805K, committed 7808K, reserved 1048576K
}
Event: 30.399 GC heap before
{Heap before GC invocations=25 (full 6):
 PSYoungGen      total 265216K, used 44464K [0x0000000795580000, 0x00000007aca00000, 0x00000007c0000000)
  eden space 202240K, 0% used [0x0000000795580000,0x0000000795580000,0x00000007a1b00000)
  from space 62976K, 70% used [0x00000007a1b00000,0x00000007a466c1a8,0x00000007a5880000)
  to   space 66560K, 0% used [0x00000007a8900000,0x00000007a8900000,0x00000007aca00000)
 ParOldGen       total 225280K, used 216653K [0x0000000740000000, 0x000000074dc00000, 0x0000000795580000)
  object space 225280K, 96% used [0x0000000740000000,0x000000074d393688,0x000000074dc00000)
 Metaspace       used 61972K, capacity 63427K, committed 63616K, reserved 1105920K
  class space    used 7463K, capacity 7805K, committed 7808K, reserved 1048576K
Event: 30.942 GC heap after
Heap after GC invocations=25 (full 6):
 PSYoungGen      total 265216K, used 0K [0x0000000795580000, 0x00000007aca00000, 0x00000007c0000000)
  eden space 202240K, 0% used [0x0000000795580000,0x0000000795580000,0x00000007a1b00000)
  from space 62976K, 0% used [0x00000007a1b00000,0x00000007a1b00000,0x00000007a5880000)
  to   space 66560K, 0% used [0x00000007a8900000,0x00000007a8900000,0x00000007aca00000)
 ParOldGen       total 223744K, used 114117K [0x0000000740000000, 0x000000074da80000, 0x0000000795580000)
  object space 223744K, 51% used [0x0000000740000000,0x0000000746f71610,0x000000074da80000)
 Metaspace       used 61972K, capacity 63427K, committed 63616K, reserved 1105920K
  class space    used 7463K, capacity 7805K, committed 7808K, reserved 1048576K
}
Event: 32.637 GC heap before
{Heap before GC invocations=26 (full 6):
 PSYoungGen      total 265216K, used 202240K [0x0000000795580000, 0x00000007aca00000, 0x00000007c0000000)
  eden space 202240K, 100% used [0x0000000795580000,0x00000007a1b00000,0x00000007a1b00000)
  from space 62976K, 0% used [0x00000007a1b00000,0x00000007a1b00000,0x00000007a5880000)
  to   space 66560K, 0% used [0x00000007a8900000,0x00000007a8900000,0x00000007aca00000)
 ParOldGen       total 223744K, used 114117K [0x0000000740000000, 0x000000074da80000, 0x0000000795580000)
  object space 223744K, 51% used [0x0000000740000000,0x0000000746f71610,0x000000074da80000)
 Metaspace       used 62544K, capacity 63979K, committed 64256K, reserved 1105920K
  class space    used 7494K, capacity 7837K, committed 7936K, reserved 1048576K
Event: 32.715 GC heap after
Heap after GC invocations=26 (full 6):
 PSYoungGen      total 304640K, used 31238K [0x0000000795580000, 0x00000007ac300000, 0x00000007c0000000)
  eden space 245248K, 0% used [0x0000000795580000,0x0000000795580000,0x00000007a4500000)
  from space 59392K, 52% used [0x00000007a8900000,0x00000007aa7819e8,0x00000007ac300000)
  to   space 64512K, 0% used [0x00000007a4500000,0x00000007a4500000,0x00000007a8400000)
 ParOldGen       total 223744K, used 114125K [0x0000000740000000, 0x000000074da80000, 0x0000000795580000)
  object space 223744K, 51% used [0x0000000740000000,0x0000000746f73610,0x000000074da80000)
 Metaspace       used 62544K, capacity 63979K, committed 64256K, reserved 1105920K
  class space    used 7494K, capacity 7837K, committed 7936K, reserved 1048576K
}
Event: 330.491 GC heap before
{Heap before GC invocations=27 (full 6):
 PSYoungGen      total 304640K, used 276486K [0x0000000795580000, 0x00000007ac300000, 0x00000007c0000000)
  eden space 245248K, 100% used [0x0000000795580000,0x00000007a4500000,0x00000007a4500000)
  from space 59392K, 52% used [0x00000007a8900000,0x00000007aa7819e8,0x00000007ac300000)
  to   space 64512K, 0% used [0x00000007a4500000,0x00000007a4500000,0x00000007a8400000)
 ParOldGen       total 223744K, used 114125K [0x0000000740000000, 0x000000074da80000, 0x0000000795580000)
  object space 223744K, 51% used [0x0000000740000000,0x0000000746f73610,0x000000074da80000)
 Metaspace       used 69508K, capacity 71257K, committed 71424K, reserved 1112064K
  class space    used 8272K, capacity 8678K, committed 8704K, reserved 1048576K
Event: 330.739 GC heap after
Heap after GC invocations=27 (full 6):
 PSYoungGen      total 309760K, used 24696K [0x0000000795580000, 0x00000007ae880000, 0x00000007c0000000)
  eden space 245248K, 0% used [0x0000000795580000,0x0000000795580000,0x00000007a4500000)
  from space 64512K, 38% used [0x00000007a4500000,0x00000007a5d1e180,0x00000007a8400000)
  to   space 60928K, 0% used [0x00000007aad00000,0x00000007aad00000,0x00000007ae880000)
 ParOldGen       total 223744K, used 144690K [0x0000000740000000, 0x000000074da80000, 0x0000000795580000)
  object space 223744K, 64% used [0x0000000740000000,0x0000000748d4ca88,0x000000074da80000)
 Metaspace       used 69508K, capacity 71257K, committed 71424K, reserved 1112064K
  class space    used 8272K, capacity 8678K, committed 8704K, reserved 1048576K
}
Event: 1232.593 GC heap before
{Heap before GC invocations=28 (full 6):
 PSYoungGen      total 309760K, used 269944K [0x0000000795580000, 0x00000007ae880000, 0x00000007c0000000)
  eden space 245248K, 100% used [0x0000000795580000,0x00000007a4500000,0x00000007a4500000)
  from space 64512K, 38% used [0x00000007a4500000,0x00000007a5d1e180,0x00000007a8400000)
  to   space 60928K, 0% used [0x00000007aad00000,0x00000007aad00000,0x00000007ae880000)
 ParOldGen       total 223744K, used 144690K [0x0000000740000000, 0x000000074da80000, 0x0000000795580000)
  object space 223744K, 64% used [0x0000000740000000,0x0000000748d4ca88,0x000000074da80000)
 Metaspace       used 74337K, capacity 76299K, committed 76672K, reserved 1116160K
  class space    used 8762K, capacity 9219K, committed 9344K, reserved 1048576K
Event: 1232.758 GC heap after
Heap after GC invocations=28 (full 6):
 PSYoungGen      total 332288K, used 22543K [0x0000000795580000, 0x00000007adc80000, 0x00000007c0000000)
  eden space 283648K, 0% used [0x0000000795580000,0x0000000795580000,0x00000007a6a80000)
  from space 48640K, 46% used [0x00000007aad00000,0x00000007ac303fa8,0x00000007adc80000)
  to   space 58368K, 0% used [0x00000007a6a80000,0x00000007a6a80000,0x00000007aa380000)
 ParOldGen       total 223744K, used 144698K [0x0000000740000000, 0x000000074da80000, 0x0000000795580000)
  object space 223744K, 64% used [0x0000000740000000,0x0000000748d4ea88,0x000000074da80000)
 Metaspace       used 74337K, capacity 76299K, committed 76672K, reserved 1116160K
  class space    used 8762K, capacity 9219K, committed 9344K, reserved 1048576K
}
Event: 1521.928 GC heap before
{Heap before GC invocations=29 (full 6):
 PSYoungGen      total 332288K, used 306191K [0x0000000795580000, 0x00000007adc80000, 0x00000007c0000000)
  eden space 283648K, 100% used [0x0000000795580000,0x00000007a6a80000,0x00000007a6a80000)
  from space 48640K, 46% used [0x00000007aad00000,0x00000007ac303fa8,0x00000007adc80000)
  to   space 58368K, 0% used [0x00000007a6a80000,0x00000007a6a80000,0x00000007aa380000)
 ParOldGen       total 223744K, used 144698K [0x0000000740000000, 0x000000074da80000, 0x0000000795580000)
  object space 223744K, 64% used [0x0000000740000000,0x0000000748d4ea88,0x000000074da80000)
 Metaspace       used 79286K, capacity 81873K, committed 82176K, reserved 1122304K
  class space    used 9281K, capacity 9894K, committed 9984K, reserved 1048576K

