# JRE version: OpenJDK Runtime Environment (8.0_152-b01) (build 1.8.0_152-release-1024-b01)
# Java VM: OpenJDK 64-Bit Server VM (25.152-b01 mixed mode bsd-amd64 compressed oops)
Heap:
 PSYoungGen      total 462336K, used 129539K [0x0000000795580000, 0x00000007c0000000, 0x00000007c0000000)
  eden space 332288K, 0% used [0x0000000795580000,0x0000000795580000,0x00000007a9a00000)
  from space 130048K, 99% used [0x00000007a9a00000,0x00000007b1880eb8,0x00000007b1900000)
  to   space 196096K, 0% used [0x00000007b4080000,0x00000007b4080000,0x00000007c0000000)
 ParOldGen       total 453632K, used 413701K [0x0000000740000000, 0x000000075bb00000, 0x0000000795580000)
  object space 453632K, 91% used [0x0000000740000000,0x00000007594017e0,0x000000075bb00000)
 Metaspace       used 129175K, capacity 137131K, committed 137432K, reserved 1169408K
  class space    used 16418K, capacity 18113K, committed 18176K, reserved 1048576K
GC Heap History (10 events):
Event: 2651.016 GC heap after
Heap after GC invocations=135 (full 12):
 PSYoungGen      total 550912K, used 32798K [0x0000000795580000, 0x00000007bfa80000, 0x00000007c0000000)
  eden space 419840K, 0% used [0x0000000795580000,0x0000000795580000,0x00000007aef80000)
  from space 131072K, 25% used [0x00000007aef80000,0x00000007b0f878a0,0x00000007b6f80000)
  to   space 123392K, 0% used [0x00000007b8200000,0x00000007b8200000,0x00000007bfa80000)
 ParOldGen       total 453632K, used 317607K [0x0000000740000000, 0x000000075bb00000, 0x0000000795580000)
  object space 453632K, 70% used [0x0000000740000000,0x0000000753629d08,0x000000075bb00000)
 Metaspace       used 129039K, capacity 136907K, committed 137176K, reserved 1169408K
  class space    used 16416K, capacity 18109K, committed 18176K, reserved 1048576K
}
Event: 2842.267 GC heap before
{Heap before GC invocations=136 (full 12):
 PSYoungGen      total 550912K, used 452638K [0x0000000795580000, 0x00000007bfa80000, 0x00000007c0000000)
  eden space 419840K, 100% used [0x0000000795580000,0x00000007aef80000,0x00000007aef80000)
  from space 131072K, 25% used [0x00000007aef80000,0x00000007b0f878a0,0x00000007b6f80000)
  to   space 123392K, 0% used [0x00000007b8200000,0x00000007b8200000,0x00000007bfa80000)
 ParOldGen       total 453632K, used 317607K [0x0000000740000000, 0x000000075bb00000, 0x0000000795580000)
  object space 453632K, 70% used [0x0000000740000000,0x0000000753629d08,0x000000075bb00000)
 Metaspace       used 129161K, capacity 137063K, committed 137176K, reserved 1169408K
  class space    used 16418K, capacity 18113K, committed 18176K, reserved 1048576K
Event: 2842.532 GC heap after
Heap after GC invocations=136 (full 12):
 PSYoungGen      total 549376K, used 32144K [0x0000000795580000, 0x00000007bea00000, 0x00000007c0000000)
  eden space 442880K, 0% used [0x0000000795580000,0x0000000795580000,0x00000007b0600000)
  from space 106496K, 30% used [0x00000007b8200000,0x00000007ba164378,0x00000007bea00000)
  to   space 116736K, 0% used [0x00000007b0600000,0x00000007b0600000,0x00000007b7800000)
 ParOldGen       total 453632K, used 317615K [0x0000000740000000, 0x000000075bb00000, 0x0000000795580000)
  object space 453632K, 70% used [0x0000000740000000,0x000000075362bd08,0x000000075bb00000)
 Metaspace       used 129161K, capacity 137063K, committed 137176K, reserved 1169408K
  class space    used 16418K, capacity 18113K, committed 18176K, reserved 1048576K
}
Event: 2846.742 GC heap before
{Heap before GC invocations=137 (full 12):
 PSYoungGen      total 549376K, used 475024K [0x0000000795580000, 0x00000007bea00000, 0x00000007c0000000)
  eden space 442880K, 100% used [0x0000000795580000,0x00000007b0600000,0x00000007b0600000)
  from space 106496K, 30% used [0x00000007b8200000,0x00000007ba164378,0x00000007bea00000)
  to   space 116736K, 0% used [0x00000007b0600000,0x00000007b0600000,0x00000007b7800000)
 ParOldGen       total 453632K, used 317615K [0x0000000740000000, 0x000000075bb00000, 0x0000000795580000)
  object space 453632K, 70% used [0x0000000740000000,0x000000075362bd08,0x000000075bb00000)
 Metaspace       used 129174K, capacity 137131K, committed 137432K, reserved 1169408K
  class space    used 16418K, capacity 18113K, committed 18176K, reserved 1048576K
Event: 2853.637 GC heap after
Heap after GC invocations=137 (full 12):
 PSYoungGen      total 559616K, used 116730K [0x0000000795580000, 0x00000007c0000000, 0x00000007c0000000)
  eden space 442880K, 0% used [0x0000000795580000,0x0000000795580000,0x00000007b0600000)
  from space 116736K, 99% used [0x00000007b0600000,0x00000007b77fe868,0x00000007b7800000)
  to   space 139264K, 0% used [0x00000007b7800000,0x00000007b7800000,0x00000007c0000000)
 ParOldGen       total 453632K, used 389257K [0x0000000740000000, 0x000000075bb00000, 0x0000000795580000)
  object space 453632K, 85% used [0x0000000740000000,0x0000000757c22440,0x000000075bb00000)
 Metaspace       used 129174K, capacity 137131K, committed 137432K, reserved 1169408K
  class space    used 16418K, capacity 18113K, committed 18176K, reserved 1048576K
}
Event: 2854.508 GC heap before
{Heap before GC invocations=138 (full 12):
 PSYoungGen      total 559616K, used 559610K [0x0000000795580000, 0x00000007c0000000, 0x00000007c0000000)
  eden space 442880K, 100% used [0x0000000795580000,0x00000007b0600000,0x00000007b0600000)
  from space 116736K, 99% used [0x00000007b0600000,0x00000007b77fe868,0x00000007b7800000)
  to   space 139264K, 0% used [0x00000007b7800000,0x00000007b7800000,0x00000007c0000000)
 ParOldGen       total 453632K, used 389257K [0x0000000740000000, 0x000000075bb00000, 0x0000000795580000)
  object space 453632K, 85% used [0x0000000740000000,0x0000000757c22440,0x000000075bb00000)
 Metaspace       used 129174K, capacity 137131K, committed 137432K, reserved 1169408K
  class space    used 16418K, capacity 18113K, committed 18176K, reserved 1048576K
Event: 2856.427 GC heap after
Heap after GC invocations=138 (full 12):
 PSYoungGen      total 471552K, used 135756K [0x0000000795580000, 0x00000007c0000000, 0x00000007c0000000)
  eden space 332288K, 0% used [0x0000000795580000,0x0000000795580000,0x00000007a9a00000)
  from space 139264K, 97% used [0x00000007b7800000,0x00000007bfc932b8,0x00000007c0000000)
  to   space 183296K, 0% used [0x00000007a9a00000,0x00000007a9a00000,0x00000007b4d00000)
 ParOldGen       total 453632K, used 398309K [0x0000000740000000, 0x000000075bb00000, 0x0000000795580000)
  object space 453632K, 87% used [0x0000000740000000,0x00000007584f9540,0x000000075bb00000)
 Metaspace       used 129174K, capacity 137131K, committed 137432K, reserved 1169408K
  class space    used 16418K, capacity 18113K, committed 18176K, reserved 1048576K
}
Event: 2858.322 GC heap before
{Heap before GC invocations=139 (full 12):
 PSYoungGen      total 471552K, used 468044K [0x0000000795580000, 0x00000007c0000000, 0x00000007c0000000)
  eden space 332288K, 100% used [0x0000000795580000,0x00000007a9a00000,0x00000007a9a00000)
  from space 139264K, 97% used [0x00000007b7800000,0x00000007bfc932b8,0x00000007c0000000)
  to   space 183296K, 0% used [0x00000007a9a00000,0x00000007a9a00000,0x00000007b4d00000)
 ParOldGen       total 453632K, used 398309K [0x0000000740000000, 0x000000075bb00000, 0x0000000795580000)
  object space 453632K, 87% used [0x0000000740000000,0x00000007584f9540,0x000000075bb00000)
 Metaspace       used 129175K, capacity 137131K, committed 137432K, reserved 1169408K
  class space    used 16418K, capacity 18113K, committed 18176K, reserved 1048576K
Event: 2858.639 GC heap after
Heap after GC invocations=139 (full 12):
 PSYoungGen      total 462336K, used 129539K [0x0000000795580000, 0x00000007c0000000, 0x00000007c0000000)
  eden space 332288K, 0% used [0x0000000795580000,0x0000000795580000,0x00000007a9a00000)
  from space 130048K, 99% used [0x00000007a9a00000,0x00000007b1880eb8,0x00000007b1900000)
  to   space 196096K, 0% used [0x00000007b4080000,0x00000007b4080000,0x00000007c0000000)
 ParOldGen       total 453632K, used 413701K [0x0000000740000000, 0x000000075bb00000, 0x0000000795580000)
  object space 453632K, 91% used [0x0000000740000000,0x00000007594017e0,0x000000075bb00000)
 Metaspace       used 129175K, capacity 137131K, committed 137432K, reserved 1169408K
  class space    used 16418K, capacity 18113K, committed 18176K, reserved 1048576K
}
Event: 2858.658 GC heap before
{Heap before GC invocations=140 (full 13):
 PSYoungGen      total 462336K, used 129539K [0x0000000795580000, 0x00000007c0000000, 0x00000007c0000000)
  eden space 332288K, 0% used [0x0000000795580000,0x0000000795580000,0x00000007a9a00000)
  from space 130048K, 99% used [0x00000007a9a00000,0x00000007b1880eb8,0x00000007b1900000)
  to   space 196096K, 0% used [0x00000007b4080000,0x00000007b4080000,0x00000007c0000000)
 ParOldGen       total 453632K, used 413701K [0x0000000740000000, 0x000000075bb00000, 0x0000000795580000)
  object space 453632K, 91% used [0x0000000740000000,0x00000007594017e0,0x000000075bb00000)
 Metaspace       used 129175K, capacity 137131K, committed 137432K, reserved 1169408K
  class space    used 16418K, capacity 18113K, committed 18176K, reserved 1048576K

