# JRE version: OpenJDK Runtime Environment (8.0_152-b01) (build 1.8.0_152-release-1024-b01)
# Java VM: OpenJDK 64-Bit Server VM (25.152-b01 mixed mode bsd-amd64 compressed oops)
Heap:
 PSYoungGen      total 332288K, used 19891K [0x0000000795580000, 0x00000007aed80000, 0x00000007c0000000)
  eden space 283136K, 0% used [0x0000000795580000,0x0000000795580000,0x00000007a6a00000)
  from space 49152K, 40% used [0x00000007a6a00000,0x00000007a7d6cdf0,0x00000007a9a00000)
  to   space 46592K, 0% used [0x00000007ac000000,0x00000007ac000000,0x00000007aed80000)
 ParOldGen       total 176640K, used 151994K [0x0000000740000000, 0x000000074ac80000, 0x0000000795580000)
  object space 176640K, 86% used [0x0000000740000000,0x000000074946ea60,0x000000074ac80000)
 Metaspace       used 88787K, capacity 94071K, committed 94336K, reserved 1130496K
  class space    used 11548K, capacity 12623K, committed 12672K, reserved 1048576K
GC Heap History (10 events):
Event: 252.613 GC heap after
Heap after GC invocations=25 (full 4):
 PSYoungGen      total 268288K, used 0K [0x0000000795580000, 0x00000007a9500000, 0x00000007c0000000)
  eden space 240128K, 0% used [0x0000000795580000,0x0000000795580000,0x00000007a4000000)
  from space 28160K, 0% used [0x00000007a4000000,0x00000007a4000000,0x00000007a5b80000)
  to   space 27648K, 0% used [0x00000007a7a00000,0x00000007a7a00000,0x00000007a9500000)
 ParOldGen       total 176640K, used 94012K [0x0000000740000000, 0x000000074ac80000, 0x0000000795580000)
  object space 176640K, 53% used [0x0000000740000000,0x0000000745bcf358,0x000000074ac80000)
 Metaspace       used 74138K, capacity 78261K, committed 78592K, reserved 1116160K
  class space    used 10010K, capacity 10911K, committed 11008K, reserved 1048576K
}
Event: 1455.866 GC heap before
{Heap before GC invocations=26 (full 4):
 PSYoungGen      total 268288K, used 240128K [0x0000000795580000, 0x00000007a9500000, 0x00000007c0000000)
  eden space 240128K, 100% used [0x0000000795580000,0x00000007a4000000,0x00000007a4000000)
  from space 28160K, 0% used [0x00000007a4000000,0x00000007a4000000,0x00000007a5b80000)
  to   space 27648K, 0% used [0x00000007a7a00000,0x00000007a7a00000,0x00000007a9500000)
 ParOldGen       total 176640K, used 94012K [0x0000000740000000, 0x000000074ac80000, 0x0000000795580000)
  object space 176640K, 53% used [0x0000000740000000,0x0000000745bcf358,0x000000074ac80000)
 Metaspace       used 79949K, capacity 84715K, committed 84992K, reserved 1122304K
  class space    used 10652K, capacity 11664K, committed 11776K, reserved 1048576K
Event: 1455.990 GC heap after
Heap after GC invocations=26 (full 4):
 PSYoungGen      total 298496K, used 18476K [0x0000000795580000, 0x00000007a9500000, 0x00000007c0000000)
  eden space 270848K, 0% used [0x0000000795580000,0x0000000795580000,0x00000007a5e00000)
  from space 27648K, 66% used [0x00000007a7a00000,0x00000007a8c0b3f0,0x00000007a9500000)
  to   space 28160K, 0% used [0x00000007a5e00000,0x00000007a5e00000,0x00000007a7980000)
 ParOldGen       total 176640K, used 94532K [0x0000000740000000, 0x000000074ac80000, 0x0000000795580000)
  object space 176640K, 53% used [0x0000000740000000,0x0000000745c51388,0x000000074ac80000)
 Metaspace       used 79949K, capacity 84715K, committed 84992K, reserved 1122304K
  class space    used 10652K, capacity 11664K, committed 11776K, reserved 1048576K
}
Event: 1507.822 GC heap before
{Heap before GC invocations=27 (full 4):
 PSYoungGen      total 298496K, used 289324K [0x0000000795580000, 0x00000007a9500000, 0x00000007c0000000)
  eden space 270848K, 100% used [0x0000000795580000,0x00000007a5e00000,0x00000007a5e00000)
  from space 27648K, 66% used [0x00000007a7a00000,0x00000007a8c0b3f0,0x00000007a9500000)
  to   space 28160K, 0% used [0x00000007a5e00000,0x00000007a5e00000,0x00000007a7980000)
 ParOldGen       total 176640K, used 94532K [0x0000000740000000, 0x000000074ac80000, 0x0000000795580000)
  object space 176640K, 53% used [0x0000000740000000,0x0000000745c51388,0x000000074ac80000)
 Metaspace       used 81677K, capacity 86841K, committed 87040K, reserved 1124352K
  class space    used 10838K, capacity 11919K, committed 12032K, reserved 1048576K
Event: 1508.070 GC heap after
Heap after GC invocations=27 (full 4):
 PSYoungGen      total 299008K, used 18252K [0x0000000795580000, 0x00000007ab600000, 0x00000007c0000000)
  eden space 270848K, 0% used [0x0000000795580000,0x0000000795580000,0x00000007a5e00000)
  from space 28160K, 64% used [0x00000007a5e00000,0x00000007a6fd3300,0x00000007a7980000)
  to   space 28672K, 0% used [0x00000007a9a00000,0x00000007a9a00000,0x00000007ab600000)
 ParOldGen       total 176640K, used 94796K [0x0000000740000000, 0x000000074ac80000, 0x0000000795580000)
  object space 176640K, 53% used [0x0000000740000000,0x0000000745c933a0,0x000000074ac80000)
 Metaspace       used 81677K, capacity 86841K, committed 87040K, reserved 1124352K
  class space    used 10838K, capacity 11919K, committed 12032K, reserved 1048576K
}
Event: 1536.165 GC heap before
{Heap before GC invocations=28 (full 4):
 PSYoungGen      total 299008K, used 289100K [0x0000000795580000, 0x00000007ab600000, 0x00000007c0000000)
  eden space 270848K, 100% used [0x0000000795580000,0x00000007a5e00000,0x00000007a5e00000)
  from space 28160K, 64% used [0x00000007a5e00000,0x00000007a6fd3300,0x00000007a7980000)
  to   space 28672K, 0% used [0x00000007a9a00000,0x00000007a9a00000,0x00000007ab600000)
 ParOldGen       total 176640K, used 94796K [0x0000000740000000, 0x000000074ac80000, 0x0000000795580000)
  object space 176640K, 53% used [0x0000000740000000,0x0000000745c933a0,0x000000074ac80000)
 Metaspace       used 87620K, capacity 92813K, committed 93056K, reserved 1130496K
  class space    used 11492K, capacity 12566K, committed 12672K, reserved 1048576K
Event: 1536.409 GC heap after
Heap after GC invocations=28 (full 4):
 PSYoungGen      total 311808K, used 28659K [0x0000000795580000, 0x00000007ae080000, 0x00000007c0000000)
  eden space 283136K, 0% used [0x0000000795580000,0x0000000795580000,0x00000007a6a00000)
  from space 28672K, 99% used [0x00000007a9a00000,0x00000007ab5fcd20,0x00000007ab600000)
  to   space 49152K, 0% used [0x00000007a6a00000,0x00000007a6a00000,0x00000007a9a00000)
 ParOldGen       total 176640K, used 139535K [0x0000000740000000, 0x000000074ac80000, 0x0000000795580000)
  object space 176640K, 78% used [0x0000000740000000,0x0000000748843e78,0x000000074ac80000)
 Metaspace       used 87620K, capacity 92813K, committed 93056K, reserved 1130496K
  class space    used 11492K, capacity 12566K, committed 12672K, reserved 1048576K
}
Event: 1540.632 GC heap before
{Heap before GC invocations=29 (full 4):
 PSYoungGen      total 311808K, used 310838K [0x0000000795580000, 0x00000007ae080000, 0x00000007c0000000)
  eden space 283136K, 99% used [0x0000000795580000,0x00000007a6910b20,0x00000007a6a00000)
  from space 28672K, 99% used [0x00000007a9a00000,0x00000007ab5fcd20,0x00000007ab600000)
  to   space 49152K, 0% used [0x00000007a6a00000,0x00000007a6a00000,0x00000007a9a00000)
 ParOldGen       total 176640K, used 139535K [0x0000000740000000, 0x000000074ac80000, 0x0000000795580000)
  object space 176640K, 78% used [0x0000000740000000,0x0000000748843e78,0x000000074ac80000)
 Metaspace       used 88787K, capacity 94071K, committed 94336K, reserved 1130496K
  class space    used 11548K, capacity 12623K, committed 12672K, reserved 1048576K
Event: 1540.778 GC heap after
Heap after GC invocations=29 (full 4):
 PSYoungGen      total 332288K, used 19891K [0x0000000795580000, 0x00000007aed80000, 0x00000007c0000000)
  eden space 283136K, 0% used [0x0000000795580000,0x0000000795580000,0x00000007a6a00000)
  from space 49152K, 40% used [0x00000007a6a00000,0x00000007a7d6cdf0,0x00000007a9a00000)
  to   space 46592K, 0% used [0x00000007ac000000,0x00000007ac000000,0x00000007aed80000)
 ParOldGen       total 176640K, used 151994K [0x0000000740000000, 0x000000074ac80000, 0x0000000795580000)
  object space 176640K, 86% used [0x0000000740000000,0x000000074946ea60,0x000000074ac80000)
 Metaspace       used 88787K, capacity 94071K, committed 94336K, reserved 1130496K
  class space    used 11548K, capacity 12623K, committed 12672K, reserved 1048576K
}
Event: 1540.778 GC heap before
{Heap before GC invocations=30 (full 5):
 PSYoungGen      total 332288K, used 19891K [0x0000000795580000, 0x00000007aed80000, 0x00000007c0000000)
  eden space 283136K, 0% used [0x0000000795580000,0x0000000795580000,0x00000007a6a00000)
  from space 49152K, 40% used [0x00000007a6a00000,0x00000007a7d6cdf0,0x00000007a9a00000)
  to   space 46592K, 0% used [0x00000007ac000000,0x00000007ac000000,0x00000007aed80000)
 ParOldGen       total 176640K, used 151994K [0x0000000740000000, 0x000000074ac80000, 0x0000000795580000)
  object space 176640K, 86% used [0x0000000740000000,0x000000074946ea60,0x000000074ac80000)
 Metaspace       used 88787K, capacity 94071K, committed 94336K, reserved 1130496K
  class space    used 11548K, capacity 12623K, committed 12672K, reserved 1048576K

