# JRE version: OpenJDK Runtime Environment (8.0_152-b01) (build 1.8.0_152-release-1024-b01)
# Java VM: OpenJDK 64-Bit Server VM (25.152-b01 mixed mode bsd-amd64 compressed oops)
Heap:
 PSYoungGen      total 238592K, used 17216K [0x0000000795580000, 0x00000007a5a80000, 0x00000007c0000000)
  eden space 210944K, 0% used [0x0000000795580000,0x0000000795580000,0x00000007a2380000)
  from space 27648K, 62% used [0x00000007a3f00000,0x00000007a4fd0098,0x00000007a5a00000)
  to   space 28160K, 0% used [0x00000007a2380000,0x00000007a2380000,0x00000007a3f00000)
 ParOldGen       total 103424K, used 102822K [0x0000000740000000, 0x0000000746500000, 0x0000000795580000)
  object space 103424K, 99% used [0x0000000740000000,0x0000000746469988,0x0000000746500000)
 Metaspace       used 77322K, capacity 81734K, committed 81792K, reserved 1120256K
  class space    used 10420K, capacity 11342K, committed 11392K, reserved 1048576K
GC Heap History (10 events):
Event: 87.091 GC heap after
Heap after GC invocations=27 (full 3):
 PSYoungGen      total 188416K, used 12736K [0x0000000795580000, 0x00000007a1f80000, 0x00000007c0000000)
  eden space 175104K, 0% used [0x0000000795580000,0x0000000795580000,0x00000007a0080000)
  from space 13312K, 95% used [0x00000007a1280000,0x00000007a1ef0168,0x00000007a1f80000)
  to   space 15872K, 0% used [0x00000007a0080000,0x00000007a0080000,0x00000007a1000000)
 ParOldGen       total 103424K, used 68331K [0x0000000740000000, 0x0000000746500000, 0x0000000795580000)
  object space 103424K, 66% used [0x0000000740000000,0x00000007442baf10,0x0000000746500000)
 Metaspace       used 69357K, capacity 72358K, committed 72448K, reserved 1112064K
  class space    used 9511K, capacity 10202K, committed 10240K, reserved 1048576K
}
Event: 90.850 GC heap before
{Heap before GC invocations=28 (full 3):
 PSYoungGen      total 188416K, used 187840K [0x0000000795580000, 0x00000007a1f80000, 0x00000007c0000000)
  eden space 175104K, 100% used [0x0000000795580000,0x00000007a0080000,0x00000007a0080000)
  from space 13312K, 95% used [0x00000007a1280000,0x00000007a1ef0168,0x00000007a1f80000)
  to   space 15872K, 0% used [0x00000007a0080000,0x00000007a0080000,0x00000007a1000000)
 ParOldGen       total 103424K, used 68331K [0x0000000740000000, 0x0000000746500000, 0x0000000795580000)
  object space 103424K, 66% used [0x0000000740000000,0x00000007442baf10,0x0000000746500000)
 Metaspace       used 70487K, capacity 73676K, committed 73984K, reserved 1112064K
  class space    used 9674K, capacity 10409K, committed 10496K, reserved 1048576K
Event: 90.898 GC heap after
Heap after GC invocations=28 (full 3):
 PSYoungGen      total 190976K, used 15841K [0x0000000795580000, 0x00000007a3a00000, 0x00000007c0000000)
  eden space 175104K, 0% used [0x0000000795580000,0x0000000795580000,0x00000007a0080000)
  from space 15872K, 99% used [0x00000007a0080000,0x00000007a0ff8448,0x00000007a1000000)
  to   space 19456K, 0% used [0x00000007a2700000,0x00000007a2700000,0x00000007a3a00000)
 ParOldGen       total 103424K, used 71935K [0x0000000740000000, 0x0000000746500000, 0x0000000795580000)
  object space 103424K, 69% used [0x0000000740000000,0x000000074463fd80,0x0000000746500000)
 Metaspace       used 70487K, capacity 73676K, committed 73984K, reserved 1112064K
  class space    used 9674K, capacity 10409K, committed 10496K, reserved 1048576K
}
Event: 94.793 GC heap before
{Heap before GC invocations=29 (full 3):
 PSYoungGen      total 190976K, used 190945K [0x0000000795580000, 0x00000007a3a00000, 0x00000007c0000000)
  eden space 175104K, 100% used [0x0000000795580000,0x00000007a0080000,0x00000007a0080000)
  from space 15872K, 99% used [0x00000007a0080000,0x00000007a0ff8448,0x00000007a1000000)
  to   space 19456K, 0% used [0x00000007a2700000,0x00000007a2700000,0x00000007a3a00000)
 ParOldGen       total 103424K, used 71935K [0x0000000740000000, 0x0000000746500000, 0x0000000795580000)
  object space 103424K, 69% used [0x0000000740000000,0x000000074463fd80,0x0000000746500000)
 Metaspace       used 70664K, capacity 73912K, committed 74240K, reserved 1114112K
  class space    used 9697K, capacity 10419K, committed 10496K, reserved 1048576K
Event: 94.854 GC heap after
Heap after GC invocations=29 (full 3):
 PSYoungGen      total 211968K, used 18417K [0x0000000795580000, 0x00000007a3f80000, 0x00000007c0000000)
  eden space 192512K, 0% used [0x0000000795580000,0x0000000795580000,0x00000007a1180000)
  from space 19456K, 94% used [0x00000007a2700000,0x00000007a38fc690,0x00000007a3a00000)
  to   space 22016K, 0% used [0x00000007a1180000,0x00000007a1180000,0x00000007a2700000)
 ParOldGen       total 103424K, used 79999K [0x0000000740000000, 0x0000000746500000, 0x0000000795580000)
  object space 103424K, 77% used [0x0000000740000000,0x0000000744e1fcf8,0x0000000746500000)
 Metaspace       used 70664K, capacity 73912K, committed 74240K, reserved 1114112K
  class space    used 9697K, capacity 10419K, committed 10496K, reserved 1048576K
}
Event: 366.035 GC heap before
{Heap before GC invocations=30 (full 3):
 PSYoungGen      total 211968K, used 210929K [0x0000000795580000, 0x00000007a3f80000, 0x00000007c0000000)
  eden space 192512K, 100% used [0x0000000795580000,0x00000007a1180000,0x00000007a1180000)
  from space 19456K, 94% used [0x00000007a2700000,0x00000007a38fc690,0x00000007a3a00000)
  to   space 22016K, 0% used [0x00000007a1180000,0x00000007a1180000,0x00000007a2700000)
 ParOldGen       total 103424K, used 79999K [0x0000000740000000, 0x0000000746500000, 0x0000000795580000)
  object space 103424K, 77% used [0x0000000740000000,0x0000000744e1fcf8,0x0000000746500000)
 Metaspace       used 76388K, capacity 80212K, committed 80384K, reserved 1118208K
  class space    used 10319K, capacity 11159K, committed 11264K, reserved 1048576K
Event: 366.201 GC heap after
Heap after GC invocations=30 (full 3):
 PSYoungGen      total 214528K, used 22005K [0x0000000795580000, 0x00000007a5a00000, 0x00000007c0000000)
  eden space 192512K, 0% used [0x0000000795580000,0x0000000795580000,0x00000007a1180000)
  from space 22016K, 99% used [0x00000007a1180000,0x00000007a26fd6f8,0x00000007a2700000)
  to   space 27648K, 0% used [0x00000007a3f00000,0x00000007a3f00000,0x00000007a5a00000)
 ParOldGen       total 103424K, used 86312K [0x0000000740000000, 0x0000000746500000, 0x0000000795580000)
  object space 103424K, 83% used [0x0000000740000000,0x000000074544a298,0x0000000746500000)
 Metaspace       used 76388K, capacity 80212K, committed 80384K, reserved 1118208K
  class space    used 10319K, capacity 11159K, committed 11264K, reserved 1048576K
}
Event: 375.034 GC heap before
{Heap before GC invocations=31 (full 3):
 PSYoungGen      total 214528K, used 214517K [0x0000000795580000, 0x00000007a5a00000, 0x00000007c0000000)
  eden space 192512K, 100% used [0x0000000795580000,0x00000007a1180000,0x00000007a1180000)
  from space 22016K, 99% used [0x00000007a1180000,0x00000007a26fd6f8,0x00000007a2700000)
  to   space 27648K, 0% used [0x00000007a3f00000,0x00000007a3f00000,0x00000007a5a00000)
 ParOldGen       total 103424K, used 86312K [0x0000000740000000, 0x0000000746500000, 0x0000000795580000)
  object space 103424K, 83% used [0x0000000740000000,0x000000074544a298,0x0000000746500000)
 Metaspace       used 77322K, capacity 81734K, committed 81792K, reserved 1120256K
  class space    used 10420K, capacity 11342K, committed 11392K, reserved 1048576K
Event: 375.112 GC heap after
Heap after GC invocations=31 (full 3):
 PSYoungGen      total 238592K, used 17216K [0x0000000795580000, 0x00000007a5a80000, 0x00000007c0000000)
  eden space 210944K, 0% used [0x0000000795580000,0x0000000795580000,0x00000007a2380000)
  from space 27648K, 62% used [0x00000007a3f00000,0x00000007a4fd0098,0x00000007a5a00000)
  to   space 28160K, 0% used [0x00000007a2380000,0x00000007a2380000,0x00000007a3f00000)
 ParOldGen       total 103424K, used 102822K [0x0000000740000000, 0x0000000746500000, 0x0000000795580000)
  object space 103424K, 99% used [0x0000000740000000,0x0000000746469988,0x0000000746500000)
 Metaspace       used 77322K, capacity 81734K, committed 81792K, reserved 1120256K
  class space    used 10420K, capacity 11342K, committed 11392K, reserved 1048576K
}
Event: 375.112 GC heap before
{Heap before GC invocations=32 (full 4):
 PSYoungGen      total 238592K, used 17216K [0x0000000795580000, 0x00000007a5a80000, 0x00000007c0000000)
  eden space 210944K, 0% used [0x0000000795580000,0x0000000795580000,0x00000007a2380000)
  from space 27648K, 62% used [0x00000007a3f00000,0x00000007a4fd0098,0x00000007a5a00000)
  to   space 28160K, 0% used [0x00000007a2380000,0x00000007a2380000,0x00000007a3f00000)
 ParOldGen       total 103424K, used 102822K [0x0000000740000000, 0x0000000746500000, 0x0000000795580000)
  object space 103424K, 99% used [0x0000000740000000,0x0000000746469988,0x0000000746500000)
 Metaspace       used 77322K, capacity 81734K, committed 81792K, reserved 1120256K
  class space    used 10420K, capacity 11342K, committed 11392K, reserved 1048576K

