# JRE version: OpenJDK Runtime Environment (8.0_152-b01) (build 1.8.0_152-release-1024-b01)
# Java VM: OpenJDK 64-Bit Server VM (25.152-b01 mixed mode bsd-amd64 compressed oops)
Heap:
 PSYoungGen      total 72192K, used 51074K [0x0000000795580000, 0x000000079e280000, 0x00000007c0000000)
  eden space 64512K, 79% used [0x0000000795580000,0x0000000798760b38,0x0000000799480000)
  from space 7680K, 0% used [0x0000000799480000,0x0000000799480000,0x0000000799c00000)
  to   space 7680K, 0% used [0x000000079db00000,0x000000079db00000,0x000000079e280000)
 ParOldGen       total 32256K, used 7826K [0x0000000740000000, 0x0000000741f80000, 0x0000000795580000)
  object space 32256K, 24% used [0x0000000740000000,0x00000007407a4a68,0x0000000741f80000)
 Metaspace       used 25494K, capacity 26034K, committed 26496K, reserved 1073152K
  class space    used 3498K, capacity 3660K, committed 3712K, reserved 1048576K
GC Heap History (10 events):
Event: 2.815 GC heap before
{Heap before GC invocations=4 (full 0):
 PSYoungGen      total 18944K, used 18930K [0x0000000795580000, 0x0000000797a80000, 0x00000007c0000000)
  eden space 16384K, 100% used [0x0000000795580000,0x0000000796580000,0x0000000796580000)
  from space 2560K, 99% used [0x0000000796580000,0x00000007967fcb90,0x0000000796800000)
  to   space 2560K, 0% used [0x0000000797800000,0x0000000797800000,0x0000000797a80000)
 ParOldGen       total 44032K, used 1392K [0x0000000740000000, 0x0000000742b00000, 0x0000000795580000)
  object space 44032K, 3% used [0x0000000740000000,0x000000074015c090,0x0000000742b00000)
 Metaspace       used 11717K, capacity 12104K, committed 12288K, reserved 1060864K
  class space    used 1569K, capacity 1704K, committed 1792K, reserved 1048576K
Event: 2.832 GC heap after
Heap after GC invocations=4 (full 0):
 PSYoungGen      total 35328K, used 2544K [0x0000000795580000, 0x0000000797a80000, 0x00000007c0000000)
  eden space 32768K, 0% used [0x0000000795580000,0x0000000795580000,0x0000000797580000)
  from space 2560K, 99% used [0x0000000797800000,0x0000000797a7c030,0x0000000797a80000)
  to   space 2560K, 0% used [0x0000000797580000,0x0000000797580000,0x0000000797800000)
 ParOldGen       total 44032K, used 3821K [0x0000000740000000, 0x0000000742b00000, 0x0000000795580000)
  object space 44032K, 8% used [0x0000000740000000,0x00000007403bb790,0x0000000742b00000)
 Metaspace       used 11717K, capacity 12104K, committed 12288K, reserved 1060864K
  class space    used 1569K, capacity 1704K, committed 1792K, reserved 1048576K
}
Event: 3.776 GC heap before
{Heap before GC invocations=5 (full 0):
 PSYoungGen      total 35328K, used 35312K [0x0000000795580000, 0x0000000797a80000, 0x00000007c0000000)
  eden space 32768K, 100% used [0x0000000795580000,0x0000000797580000,0x0000000797580000)
  from space 2560K, 99% used [0x0000000797800000,0x0000000797a7c030,0x0000000797a80000)
  to   space 2560K, 0% used [0x0000000797580000,0x0000000797580000,0x0000000797800000)
 ParOldGen       total 44032K, used 3821K [0x0000000740000000, 0x0000000742b00000, 0x0000000795580000)
  object space 44032K, 8% used [0x0000000740000000,0x00000007403bb790,0x0000000742b00000)
 Metaspace       used 14337K, capacity 14668K, committed 14976K, reserved 1062912K
  class space    used 2025K, capacity 2154K, committed 2176K, reserved 1048576K
Event: 3.796 GC heap after
Heap after GC invocations=5 (full 0):
 PSYoungGen      total 35328K, used 2544K [0x0000000795580000, 0x000000079a280000, 0x00000007c0000000)
  eden space 32768K, 0% used [0x0000000795580000,0x0000000795580000,0x0000000797580000)
  from space 2560K, 99% used [0x0000000797580000,0x00000007977fc010,0x0000000797800000)
  to   space 6656K, 0% used [0x0000000799c00000,0x0000000799c00000,0x000000079a280000)
 ParOldGen       total 44032K, used 7761K [0x0000000740000000, 0x0000000742b00000, 0x0000000795580000)
  object space 44032K, 17% used [0x0000000740000000,0x00000007407945b0,0x0000000742b00000)
 Metaspace       used 14337K, capacity 14668K, committed 14976K, reserved 1062912K
  class space    used 2025K, capacity 2154K, committed 2176K, reserved 1048576K
}
Event: 10.362 GC heap before
{Heap before GC invocations=6 (full 0):
 PSYoungGen      total 35328K, used 35284K [0x0000000795580000, 0x000000079a280000, 0x00000007c0000000)
  eden space 32768K, 99% used [0x0000000795580000,0x00000007975791a0,0x0000000797580000)
  from space 2560K, 99% used [0x0000000797580000,0x00000007977fc010,0x0000000797800000)
  to   space 6656K, 0% used [0x0000000799c00000,0x0000000799c00000,0x000000079a280000)
 ParOldGen       total 44032K, used 7761K [0x0000000740000000, 0x0000000742b00000, 0x0000000795580000)
  object space 44032K, 17% used [0x0000000740000000,0x00000007407945b0,0x0000000742b00000)
 Metaspace       used 17815K, capacity 18246K, committed 18688K, reserved 1064960K
  class space    used 2561K, capacity 2717K, committed 2816K, reserved 1048576K
Event: 10.380 GC heap after
Heap after GC invocations=6 (full 0):
 PSYoungGen      total 71168K, used 6427K [0x0000000795580000, 0x000000079a480000, 0x00000007c0000000)
  eden space 64512K, 0% used [0x0000000795580000,0x0000000795580000,0x0000000799480000)
  from space 6656K, 96% used [0x0000000799c00000,0x000000079a246dd8,0x000000079a280000)
  to   space 7680K, 0% used [0x0000000799480000,0x0000000799480000,0x0000000799c00000)
 ParOldGen       total 44032K, used 7769K [0x0000000740000000, 0x0000000742b00000, 0x0000000795580000)
  object space 44032K, 17% used [0x0000000740000000,0x00000007407965b0,0x0000000742b00000)
 Metaspace       used 17815K, capacity 18246K, committed 18688K, reserved 1064960K
  class space    used 2561K, capacity 2717K, committed 2816K, reserved 1048576K
}
Event: 18.786 GC heap before
{Heap before GC invocations=7 (full 0):
 PSYoungGen      total 71168K, used 19237K [0x0000000795580000, 0x000000079a480000, 0x00000007c0000000)
  eden space 64512K, 19% used [0x0000000795580000,0x0000000796202898,0x0000000799480000)
  from space 6656K, 96% used [0x0000000799c00000,0x000000079a246dd8,0x000000079a280000)
  to   space 7680K, 0% used [0x0000000799480000,0x0000000799480000,0x0000000799c00000)
 ParOldGen       total 44032K, used 7769K [0x0000000740000000, 0x0000000742b00000, 0x0000000795580000)
  object space 44032K, 17% used [0x0000000740000000,0x00000007407965b0,0x0000000742b00000)
 Metaspace       used 20700K, capacity 21062K, committed 21248K, reserved 1067008K
  class space    used 2902K, capacity 3037K, committed 3072K, reserved 1048576K
Event: 18.797 GC heap after
Heap after GC invocations=7 (full 0):
 PSYoungGen      total 72192K, used 5213K [0x0000000795580000, 0x000000079e280000, 0x00000007c0000000)
  eden space 64512K, 0% used [0x0000000795580000,0x0000000795580000,0x0000000799480000)
  from space 7680K, 67% used [0x0000000799480000,0x00000007999974a0,0x0000000799c00000)
  to   space 7680K, 0% used [0x000000079db00000,0x000000079db00000,0x000000079e280000)
 ParOldGen       total 44032K, used 8526K [0x0000000740000000, 0x0000000742b00000, 0x0000000795580000)
  object space 44032K, 19% used [0x0000000740000000,0x0000000740853b98,0x0000000742b00000)
 Metaspace       used 20700K, capacity 21062K, committed 21248K, reserved 1067008K
  class space    used 2902K, capacity 3037K, committed 3072K, reserved 1048576K
}
Event: 18.797 GC heap before
{Heap before GC invocations=8 (full 1):
 PSYoungGen      total 72192K, used 5213K [0x0000000795580000, 0x000000079e280000, 0x00000007c0000000)
  eden space 64512K, 0% used [0x0000000795580000,0x0000000795580000,0x0000000799480000)
  from space 7680K, 67% used [0x0000000799480000,0x00000007999974a0,0x0000000799c00000)
  to   space 7680K, 0% used [0x000000079db00000,0x000000079db00000,0x000000079e280000)
 ParOldGen       total 44032K, used 8526K [0x0000000740000000, 0x0000000742b00000, 0x0000000795580000)
  object space 44032K, 19% used [0x0000000740000000,0x0000000740853b98,0x0000000742b00000)
 Metaspace       used 20700K, capacity 21062K, committed 21248K, reserved 1067008K
  class space    used 2902K, capacity 3037K, committed 3072K, reserved 1048576K
Event: 18.859 GC heap after
Heap after GC invocations=8 (full 1):
 PSYoungGen      total 72192K, used 0K [0x0000000795580000, 0x000000079e280000, 0x00000007c0000000)
  eden space 64512K, 0% used [0x0000000795580000,0x0000000795580000,0x0000000799480000)
  from space 7680K, 0% used [0x0000000799480000,0x0000000799480000,0x0000000799c00000)
  to   space 7680K, 0% used [0x000000079db00000,0x000000079db00000,0x000000079e280000)
 ParOldGen       total 32256K, used 7826K [0x0000000740000000, 0x0000000741f80000, 0x0000000795580000)
  object space 32256K, 24% used [0x0000000740000000,0x00000007407a4a68,0x0000000741f80000)
 Metaspace       used 20700K, capacity 21062K, committed 21248K, reserved 1067008K
  class space    used 2902K, capacity 3037K, committed 3072K, reserved 1048576K
}

