# JRE version: OpenJDK Runtime Environment (8.0_152-b01) (build 1.8.0_152-release-1024-b01)
# Java VM: OpenJDK 64-Bit Server VM (25.152-b01 mixed mode bsd-amd64 compressed oops)
Heap:
 PSYoungGen      total 321024K, used 292988K [0x0000000795580000, 0x00000007abd80000, 0x00000007c0000000)
  eden space 284672K, 100% used [0x0000000795580000,0x00000007a6b80000,0x00000007a6b80000)
  from space 36352K, 22% used [0x00000007a9a00000,0x00000007aa21f100,0x00000007abd80000)
  to   space 41984K, 53% used [0x00000007a6b80000,0x00000007a81845c8,0x00000007a9480000)
 ParOldGen       total 175104K, used 95315K [0x0000000740000000, 0x000000074ab00000, 0x0000000795580000)
  object space 175104K, 54% used [0x0000000740000000,0x0000000745d14df8,0x000000074ab00000)
 Metaspace       used 87380K, capacity 92133K, committed 92288K, reserved 1128448K
  class space    used 11313K, capacity 12322K, committed 12416K, reserved 1048576K
GC Heap History (10 events):
Event: 3086.967 GC heap after
Heap after GC invocations=35 (full 5):
 PSYoungGen      total 268288K, used 8975K [0x0000000795580000, 0x00000007a8400000, 0x00000007c0000000)
  eden space 226816K, 0% used [0x0000000795580000,0x0000000795580000,0x00000007a3300000)
  from space 41472K, 21% used [0x00000007a5b80000,0x00000007a6443e90,0x00000007a8400000)
  to   space 41472K, 0% used [0x00000007a3300000,0x00000007a3300000,0x00000007a5b80000)
 ParOldGen       total 175104K, used 75932K [0x0000000740000000, 0x000000074ab00000, 0x0000000795580000)
  object space 175104K, 43% used [0x0000000740000000,0x0000000744a27070,0x000000074ab00000)
 Metaspace       used 74637K, capacity 78260K, committed 78976K, reserved 1118208K
  class space    used 9910K, capacity 10656K, committed 10880K, reserved 1048576K
}
Event: 3092.797 GC heap before
{Heap before GC invocations=36 (full 5):
 PSYoungGen      total 268288K, used 235791K [0x0000000795580000, 0x00000007a8400000, 0x00000007c0000000)
  eden space 226816K, 100% used [0x0000000795580000,0x00000007a3300000,0x00000007a3300000)
  from space 41472K, 21% used [0x00000007a5b80000,0x00000007a6443e90,0x00000007a8400000)
  to   space 41472K, 0% used [0x00000007a3300000,0x00000007a3300000,0x00000007a5b80000)
 ParOldGen       total 175104K, used 75932K [0x0000000740000000, 0x000000074ab00000, 0x0000000795580000)
  object space 175104K, 43% used [0x0000000740000000,0x0000000744a27070,0x000000074ab00000)
 Metaspace       used 79261K, capacity 82903K, committed 83584K, reserved 1122304K
  class space    used 10439K, capacity 11176K, committed 11392K, reserved 1048576K
Event: 3092.939 GC heap after
Heap after GC invocations=36 (full 5):
 PSYoungGen      total 268288K, used 34095K [0x0000000795580000, 0x00000007ab180000, 0x00000007c0000000)
  eden space 226816K, 0% used [0x0000000795580000,0x0000000795580000,0x00000007a3300000)
  from space 41472K, 82% used [0x00000007a3300000,0x00000007a544bc30,0x00000007a5b80000)
  to   space 45568K, 0% used [0x00000007a8500000,0x00000007a8500000,0x00000007ab180000)
 ParOldGen       total 175104K, used 83597K [0x0000000740000000, 0x000000074ab00000, 0x0000000795580000)
  object space 175104K, 47% used [0x0000000740000000,0x00000007451a35f8,0x000000074ab00000)
 Metaspace       used 79261K, capacity 82903K, committed 83584K, reserved 1122304K
  class space    used 10439K, capacity 11176K, committed 11392K, reserved 1048576K
}
Event: 3187.950 GC heap before
{Heap before GC invocations=37 (full 5):
 PSYoungGen      total 268288K, used 260911K [0x0000000795580000, 0x00000007ab180000, 0x00000007c0000000)
  eden space 226816K, 100% used [0x0000000795580000,0x00000007a3300000,0x00000007a3300000)
  from space 41472K, 82% used [0x00000007a3300000,0x00000007a544bc30,0x00000007a5b80000)
  to   space 45568K, 0% used [0x00000007a8500000,0x00000007a8500000,0x00000007ab180000)
 ParOldGen       total 175104K, used 83597K [0x0000000740000000, 0x000000074ab00000, 0x0000000795580000)
  object space 175104K, 47% used [0x0000000740000000,0x00000007451a35f8,0x000000074ab00000)
 Metaspace       used 81866K, capacity 85605K, committed 86144K, reserved 1124352K
  class space    used 10647K, capacity 11395K, committed 11648K, reserved 1048576K
Event: 3188.064 GC heap after
Heap after GC invocations=37 (full 5):
 PSYoungGen      total 300544K, used 5248K [0x0000000795580000, 0x00000007aac00000, 0x00000007c0000000)
  eden space 260608K, 0% used [0x0000000795580000,0x0000000795580000,0x00000007a5400000)
  from space 39936K, 13% used [0x00000007a8500000,0x00000007a8a20000,0x00000007aac00000)
  to   space 45056K, 0% used [0x00000007a5400000,0x00000007a5400000,0x00000007a8000000)
 ParOldGen       total 175104K, used 92574K [0x0000000740000000, 0x000000074ab00000, 0x0000000795580000)
  object space 175104K, 52% used [0x0000000740000000,0x0000000745a67830,0x000000074ab00000)
 Metaspace       used 81866K, capacity 85605K, committed 86144K, reserved 1124352K
  class space    used 10647K, capacity 11395K, committed 11648K, reserved 1048576K
}
Event: 3266.159 GC heap before
{Heap before GC invocations=38 (full 5):
 PSYoungGen      total 300544K, used 265856K [0x0000000795580000, 0x00000007aac00000, 0x00000007c0000000)
  eden space 260608K, 100% used [0x0000000795580000,0x00000007a5400000,0x00000007a5400000)
  from space 39936K, 13% used [0x00000007a8500000,0x00000007a8a20000,0x00000007aac00000)
  to   space 45056K, 0% used [0x00000007a5400000,0x00000007a5400000,0x00000007a8000000)
 ParOldGen       total 175104K, used 92574K [0x0000000740000000, 0x000000074ab00000, 0x0000000795580000)
  object space 175104K, 52% used [0x0000000740000000,0x0000000745a67830,0x000000074ab00000)
 Metaspace       used 82641K, capacity 86503K, committed 86912K, reserved 1124352K
  class space    used 10738K, capacity 11494K, committed 11648K, reserved 1048576K
Event: 3266.352 GC heap after
Heap after GC invocations=38 (full 5):
 PSYoungGen      total 305664K, used 18908K [0x0000000795580000, 0x00000007ac400000, 0x00000007c0000000)
  eden space 260608K, 0% used [0x0000000795580000,0x0000000795580000,0x00000007a5400000)
  from space 45056K, 41% used [0x00000007a5400000,0x00000007a66770f8,0x00000007a8000000)
  to   space 43008K, 0% used [0x00000007a9a00000,0x00000007a9a00000,0x00000007ac400000)
 ParOldGen       total 175104K, used 95307K [0x0000000740000000, 0x000000074ab00000, 0x0000000795580000)
  object space 175104K, 54% used [0x0000000740000000,0x0000000745d12df8,0x000000074ab00000)
 Metaspace       used 82641K, capacity 86503K, committed 86912K, reserved 1124352K
  class space    used 10738K, capacity 11494K, committed 11648K, reserved 1048576K
}
Event: 3308.212 GC heap before
{Heap before GC invocations=39 (full 5):
 PSYoungGen      total 305664K, used 279515K [0x0000000795580000, 0x00000007ac400000, 0x00000007c0000000)
  eden space 260608K, 99% used [0x0000000795580000,0x00000007a53ffdf0,0x00000007a5400000)
  from space 45056K, 41% used [0x00000007a5400000,0x00000007a66770f8,0x00000007a8000000)
  to   space 43008K, 0% used [0x00000007a9a00000,0x00000007a9a00000,0x00000007ac400000)
 ParOldGen       total 175104K, used 95307K [0x0000000740000000, 0x000000074ab00000, 0x0000000795580000)
  object space 175104K, 54% used [0x0000000740000000,0x0000000745d12df8,0x000000074ab00000)
 Metaspace       used 85655K, capacity 89687K, committed 90112K, reserved 1128448K
  class space    used 11033K, capacity 11836K, committed 12032K, reserved 1048576K
Event: 3308.227 GC heap after
Heap after GC invocations=39 (full 5):
 PSYoungGen      total 321024K, used 8316K [0x0000000795580000, 0x00000007abd80000, 0x00000007c0000000)
  eden space 284672K, 0% used [0x0000000795580000,0x0000000795580000,0x00000007a6b80000)
  from space 36352K, 22% used [0x00000007a9a00000,0x00000007aa21f100,0x00000007abd80000)
  to   space 41984K, 0% used [0x00000007a6b80000,0x00000007a6b80000,0x00000007a9480000)
 ParOldGen       total 175104K, used 95315K [0x0000000740000000, 0x000000074ab00000, 0x0000000795580000)
  object space 175104K, 54% used [0x0000000740000000,0x0000000745d14df8,0x000000074ab00000)
 Metaspace       used 85655K, capacity 89687K, committed 90112K, reserved 1128448K
  class space    used 11033K, capacity 11836K, committed 12032K, reserved 1048576K
}
Event: 3596.376 GC heap before
{Heap before GC invocations=40 (full 5):
 PSYoungGen      total 321024K, used 292988K [0x0000000795580000, 0x00000007abd80000, 0x00000007c0000000)
  eden space 284672K, 100% used [0x0000000795580000,0x00000007a6b80000,0x00000007a6b80000)
  from space 36352K, 22% used [0x00000007a9a00000,0x00000007aa21f100,0x00000007abd80000)
  to   space 41984K, 0% used [0x00000007a6b80000,0x00000007a6b80000,0x00000007a9480000)
 ParOldGen       total 175104K, used 95315K [0x0000000740000000, 0x000000074ab00000, 0x0000000795580000)
  object space 175104K, 54% used [0x0000000740000000,0x0000000745d14df8,0x000000074ab00000)
 Metaspace       used 87380K, capacity 92133K, committed 92288K, reserved 1128448K
  class space    used 11313K, capacity 12322K, committed 12416K, reserved 1048576K

