# JRE version: OpenJDK Runtime Environment (8.0_152-b01) (build 1.8.0_152-release-1024-b01)
# Java VM: OpenJDK 64-Bit Server VM (25.152-b01 mixed mode bsd-amd64 compressed oops)
Heap:
 PSYoungGen      total 460800K, used 425040K [0x0000000795580000, 0x00000007b4a00000, 0x00000007c0000000)
  eden space 409088K, 100% used [0x0000000795580000,0x00000007ae500000,0x00000007ae500000)
  from space 51712K, 30% used [0x00000007b1780000,0x00000007b2714248,0x00000007b4a00000)
  to   space 51712K, 6% used [0x00000007ae500000,0x00000007ae870000,0x00000007b1780000)
 ParOldGen       total 208896K, used 159969K [0x0000000740000000, 0x000000074cc00000, 0x0000000795580000)
  object space 208896K, 76% used [0x0000000740000000,0x0000000749c38698,0x000000074cc00000)
 Metaspace       used 114225K, capacity 123716K, committed 124120K, reserved 1157120K
  class space    used 14669K, capacity 16750K, committed 16896K, reserved 1048576K
GC Heap History (10 events):
Event: 8592.283 GC heap after
Heap after GC invocations=95 (full 7):
 PSYoungGen      total 359936K, used 33821K [0x0000000795580000, 0x00000007af280000, 0x00000007c0000000)
  eden space 306688K, 0% used [0x0000000795580000,0x0000000795580000,0x00000007a8100000)
  from space 53248K, 63% used [0x00000007ab680000,0x00000007ad787630,0x00000007aea80000)
  to   space 54784K, 0% used [0x00000007a8100000,0x00000007a8100000,0x00000007ab680000)
 ParOldGen       total 208896K, used 120733K [0x0000000740000000, 0x000000074cc00000, 0x0000000795580000)
  object space 208896K, 57% used [0x0000000740000000,0x00000007475e74d0,0x000000074cc00000)
 Metaspace       used 110483K, capacity 118854K, committed 120792K, reserved 1153024K
  class space    used 14141K, capacity 15955K, committed 16640K, reserved 1048576K
}
Event: 9148.948 GC heap before
{Heap before GC invocations=96 (full 7):
 PSYoungGen      total 359936K, used 340509K [0x0000000795580000, 0x00000007af280000, 0x00000007c0000000)
  eden space 306688K, 100% used [0x0000000795580000,0x00000007a8100000,0x00000007a8100000)
  from space 53248K, 63% used [0x00000007ab680000,0x00000007ad787630,0x00000007aea80000)
  to   space 54784K, 0% used [0x00000007a8100000,0x00000007a8100000,0x00000007ab680000)
 ParOldGen       total 208896K, used 120733K [0x0000000740000000, 0x000000074cc00000, 0x0000000795580000)
  object space 208896K, 57% used [0x0000000740000000,0x00000007475e74d0,0x000000074cc00000)
 Metaspace       used 111063K, capacity 119538K, committed 121304K, reserved 1155072K
  class space    used 14193K, capacity 16019K, committed 16640K, reserved 1048576K
Event: 9149.734 GC heap after
Heap after GC invocations=96 (full 7):
 PSYoungGen      total 361472K, used 9011K [0x0000000795580000, 0x00000007b1800000, 0x00000007c0000000)
  eden space 306688K, 0% used [0x0000000795580000,0x0000000795580000,0x00000007a8100000)
  from space 54784K, 16% used [0x00000007a8100000,0x00000007a89cceb8,0x00000007ab680000)
  to   space 53760K, 0% used [0x00000007ae380000,0x00000007ae380000,0x00000007b1800000)
 ParOldGen       total 208896K, used 128112K [0x0000000740000000, 0x000000074cc00000, 0x0000000795580000)
  object space 208896K, 61% used [0x0000000740000000,0x0000000747d1c390,0x000000074cc00000)
 Metaspace       used 111063K, capacity 119538K, committed 121304K, reserved 1155072K
  class space    used 14193K, capacity 16019K, committed 16640K, reserved 1048576K
}
Event: 9167.054 GC heap before
{Heap before GC invocations=97 (full 7):
 PSYoungGen      total 361472K, used 315699K [0x0000000795580000, 0x00000007b1800000, 0x00000007c0000000)
  eden space 306688K, 100% used [0x0000000795580000,0x00000007a8100000,0x00000007a8100000)
  from space 54784K, 16% used [0x00000007a8100000,0x00000007a89cceb8,0x00000007ab680000)
  to   space 53760K, 0% used [0x00000007ae380000,0x00000007ae380000,0x00000007b1800000)
 ParOldGen       total 208896K, used 128112K [0x0000000740000000, 0x000000074cc00000, 0x0000000795580000)
  object space 208896K, 61% used [0x0000000740000000,0x0000000747d1c390,0x000000074cc00000)
 Metaspace       used 111125K, capacity 119550K, committed 121304K, reserved 1155072K
  class space    used 14194K, capacity 16021K, committed 16640K, reserved 1048576K
Event: 9167.907 GC heap after
Heap after GC invocations=97 (full 7):
 PSYoungGen      total 404480K, used 37596K [0x0000000795580000, 0x00000007b2280000, 0x00000007c0000000)
  eden space 350720K, 0% used [0x0000000795580000,0x0000000795580000,0x00000007aac00000)
  from space 53760K, 69% used [0x00000007ae380000,0x00000007b0837118,0x00000007b1800000)
  to   space 56832K, 0% used [0x00000007aac00000,0x00000007aac00000,0x00000007ae380000)
 ParOldGen       total 208896K, used 133224K [0x0000000740000000, 0x000000074cc00000, 0x0000000795580000)
  object space 208896K, 63% used [0x0000000740000000,0x000000074821a000,0x000000074cc00000)
 Metaspace       used 111125K, capacity 119550K, committed 121304K, reserved 1155072K
  class space    used 14194K, capacity 16021K, committed 16640K, reserved 1048576K
}
Event: 9244.311 GC heap before
{Heap before GC invocations=98 (full 7):
 PSYoungGen      total 404480K, used 388316K [0x0000000795580000, 0x00000007b2280000, 0x00000007c0000000)
  eden space 350720K, 100% used [0x0000000795580000,0x00000007aac00000,0x00000007aac00000)
  from space 53760K, 69% used [0x00000007ae380000,0x00000007b0837118,0x00000007b1800000)
  to   space 56832K, 0% used [0x00000007aac00000,0x00000007aac00000,0x00000007ae380000)
 ParOldGen       total 208896K, used 133224K [0x0000000740000000, 0x000000074cc00000, 0x0000000795580000)
  object space 208896K, 63% used [0x0000000740000000,0x000000074821a000,0x000000074cc00000)
 Metaspace       used 113180K, capacity 122234K, committed 123480K, reserved 1157120K
  class space    used 14511K, capacity 16475K, committed 16768K, reserved 1048576K
Event: 9244.595 GC heap after
Heap after GC invocations=98 (full 7):
 PSYoungGen      total 407552K, used 20006K [0x0000000795580000, 0x00000007b4c00000, 0x00000007c0000000)
  eden space 350720K, 0% used [0x0000000795580000,0x0000000795580000,0x00000007aac00000)
  from space 56832K, 35% used [0x00000007aac00000,0x00000007abf89918,0x00000007ae380000)
  to   space 53760K, 0% used [0x00000007b1780000,0x00000007b1780000,0x00000007b4c00000)
 ParOldGen       total 208896K, used 139911K [0x0000000740000000, 0x000000074cc00000, 0x0000000795580000)
  object space 208896K, 66% used [0x0000000740000000,0x00000007488a1ea0,0x000000074cc00000)
 Metaspace       used 113180K, capacity 122234K, committed 123480K, reserved 1157120K
  class space    used 14511K, capacity 16475K, committed 16768K, reserved 1048576K
}
Event: 9263.926 GC heap before
{Heap before GC invocations=99 (full 7):
 PSYoungGen      total 407552K, used 370726K [0x0000000795580000, 0x00000007b4c00000, 0x00000007c0000000)
  eden space 350720K, 100% used [0x0000000795580000,0x00000007aac00000,0x00000007aac00000)
  from space 56832K, 35% used [0x00000007aac00000,0x00000007abf89918,0x00000007ae380000)
  to   space 53760K, 0% used [0x00000007b1780000,0x00000007b1780000,0x00000007b4c00000)
 ParOldGen       total 208896K, used 139911K [0x0000000740000000, 0x000000074cc00000, 0x0000000795580000)
  object space 208896K, 66% used [0x0000000740000000,0x00000007488a1ea0,0x000000074cc00000)
 Metaspace       used 113792K, capacity 123038K, committed 123736K, reserved 1157120K
  class space    used 14610K, capacity 16606K, committed 16768K, reserved 1048576K
Event: 9264.510 GC heap after
Heap after GC invocations=99 (full 7):
 PSYoungGen      total 460800K, used 15952K [0x0000000795580000, 0x00000007b4a00000, 0x00000007c0000000)
  eden space 409088K, 0% used [0x0000000795580000,0x0000000795580000,0x00000007ae500000)
  from space 51712K, 30% used [0x00000007b1780000,0x00000007b2714248,0x00000007b4a00000)
  to   space 51712K, 0% used [0x00000007ae500000,0x00000007ae500000,0x00000007b1780000)
 ParOldGen       total 208896K, used 153885K [0x0000000740000000, 0x000000074cc00000, 0x0000000795580000)
  object space 208896K, 73% used [0x0000000740000000,0x0000000749647410,0x000000074cc00000)
 Metaspace       used 113792K, capacity 123038K, committed 123736K, reserved 1157120K
  class space    used 14610K, capacity 16606K, committed 16768K, reserved 1048576K
}
Event: 9346.402 GC heap before
{Heap before GC invocations=100 (full 7):
 PSYoungGen      total 460800K, used 425040K [0x0000000795580000, 0x00000007b4a00000, 0x00000007c0000000)
  eden space 409088K, 100% used [0x0000000795580000,0x00000007ae500000,0x00000007ae500000)
  from space 51712K, 30% used [0x00000007b1780000,0x00000007b2714248,0x00000007b4a00000)
  to   space 51712K, 0% used [0x00000007ae500000,0x00000007ae500000,0x00000007b1780000)
 ParOldGen       total 208896K, used 153885K [0x0000000740000000, 0x000000074cc00000, 0x0000000795580000)
  object space 208896K, 73% used [0x0000000740000000,0x0000000749647410,0x000000074cc00000)
 Metaspace       used 114225K, capacity 123716K, committed 124120K, reserved 1157120K
  class space    used 14669K, capacity 16750K, committed 16896K, reserved 1048576K

