# JRE version: OpenJDK Runtime Environment (8.0_152-b01) (build 1.8.0_152-release-1024-b01)
# Java VM: OpenJDK 64-Bit Server VM (25.152-b01 mixed mode bsd-amd64 compressed oops)
Heap:
 PSYoungGen      total 148480K, used 84915K [0x0000000795580000, 0x00000007a0200000, 0x00000007c0000000)
  eden space 129024K, 50% used [0x0000000795580000,0x000000079956d6d8,0x000000079d380000)
  from space 19456K, 99% used [0x000000079e980000,0x000000079fc7f548,0x000000079fc80000)
  to   space 22528K, 0% used [0x000000079d380000,0x000000079d380000,0x000000079e980000)
 ParOldGen       total 136192K, used 64507K [0x0000000740000000, 0x0000000748500000, 0x0000000795580000)
  object space 136192K, 47% used [0x0000000740000000,0x0000000743efedc0,0x0000000748500000)
 Metaspace       used 77086K, capacity 80050K, committed 80216K, reserved 1118208K
  class space    used 10249K, capacity 11015K, committed 11136K, reserved 1048576K
GC Heap History (10 events):
Event: 49.861 GC heap before
{Heap before GC invocations=32 (full 3):
 PSYoungGen      total 111616K, used 111600K [0x0000000795580000, 0x000000079d680000, 0x00000007c0000000)
  eden space 100352K, 100% used [0x0000000795580000,0x000000079b780000,0x000000079b780000)
  from space 11264K, 99% used [0x000000079c500000,0x000000079cffc010,0x000000079d000000)
  to   space 13824K, 0% used [0x000000079b780000,0x000000079b780000,0x000000079c500000)
 ParOldGen       total 101376K, used 58220K [0x0000000740000000, 0x0000000746300000, 0x0000000795580000)
  object space 101376K, 57% used [0x0000000740000000,0x00000007438db110,0x0000000746300000)
 Metaspace       used 62273K, capacity 64774K, committed 64984K, reserved 1105920K
  class space    used 8481K, capacity 9135K, committed 9216K, reserved 1048576K
Event: 49.908 GC heap after
Heap after GC invocations=32 (full 3):
 PSYoungGen      total 114176K, used 13814K [0x0000000795580000, 0x000000079f200000, 0x00000007c0000000)
  eden space 100352K, 0% used [0x0000000795580000,0x0000000795580000,0x000000079b780000)
  from space 13824K, 99% used [0x000000079b780000,0x000000079c4fdaa0,0x000000079c500000)
  to   space 21504K, 0% used [0x000000079dd00000,0x000000079dd00000,0x000000079f200000)
 ParOldGen       total 101376K, used 73502K [0x0000000740000000, 0x0000000746300000, 0x0000000795580000)
  object space 101376K, 72% used [0x0000000740000000,0x00000007447c78f8,0x0000000746300000)
 Metaspace       used 62273K, capacity 64774K, committed 64984K, reserved 1105920K
  class space    used 8481K, capacity 9135K, committed 9216K, reserved 1048576K
}
Event: 60.542 GC heap before
{Heap before GC invocations=33 (full 3):
 PSYoungGen      total 114176K, used 114166K [0x0000000795580000, 0x000000079f200000, 0x00000007c0000000)
  eden space 100352K, 100% used [0x0000000795580000,0x000000079b780000,0x000000079b780000)
  from space 13824K, 99% used [0x000000079b780000,0x000000079c4fdaa0,0x000000079c500000)
  to   space 21504K, 0% used [0x000000079dd00000,0x000000079dd00000,0x000000079f200000)
 ParOldGen       total 101376K, used 73502K [0x0000000740000000, 0x0000000746300000, 0x0000000795580000)
  object space 101376K, 72% used [0x0000000740000000,0x00000007447c78f8,0x0000000746300000)
 Metaspace       used 62776K, capacity 65240K, committed 65496K, reserved 1105920K
  class space    used 8516K, capacity 9152K, committed 9216K, reserved 1048576K
Event: 60.593 GC heap after
Heap after GC invocations=33 (full 3):
 PSYoungGen      total 133632K, used 5776K [0x0000000795580000, 0x000000079ee80000, 0x00000007c0000000)
  eden space 115712K, 0% used [0x0000000795580000,0x0000000795580000,0x000000079c680000)
  from space 17920K, 32% used [0x000000079dd00000,0x000000079e2a4070,0x000000079ee80000)
  to   space 20480K, 0% used [0x000000079c680000,0x000000079c680000,0x000000079da80000)
 ParOldGen       total 101376K, used 87191K [0x0000000740000000, 0x0000000746300000, 0x0000000795580000)
  object space 101376K, 86% used [0x0000000740000000,0x0000000745525d20,0x0000000746300000)
 Metaspace       used 62776K, capacity 65240K, committed 65496K, reserved 1105920K
  class space    used 8516K, capacity 9152K, committed 9216K, reserved 1048576K
}
Event: 60.593 GC heap before
{Heap before GC invocations=34 (full 4):
 PSYoungGen      total 133632K, used 5776K [0x0000000795580000, 0x000000079ee80000, 0x00000007c0000000)
  eden space 115712K, 0% used [0x0000000795580000,0x0000000795580000,0x000000079c680000)
  from space 17920K, 32% used [0x000000079dd00000,0x000000079e2a4070,0x000000079ee80000)
  to   space 20480K, 0% used [0x000000079c680000,0x000000079c680000,0x000000079da80000)
 ParOldGen       total 101376K, used 87191K [0x0000000740000000, 0x0000000746300000, 0x0000000795580000)
  object space 101376K, 86% used [0x0000000740000000,0x0000000745525d20,0x0000000746300000)
 Metaspace       used 62776K, capacity 65240K, committed 65496K, reserved 1105920K
  class space    used 8516K, capacity 9152K, committed 9216K, reserved 1048576K
Event: 60.836 GC heap after
Heap after GC invocations=34 (full 4):
 PSYoungGen      total 133632K, used 0K [0x0000000795580000, 0x000000079ee80000, 0x00000007c0000000)
  eden space 115712K, 0% used [0x0000000795580000,0x0000000795580000,0x000000079c680000)
  from space 17920K, 0% used [0x000000079dd00000,0x000000079dd00000,0x000000079ee80000)
  to   space 20480K, 0% used [0x000000079c680000,0x000000079c680000,0x000000079da80000)
 ParOldGen       total 136192K, used 64206K [0x0000000740000000, 0x0000000748500000, 0x0000000795580000)
  object space 136192K, 47% used [0x0000000740000000,0x0000000743eb3bc8,0x0000000748500000)
 Metaspace       used 62770K, capacity 65222K, committed 65496K, reserved 1105920K
  class space    used 8514K, capacity 9149K, committed 9216K, reserved 1048576K
}
Event: 66.538 GC heap before
{Heap before GC invocations=35 (full 4):
 PSYoungGen      total 133632K, used 115712K [0x0000000795580000, 0x000000079ee80000, 0x00000007c0000000)
  eden space 115712K, 100% used [0x0000000795580000,0x000000079c680000,0x000000079c680000)
  from space 17920K, 0% used [0x000000079dd00000,0x000000079dd00000,0x000000079ee80000)
  to   space 20480K, 0% used [0x000000079c680000,0x000000079c680000,0x000000079da80000)
 ParOldGen       total 136192K, used 64206K [0x0000000740000000, 0x0000000748500000, 0x0000000795580000)
  object space 136192K, 47% used [0x0000000740000000,0x0000000743eb3bc8,0x0000000748500000)
 Metaspace       used 67391K, capacity 70012K, committed 70232K, reserved 1110016K
  class space    used 9085K, capacity 9756K, committed 9856K, reserved 1048576K
Event: 66.548 GC heap after
Heap after GC invocations=35 (full 4):
 PSYoungGen      total 136192K, used 7807K [0x0000000795580000, 0x000000079fc80000, 0x00000007c0000000)
  eden space 115712K, 0% used [0x0000000795580000,0x0000000795580000,0x000000079c680000)
  from space 20480K, 38% used [0x000000079c680000,0x000000079ce1ffe0,0x000000079da80000)
  to   space 19456K, 0% used [0x000000079e980000,0x000000079e980000,0x000000079fc80000)
 ParOldGen       total 136192K, used 64214K [0x0000000740000000, 0x0000000748500000, 0x0000000795580000)
  object space 136192K, 47% used [0x0000000740000000,0x0000000743eb5bc8,0x0000000748500000)
 Metaspace       used 67391K, capacity 70012K, committed 70232K, reserved 1110016K
  class space    used 9085K, capacity 9756K, committed 9856K, reserved 1048576K
}
Event: 70.379 GC heap before
{Heap before GC invocations=36 (full 4):
 PSYoungGen      total 136192K, used 123519K [0x0000000795580000, 0x000000079fc80000, 0x00000007c0000000)
  eden space 115712K, 100% used [0x0000000795580000,0x000000079c680000,0x000000079c680000)
  from space 20480K, 38% used [0x000000079c680000,0x000000079ce1ffe0,0x000000079da80000)
  to   space 19456K, 0% used [0x000000079e980000,0x000000079e980000,0x000000079fc80000)
 ParOldGen       total 136192K, used 64214K [0x0000000740000000, 0x0000000748500000, 0x0000000795580000)
  object space 136192K, 47% used [0x0000000740000000,0x0000000743eb5bc8,0x0000000748500000)
 Metaspace       used 73148K, capacity 76078K, committed 76376K, reserved 1116160K
  class space    used 9791K, capacity 10539K, committed 10624K, reserved 1048576K
Event: 70.409 GC heap after
Heap after GC invocations=36 (full 4):
 PSYoungGen      total 148480K, used 19453K [0x0000000795580000, 0x00000007a0200000, 0x00000007c0000000)
  eden space 129024K, 0% used [0x0000000795580000,0x0000000795580000,0x000000079d380000)
  from space 19456K, 99% used [0x000000079e980000,0x000000079fc7f548,0x000000079fc80000)
  to   space 22528K, 0% used [0x000000079d380000,0x000000079d380000,0x000000079e980000)
 ParOldGen       total 136192K, used 64507K [0x0000000740000000, 0x0000000748500000, 0x0000000795580000)
  object space 136192K, 47% used [0x0000000740000000,0x0000000743efedc0,0x0000000748500000)
 Metaspace       used 73148K, capacity 76078K, committed 76376K, reserved 1116160K
  class space    used 9791K, capacity 10539K, committed 10624K, reserved 1048576K
}

