# JRE version: OpenJDK Runtime Environment (8.0_152-b01) (build 1.8.0_152-release-1024-b01)
# Java VM: OpenJDK 64-Bit Server VM (25.152-b01 mixed mode bsd-amd64 compressed oops)
Heap:
 PSYoungGen      total 646656K, used 227013K [0x0000000795580000, 0x00000007c0000000, 0x00000007c0000000)
  eden space 597504K, 32% used [0x0000000795580000,0x00000007a1408e20,0x00000007b9d00000)
  from space 49152K, 64% used [0x00000007bd000000,0x00000007bef28970,0x00000007c0000000)
  to   space 50688K, 0% used [0x00000007b9d00000,0x00000007b9d00000,0x00000007bce80000)
 ParOldGen       total 195584K, used 83493K [0x0000000740000000, 0x000000074bf00000, 0x0000000795580000)
  object space 195584K, 42% used [0x0000000740000000,0x0000000745189680,0x000000074bf00000)
 Metaspace       used 97596K, capacity 105723K, committed 105984K, reserved 1140736K
  class space    used 12252K, capacity 13728K, committed 13824K, reserved 1048576K
GC Heap History (10 events):
Event: 14380.963 GC heap before
{Heap before GC invocations=84 (full 7):
 PSYoungGen      total 629248K, used 598367K [0x0000000795580000, 0x00000007beb80000, 0x00000007c0000000)
  eden space 588800K, 98% used [0x0000000795580000,0x00000007b8966fe0,0x00000007b9480000)
  from space 40448K, 51% used [0x00000007bc400000,0x00000007bd870d00,0x00000007beb80000)
  to   space 44544K, 0% used [0x00000007b9480000,0x00000007b9480000,0x00000007bc000000)
 ParOldGen       total 195584K, used 83388K [0x0000000740000000, 0x000000074bf00000, 0x0000000795580000)
  object space 195584K, 42% used [0x0000000740000000,0x000000074516f3c8,0x000000074bf00000)
 Metaspace       used 96774K, capacity 104749K, committed 105088K, reserved 1140736K
  class space    used 12140K, capacity 13597K, committed 13696K, reserved 1048576K
Event: 14381.091 GC heap after
Heap after GC invocations=84 (full 7):
 PSYoungGen      total 633344K, used 6698K [0x0000000795580000, 0x00000007beb80000, 0x00000007c0000000)
  eden space 588800K, 0% used [0x0000000795580000,0x0000000795580000,0x00000007b9480000)
  from space 44544K, 15% used [0x00000007b9480000,0x00000007b9b0aa90,0x00000007bc000000)
  to   space 44544K, 0% used [0x00000007bc000000,0x00000007bc000000,0x00000007beb80000)
 ParOldGen       total 195584K, used 83396K [0x0000000740000000, 0x000000074bf00000, 0x0000000795580000)
  object space 195584K, 42% used [0x0000000740000000,0x00000007451713c8,0x000000074bf00000)
 Metaspace       used 96774K, capacity 104749K, committed 105088K, reserved 1140736K
  class space    used 12140K, capacity 13597K, committed 13696K, reserved 1048576K
}
Event: 14381.091 GC heap before
{Heap before GC invocations=85 (full 8):
 PSYoungGen      total 633344K, used 6698K [0x0000000795580000, 0x00000007beb80000, 0x00000007c0000000)
  eden space 588800K, 0% used [0x0000000795580000,0x0000000795580000,0x00000007b9480000)
  from space 44544K, 15% used [0x00000007b9480000,0x00000007b9b0aa90,0x00000007bc000000)
  to   space 44544K, 0% used [0x00000007bc000000,0x00000007bc000000,0x00000007beb80000)
 ParOldGen       total 195584K, used 83396K [0x0000000740000000, 0x000000074bf00000, 0x0000000795580000)
  object space 195584K, 42% used [0x0000000740000000,0x00000007451713c8,0x000000074bf00000)
 Metaspace       used 96774K, capacity 104749K, committed 105088K, reserved 1140736K
  class space    used 12140K, capacity 13597K, committed 13696K, reserved 1048576K
Event: 14383.052 GC heap after
Heap after GC invocations=85 (full 8):
 PSYoungGen      total 633344K, used 0K [0x0000000795580000, 0x00000007beb80000, 0x00000007c0000000)
  eden space 588800K, 0% used [0x0000000795580000,0x0000000795580000,0x00000007b9480000)
  from space 44544K, 0% used [0x00000007b9480000,0x00000007b9480000,0x00000007bc000000)
  to   space 44544K, 0% used [0x00000007bc000000,0x00000007bc000000,0x00000007beb80000)
 ParOldGen       total 195584K, used 83469K [0x0000000740000000, 0x000000074bf00000, 0x0000000795580000)
  object space 195584K, 42% used [0x0000000740000000,0x0000000745183680,0x000000074bf00000)
 Metaspace       used 96461K, capacity 104251K, committed 105088K, reserved 1140736K
  class space    used 12098K, capacity 13494K, committed 13696K, reserved 1048576K
}
Event: 15137.302 GC heap before
{Heap before GC invocations=86 (full 8):
 PSYoungGen      total 633344K, used 588800K [0x0000000795580000, 0x00000007beb80000, 0x00000007c0000000)
  eden space 588800K, 100% used [0x0000000795580000,0x00000007b9480000,0x00000007b9480000)
  from space 44544K, 0% used [0x00000007b9480000,0x00000007b9480000,0x00000007bc000000)
  to   space 44544K, 0% used [0x00000007bc000000,0x00000007bc000000,0x00000007beb80000)
 ParOldGen       total 195584K, used 83469K [0x0000000740000000, 0x000000074bf00000, 0x0000000795580000)
  object space 195584K, 42% used [0x0000000740000000,0x0000000745183680,0x000000074bf00000)
 Metaspace       used 96923K, capacity 104967K, committed 105344K, reserved 1140736K
  class space    used 12152K, capacity 13586K, committed 13696K, reserved 1048576K
Event: 15137.555 GC heap after
Heap after GC invocations=86 (full 8):
 PSYoungGen      total 627200K, used 43681K [0x0000000795580000, 0x00000007c0000000, 0x00000007c0000000)
  eden space 582656K, 0% used [0x0000000795580000,0x0000000795580000,0x00000007b8e80000)
  from space 44544K, 98% used [0x00000007bc000000,0x00000007beaa87a8,0x00000007beb80000)
  to   space 50688K, 0% used [0x00000007b8e80000,0x00000007b8e80000,0x00000007bc000000)
 ParOldGen       total 195584K, used 83477K [0x0000000740000000, 0x000000074bf00000, 0x0000000795580000)
  object space 195584K, 42% used [0x0000000740000000,0x0000000745185680,0x000000074bf00000)
 Metaspace       used 96923K, capacity 104967K, committed 105344K, reserved 1140736K
  class space    used 12152K, capacity 13586K, committed 13696K, reserved 1048576K
}
Event: 15656.182 GC heap before
{Heap before GC invocations=87 (full 8):
 PSYoungGen      total 627200K, used 626337K [0x0000000795580000, 0x00000007c0000000, 0x00000007c0000000)
  eden space 582656K, 100% used [0x0000000795580000,0x00000007b8e80000,0x00000007b8e80000)
  from space 44544K, 98% used [0x00000007bc000000,0x00000007beaa87a8,0x00000007beb80000)
  to   space 50688K, 0% used [0x00000007b8e80000,0x00000007b8e80000,0x00000007bc000000)
 ParOldGen       total 195584K, used 83477K [0x0000000740000000, 0x000000074bf00000, 0x0000000795580000)
  object space 195584K, 42% used [0x0000000740000000,0x0000000745185680,0x000000074bf00000)
 Metaspace       used 97388K, capacity 105437K, committed 105600K, reserved 1140736K
  class space    used 12233K, capacity 13675K, committed 13696K, reserved 1048576K
Event: 15656.302 GC heap after
Heap after GC invocations=87 (full 8):
 PSYoungGen      total 633344K, used 14416K [0x0000000795580000, 0x00000007c0000000, 0x00000007c0000000)
  eden space 582656K, 0% used [0x0000000795580000,0x0000000795580000,0x00000007b8e80000)
  from space 50688K, 28% used [0x00000007b8e80000,0x00000007b9c940b8,0x00000007bc000000)
  to   space 49152K, 0% used [0x00000007bd000000,0x00000007bd000000,0x00000007c0000000)
 ParOldGen       total 195584K, used 83485K [0x0000000740000000, 0x000000074bf00000, 0x0000000795580000)
  object space 195584K, 42% used [0x0000000740000000,0x0000000745187680,0x000000074bf00000)
 Metaspace       used 97388K, capacity 105437K, committed 105600K, reserved 1140736K
  class space    used 12233K, capacity 13675K, committed 13696K, reserved 1048576K
}
Event: 16945.211 GC heap before
{Heap before GC invocations=88 (full 8):
 PSYoungGen      total 633344K, used 597072K [0x0000000795580000, 0x00000007c0000000, 0x00000007c0000000)
  eden space 582656K, 100% used [0x0000000795580000,0x00000007b8e80000,0x00000007b8e80000)
  from space 50688K, 28% used [0x00000007b8e80000,0x00000007b9c940b8,0x00000007bc000000)
  to   space 49152K, 0% used [0x00000007bd000000,0x00000007bd000000,0x00000007c0000000)
 ParOldGen       total 195584K, used 83485K [0x0000000740000000, 0x000000074bf00000, 0x0000000795580000)
  object space 195584K, 42% used [0x0000000740000000,0x0000000745187680,0x000000074bf00000)
 Metaspace       used 97537K, capacity 105627K, committed 105984K, reserved 1140736K
  class space    used 12244K, capacity 13696K, committed 13824K, reserved 1048576K
Event: 16945.361 GC heap after
Heap after GC invocations=88 (full 8):
 PSYoungGen      total 646656K, used 31906K [0x0000000795580000, 0x00000007c0000000, 0x00000007c0000000)
  eden space 597504K, 0% used [0x0000000795580000,0x0000000795580000,0x00000007b9d00000)
  from space 49152K, 64% used [0x00000007bd000000,0x00000007bef28970,0x00000007c0000000)
  to   space 50688K, 0% used [0x00000007b9d00000,0x00000007b9d00000,0x00000007bce80000)
 ParOldGen       total 195584K, used 83493K [0x0000000740000000, 0x000000074bf00000, 0x0000000795580000)
  object space 195584K, 42% used [0x0000000740000000,0x0000000745189680,0x000000074bf00000)
 Metaspace       used 97537K, capacity 105627K, committed 105984K, reserved 1140736K
  class space    used 12244K, capacity 13696K, committed 13824K, reserved 1048576K
}

