# JRE version: OpenJDK Runtime Environment (8.0_152-b01) (build 1.8.0_152-release-1024-b01)
# Java VM: OpenJDK 64-Bit Server VM (25.152-b01 mixed mode bsd-amd64 compressed oops)
Heap:
 PSYoungGen      total 197632K, used 66352K [0x0000000795580000, 0x00000007a3180000, 0x00000007c0000000)
  eden space 181760K, 27% used [0x0000000795580000,0x00000007986d2e48,0x00000007a0700000)
  from space 15872K, 99% used [0x00000007a1b00000,0x00000007a2a794f0,0x00000007a2a80000)
  to   space 20480K, 0% used [0x00000007a0700000,0x00000007a0700000,0x00000007a1b00000)
 ParOldGen       total 55296K, used 23068K [0x0000000740000000, 0x0000000743600000, 0x0000000795580000)
  object space 55296K, 41% used [0x0000000740000000,0x0000000741687200,0x0000000743600000)
 Metaspace       used 54942K, capacity 56578K, committed 56832K, reserved 1097728K
  class space    used 7492K, capacity 7870K, committed 7936K, reserved 1048576K
GC Heap History (10 events):
Event: 13.940 GC heap before
{Heap before GC invocations=8 (full 1):
 PSYoungGen      total 101888K, used 101878K [0x0000000795580000, 0x000000079e680000, 0x00000007c0000000)
  eden space 94720K, 100% used [0x0000000795580000,0x000000079b200000,0x000000079b200000)
  from space 7168K, 99% used [0x000000079df80000,0x000000079e67d850,0x000000079e680000)
  to   space 10752K, 0% used [0x000000079d180000,0x000000079d180000,0x000000079dc00000)
 ParOldGen       total 44032K, used 10763K [0x0000000740000000, 0x0000000742b00000, 0x0000000795580000)
  object space 44032K, 24% used [0x0000000740000000,0x0000000740a82c40,0x0000000742b00000)
 Metaspace       used 33933K, capacity 34480K, committed 34944K, reserved 1079296K
  class space    used 4713K, capacity 4938K, committed 4992K, reserved 1048576K
Event: 13.963 GC heap after
Heap after GC invocations=8 (full 1):
 PSYoungGen      total 137728K, used 10746K [0x0000000795580000, 0x000000079f280000, 0x00000007c0000000)
  eden space 126976K, 0% used [0x0000000795580000,0x0000000795580000,0x000000079d180000)
  from space 10752K, 99% used [0x000000079d180000,0x000000079dbfeb48,0x000000079dc00000)
  to   space 13824K, 0% used [0x000000079e500000,0x000000079e500000,0x000000079f280000)
 ParOldGen       total 44032K, used 13181K [0x0000000740000000, 0x0000000742b00000, 0x0000000795580000)
  object space 44032K, 29% used [0x0000000740000000,0x0000000740cdf530,0x0000000742b00000)
 Metaspace       used 33933K, capacity 34480K, committed 34944K, reserved 1079296K
  class space    used 4713K, capacity 4938K, committed 4992K, reserved 1048576K
}
Event: 14.154 GC heap before
{Heap before GC invocations=9 (full 1):
 PSYoungGen      total 137728K, used 15063K [0x0000000795580000, 0x000000079f280000, 0x00000007c0000000)
  eden space 126976K, 3% used [0x0000000795580000,0x00000007959b7480,0x000000079d180000)
  from space 10752K, 99% used [0x000000079d180000,0x000000079dbfeb48,0x000000079dc00000)
  to   space 13824K, 0% used [0x000000079e500000,0x000000079e500000,0x000000079f280000)
 ParOldGen       total 44032K, used 13181K [0x0000000740000000, 0x0000000742b00000, 0x0000000795580000)
  object space 44032K, 29% used [0x0000000740000000,0x0000000740cdf530,0x0000000742b00000)
 Metaspace       used 34626K, capacity 35144K, committed 35416K, reserved 1079296K
  class space    used 4776K, capacity 5012K, committed 5120K, reserved 1048576K
Event: 14.170 GC heap after
Heap after GC invocations=9 (full 1):
 PSYoungGen      total 147456K, used 7865K [0x0000000795580000, 0x00000007a3f00000, 0x00000007c0000000)
  eden space 133632K, 0% used [0x0000000795580000,0x0000000795580000,0x000000079d800000)
  from space 13824K, 56% used [0x000000079e500000,0x000000079ecae760,0x000000079f280000)
  to   space 13312K, 0% used [0x000000079d800000,0x000000079d800000,0x000000079e500000)
 ParOldGen       total 44032K, used 13189K [0x0000000740000000, 0x0000000742b00000, 0x0000000795580000)
  object space 44032K, 29% used [0x0000000740000000,0x0000000740ce1530,0x0000000742b00000)
 Metaspace       used 34626K, capacity 35144K, committed 35416K, reserved 1079296K
  class space    used 4776K, capacity 5012K, committed 5120K, reserved 1048576K
}
Event: 14.170 GC heap before
{Heap before GC invocations=10 (full 2):
 PSYoungGen      total 147456K, used 7865K [0x0000000795580000, 0x00000007a3f00000, 0x00000007c0000000)
  eden space 133632K, 0% used [0x0000000795580000,0x0000000795580000,0x000000079d800000)
  from space 13824K, 56% used [0x000000079e500000,0x000000079ecae760,0x000000079f280000)
  to   space 13312K, 0% used [0x000000079d800000,0x000000079d800000,0x000000079e500000)
 ParOldGen       total 44032K, used 13189K [0x0000000740000000, 0x0000000742b00000, 0x0000000795580000)
  object space 44032K, 29% used [0x0000000740000000,0x0000000740ce1530,0x0000000742b00000)
 Metaspace       used 34626K, capacity 35144K, committed 35416K, reserved 1079296K
  class space    used 4776K, capacity 5012K, committed 5120K, reserved 1048576K
Event: 14.252 GC heap after
Heap after GC invocations=10 (full 2):
 PSYoungGen      total 147456K, used 0K [0x0000000795580000, 0x00000007a3f00000, 0x00000007c0000000)
  eden space 133632K, 0% used [0x0000000795580000,0x0000000795580000,0x000000079d800000)
  from space 13824K, 0% used [0x000000079e500000,0x000000079e500000,0x000000079f280000)
  to   space 13312K, 0% used [0x000000079d800000,0x000000079d800000,0x000000079e500000)
 ParOldGen       total 55296K, used 14676K [0x0000000740000000, 0x0000000743600000, 0x0000000795580000)
  object space 55296K, 26% used [0x0000000740000000,0x0000000740e551c8,0x0000000743600000)
 Metaspace       used 34626K, capacity 35144K, committed 35416K, reserved 1079296K
  class space    used 4776K, capacity 5012K, committed 5120K, reserved 1048576K
}
Event: 17.686 GC heap before
{Heap before GC invocations=11 (full 2):
 PSYoungGen      total 147456K, used 133632K [0x0000000795580000, 0x00000007a3f00000, 0x00000007c0000000)
  eden space 133632K, 100% used [0x0000000795580000,0x000000079d800000,0x000000079d800000)
  from space 13824K, 0% used [0x000000079e500000,0x000000079e500000,0x000000079f280000)
  to   space 13312K, 0% used [0x000000079d800000,0x000000079d800000,0x000000079e500000)
 ParOldGen       total 55296K, used 14676K [0x0000000740000000, 0x0000000743600000, 0x0000000795580000)
  object space 55296K, 26% used [0x0000000740000000,0x0000000740e551c8,0x0000000743600000)
 Metaspace       used 40706K, capacity 41560K, committed 41984K, reserved 1085440K
  class space    used 5526K, capacity 5807K, committed 5888K, reserved 1048576K
Event: 17.713 GC heap after
Heap after GC invocations=11 (full 2):
 PSYoungGen      total 146944K, used 13289K [0x0000000795580000, 0x00000007a2a80000, 0x00000007c0000000)
  eden space 133632K, 0% used [0x0000000795580000,0x0000000795580000,0x000000079d800000)
  from space 13312K, 99% used [0x000000079d800000,0x000000079e4fa5e8,0x000000079e500000)
  to   space 15872K, 0% used [0x00000007a1b00000,0x00000007a1b00000,0x00000007a2a80000)
 ParOldGen       total 55296K, used 15763K [0x0000000740000000, 0x0000000743600000, 0x0000000795580000)
  object space 55296K, 28% used [0x0000000740000000,0x0000000740f64c08,0x0000000743600000)
 Metaspace       used 40706K, capacity 41560K, committed 41984K, reserved 1085440K
  class space    used 5526K, capacity 5807K, committed 5888K, reserved 1048576K
}
Event: 22.335 GC heap before
{Heap before GC invocations=12 (full 2):
 PSYoungGen      total 146944K, used 146921K [0x0000000795580000, 0x00000007a2a80000, 0x00000007c0000000)
  eden space 133632K, 100% used [0x0000000795580000,0x000000079d800000,0x000000079d800000)
  from space 13312K, 99% used [0x000000079d800000,0x000000079e4fa5e8,0x000000079e500000)
  to   space 15872K, 0% used [0x00000007a1b00000,0x00000007a1b00000,0x00000007a2a80000)
 ParOldGen       total 55296K, used 15763K [0x0000000740000000, 0x0000000743600000, 0x0000000795580000)
  object space 55296K, 28% used [0x0000000740000000,0x0000000740f64c08,0x0000000743600000)
 Metaspace       used 52093K, capacity 53706K, committed 53888K, reserved 1095680K
  class space    used 7119K, capacity 7520K, committed 7552K, reserved 1048576K
Event: 22.396 GC heap after
Heap after GC invocations=12 (full 2):
 PSYoungGen      total 197632K, used 15845K [0x0000000795580000, 0x00000007a3180000, 0x00000007c0000000)
  eden space 181760K, 0% used [0x0000000795580000,0x0000000795580000,0x00000007a0700000)
  from space 15872K, 99% used [0x00000007a1b00000,0x00000007a2a794f0,0x00000007a2a80000)
  to   space 20480K, 0% used [0x00000007a0700000,0x00000007a0700000,0x00000007a1b00000)
 ParOldGen       total 55296K, used 23068K [0x0000000740000000, 0x0000000743600000, 0x0000000795580000)
  object space 55296K, 41% used [0x0000000740000000,0x0000000741687200,0x0000000743600000)
 Metaspace       used 52093K, capacity 53706K, committed 53888K, reserved 1095680K
  class space    used 7119K, capacity 7520K, committed 7552K, reserved 1048576K
}

