# JRE version: OpenJDK Runtime Environment (8.0_152-b01) (build 1.8.0_152-release-1024-b01)
# Java VM: OpenJDK 64-Bit Server VM (25.152-b01 mixed mode bsd-amd64 compressed oops)
Heap:
 PSYoungGen      total 497664K, used 497573K [0x0000000795580000, 0x00000007c0000000, 0x00000007c0000000)
  eden space 380416K, 100% used [0x0000000795580000,0x00000007ac900000,0x00000007ac900000)
  from space 117248K, 99% used [0x00000007ac900000,0x00000007b3b69788,0x00000007b3b80000)
  to   space 168960K, 22% used [0x00000007b5b00000,0x00000007b7f9a680,0x00000007c0000000)
 ParOldGen       total 222208K, used 170291K [0x0000000740000000, 0x000000074d900000, 0x0000000795580000)
  object space 222208K, 76% used [0x0000000740000000,0x000000074a64ce48,0x000000074d900000)
 Metaspace       used 135219K, capacity 140243K, committed 145496K, reserved 1177600K
  class space    used 15992K, capacity 17179K, committed 17920K, reserved 1048576K
GC Heap History (10 events):
Event: 2514.384 GC heap after
Heap after GC invocations=39 (full 7):
 PSYoungGen      total 589312K, used 72367K [0x0000000795580000, 0x00000007c0000000, 0x00000007c0000000)
  eden space 488960K, 0% used [0x0000000795580000,0x0000000795580000,0x00000007b3300000)
  from space 100352K, 72% used [0x00000007b9e00000,0x00000007be4abcf8,0x00000007c0000000)
  to   space 104960K, 0% used [0x00000007b3300000,0x00000007b3300000,0x00000007b9980000)
 ParOldGen       total 175616K, used 74373K [0x0000000740000000, 0x000000074ab80000, 0x0000000795580000)
  object space 175616K, 42% used [0x0000000740000000,0x00000007448a1430,0x000000074ab80000)
 Metaspace       used 139948K, capacity 145413K, committed 145496K, reserved 1177600K
  class space    used 16621K, capacity 17920K, committed 17920K, reserved 1048576K
}
Event: 2514.385 GC heap before
{Heap before GC invocations=40 (full 8):
 PSYoungGen      total 589312K, used 72367K [0x0000000795580000, 0x00000007c0000000, 0x00000007c0000000)
  eden space 488960K, 0% used [0x0000000795580000,0x0000000795580000,0x00000007b3300000)
  from space 100352K, 72% used [0x00000007b9e00000,0x00000007be4abcf8,0x00000007c0000000)
  to   space 104960K, 0% used [0x00000007b3300000,0x00000007b3300000,0x00000007b9980000)
 ParOldGen       total 175616K, used 74373K [0x0000000740000000, 0x000000074ab80000, 0x0000000795580000)
  object space 175616K, 42% used [0x0000000740000000,0x00000007448a1430,0x000000074ab80000)
 Metaspace       used 139948K, capacity 145413K, committed 145496K, reserved 1177600K
  class space    used 16621K, capacity 17920K, committed 17920K, reserved 1048576K
Event: 2519.601 GC heap after
Heap after GC invocations=40 (full 8):
 PSYoungGen      total 589312K, used 0K [0x0000000795580000, 0x00000007c0000000, 0x00000007c0000000)
  eden space 488960K, 0% used [0x0000000795580000,0x0000000795580000,0x00000007b3300000)
  from space 100352K, 0% used [0x00000007b9e00000,0x00000007b9e00000,0x00000007c0000000)
  to   space 104960K, 0% used [0x00000007b3300000,0x00000007b3300000,0x00000007b9980000)
 ParOldGen       total 222208K, used 98609K [0x0000000740000000, 0x000000074d900000, 0x0000000795580000)
  object space 222208K, 44% used [0x0000000740000000,0x000000074604c4d0,0x000000074d900000)
 Metaspace       used 125817K, capacity 130329K, committed 145496K, reserved 1177600K
  class space    used 14857K, capacity 15868K, committed 17920K, reserved 1048576K
}
Event: 2530.560 GC heap before
{Heap before GC invocations=41 (full 8):
 PSYoungGen      total 589312K, used 488960K [0x0000000795580000, 0x00000007c0000000, 0x00000007c0000000)
  eden space 488960K, 100% used [0x0000000795580000,0x00000007b3300000,0x00000007b3300000)
  from space 100352K, 0% used [0x00000007b9e00000,0x00000007b9e00000,0x00000007c0000000)
  to   space 104960K, 0% used [0x00000007b3300000,0x00000007b3300000,0x00000007b9980000)
 ParOldGen       total 222208K, used 98609K [0x0000000740000000, 0x000000074d900000, 0x0000000795580000)
  object space 222208K, 44% used [0x0000000740000000,0x000000074604c4d0,0x000000074d900000)
 Metaspace       used 133417K, capacity 138309K, committed 145496K, reserved 1177600K
  class space    used 15846K, capacity 16970K, committed 17920K, reserved 1048576K
Event: 2531.961 GC heap after
Heap after GC invocations=41 (full 8):
 PSYoungGen      total 593920K, used 104951K [0x0000000795580000, 0x00000007c0000000, 0x00000007c0000000)
  eden space 488960K, 0% used [0x0000000795580000,0x0000000795580000,0x00000007b3300000)
  from space 104960K, 99% used [0x00000007b3300000,0x00000007b997dc48,0x00000007b9980000)
  to   space 104960K, 0% used [0x00000007b9980000,0x00000007b9980000,0x00000007c0000000)
 ParOldGen       total 222208K, used 103090K [0x0000000740000000, 0x000000074d900000, 0x0000000795580000)
  object space 222208K, 46% used [0x0000000740000000,0x00000007464acab8,0x000000074d900000)
 Metaspace       used 133417K, capacity 138309K, committed 145496K, reserved 1177600K
  class space    used 15846K, capacity 16970K, committed 17920K, reserved 1048576K
}
Event: 2547.897 GC heap before
{Heap before GC invocations=42 (full 8):
 PSYoungGen      total 593920K, used 593911K [0x0000000795580000, 0x00000007c0000000, 0x00000007c0000000)
  eden space 488960K, 100% used [0x0000000795580000,0x00000007b3300000,0x00000007b3300000)
  from space 104960K, 99% used [0x00000007b3300000,0x00000007b997dc48,0x00000007b9980000)
  to   space 104960K, 0% used [0x00000007b9980000,0x00000007b9980000,0x00000007c0000000)
 ParOldGen       total 222208K, used 103090K [0x0000000740000000, 0x000000074d900000, 0x0000000795580000)
  object space 222208K, 46% used [0x0000000740000000,0x00000007464acab8,0x000000074d900000)
 Metaspace       used 133855K, capacity 138803K, committed 145496K, reserved 1177600K
  class space    used 15876K, capacity 17003K, committed 17920K, reserved 1048576K
Event: 2551.406 GC heap after
Heap after GC invocations=42 (full 8):
 PSYoungGen      total 485376K, used 104956K [0x0000000795580000, 0x00000007c0000000, 0x00000007c0000000)
  eden space 380416K, 0% used [0x0000000795580000,0x0000000795580000,0x00000007ac900000)
  from space 104960K, 99% used [0x00000007b9980000,0x00000007bffff0c0,0x00000007c0000000)
  to   space 159232K, 0% used [0x00000007ac900000,0x00000007ac900000,0x00000007b6480000)
 ParOldGen       total 222208K, used 170283K [0x0000000740000000, 0x000000074d900000, 0x0000000795580000)
  object space 222208K, 76% used [0x0000000740000000,0x000000074a64ae48,0x000000074d900000)
 Metaspace       used 133855K, capacity 138803K, committed 145496K, reserved 1177600K
  class space    used 15876K, capacity 17003K, committed 17920K, reserved 1048576K
}
Event: 2570.226 GC heap before
{Heap before GC invocations=43 (full 8):
 PSYoungGen      total 485376K, used 485372K [0x0000000795580000, 0x00000007c0000000, 0x00000007c0000000)
  eden space 380416K, 100% used [0x0000000795580000,0x00000007ac900000,0x00000007ac900000)
  from space 104960K, 99% used [0x00000007b9980000,0x00000007bffff0c0,0x00000007c0000000)
  to   space 159232K, 0% used [0x00000007ac900000,0x00000007ac900000,0x00000007b6480000)
 ParOldGen       total 222208K, used 170283K [0x0000000740000000, 0x000000074d900000, 0x0000000795580000)
  object space 222208K, 76% used [0x0000000740000000,0x000000074a64ae48,0x000000074d900000)
 Metaspace       used 134150K, capacity 139115K, committed 145496K, reserved 1177600K
  class space    used 15888K, capacity 17035K, committed 17920K, reserved 1048576K
Event: 2571.195 GC heap after
Heap after GC invocations=43 (full 8):
 PSYoungGen      total 497664K, used 117157K [0x0000000795580000, 0x00000007c0000000, 0x00000007c0000000)
  eden space 380416K, 0% used [0x0000000795580000,0x0000000795580000,0x00000007ac900000)
  from space 117248K, 99% used [0x00000007ac900000,0x00000007b3b69788,0x00000007b3b80000)
  to   space 168960K, 0% used [0x00000007b5b00000,0x00000007b5b00000,0x00000007c0000000)
 ParOldGen       total 222208K, used 170291K [0x0000000740000000, 0x000000074d900000, 0x0000000795580000)
  object space 222208K, 76% used [0x0000000740000000,0x000000074a64ce48,0x000000074d900000)
 Metaspace       used 134150K, capacity 139115K, committed 145496K, reserved 1177600K
  class space    used 15888K, capacity 17035K, committed 17920K, reserved 1048576K
}
Event: 4044.087 GC heap before
{Heap before GC invocations=44 (full 8):
 PSYoungGen      total 497664K, used 497573K [0x0000000795580000, 0x00000007c0000000, 0x00000007c0000000)
  eden space 380416K, 100% used [0x0000000795580000,0x00000007ac900000,0x00000007ac900000)
  from space 117248K, 99% used [0x00000007ac900000,0x00000007b3b69788,0x00000007b3b80000)
  to   space 168960K, 0% used [0x00000007b5b00000,0x00000007b5b00000,0x00000007c0000000)
 ParOldGen       total 222208K, used 170291K [0x0000000740000000, 0x000000074d900000, 0x0000000795580000)
  object space 222208K, 76% used [0x0000000740000000,0x000000074a64ce48,0x000000074d900000)
 Metaspace       used 135219K, capacity 140243K, committed 145496K, reserved 1177600K
  class space    used 15992K, capacity 17179K, committed 17920K, reserved 1048576K

