# JRE version: OpenJDK Runtime Environment (8.0_152-b01) (build 1.8.0_152-release-1024-b01)
# Java VM: OpenJDK 64-Bit Server VM (25.152-b01 mixed mode bsd-amd64 compressed oops)
Heap:
 PSYoungGen      total 487936K, used 298342K [0x0000000795580000, 0x00000007be880000, 0x00000007c0000000)
  eden space 306688K, 67% used [0x0000000795580000,0x00000007a1e87d28,0x00000007a8100000)
  from space 181248K, 51% used [0x00000007a8100000,0x00000007adb51b68,0x00000007b3200000)
  to   space 174080K, 0% used [0x00000007b3e80000,0x00000007b3e80000,0x00000007be880000)
 ParOldGen       total 1143808K, used 1022602K [0x0000000740000000, 0x0000000785d00000, 0x0000000795580000)
  object space 1143808K, 89% used [0x0000000740000000,0x000000077e6a29f0,0x0000000785d00000)
 Metaspace       used 82144K, capacity 85406K, committed 85632K, reserved 1124352K
  class space    used 10810K, capacity 11598K, committed 11648K, reserved 1048576K
GC Heap History (10 events):
Event: 362.334 GC heap before
{Heap before GC invocations=100 (full 13):
 PSYoungGen      total 424960K, used 126244K [0x0000000795580000, 0x00000007c0000000, 0x00000007c0000000)
  eden space 298496K, 0% used [0x0000000795580000,0x0000000795580000,0x00000007a7900000)
  from space 126464K, 99% used [0x00000007a7900000,0x00000007af4492d0,0x00000007af480000)
  to   space 202752K, 0% used [0x00000007b3a00000,0x00000007b3a00000,0x00000007c0000000)
 ParOldGen       total 928256K, used 835686K [0x0000000740000000, 0x0000000778a80000, 0x0000000795580000)
  object space 928256K, 90% used [0x0000000740000000,0x0000000773019950,0x0000000778a80000)
 Metaspace       used 82143K, capacity 85406K, committed 85632K, reserved 1124352K
  class space    used 10810K, capacity 11598K, committed 11648K, reserved 1048576K
Event: 373.036 GC heap after
Heap after GC invocations=100 (full 13):
 PSYoungGen      total 424960K, used 20654K [0x0000000795580000, 0x00000007c0000000, 0x00000007c0000000)
  eden space 298496K, 0% used [0x0000000795580000,0x0000000795580000,0x00000007a7900000)
  from space 126464K, 16% used [0x00000007a7900000,0x00000007a8d2b928,0x00000007af480000)
  to   space 202752K, 0% used [0x00000007b3a00000,0x00000007b3a00000,0x00000007c0000000)
 ParOldGen       total 1143808K, used 927954K [0x0000000740000000, 0x0000000785d00000, 0x0000000795580000)
  object space 1143808K, 81% used [0x0000000740000000,0x0000000778a34b30,0x0000000785d00000)
 Metaspace       used 82143K, capacity 85406K, committed 85632K, reserved 1124352K
  class space    used 10810K, capacity 11598K, committed 11648K, reserved 1048576K
}
Event: 374.885 GC heap before
{Heap before GC invocations=101 (full 13):
 PSYoungGen      total 424960K, used 319150K [0x0000000795580000, 0x00000007c0000000, 0x00000007c0000000)
  eden space 298496K, 100% used [0x0000000795580000,0x00000007a7900000,0x00000007a7900000)
  from space 126464K, 16% used [0x00000007a7900000,0x00000007a8d2b928,0x00000007af480000)
  to   space 202752K, 0% used [0x00000007b3a00000,0x00000007b3a00000,0x00000007c0000000)
 ParOldGen       total 1143808K, used 927954K [0x0000000740000000, 0x0000000785d00000, 0x0000000795580000)
  object space 1143808K, 81% used [0x0000000740000000,0x0000000778a34b30,0x0000000785d00000)
 Metaspace       used 82144K, capacity 85406K, committed 85632K, reserved 1124352K
  class space    used 10810K, capacity 11598K, committed 11648K, reserved 1048576K
Event: 378.039 GC heap after
Heap after GC invocations=101 (full 13):
 PSYoungGen      total 499712K, used 49698K [0x0000000795580000, 0x00000007c0000000, 0x00000007c0000000)
  eden space 296960K, 0% used [0x0000000795580000,0x0000000795580000,0x00000007a7780000)
  from space 202752K, 24% used [0x00000007b3a00000,0x00000007b6a88a50,0x00000007c0000000)
  to   space 199168K, 0% used [0x00000007a7780000,0x00000007a7780000,0x00000007b3a00000)
 ParOldGen       total 1143808K, used 939728K [0x0000000740000000, 0x0000000785d00000, 0x0000000795580000)
  object space 1143808K, 82% used [0x0000000740000000,0x00000007795b42a0,0x0000000785d00000)
 Metaspace       used 82144K, capacity 85406K, committed 85632K, reserved 1124352K
  class space    used 10810K, capacity 11598K, committed 11648K, reserved 1048576K
}
Event: 379.631 GC heap before
{Heap before GC invocations=102 (full 13):
 PSYoungGen      total 499712K, used 346658K [0x0000000795580000, 0x00000007c0000000, 0x00000007c0000000)
  eden space 296960K, 100% used [0x0000000795580000,0x00000007a7780000,0x00000007a7780000)
  from space 202752K, 24% used [0x00000007b3a00000,0x00000007b6a88a50,0x00000007c0000000)
  to   space 199168K, 0% used [0x00000007a7780000,0x00000007a7780000,0x00000007b3a00000)
 ParOldGen       total 1143808K, used 939728K [0x0000000740000000, 0x0000000785d00000, 0x0000000795580000)
  object space 1143808K, 82% used [0x0000000740000000,0x00000007795b42a0,0x0000000785d00000)
 Metaspace       used 82144K, capacity 85406K, committed 85632K, reserved 1124352K
  class space    used 10810K, capacity 11598K, committed 11648K, reserved 1048576K
Event: 380.522 GC heap after
Heap after GC invocations=102 (full 13):
 PSYoungGen      total 370688K, used 73591K [0x0000000795580000, 0x00000007bec80000, 0x00000007c0000000)
  eden space 296960K, 0% used [0x0000000795580000,0x0000000795580000,0x00000007a7780000)
  from space 73728K, 99% used [0x00000007a7780000,0x00000007abf5dc20,0x00000007abf80000)
  to   space 190976K, 0% used [0x00000007b3200000,0x00000007b3200000,0x00000007bec80000)
 ParOldGen       total 1143808K, used 948823K [0x0000000740000000, 0x0000000785d00000, 0x0000000795580000)
  object space 1143808K, 82% used [0x0000000740000000,0x0000000779e95f20,0x0000000785d00000)
 Metaspace       used 82144K, capacity 85406K, committed 85632K, reserved 1124352K
  class space    used 10810K, capacity 11598K, committed 11648K, reserved 1048576K
}
Event: 381.926 GC heap before
{Heap before GC invocations=103 (full 13):
 PSYoungGen      total 370688K, used 370551K [0x0000000795580000, 0x00000007bec80000, 0x00000007c0000000)
  eden space 296960K, 100% used [0x0000000795580000,0x00000007a7780000,0x00000007a7780000)
  from space 73728K, 99% used [0x00000007a7780000,0x00000007abf5dc20,0x00000007abf80000)
  to   space 190976K, 0% used [0x00000007b3200000,0x00000007b3200000,0x00000007bec80000)
 ParOldGen       total 1143808K, used 948823K [0x0000000740000000, 0x0000000785d00000, 0x0000000795580000)
  object space 1143808K, 82% used [0x0000000740000000,0x0000000779e95f20,0x0000000785d00000)
 Metaspace       used 82144K, capacity 85406K, committed 85632K, reserved 1124352K
  class space    used 10810K, capacity 11598K, committed 11648K, reserved 1048576K
Event: 383.126 GC heap after
Heap after GC invocations=103 (full 13):
 PSYoungGen      total 497664K, used 83236K [0x0000000795580000, 0x00000007bf800000, 0x00000007c0000000)
  eden space 306688K, 0% used [0x0000000795580000,0x0000000795580000,0x00000007a8100000)
  from space 190976K, 43% used [0x00000007b3200000,0x00000007b83493c8,0x00000007bec80000)
  to   space 181248K, 0% used [0x00000007a8100000,0x00000007a8100000,0x00000007b3200000)
 ParOldGen       total 1143808K, used 983944K [0x0000000740000000, 0x0000000785d00000, 0x0000000795580000)
  object space 1143808K, 86% used [0x0000000740000000,0x000000077c0e23d8,0x0000000785d00000)
 Metaspace       used 82144K, capacity 85406K, committed 85632K, reserved 1124352K
  class space    used 10810K, capacity 11598K, committed 11648K, reserved 1048576K
}
Event: 384.553 GC heap before
{Heap before GC invocations=104 (full 13):
 PSYoungGen      total 497664K, used 389924K [0x0000000795580000, 0x00000007bf800000, 0x00000007c0000000)
  eden space 306688K, 100% used [0x0000000795580000,0x00000007a8100000,0x00000007a8100000)
  from space 190976K, 43% used [0x00000007b3200000,0x00000007b83493c8,0x00000007bec80000)
  to   space 181248K, 0% used [0x00000007a8100000,0x00000007a8100000,0x00000007b3200000)
 ParOldGen       total 1143808K, used 983944K [0x0000000740000000, 0x0000000785d00000, 0x0000000795580000)
  object space 1143808K, 86% used [0x0000000740000000,0x000000077c0e23d8,0x0000000785d00000)
 Metaspace       used 82144K, capacity 85406K, committed 85632K, reserved 1124352K
  class space    used 10810K, capacity 11598K, committed 11648K, reserved 1048576K
Event: 385.876 GC heap after
Heap after GC invocations=104 (full 13):
 PSYoungGen      total 487936K, used 92486K [0x0000000795580000, 0x00000007be880000, 0x00000007c0000000)
  eden space 306688K, 0% used [0x0000000795580000,0x0000000795580000,0x00000007a8100000)
  from space 181248K, 51% used [0x00000007a8100000,0x00000007adb51b68,0x00000007b3200000)
  to   space 174080K, 0% used [0x00000007b3e80000,0x00000007b3e80000,0x00000007be880000)
 ParOldGen       total 1143808K, used 1022602K [0x0000000740000000, 0x0000000785d00000, 0x0000000795580000)
  object space 1143808K, 89% used [0x0000000740000000,0x000000077e6a29f0,0x0000000785d00000)
 Metaspace       used 82144K, capacity 85406K, committed 85632K, reserved 1124352K
  class space    used 10810K, capacity 11598K, committed 11648K, reserved 1048576K
}

