# JRE version: OpenJDK Runtime Environment (8.0_152-b01) (build 1.8.0_152-release-1024-b01)
# Java VM: OpenJDK 64-Bit Server VM (25.152-b01 mixed mode bsd-amd64 compressed oops)
Heap:
 PSYoungGen      total 576000K, used 475139K [0x0000000795580000, 0x00000007bfb00000, 0x00000007c0000000)
  eden space 463360K, 88% used [0x0000000795580000,0x00000007ae6d8ef0,0x00000007b1a00000)
  from space 112640K, 56% used [0x00000007b8d00000,0x00000007bcba7fd0,0x00000007bfb00000)
  to   space 115200K, 0% used [0x00000007b1a00000,0x00000007b1a00000,0x00000007b8a80000)
 ParOldGen       total 306688K, used 224240K [0x0000000740000000, 0x0000000752b80000, 0x0000000795580000)
  object space 306688K, 73% used [0x0000000740000000,0x000000074dafc1c8,0x0000000752b80000)
 Metaspace       used 83736K, capacity 89332K, committed 89472K, reserved 1126400K
  class space    used 10921K, capacity 12035K, committed 12160K, reserved 1048576K
GC Heap History (10 events):
Event: 79.370 GC heap before
{Heap before GC invocations=33 (full 5):
 PSYoungGen      total 575488K, used 517191K [0x0000000795580000, 0x00000007c0000000, 0x00000007c0000000)
  eden space 452096K, 99% used [0x0000000795580000,0x00000007b0dd9508,0x00000007b0f00000)
  from space 123392K, 53% used [0x00000007b0f00000,0x00000007b4fb8888,0x00000007b8780000)
  to   space 123392K, 0% used [0x00000007b8780000,0x00000007b8780000,0x00000007c0000000)
 ParOldGen       total 306688K, used 224200K [0x0000000740000000, 0x0000000752b80000, 0x0000000795580000)
  object space 306688K, 73% used [0x0000000740000000,0x000000074daf21c8,0x0000000752b80000)
 Metaspace       used 72776K, capacity 75915K, committed 76032K, reserved 1114112K
  class space    used 9680K, capacity 10460K, committed 10496K, reserved 1048576K
Event: 79.493 GC heap after
Heap after GC invocations=33 (full 5):
 PSYoungGen      total 564224K, used 83007K [0x0000000795580000, 0x00000007c0000000, 0x00000007c0000000)
  eden space 440832K, 0% used [0x0000000795580000,0x0000000795580000,0x00000007b0400000)
  from space 123392K, 67% used [0x00000007b8780000,0x00000007bd88ffa0,0x00000007c0000000)
  to   space 129024K, 0% used [0x00000007b0400000,0x00000007b0400000,0x00000007b8200000)
 ParOldGen       total 306688K, used 224208K [0x0000000740000000, 0x0000000752b80000, 0x0000000795580000)
  object space 306688K, 73% used [0x0000000740000000,0x000000074daf41c8,0x0000000752b80000)
 Metaspace       used 72776K, capacity 75915K, committed 76032K, reserved 1114112K
  class space    used 9680K, capacity 10460K, committed 10496K, reserved 1048576K
}
Event: 81.184 GC heap before
{Heap before GC invocations=34 (full 5):
 PSYoungGen      total 564224K, used 523244K [0x0000000795580000, 0x00000007c0000000, 0x00000007c0000000)
  eden space 440832K, 99% used [0x0000000795580000,0x00000007b036b320,0x00000007b0400000)
  from space 123392K, 67% used [0x00000007b8780000,0x00000007bd88ffa0,0x00000007c0000000)
  to   space 129024K, 0% used [0x00000007b0400000,0x00000007b0400000,0x00000007b8200000)
 ParOldGen       total 306688K, used 224208K [0x0000000740000000, 0x0000000752b80000, 0x0000000795580000)
  object space 306688K, 73% used [0x0000000740000000,0x000000074daf41c8,0x0000000752b80000)
 Metaspace       used 73299K, capacity 76551K, committed 76672K, reserved 1116160K
  class space    used 9739K, capacity 10524K, committed 10624K, reserved 1048576K
Event: 81.230 GC heap after
Heap after GC invocations=34 (full 5):
 PSYoungGen      total 569856K, used 61738K [0x0000000795580000, 0x00000007bfd80000, 0x00000007c0000000)
  eden space 440832K, 0% used [0x0000000795580000,0x0000000795580000,0x00000007b0400000)
  from space 129024K, 47% used [0x00000007b0400000,0x00000007b404a920,0x00000007b8200000)
  to   space 124928K, 0% used [0x00000007b8380000,0x00000007b8380000,0x00000007bfd80000)
 ParOldGen       total 306688K, used 224216K [0x0000000740000000, 0x0000000752b80000, 0x0000000795580000)
  object space 306688K, 73% used [0x0000000740000000,0x000000074daf61c8,0x0000000752b80000)
 Metaspace       used 73299K, capacity 76551K, committed 76672K, reserved 1116160K
  class space    used 9739K, capacity 10524K, committed 10624K, reserved 1048576K
}
Event: 82.788 GC heap before
{Heap before GC invocations=35 (full 5):
 PSYoungGen      total 569856K, used 502570K [0x0000000795580000, 0x00000007bfd80000, 0x00000007c0000000)
  eden space 440832K, 100% used [0x0000000795580000,0x00000007b0400000,0x00000007b0400000)
  from space 129024K, 47% used [0x00000007b0400000,0x00000007b404a920,0x00000007b8200000)
  to   space 124928K, 0% used [0x00000007b8380000,0x00000007b8380000,0x00000007bfd80000)
 ParOldGen       total 306688K, used 224216K [0x0000000740000000, 0x0000000752b80000, 0x0000000795580000)
  object space 306688K, 73% used [0x0000000740000000,0x000000074daf61c8,0x0000000752b80000)
 Metaspace       used 76343K, capacity 79973K, committed 80128K, reserved 1118208K
  class space    used 10141K, capacity 10977K, committed 11008K, reserved 1048576K
Event: 82.862 GC heap after
Heap after GC invocations=35 (full 5):
 PSYoungGen      total 553984K, used 52022K [0x0000000795580000, 0x00000007bee00000, 0x00000007c0000000)
  eden space 444928K, 0% used [0x0000000795580000,0x0000000795580000,0x00000007b0800000)
  from space 109056K, 47% used [0x00000007b8380000,0x00000007bb64d8d8,0x00000007bee00000)
  to   space 117760K, 0% used [0x00000007b0800000,0x00000007b0800000,0x00000007b7b00000)
 ParOldGen       total 306688K, used 224224K [0x0000000740000000, 0x0000000752b80000, 0x0000000795580000)
  object space 306688K, 73% used [0x0000000740000000,0x000000074daf81c8,0x0000000752b80000)
 Metaspace       used 76343K, capacity 79973K, committed 80128K, reserved 1118208K
  class space    used 10141K, capacity 10977K, committed 11008K, reserved 1048576K
}
Event: 818.837 GC heap before
{Heap before GC invocations=36 (full 5):
 PSYoungGen      total 553984K, used 496950K [0x0000000795580000, 0x00000007bee00000, 0x00000007c0000000)
  eden space 444928K, 100% used [0x0000000795580000,0x00000007b0800000,0x00000007b0800000)
  from space 109056K, 47% used [0x00000007b8380000,0x00000007bb64d8d8,0x00000007bee00000)
  to   space 117760K, 0% used [0x00000007b0800000,0x00000007b0800000,0x00000007b7b00000)
 ParOldGen       total 306688K, used 224224K [0x0000000740000000, 0x0000000752b80000, 0x0000000795580000)
  object space 306688K, 73% used [0x0000000740000000,0x000000074daf81c8,0x0000000752b80000)
 Metaspace       used 81287K, capacity 85800K, committed 86016K, reserved 1124352K
  class space    used 10683K, capacity 11657K, committed 11776K, reserved 1048576K
Event: 819.174 GC heap after
Heap after GC invocations=36 (full 5):
 PSYoungGen      total 562688K, used 70368K [0x0000000795580000, 0x00000007c0000000, 0x00000007c0000000)
  eden space 444928K, 0% used [0x0000000795580000,0x0000000795580000,0x00000007b0800000)
  from space 117760K, 59% used [0x00000007b0800000,0x00000007b4cb83c8,0x00000007b7b00000)
  to   space 117760K, 0% used [0x00000007b8d00000,0x00000007b8d00000,0x00000007c0000000)
 ParOldGen       total 306688K, used 224232K [0x0000000740000000, 0x0000000752b80000, 0x0000000795580000)
  object space 306688K, 73% used [0x0000000740000000,0x000000074dafa1c8,0x0000000752b80000)
 Metaspace       used 81287K, capacity 85800K, committed 86016K, reserved 1124352K
  class space    used 10683K, capacity 11657K, committed 11776K, reserved 1048576K
}
Event: 2013.767 GC heap before
{Heap before GC invocations=37 (full 5):
 PSYoungGen      total 562688K, used 515296K [0x0000000795580000, 0x00000007c0000000, 0x00000007c0000000)
  eden space 444928K, 100% used [0x0000000795580000,0x00000007b0800000,0x00000007b0800000)
  from space 117760K, 59% used [0x00000007b0800000,0x00000007b4cb83c8,0x00000007b7b00000)
  to   space 117760K, 0% used [0x00000007b8d00000,0x00000007b8d00000,0x00000007c0000000)
 ParOldGen       total 306688K, used 224232K [0x0000000740000000, 0x0000000752b80000, 0x0000000795580000)
  object space 306688K, 73% used [0x0000000740000000,0x000000074dafa1c8,0x0000000752b80000)
 Metaspace       used 83376K, capacity 88792K, committed 88832K, reserved 1126400K
  class space    used 10901K, capacity 11999K, committed 12032K, reserved 1048576K
Event: 2014.305 GC heap after
Heap after GC invocations=37 (full 5):
 PSYoungGen      total 576000K, used 64159K [0x0000000795580000, 0x00000007bfb00000, 0x00000007c0000000)
  eden space 463360K, 0% used [0x0000000795580000,0x0000000795580000,0x00000007b1a00000)
  from space 112640K, 56% used [0x00000007b8d00000,0x00000007bcba7fd0,0x00000007bfb00000)
  to   space 115200K, 0% used [0x00000007b1a00000,0x00000007b1a00000,0x00000007b8a80000)
 ParOldGen       total 306688K, used 224240K [0x0000000740000000, 0x0000000752b80000, 0x0000000795580000)
  object space 306688K, 73% used [0x0000000740000000,0x000000074dafc1c8,0x0000000752b80000)
 Metaspace       used 83376K, capacity 88792K, committed 88832K, reserved 1126400K
  class space    used 10901K, capacity 11999K, committed 12032K, reserved 1048576K
}

