# JRE version: OpenJDK Runtime Environment (8.0_152-b01) (build 1.8.0_152-release-1024-b01)
# Java VM: OpenJDK 64-Bit Server VM (25.152-b01 mixed mode bsd-amd64 compressed oops)
Heap:
 PSYoungGen      total 218624K, used 6997K [0x0000000795580000, 0x00000007a6580000, 0x00000007c0000000)
  eden space 201216K, 0% used [0x0000000795580000,0x0000000795580000,0x00000007a1a00000)
  from space 17408K, 40% used [0x00000007a1a00000,0x00000007a20d5548,0x00000007a2b00000)
  to   space 16896K, 0% used [0x00000007a5500000,0x00000007a5500000,0x00000007a6580000)
 ParOldGen       total 101376K, used 90030K [0x0000000740000000, 0x0000000746300000, 0x0000000795580000)
  object space 101376K, 88% used [0x0000000740000000,0x00000007457ebb20,0x0000000746300000)
 Metaspace       used 69916K, capacity 73250K, committed 73600K, reserved 1112064K
  class space    used 9479K, capacity 10273K, committed 10368K, reserved 1048576K
GC Heap History (10 events):
Event: 50.181 GC heap after
Heap after GC invocations=36 (full 3):
 PSYoungGen      total 150016K, used 128K [0x0000000795580000, 0x00000007a1800000, 0x00000007c0000000)
  eden space 133120K, 0% used [0x0000000795580000,0x0000000795580000,0x000000079d780000)
  from space 16896K, 0% used [0x000000079d780000,0x000000079d7a0000,0x000000079e800000)
  to   space 17408K, 0% used [0x00000007a0700000,0x00000007a0700000,0x00000007a1800000)
 ParOldGen       total 101376K, used 82454K [0x0000000740000000, 0x0000000746300000, 0x0000000795580000)
  object space 101376K, 81% used [0x0000000740000000,0x00000007450858b0,0x0000000746300000)
 Metaspace       used 68214K, capacity 71262K, committed 71296K, reserved 1110016K
  class space    used 9331K, capacity 10091K, committed 10112K, reserved 1048576K
}
Event: 50.193 GC heap before
{Heap before GC invocations=37 (full 3):
 PSYoungGen      total 150016K, used 132930K [0x0000000795580000, 0x00000007a1800000, 0x00000007c0000000)
  eden space 133120K, 99% used [0x0000000795580000,0x000000079d730a78,0x000000079d780000)
  from space 16896K, 0% used [0x000000079d780000,0x000000079d7a0000,0x000000079e800000)
  to   space 17408K, 0% used [0x00000007a0700000,0x00000007a0700000,0x00000007a1800000)
 ParOldGen       total 101376K, used 82454K [0x0000000740000000, 0x0000000746300000, 0x0000000795580000)
  object space 101376K, 81% used [0x0000000740000000,0x00000007450858b0,0x0000000746300000)
 Metaspace       used 68216K, capacity 71262K, committed 71296K, reserved 1110016K
  class space    used 9331K, capacity 10091K, committed 10112K, reserved 1048576K
Event: 50.196 GC heap after
Heap after GC invocations=37 (full 3):
 PSYoungGen      total 181760K, used 128K [0x0000000795580000, 0x00000007a1800000, 0x00000007c0000000)
  eden space 164352K, 0% used [0x0000000795580000,0x0000000795580000,0x000000079f600000)
  from space 17408K, 0% used [0x00000007a0700000,0x00000007a0720000,0x00000007a1800000)
  to   space 17408K, 0% used [0x000000079f600000,0x000000079f600000,0x00000007a0700000)
 ParOldGen       total 101376K, used 82486K [0x0000000740000000, 0x0000000746300000, 0x0000000795580000)
  object space 101376K, 81% used [0x0000000740000000,0x000000074508d8b0,0x0000000746300000)
 Metaspace       used 68216K, capacity 71262K, committed 71296K, reserved 1110016K
  class space    used 9331K, capacity 10091K, committed 10112K, reserved 1048576K
}
Event: 50.310 GC heap before
{Heap before GC invocations=38 (full 3):
 PSYoungGen      total 181760K, used 164480K [0x0000000795580000, 0x00000007a1800000, 0x00000007c0000000)
  eden space 164352K, 100% used [0x0000000795580000,0x000000079f600000,0x000000079f600000)
  from space 17408K, 0% used [0x00000007a0700000,0x00000007a0720000,0x00000007a1800000)
  to   space 17408K, 0% used [0x000000079f600000,0x000000079f600000,0x00000007a0700000)
 ParOldGen       total 101376K, used 82486K [0x0000000740000000, 0x0000000746300000, 0x0000000795580000)
  object space 101376K, 81% used [0x0000000740000000,0x000000074508d8b0,0x0000000746300000)
 Metaspace       used 68329K, capacity 71434K, committed 71552K, reserved 1110016K
  class space    used 9349K, capacity 10101K, committed 10112K, reserved 1048576K
Event: 50.314 GC heap after
Heap after GC invocations=38 (full 3):
 PSYoungGen      total 181760K, used 291K [0x0000000795580000, 0x00000007a3d00000, 0x00000007c0000000)
  eden space 164352K, 0% used [0x0000000795580000,0x0000000795580000,0x000000079f600000)
  from space 17408K, 1% used [0x000000079f600000,0x000000079f648cd0,0x00000007a0700000)
  to   space 17408K, 0% used [0x00000007a2c00000,0x00000007a2c00000,0x00000007a3d00000)
 ParOldGen       total 101376K, used 82510K [0x0000000740000000, 0x0000000746300000, 0x0000000795580000)
  object space 101376K, 81% used [0x0000000740000000,0x00000007450938b0,0x0000000746300000)
 Metaspace       used 68329K, capacity 71434K, committed 71552K, reserved 1110016K
  class space    used 9349K, capacity 10101K, committed 10112K, reserved 1048576K
}
Event: 61.679 GC heap before
{Heap before GC invocations=39 (full 3):
 PSYoungGen      total 181760K, used 164643K [0x0000000795580000, 0x00000007a3d00000, 0x00000007c0000000)
  eden space 164352K, 100% used [0x0000000795580000,0x000000079f600000,0x000000079f600000)
  from space 17408K, 1% used [0x000000079f600000,0x000000079f648cd0,0x00000007a0700000)
  to   space 17408K, 0% used [0x00000007a2c00000,0x00000007a2c00000,0x00000007a3d00000)
 ParOldGen       total 101376K, used 82510K [0x0000000740000000, 0x0000000746300000, 0x0000000795580000)
  object space 101376K, 81% used [0x0000000740000000,0x00000007450938b0,0x0000000746300000)
 Metaspace       used 68756K, capacity 72004K, committed 72192K, reserved 1112064K
  class space    used 9398K, capacity 10188K, committed 10240K, reserved 1048576K
Event: 61.710 GC heap after
Heap after GC invocations=39 (full 3):
 PSYoungGen      total 217600K, used 9360K [0x0000000795580000, 0x00000007a3c00000, 0x00000007c0000000)
  eden space 201216K, 0% used [0x0000000795580000,0x0000000795580000,0x00000007a1a00000)
  from space 16384K, 57% used [0x00000007a2c00000,0x00000007a3524060,0x00000007a3c00000)
  to   space 17408K, 0% used [0x00000007a1a00000,0x00000007a1a00000,0x00000007a2b00000)
 ParOldGen       total 101376K, used 82662K [0x0000000740000000, 0x0000000746300000, 0x0000000795580000)
  object space 101376K, 81% used [0x0000000740000000,0x00000007450b9a30,0x0000000746300000)
 Metaspace       used 68756K, capacity 72004K, committed 72192K, reserved 1112064K
  class space    used 9398K, capacity 10188K, committed 10240K, reserved 1048576K
}
Event: 69.827 GC heap before
{Heap before GC invocations=40 (full 3):
 PSYoungGen      total 217600K, used 210576K [0x0000000795580000, 0x00000007a3c00000, 0x00000007c0000000)
  eden space 201216K, 100% used [0x0000000795580000,0x00000007a1a00000,0x00000007a1a00000)
  from space 16384K, 57% used [0x00000007a2c00000,0x00000007a3524060,0x00000007a3c00000)
  to   space 17408K, 0% used [0x00000007a1a00000,0x00000007a1a00000,0x00000007a2b00000)
 ParOldGen       total 101376K, used 82662K [0x0000000740000000, 0x0000000746300000, 0x0000000795580000)
  object space 101376K, 81% used [0x0000000740000000,0x00000007450b9a30,0x0000000746300000)
 Metaspace       used 69916K, capacity 73250K, committed 73600K, reserved 1112064K
  class space    used 9479K, capacity 10273K, committed 10368K, reserved 1048576K
Event: 69.845 GC heap after
Heap after GC invocations=40 (full 3):
 PSYoungGen      total 218624K, used 6997K [0x0000000795580000, 0x00000007a6580000, 0x00000007c0000000)
  eden space 201216K, 0% used [0x0000000795580000,0x0000000795580000,0x00000007a1a00000)
  from space 17408K, 40% used [0x00000007a1a00000,0x00000007a20d5548,0x00000007a2b00000)
  to   space 16896K, 0% used [0x00000007a5500000,0x00000007a5500000,0x00000007a6580000)
 ParOldGen       total 101376K, used 90030K [0x0000000740000000, 0x0000000746300000, 0x0000000795580000)
  object space 101376K, 88% used [0x0000000740000000,0x00000007457ebb20,0x0000000746300000)
 Metaspace       used 69916K, capacity 73250K, committed 73600K, reserved 1112064K
  class space    used 9479K, capacity 10273K, committed 10368K, reserved 1048576K
}
Event: 69.845 GC heap before
{Heap before GC invocations=41 (full 4):
 PSYoungGen      total 218624K, used 6997K [0x0000000795580000, 0x00000007a6580000, 0x00000007c0000000)
  eden space 201216K, 0% used [0x0000000795580000,0x0000000795580000,0x00000007a1a00000)
  from space 17408K, 40% used [0x00000007a1a00000,0x00000007a20d5548,0x00000007a2b00000)
  to   space 16896K, 0% used [0x00000007a5500000,0x00000007a5500000,0x00000007a6580000)
 ParOldGen       total 101376K, used 90030K [0x0000000740000000, 0x0000000746300000, 0x0000000795580000)
  object space 101376K, 88% used [0x0000000740000000,0x00000007457ebb20,0x0000000746300000)
 Metaspace       used 69916K, capacity 73250K, committed 73600K, reserved 1112064K
  class space    used 9479K, capacity 10273K, committed 10368K, reserved 1048576K

