# JRE version: OpenJDK Runtime Environment (8.0_152-b01) (build 1.8.0_152-release-1024-b01)
# Java VM: OpenJDK 64-Bit Server VM (25.152-b01 mixed mode bsd-amd64 compressed oops)
Heap:
 PSYoungGen      total 417792K, used 390669K [0x0000000795580000, 0x00000007b3d00000, 0x00000007c0000000)
  eden space 342016K, 100% used [0x0000000795580000,0x00000007aa380000,0x00000007aa380000)
  from space 75776K, 64% used [0x00000007aa380000,0x00000007ad303448,0x00000007aed80000)
  to   space 77312K, 99% used [0x00000007af180000,0x00000007b3cfca90,0x00000007b3d00000)
 ParOldGen       total 1398272K, used 93754K [0x0000000740000000, 0x0000000795580000, 0x0000000795580000)
  object space 1398272K, 6% used [0x0000000740000000,0x0000000745b8ea28,0x0000000795580000)
 Metaspace       used 110283K, capacity 116533K, committed 118528K, reserved 1153024K
  class space    used 13748K, capacity 14998K, committed 15360K, reserved 1048576K
GC Heap History (10 events):
Event: 20909.180 GC heap after
Heap after GC invocations=92 (full 11):
 PSYoungGen      total 427008K, used 20387K [0x0000000795580000, 0x00000007b4b80000, 0x00000007c0000000)
  eden space 336896K, 0% used [0x0000000795580000,0x0000000795580000,0x00000007a9e80000)
  from space 90112K, 22% used [0x00000007a9e80000,0x00000007ab268d68,0x00000007af680000)
  to   space 87040K, 0% used [0x00000007af680000,0x00000007af680000,0x00000007b4b80000)
 ParOldGen       total 304640K, used 93650K [0x0000000740000000, 0x0000000752980000, 0x0000000795580000)
  object space 304640K, 30% used [0x0000000740000000,0x0000000745b74a28,0x0000000752980000)
 Metaspace       used 100573K, capacity 105517K, committed 113152K, reserved 1146880K
  class space    used 12593K, capacity 13606K, committed 15104K, reserved 1048576K
}
Event: 20969.814 GC heap before
{Heap before GC invocations=93 (full 11):
 PSYoungGen      total 427008K, used 357283K [0x0000000795580000, 0x00000007b4b80000, 0x00000007c0000000)
  eden space 336896K, 100% used [0x0000000795580000,0x00000007a9e80000,0x00000007a9e80000)
  from space 90112K, 22% used [0x00000007a9e80000,0x00000007ab268d68,0x00000007af680000)
  to   space 87040K, 0% used [0x00000007af680000,0x00000007af680000,0x00000007b4b80000)
 ParOldGen       total 304640K, used 93650K [0x0000000740000000, 0x0000000752980000, 0x0000000795580000)
  object space 304640K, 30% used [0x0000000740000000,0x0000000745b74a28,0x0000000752980000)
 Metaspace       used 101825K, capacity 107171K, committed 113152K, reserved 1146880K
  class space    used 12761K, capacity 13819K, committed 15104K, reserved 1048576K
Event: 20969.909 GC heap after
Heap after GC invocations=93 (full 11):
 PSYoungGen      total 419840K, used 23575K [0x0000000795580000, 0x00000007b4500000, 0x00000007c0000000)
  eden space 339456K, 0% used [0x0000000795580000,0x0000000795580000,0x00000007aa100000)
  from space 80384K, 29% used [0x00000007af680000,0x00000007b0d85fa0,0x00000007b4500000)
  to   space 83968K, 0% used [0x00000007aa100000,0x00000007aa100000,0x00000007af300000)
 ParOldGen       total 304640K, used 93658K [0x0000000740000000, 0x0000000752980000, 0x0000000795580000)
  object space 304640K, 30% used [0x0000000740000000,0x0000000745b76a28,0x0000000752980000)
 Metaspace       used 101825K, capacity 107171K, committed 113152K, reserved 1146880K
  class space    used 12761K, capacity 13819K, committed 15104K, reserved 1048576K
}
Event: 20989.726 GC heap before
{Heap before GC invocations=94 (full 11):
 PSYoungGen      total 419840K, used 363031K [0x0000000795580000, 0x00000007b4500000, 0x00000007c0000000)
  eden space 339456K, 100% used [0x0000000795580000,0x00000007aa100000,0x00000007aa100000)
  from space 80384K, 29% used [0x00000007af680000,0x00000007b0d85fa0,0x00000007b4500000)
  to   space 83968K, 0% used [0x00000007aa100000,0x00000007aa100000,0x00000007af300000)
 ParOldGen       total 304640K, used 93658K [0x0000000740000000, 0x0000000752980000, 0x0000000795580000)
  object space 304640K, 30% used [0x0000000740000000,0x0000000745b76a28,0x0000000752980000)
 Metaspace       used 102358K, capacity 107839K, committed 113152K, reserved 1146880K
  class space    used 12797K, capacity 13871K, committed 15104K, reserved 1048576K
Event: 20989.814 GC heap after
Heap after GC invocations=94 (full 11):
 PSYoungGen      total 365056K, used 25102K [0x0000000795580000, 0x00000007b4080000, 0x00000007c0000000)
  eden space 339456K, 0% used [0x0000000795580000,0x0000000795580000,0x00000007aa100000)
  from space 25600K, 98% used [0x00000007aa100000,0x00000007ab983888,0x00000007aba00000)
  to   space 80384K, 0% used [0x00000007af200000,0x00000007af200000,0x00000007b4080000)
 ParOldGen       total 304640K, used 93658K [0x0000000740000000, 0x0000000752980000, 0x0000000795580000)
  object space 304640K, 30% used [0x0000000740000000,0x0000000745b76a28,0x0000000752980000)
 Metaspace       used 102358K, capacity 107839K, committed 113152K, reserved 1146880K
  class space    used 12797K, capacity 13871K, committed 15104K, reserved 1048576K
}
Event: 21055.556 GC heap before
{Heap before GC invocations=95 (full 11):
 PSYoungGen      total 365056K, used 364558K [0x0000000795580000, 0x00000007b4080000, 0x00000007c0000000)
  eden space 339456K, 100% used [0x0000000795580000,0x00000007aa100000,0x00000007aa100000)
  from space 25600K, 98% used [0x00000007aa100000,0x00000007ab983888,0x00000007aba00000)
  to   space 80384K, 0% used [0x00000007af200000,0x00000007af200000,0x00000007b4080000)
 ParOldGen       total 304640K, used 93658K [0x0000000740000000, 0x0000000752980000, 0x0000000795580000)
  object space 304640K, 30% used [0x0000000740000000,0x0000000745b76a28,0x0000000752980000)
 Metaspace       used 102808K, capacity 108565K, committed 113152K, reserved 1146880K
  class space    used 12856K, capacity 13960K, committed 15104K, reserved 1048576K
Event: 21055.778 GC heap after
Heap after GC invocations=95 (full 11):
 PSYoungGen      total 413184K, used 31363K [0x0000000795580000, 0x00000007b3780000, 0x00000007c0000000)
  eden space 342016K, 0% used [0x0000000795580000,0x0000000795580000,0x00000007aa380000)
  from space 71168K, 44% used [0x00000007af200000,0x00000007b10a0da8,0x00000007b3780000)
  to   space 75776K, 0% used [0x00000007aa380000,0x00000007aa380000,0x00000007aed80000)
 ParOldGen       total 304640K, used 93666K [0x0000000740000000, 0x0000000752980000, 0x0000000795580000)
  object space 304640K, 30% used [0x0000000740000000,0x0000000745b78a28,0x0000000752980000)
 Metaspace       used 102808K, capacity 108565K, committed 113152K, reserved 1146880K
  class space    used 12856K, capacity 13960K, committed 15104K, reserved 1048576K
}
Event: 21083.121 GC heap before
{Heap before GC invocations=96 (full 11):
 PSYoungGen      total 413184K, used 373379K [0x0000000795580000, 0x00000007b3780000, 0x00000007c0000000)
  eden space 342016K, 100% used [0x0000000795580000,0x00000007aa380000,0x00000007aa380000)
  from space 71168K, 44% used [0x00000007af200000,0x00000007b10a0da8,0x00000007b3780000)
  to   space 75776K, 0% used [0x00000007aa380000,0x00000007aa380000,0x00000007aed80000)
 ParOldGen       total 304640K, used 93666K [0x0000000740000000, 0x0000000752980000, 0x0000000795580000)
  object space 304640K, 30% used [0x0000000740000000,0x0000000745b78a28,0x0000000752980000)
 Metaspace       used 110205K, capacity 116311K, committed 118528K, reserved 1153024K
  class space    used 13740K, capacity 14983K, committed 15360K, reserved 1048576K
Event: 21083.379 GC heap after
Heap after GC invocations=96 (full 11):
 PSYoungGen      total 417792K, used 48653K [0x0000000795580000, 0x00000007b3d00000, 0x00000007c0000000)
  eden space 342016K, 0% used [0x0000000795580000,0x0000000795580000,0x00000007aa380000)
  from space 75776K, 64% used [0x00000007aa380000,0x00000007ad303448,0x00000007aed80000)
  to   space 77312K, 0% used [0x00000007af180000,0x00000007af180000,0x00000007b3d00000)
 ParOldGen       total 304640K, used 93674K [0x0000000740000000, 0x0000000752980000, 0x0000000795580000)
  object space 304640K, 30% used [0x0000000740000000,0x0000000745b7aa28,0x0000000752980000)
 Metaspace       used 110205K, capacity 116311K, committed 118528K, reserved 1153024K
  class space    used 13740K, capacity 14983K, committed 15360K, reserved 1048576K
}
Event: 21262.252 GC heap before
{Heap before GC invocations=97 (full 11):
 PSYoungGen      total 417792K, used 390669K [0x0000000795580000, 0x00000007b3d00000, 0x00000007c0000000)
  eden space 342016K, 100% used [0x0000000795580000,0x00000007aa380000,0x00000007aa380000)
  from space 75776K, 64% used [0x00000007aa380000,0x00000007ad303448,0x00000007aed80000)
  to   space 77312K, 0% used [0x00000007af180000,0x00000007af180000,0x00000007b3d00000)
 ParOldGen       total 304640K, used 93674K [0x0000000740000000, 0x0000000752980000, 0x0000000795580000)
  object space 304640K, 30% used [0x0000000740000000,0x0000000745b7aa28,0x0000000752980000)
 Metaspace       used 110283K, capacity 116533K, committed 118528K, reserved 1153024K
  class space    used 13748K, capacity 14998K, committed 15360K, reserved 1048576K

