# JRE version: OpenJDK Runtime Environment (8.0_152-b01) (build 1.8.0_152-release-1024-b01)
# Java VM: OpenJDK 64-Bit Server VM (25.152-b01 mixed mode bsd-amd64 compressed oops)
Heap:
 PSYoungGen      total 465920K, used 243129K [0x0000000795580000, 0x00000007c0000000, 0x00000007c0000000)
  eden space 232960K, 98% used [0x0000000795580000,0x00000007a357e620,0x00000007a3900000)
  from space 232960K, 5% used [0x00000007a3900000,0x00000007a4670050,0x00000007b1c80000)
  to   space 232960K, 4% used [0x00000007b1c80000,0x00000007b26763a0,0x00000007c0000000)
 ParOldGen       total 485376K, used 242690K [0x0000000740000000, 0x000000075da00000, 0x0000000795580000)
  object space 485376K, 50% used [0x0000000740000000,0x000000074ed00aa0,0x000000075da00000)
 Metaspace       used 101683K, capacity 108427K, committed 108544K, reserved 1142784K
  class space    used 13101K, capacity 14553K, committed 14592K, reserved 1048576K
GC Heap History (10 events):
Event: 843.964 GC heap after
Heap after GC invocations=75 (full 13):
 PSYoungGen      total 465920K, used 38834K [0x0000000795580000, 0x00000007c0000000, 0x00000007c0000000)
  eden space 232960K, 0% used [0x0000000795580000,0x0000000795580000,0x00000007a3900000)
  from space 232960K, 16% used [0x00000007b1c80000,0x00000007b426ca00,0x00000007c0000000)
  to   space 232960K, 0% used [0x00000007a3900000,0x00000007a3900000,0x00000007b1c80000)
 ParOldGen       total 1398272K, used 1237118K [0x0000000740000000, 0x0000000795580000, 0x0000000795580000)
  object space 1398272K, 88% used [0x0000000740000000,0x000000078b81f960,0x0000000795580000)
 Metaspace       used 100626K, capacity 107109K, committed 107392K, reserved 1142784K
  class space    used 13021K, capacity 14422K, committed 14464K, reserved 1048576K
}
Event: 846.537 GC heap before
{Heap before GC invocations=76 (full 13):
 PSYoungGen      total 465920K, used 271794K [0x0000000795580000, 0x00000007c0000000, 0x00000007c0000000)
  eden space 232960K, 100% used [0x0000000795580000,0x00000007a3900000,0x00000007a3900000)
  from space 232960K, 16% used [0x00000007b1c80000,0x00000007b426ca00,0x00000007c0000000)
  to   space 232960K, 0% used [0x00000007a3900000,0x00000007a3900000,0x00000007b1c80000)
 ParOldGen       total 1398272K, used 1237118K [0x0000000740000000, 0x0000000795580000, 0x0000000795580000)
  object space 1398272K, 88% used [0x0000000740000000,0x000000078b81f960,0x0000000795580000)
 Metaspace       used 100674K, capacity 107173K, committed 107392K, reserved 1142784K
  class space    used 13021K, capacity 14422K, committed 14464K, reserved 1048576K
Event: 846.763 GC heap after
Heap after GC invocations=76 (full 13):
 PSYoungGen      total 465920K, used 35051K [0x0000000795580000, 0x00000007c0000000, 0x00000007c0000000)
  eden space 232960K, 0% used [0x0000000795580000,0x0000000795580000,0x00000007a3900000)
  from space 232960K, 15% used [0x00000007a3900000,0x00000007a5b3ac38,0x00000007b1c80000)
  to   space 232960K, 0% used [0x00000007b1c80000,0x00000007b1c80000,0x00000007c0000000)
 ParOldGen       total 1398272K, used 1274354K [0x0000000740000000, 0x0000000795580000, 0x0000000795580000)
  object space 1398272K, 91% used [0x0000000740000000,0x000000078dc7ca70,0x0000000795580000)
 Metaspace       used 100674K, capacity 107173K, committed 107392K, reserved 1142784K
  class space    used 13021K, capacity 14422K, committed 14464K, reserved 1048576K
}
Event: 853.263 GC heap before
{Heap before GC invocations=77 (full 13):
 PSYoungGen      total 465920K, used 268011K [0x0000000795580000, 0x00000007c0000000, 0x00000007c0000000)
  eden space 232960K, 100% used [0x0000000795580000,0x00000007a3900000,0x00000007a3900000)
  from space 232960K, 15% used [0x00000007a3900000,0x00000007a5b3ac38,0x00000007b1c80000)
  to   space 232960K, 0% used [0x00000007b1c80000,0x00000007b1c80000,0x00000007c0000000)
 ParOldGen       total 1398272K, used 1274354K [0x0000000740000000, 0x0000000795580000, 0x0000000795580000)
  object space 1398272K, 91% used [0x0000000740000000,0x000000078dc7ca70,0x0000000795580000)
 Metaspace       used 100817K, capacity 107301K, committed 107648K, reserved 1142784K
  class space    used 13030K, capacity 14434K, committed 14464K, reserved 1048576K
Event: 853.550 GC heap after
Heap after GC invocations=77 (full 13):
 PSYoungGen      total 465920K, used 62913K [0x0000000795580000, 0x00000007c0000000, 0x00000007c0000000)
  eden space 232960K, 0% used [0x0000000795580000,0x0000000795580000,0x00000007a3900000)
  from space 232960K, 27% used [0x00000007b1c80000,0x00000007b59f07e8,0x00000007c0000000)
  to   space 232960K, 0% used [0x00000007a3900000,0x00000007a3900000,0x00000007b1c80000)
 ParOldGen       total 1398272K, used 1305294K [0x0000000740000000, 0x0000000795580000, 0x0000000795580000)
  object space 1398272K, 93% used [0x0000000740000000,0x000000078fab3be8,0x0000000795580000)
 Metaspace       used 100817K, capacity 107301K, committed 107648K, reserved 1142784K
  class space    used 13030K, capacity 14434K, committed 14464K, reserved 1048576K
}
Event: 853.550 GC heap before
{Heap before GC invocations=78 (full 14):
 PSYoungGen      total 465920K, used 62913K [0x0000000795580000, 0x00000007c0000000, 0x00000007c0000000)
  eden space 232960K, 0% used [0x0000000795580000,0x0000000795580000,0x00000007a3900000)
  from space 232960K, 27% used [0x00000007b1c80000,0x00000007b59f07e8,0x00000007c0000000)
  to   space 232960K, 0% used [0x00000007a3900000,0x00000007a3900000,0x00000007b1c80000)
 ParOldGen       total 1398272K, used 1305294K [0x0000000740000000, 0x0000000795580000, 0x0000000795580000)
  object space 1398272K, 93% used [0x0000000740000000,0x000000078fab3be8,0x0000000795580000)
 Metaspace       used 100817K, capacity 107301K, committed 107648K, reserved 1142784K
  class space    used 13030K, capacity 14434K, committed 14464K, reserved 1048576K
Event: 855.215 GC heap after
Heap after GC invocations=78 (full 14):
 PSYoungGen      total 465920K, used 0K [0x0000000795580000, 0x00000007c0000000, 0x00000007c0000000)
  eden space 232960K, 0% used [0x0000000795580000,0x0000000795580000,0x00000007a3900000)
  from space 232960K, 0% used [0x00000007b1c80000,0x00000007b1c80000,0x00000007c0000000)
  to   space 232960K, 0% used [0x00000007a3900000,0x00000007a3900000,0x00000007b1c80000)
 ParOldGen       total 485376K, used 229691K [0x0000000740000000, 0x000000075da00000, 0x0000000795580000)
  object space 485376K, 47% used [0x0000000740000000,0x000000074e04ef10,0x000000075da00000)
 Metaspace       used 100746K, capacity 107183K, committed 107648K, reserved 1142784K
  class space    used 13014K, capacity 14405K, committed 14464K, reserved 1048576K
}
Event: 918.113 GC heap before
{Heap before GC invocations=79 (full 14):
 PSYoungGen      total 465920K, used 232960K [0x0000000795580000, 0x00000007c0000000, 0x00000007c0000000)
  eden space 232960K, 100% used [0x0000000795580000,0x00000007a3900000,0x00000007a3900000)
  from space 232960K, 0% used [0x00000007b1c80000,0x00000007b1c80000,0x00000007c0000000)
  to   space 232960K, 0% used [0x00000007a3900000,0x00000007a3900000,0x00000007b1c80000)
 ParOldGen       total 485376K, used 229691K [0x0000000740000000, 0x000000075da00000, 0x0000000795580000)
  object space 485376K, 47% used [0x0000000740000000,0x000000074e04ef10,0x000000075da00000)
 Metaspace       used 101558K, capacity 108233K, committed 108544K, reserved 1142784K
  class space    used 13083K, capacity 14530K, committed 14592K, reserved 1048576K
Event: 918.237 GC heap after
Heap after GC invocations=79 (full 14):
 PSYoungGen      total 465920K, used 13760K [0x0000000795580000, 0x00000007c0000000, 0x00000007c0000000)
  eden space 232960K, 0% used [0x0000000795580000,0x0000000795580000,0x00000007a3900000)
  from space 232960K, 5% used [0x00000007a3900000,0x00000007a4670050,0x00000007b1c80000)
  to   space 232960K, 0% used [0x00000007b1c80000,0x00000007b1c80000,0x00000007c0000000)
 ParOldGen       total 485376K, used 229699K [0x0000000740000000, 0x000000075da00000, 0x0000000795580000)
  object space 485376K, 47% used [0x0000000740000000,0x000000074e050f10,0x000000075da00000)
 Metaspace       used 101558K, capacity 108233K, committed 108544K, reserved 1142784K
  class space    used 13083K, capacity 14530K, committed 14592K, reserved 1048576K
}
Event: 930.127 GC heap before
{Heap before GC invocations=80 (full 14):
 PSYoungGen      total 465920K, used 243129K [0x0000000795580000, 0x00000007c0000000, 0x00000007c0000000)
  eden space 232960K, 98% used [0x0000000795580000,0x00000007a357e620,0x00000007a3900000)
  from space 232960K, 5% used [0x00000007a3900000,0x00000007a4670050,0x00000007b1c80000)
  to   space 232960K, 0% used [0x00000007b1c80000,0x00000007b1c80000,0x00000007c0000000)
 ParOldGen       total 485376K, used 229699K [0x0000000740000000, 0x000000075da00000, 0x0000000795580000)
  object space 485376K, 47% used [0x0000000740000000,0x000000074e050f10,0x000000075da00000)
 Metaspace       used 101683K, capacity 108427K, committed 108544K, reserved 1142784K
  class space    used 13101K, capacity 14553K, committed 14592K, reserved 1048576K

