# JRE version: OpenJDK Runtime Environment (8.0_152-b01) (build 1.8.0_152-release-1024-b01)
# Java VM: OpenJDK 64-Bit Server VM (25.152-b01 mixed mode bsd-amd64 compressed oops)
Heap:
 PSYoungGen      total 524288K, used 79959K [0x0000000795580000, 0x00000007c0000000, 0x00000007c0000000)
  eden space 386560K, 0% used [0x0000000795580000,0x0000000795580000,0x00000007acf00000)
  from space 137728K, 58% used [0x00000007b7980000,0x00000007bc795d00,0x00000007c0000000)
  to   space 156160K, 0% used [0x00000007acf00000,0x00000007acf00000,0x00000007b6780000)
 ParOldGen       total 1047040K, used 965893K [0x0000000740000000, 0x000000077fe80000, 0x0000000795580000)
  object space 1047040K, 92% used [0x0000000740000000,0x000000077af41748,0x000000077fe80000)
 Metaspace       used 93143K, capacity 96569K, committed 102528K, reserved 1138688K
  class space    used 12133K, capacity 12950K, committed 13696K, reserved 1048576K
GC Heap History (10 events):
Event: 222.322 GC heap after
Heap after GC invocations=44 (full 10):
 PSYoungGen      total 563712K, used 1712K [0x0000000795580000, 0x00000007c0000000, 0x00000007c0000000)
  eden space 435712K, 0% used [0x0000000795580000,0x0000000795580000,0x00000007aff00000)
  from space 128000K, 1% used [0x00000007b8300000,0x00000007b84ac1f8,0x00000007c0000000)
  to   space 131584K, 0% used [0x00000007aff00000,0x00000007aff00000,0x00000007b7f80000)
 ParOldGen       total 1047040K, used 824559K [0x0000000740000000, 0x000000077fe80000, 0x0000000795580000)
  object space 1047040K, 78% used [0x0000000740000000,0x000000077253be20,0x000000077fe80000)
 Metaspace       used 93118K, capacity 96569K, committed 102528K, reserved 1138688K
  class space    used 12133K, capacity 12950K, committed 13696K, reserved 1048576K
}
Event: 224.584 GC heap before
{Heap before GC invocations=45 (full 10):
 PSYoungGen      total 563712K, used 437424K [0x0000000795580000, 0x00000007c0000000, 0x00000007c0000000)
  eden space 435712K, 100% used [0x0000000795580000,0x00000007aff00000,0x00000007aff00000)
  from space 128000K, 1% used [0x00000007b8300000,0x00000007b84ac1f8,0x00000007c0000000)
  to   space 131584K, 0% used [0x00000007aff00000,0x00000007aff00000,0x00000007b7f80000)
 ParOldGen       total 1047040K, used 824559K [0x0000000740000000, 0x000000077fe80000, 0x0000000795580000)
  object space 1047040K, 78% used [0x0000000740000000,0x000000077253be20,0x000000077fe80000)
 Metaspace       used 93142K, capacity 96569K, committed 102528K, reserved 1138688K
  class space    used 12133K, capacity 12950K, committed 13696K, reserved 1048576K
Event: 226.817 GC heap after
Heap after GC invocations=45 (full 10):
 PSYoungGen      total 499712K, used 63764K [0x0000000795580000, 0x00000007bf880000, 0x00000007c0000000)
  eden space 435712K, 0% used [0x0000000795580000,0x0000000795580000,0x00000007aff00000)
  from space 64000K, 99% used [0x00000007aff00000,0x00000007b3d45238,0x00000007b3d80000)
  to   space 125952K, 0% used [0x00000007b7d80000,0x00000007b7d80000,0x00000007bf880000)
 ParOldGen       total 1047040K, used 826238K [0x0000000740000000, 0x000000077fe80000, 0x0000000795580000)
  object space 1047040K, 78% used [0x0000000740000000,0x00000007726dfab0,0x000000077fe80000)
 Metaspace       used 93142K, capacity 96569K, committed 102528K, reserved 1138688K
  class space    used 12133K, capacity 12950K, committed 13696K, reserved 1048576K
}
Event: 228.302 GC heap before
{Heap before GC invocations=46 (full 10):
 PSYoungGen      total 499712K, used 499476K [0x0000000795580000, 0x00000007bf880000, 0x00000007c0000000)
  eden space 435712K, 100% used [0x0000000795580000,0x00000007aff00000,0x00000007aff00000)
  from space 64000K, 99% used [0x00000007aff00000,0x00000007b3d45238,0x00000007b3d80000)
  to   space 125952K, 0% used [0x00000007b7d80000,0x00000007b7d80000,0x00000007bf880000)
 ParOldGen       total 1047040K, used 826238K [0x0000000740000000, 0x000000077fe80000, 0x0000000795580000)
  object space 1047040K, 78% used [0x0000000740000000,0x00000007726dfab0,0x000000077fe80000)
 Metaspace       used 93142K, capacity 96569K, committed 102528K, reserved 1138688K
  class space    used 12133K, capacity 12950K, committed 13696K, reserved 1048576K
Event: 228.974 GC heap after
Heap after GC invocations=46 (full 10):
 PSYoungGen      total 549376K, used 115369K [0x0000000795580000, 0x00000007c0000000, 0x00000007c0000000)
  eden space 423424K, 0% used [0x0000000795580000,0x0000000795580000,0x00000007af300000)
  from space 125952K, 91% used [0x00000007b7d80000,0x00000007bee2a5a8,0x00000007bf880000)
  to   space 137728K, 0% used [0x00000007af300000,0x00000007af300000,0x00000007b7980000)
 ParOldGen       total 1047040K, used 826238K [0x0000000740000000, 0x000000077fe80000, 0x0000000795580000)
  object space 1047040K, 78% used [0x0000000740000000,0x00000007726dfab0,0x000000077fe80000)
 Metaspace       used 93142K, capacity 96569K, committed 102528K, reserved 1138688K
  class space    used 12133K, capacity 12950K, committed 13696K, reserved 1048576K
}
Event: 230.325 GC heap before
{Heap before GC invocations=47 (full 10):
 PSYoungGen      total 549376K, used 538793K [0x0000000795580000, 0x00000007c0000000, 0x00000007c0000000)
  eden space 423424K, 100% used [0x0000000795580000,0x00000007af300000,0x00000007af300000)
  from space 125952K, 91% used [0x00000007b7d80000,0x00000007bee2a5a8,0x00000007bf880000)
  to   space 137728K, 0% used [0x00000007af300000,0x00000007af300000,0x00000007b7980000)
 ParOldGen       total 1047040K, used 826238K [0x0000000740000000, 0x000000077fe80000, 0x0000000795580000)
  object space 1047040K, 78% used [0x0000000740000000,0x00000007726dfab0,0x000000077fe80000)
 Metaspace       used 93142K, capacity 96569K, committed 102528K, reserved 1138688K
  class space    used 12133K, capacity 12950K, committed 13696K, reserved 1048576K
Event: 230.897 GC heap after
Heap after GC invocations=47 (full 10):
 PSYoungGen      total 561152K, used 137699K [0x0000000795580000, 0x00000007c0000000, 0x00000007c0000000)
  eden space 423424K, 0% used [0x0000000795580000,0x0000000795580000,0x00000007af300000)
  from space 137728K, 99% used [0x00000007af300000,0x00000007b7978ee0,0x00000007b7980000)
  to   space 137728K, 0% used [0x00000007b7980000,0x00000007b7980000,0x00000007c0000000)
 ParOldGen       total 1047040K, used 850646K [0x0000000740000000, 0x000000077fe80000, 0x0000000795580000)
  object space 1047040K, 81% used [0x0000000740000000,0x0000000773eb5940,0x000000077fe80000)
 Metaspace       used 93142K, capacity 96569K, committed 102528K, reserved 1138688K
  class space    used 12133K, capacity 12950K, committed 13696K, reserved 1048576K
}
Event: 232.076 GC heap before
{Heap before GC invocations=48 (full 10):
 PSYoungGen      total 561152K, used 561123K [0x0000000795580000, 0x00000007c0000000, 0x00000007c0000000)
  eden space 423424K, 100% used [0x0000000795580000,0x00000007af300000,0x00000007af300000)
  from space 137728K, 99% used [0x00000007af300000,0x00000007b7978ee0,0x00000007b7980000)
  to   space 137728K, 0% used [0x00000007b7980000,0x00000007b7980000,0x00000007c0000000)
 ParOldGen       total 1047040K, used 850646K [0x0000000740000000, 0x000000077fe80000, 0x0000000795580000)
  object space 1047040K, 81% used [0x0000000740000000,0x0000000773eb5940,0x000000077fe80000)
 Metaspace       used 93143K, capacity 96569K, committed 102528K, reserved 1138688K
  class space    used 12133K, capacity 12950K, committed 13696K, reserved 1048576K
Event: 233.041 GC heap after
Heap after GC invocations=48 (full 10):
 PSYoungGen      total 524288K, used 79959K [0x0000000795580000, 0x00000007c0000000, 0x00000007c0000000)
  eden space 386560K, 0% used [0x0000000795580000,0x0000000795580000,0x00000007acf00000)
  from space 137728K, 58% used [0x00000007b7980000,0x00000007bc795d00,0x00000007c0000000)
  to   space 156160K, 0% used [0x00000007acf00000,0x00000007acf00000,0x00000007b6780000)
 ParOldGen       total 1047040K, used 965893K [0x0000000740000000, 0x000000077fe80000, 0x0000000795580000)
  object space 1047040K, 92% used [0x0000000740000000,0x000000077af41748,0x000000077fe80000)
 Metaspace       used 93143K, capacity 96569K, committed 102528K, reserved 1138688K
  class space    used 12133K, capacity 12950K, committed 13696K, reserved 1048576K
}
Event: 233.041 GC heap before
{Heap before GC invocations=49 (full 11):
 PSYoungGen      total 524288K, used 79959K [0x0000000795580000, 0x00000007c0000000, 0x00000007c0000000)
  eden space 386560K, 0% used [0x0000000795580000,0x0000000795580000,0x00000007acf00000)
  from space 137728K, 58% used [0x00000007b7980000,0x00000007bc795d00,0x00000007c0000000)
  to   space 156160K, 0% used [0x00000007acf00000,0x00000007acf00000,0x00000007b6780000)
 ParOldGen       total 1047040K, used 965893K [0x0000000740000000, 0x000000077fe80000, 0x0000000795580000)
  object space 1047040K, 92% used [0x0000000740000000,0x000000077af41748,0x000000077fe80000)
 Metaspace       used 93143K, capacity 96569K, committed 102528K, reserved 1138688K
  class space    used 12133K, capacity 12950K, committed 13696K, reserved 1048576K

