# JRE version: OpenJDK Runtime Environment (8.0_152-b01) (build 1.8.0_152-release-1024-b01)
# Java VM: OpenJDK 64-Bit Server VM (25.152-b01 mixed mode bsd-amd64 compressed oops)
Heap:
 PSYoungGen      total 528384K, used 528352K [0x0000000795580000, 0x00000007c0000000, 0x00000007c0000000)
  eden space 412160K, 100% used [0x0000000795580000,0x00000007ae800000,0x00000007ae800000)
  from space 116224K, 99% used [0x00000007b8e80000,0x00000007bfff8010,0x00000007c0000000)
  to   space 143360K, 11% used [0x00000007ae800000,0x00000007af868010,0x00000007b7400000)
 ParOldGen       total 687104K, used 667083K [0x0000000740000000, 0x0000000769f00000, 0x0000000795580000)
  object space 687104K, 97% used [0x0000000740000000,0x0000000768b72fe8,0x0000000769f00000)
 Metaspace       used 68205K, capacity 70966K, committed 71168K, reserved 1110016K
  class space    used 9234K, capacity 9895K, committed 9984K, reserved 1048576K
GC Heap History (10 events):
Event: 33.559 GC heap after
Heap after GC invocations=31 (full 6):
 PSYoungGen      total 547840K, used 97250K [0x0000000795580000, 0x00000007c0000000, 0x00000007c0000000)
  eden space 450560K, 0% used [0x0000000795580000,0x0000000795580000,0x00000007b0d80000)
  from space 97280K, 99% used [0x00000007b0d80000,0x00000007b6c788e0,0x00000007b6c80000)
  to   space 114176K, 0% used [0x00000007b9080000,0x00000007b9080000,0x00000007c0000000)
 ParOldGen       total 476672K, used 384031K [0x0000000740000000, 0x000000075d180000, 0x0000000795580000)
  object space 476672K, 80% used [0x0000000740000000,0x0000000757707f90,0x000000075d180000)
 Metaspace       used 68195K, capacity 70966K, committed 71168K, reserved 1110016K
  class space    used 9234K, capacity 9895K, committed 9984K, reserved 1048576K
}
Event: 34.580 GC heap before
{Heap before GC invocations=32 (full 6):
 PSYoungGen      total 547840K, used 547810K [0x0000000795580000, 0x00000007c0000000, 0x00000007c0000000)
  eden space 450560K, 100% used [0x0000000795580000,0x00000007b0d80000,0x00000007b0d80000)
  from space 97280K, 99% used [0x00000007b0d80000,0x00000007b6c788e0,0x00000007b6c80000)
  to   space 114176K, 0% used [0x00000007b9080000,0x00000007b9080000,0x00000007c0000000)
 ParOldGen       total 476672K, used 384031K [0x0000000740000000, 0x000000075d180000, 0x0000000795580000)
  object space 476672K, 80% used [0x0000000740000000,0x0000000757707f90,0x000000075d180000)
 Metaspace       used 68197K, capacity 70966K, committed 71168K, reserved 1110016K
  class space    used 9234K, capacity 9895K, committed 9984K, reserved 1048576K
Event: 34.983 GC heap after
Heap after GC invocations=32 (full 6):
 PSYoungGen      total 583680K, used 63876K [0x0000000795580000, 0x00000007c0000000, 0x00000007c0000000)
  eden space 469504K, 0% used [0x0000000795580000,0x0000000795580000,0x00000007b2000000)
  from space 114176K, 55% used [0x00000007b9080000,0x00000007bcee13e8,0x00000007c0000000)
  to   space 114688K, 0% used [0x00000007b2000000,0x00000007b2000000,0x00000007b9000000)
 ParOldGen       total 481280K, used 480421K [0x0000000740000000, 0x000000075d600000, 0x0000000795580000)
  object space 481280K, 99% used [0x0000000740000000,0x000000075d5294b0,0x000000075d600000)
 Metaspace       used 68197K, capacity 70966K, committed 71168K, reserved 1110016K
  class space    used 9234K, capacity 9895K, committed 9984K, reserved 1048576K
}
Event: 34.983 GC heap before
{Heap before GC invocations=33 (full 7):
 PSYoungGen      total 583680K, used 63876K [0x0000000795580000, 0x00000007c0000000, 0x00000007c0000000)
  eden space 469504K, 0% used [0x0000000795580000,0x0000000795580000,0x00000007b2000000)
  from space 114176K, 55% used [0x00000007b9080000,0x00000007bcee13e8,0x00000007c0000000)
  to   space 114688K, 0% used [0x00000007b2000000,0x00000007b2000000,0x00000007b9000000)
 ParOldGen       total 481280K, used 480421K [0x0000000740000000, 0x000000075d600000, 0x0000000795580000)
  object space 481280K, 99% used [0x0000000740000000,0x000000075d5294b0,0x000000075d600000)
 Metaspace       used 68197K, capacity 70966K, committed 71168K, reserved 1110016K
  class space    used 9234K, capacity 9895K, committed 9984K, reserved 1048576K
Event: 36.857 GC heap after
Heap after GC invocations=33 (full 7):
 PSYoungGen      total 583680K, used 52912K [0x0000000795580000, 0x00000007c0000000, 0x00000007c0000000)
  eden space 469504K, 0% used [0x0000000795580000,0x0000000795580000,0x00000007b2000000)
  from space 114176K, 46% used [0x00000007b9080000,0x00000007bc42c1a8,0x00000007c0000000)
  to   space 114688K, 0% used [0x00000007b2000000,0x00000007b2000000,0x00000007b9000000)
 ParOldGen       total 687104K, used 481052K [0x0000000740000000, 0x0000000769f00000, 0x0000000795580000)
  object space 687104K, 70% used [0x0000000740000000,0x000000075d5c70b0,0x0000000769f00000)
 Metaspace       used 68197K, capacity 70966K, committed 71168K, reserved 1110016K
  class space    used 9234K, capacity 9895K, committed 9984K, reserved 1048576K
}
Event: 37.875 GC heap before
{Heap before GC invocations=34 (full 7):
 PSYoungGen      total 583680K, used 522416K [0x0000000795580000, 0x00000007c0000000, 0x00000007c0000000)
  eden space 469504K, 100% used [0x0000000795580000,0x00000007b2000000,0x00000007b2000000)
  from space 114176K, 46% used [0x00000007b9080000,0x00000007bc42c1a8,0x00000007c0000000)
  to   space 114688K, 0% used [0x00000007b2000000,0x00000007b2000000,0x00000007b9000000)
 ParOldGen       total 687104K, used 481052K [0x0000000740000000, 0x0000000769f00000, 0x0000000795580000)
  object space 687104K, 70% used [0x0000000740000000,0x000000075d5c70b0,0x0000000769f00000)
 Metaspace       used 68197K, capacity 70966K, committed 71168K, reserved 1110016K
  class space    used 9234K, capacity 9895K, committed 9984K, reserved 1048576K
Event: 38.231 GC heap after
Heap after GC invocations=34 (full 7):
 PSYoungGen      total 538624K, used 68765K [0x0000000795580000, 0x00000007c0000000, 0x00000007c0000000)
  eden space 469504K, 0% used [0x0000000795580000,0x0000000795580000,0x00000007b2000000)
  from space 69120K, 99% used [0x00000007b2000000,0x00000007b6327408,0x00000007b6380000)
  to   space 116224K, 0% used [0x00000007b8e80000,0x00000007b8e80000,0x00000007c0000000)
 ParOldGen       total 687104K, used 534043K [0x0000000740000000, 0x0000000769f00000, 0x0000000795580000)
  object space 687104K, 77% used [0x0000000740000000,0x0000000760986c40,0x0000000769f00000)
 Metaspace       used 68197K, capacity 70966K, committed 71168K, reserved 1110016K
  class space    used 9234K, capacity 9895K, committed 9984K, reserved 1048576K
}
Event: 39.227 GC heap before
{Heap before GC invocations=35 (full 7):
 PSYoungGen      total 538624K, used 538269K [0x0000000795580000, 0x00000007c0000000, 0x00000007c0000000)
  eden space 469504K, 100% used [0x0000000795580000,0x00000007b2000000,0x00000007b2000000)
  from space 69120K, 99% used [0x00000007b2000000,0x00000007b6327408,0x00000007b6380000)
  to   space 116224K, 0% used [0x00000007b8e80000,0x00000007b8e80000,0x00000007c0000000)
 ParOldGen       total 687104K, used 534043K [0x0000000740000000, 0x0000000769f00000, 0x0000000795580000)
  object space 687104K, 77% used [0x0000000740000000,0x0000000760986c40,0x0000000769f00000)
 Metaspace       used 68201K, capacity 70966K, committed 71168K, reserved 1110016K
  class space    used 9234K, capacity 9895K, committed 9984K, reserved 1048576K
Event: 39.486 GC heap after
Heap after GC invocations=35 (full 7):
 PSYoungGen      total 528384K, used 116192K [0x0000000795580000, 0x00000007c0000000, 0x00000007c0000000)
  eden space 412160K, 0% used [0x0000000795580000,0x0000000795580000,0x00000007ae800000)
  from space 116224K, 99% used [0x00000007b8e80000,0x00000007bfff8010,0x00000007c0000000)
  to   space 143360K, 0% used [0x00000007ae800000,0x00000007ae800000,0x00000007b7400000)
 ParOldGen       total 687104K, used 557082K [0x0000000740000000, 0x0000000769f00000, 0x0000000795580000)
  object space 687104K, 81% used [0x0000000740000000,0x0000000762006978,0x0000000769f00000)
 Metaspace       used 68201K, capacity 70966K, committed 71168K, reserved 1110016K
  class space    used 9234K, capacity 9895K, committed 9984K, reserved 1048576K
}
Event: 40.445 GC heap before
{Heap before GC invocations=36 (full 7):
 PSYoungGen      total 528384K, used 528352K [0x0000000795580000, 0x00000007c0000000, 0x00000007c0000000)
  eden space 412160K, 100% used [0x0000000795580000,0x00000007ae800000,0x00000007ae800000)
  from space 116224K, 99% used [0x00000007b8e80000,0x00000007bfff8010,0x00000007c0000000)
  to   space 143360K, 0% used [0x00000007ae800000,0x00000007ae800000,0x00000007b7400000)
 ParOldGen       total 687104K, used 557082K [0x0000000740000000, 0x0000000769f00000, 0x0000000795580000)
  object space 687104K, 81% used [0x0000000740000000,0x0000000762006978,0x0000000769f00000)
 Metaspace       used 68205K, capacity 70966K, committed 71168K, reserved 1110016K
  class space    used 9234K, capacity 9895K, committed 9984K, reserved 1048576K

