# JRE version: OpenJDK Runtime Environment (8.0_152-b01) (build 1.8.0_152-release-1024-b01)
# Java VM: OpenJDK 64-Bit Server VM (25.152-b01 mixed mode bsd-amd64 compressed oops)
Heap:
 PSYoungGen      total 542720K, used 307451K [0x0000000795580000, 0x00000007bff80000, 0x00000007c0000000)
  eden space 378368K, 63% used [0x0000000795580000,0x00000007a3e4d838,0x00000007ac700000)
  from space 164352K, 42% used [0x00000007b5f00000,0x00000007ba271438,0x00000007bff80000)
  to   space 155648K, 0% used [0x00000007ac700000,0x00000007ac700000,0x00000007b5f00000)
 ParOldGen       total 296960K, used 159075K [0x0000000740000000, 0x0000000752200000, 0x0000000795580000)
  object space 296960K, 53% used [0x0000000740000000,0x0000000749b58f70,0x0000000752200000)
 Metaspace       used 119219K, capacity 123743K, committed 123904K, reserved 1159168K
  class space    used 14071K, capacity 15103K, committed 15104K, reserved 1048576K
GC Heap History (10 events):
Event: 4042.797 GC heap before
{Heap before GC invocations=44 (full 8):
 PSYoungGen      total 422400K, used 422164K [0x0000000795580000, 0x00000007bfa00000, 0x00000007c0000000)
  eden space 394752K, 100% used [0x0000000795580000,0x00000007ad700000,0x00000007ad700000)
  from space 27648K, 99% used [0x00000007ad700000,0x00000007af1c5320,0x00000007af200000)
  to   space 147968K, 0% used [0x00000007b6980000,0x00000007b6980000,0x00000007bfa00000)
 ParOldGen       total 296960K, used 154575K [0x0000000740000000, 0x0000000752200000, 0x0000000795580000)
  object space 296960K, 52% used [0x0000000740000000,0x00000007496f3e80,0x0000000752200000)
 Metaspace       used 106345K, capacity 109993K, committed 110336K, reserved 1146880K
  class space    used 12469K, capacity 13314K, committed 13568K, reserved 1048576K
Event: 4043.002 GC heap after
Heap after GC invocations=44 (full 8):
 PSYoungGen      total 516096K, used 127307K [0x0000000795580000, 0x00000007c0000000, 0x00000007c0000000)
  eden space 368128K, 0% used [0x0000000795580000,0x0000000795580000,0x00000007abd00000)
  from space 147968K, 86% used [0x00000007b6980000,0x00000007be5d2f28,0x00000007bfa00000)
  to   space 165376K, 0% used [0x00000007abd00000,0x00000007abd00000,0x00000007b5e80000)
 ParOldGen       total 296960K, used 154583K [0x0000000740000000, 0x0000000752200000, 0x0000000795580000)
  object space 296960K, 52% used [0x0000000740000000,0x00000007496f5e80,0x0000000752200000)
 Metaspace       used 106345K, capacity 109993K, committed 110336K, reserved 1146880K
  class space    used 12469K, capacity 13314K, committed 13568K, reserved 1048576K
}
Event: 4047.206 GC heap before
{Heap before GC invocations=45 (full 8):
 PSYoungGen      total 516096K, used 495435K [0x0000000795580000, 0x00000007c0000000, 0x00000007c0000000)
  eden space 368128K, 100% used [0x0000000795580000,0x00000007abd00000,0x00000007abd00000)
  from space 147968K, 86% used [0x00000007b6980000,0x00000007be5d2f28,0x00000007bfa00000)
  to   space 165376K, 0% used [0x00000007abd00000,0x00000007abd00000,0x00000007b5e80000)
 ParOldGen       total 296960K, used 154583K [0x0000000740000000, 0x0000000752200000, 0x0000000795580000)
  object space 296960K, 52% used [0x0000000740000000,0x00000007496f5e80,0x0000000752200000)
 Metaspace       used 107095K, capacity 110813K, committed 111104K, reserved 1146880K
  class space    used 12527K, capacity 13386K, committed 13568K, reserved 1048576K
Event: 4047.284 GC heap after
Heap after GC invocations=45 (full 8):
 PSYoungGen      total 533504K, used 60089K [0x0000000795580000, 0x00000007bfd00000, 0x00000007c0000000)
  eden space 368128K, 0% used [0x0000000795580000,0x0000000795580000,0x00000007abd00000)
  from space 165376K, 36% used [0x00000007abd00000,0x00000007af7ae7a8,0x00000007b5e80000)
  to   space 155136K, 0% used [0x00000007b6580000,0x00000007b6580000,0x00000007bfd00000)
 ParOldGen       total 296960K, used 154591K [0x0000000740000000, 0x0000000752200000, 0x0000000795580000)
  object space 296960K, 52% used [0x0000000740000000,0x00000007496f7e80,0x0000000752200000)
 Metaspace       used 107095K, capacity 110813K, committed 111104K, reserved 1146880K
  class space    used 12527K, capacity 13386K, committed 13568K, reserved 1048576K
}
Event: 5506.645 GC heap before
{Heap before GC invocations=46 (full 8):
 PSYoungGen      total 533504K, used 428217K [0x0000000795580000, 0x00000007bfd00000, 0x00000007c0000000)
  eden space 368128K, 100% used [0x0000000795580000,0x00000007abd00000,0x00000007abd00000)
  from space 165376K, 36% used [0x00000007abd00000,0x00000007af7ae7a8,0x00000007b5e80000)
  to   space 155136K, 0% used [0x00000007b6580000,0x00000007b6580000,0x00000007bfd00000)
 ParOldGen       total 296960K, used 154591K [0x0000000740000000, 0x0000000752200000, 0x0000000795580000)
  object space 296960K, 52% used [0x0000000740000000,0x00000007496f7e80,0x0000000752200000)
 Metaspace       used 108630K, capacity 112625K, committed 112768K, reserved 1148928K
  class space    used 12669K, capacity 13610K, committed 13696K, reserved 1048576K
Event: 5506.943 GC heap after
Heap after GC invocations=46 (full 8):
 PSYoungGen      total 509952K, used 55745K [0x0000000795580000, 0x00000007be600000, 0x00000007c0000000)
  eden space 378368K, 0% used [0x0000000795580000,0x0000000795580000,0x00000007ac700000)
  from space 131584K, 42% used [0x00000007b6580000,0x00000007b9bf0478,0x00000007be600000)
  to   space 146944K, 0% used [0x00000007ac700000,0x00000007ac700000,0x00000007b5680000)
 ParOldGen       total 296960K, used 154599K [0x0000000740000000, 0x0000000752200000, 0x0000000795580000)
  object space 296960K, 52% used [0x0000000740000000,0x00000007496f9e80,0x0000000752200000)
 Metaspace       used 108630K, capacity 112625K, committed 112768K, reserved 1148928K
  class space    used 12669K, capacity 13610K, committed 13696K, reserved 1048576K
}
Event: 5513.287 GC heap before
{Heap before GC invocations=47 (full 8):
 PSYoungGen      total 509952K, used 434113K [0x0000000795580000, 0x00000007be600000, 0x00000007c0000000)
  eden space 378368K, 100% used [0x0000000795580000,0x00000007ac700000,0x00000007ac700000)
  from space 131584K, 42% used [0x00000007b6580000,0x00000007b9bf0478,0x00000007be600000)
  to   space 146944K, 0% used [0x00000007ac700000,0x00000007ac700000,0x00000007b5680000)
 ParOldGen       total 296960K, used 154599K [0x0000000740000000, 0x0000000752200000, 0x0000000795580000)
  object space 296960K, 52% used [0x0000000740000000,0x00000007496f9e80,0x0000000752200000)
 Metaspace       used 118836K, capacity 123273K, committed 123392K, reserved 1157120K
  class space    used 14033K, capacity 15060K, committed 15104K, reserved 1048576K
Event: 5514.990 GC heap after
Heap after GC invocations=47 (full 8):
 PSYoungGen      total 525312K, used 133235K [0x0000000795580000, 0x00000007c0000000, 0x00000007c0000000)
  eden space 378368K, 0% used [0x0000000795580000,0x0000000795580000,0x00000007ac700000)
  from space 146944K, 90% used [0x00000007ac700000,0x00000007b491cee0,0x00000007b5680000)
  to   space 164864K, 0% used [0x00000007b5f00000,0x00000007b5f00000,0x00000007c0000000)
 ParOldGen       total 296960K, used 154607K [0x0000000740000000, 0x0000000752200000, 0x0000000795580000)
  object space 296960K, 52% used [0x0000000740000000,0x00000007496fbe80,0x0000000752200000)
 Metaspace       used 118836K, capacity 123273K, committed 123392K, reserved 1157120K
  class space    used 14033K, capacity 15060K, committed 15104K, reserved 1048576K
}
Event: 5519.719 GC heap before
{Heap before GC invocations=48 (full 8):
 PSYoungGen      total 525312K, used 511603K [0x0000000795580000, 0x00000007c0000000, 0x00000007c0000000)
  eden space 378368K, 100% used [0x0000000795580000,0x00000007ac700000,0x00000007ac700000)
  from space 146944K, 90% used [0x00000007ac700000,0x00000007b491cee0,0x00000007b5680000)
  to   space 164864K, 0% used [0x00000007b5f00000,0x00000007b5f00000,0x00000007c0000000)
 ParOldGen       total 296960K, used 154607K [0x0000000740000000, 0x0000000752200000, 0x0000000795580000)
  object space 296960K, 52% used [0x0000000740000000,0x00000007496fbe80,0x0000000752200000)
 Metaspace       used 119219K, capacity 123743K, committed 123904K, reserved 1159168K
  class space    used 14071K, capacity 15103K, committed 15104K, reserved 1048576K
Event: 5520.124 GC heap after
Heap after GC invocations=48 (full 8):
 PSYoungGen      total 542720K, used 69061K [0x0000000795580000, 0x00000007bff80000, 0x00000007c0000000)
  eden space 378368K, 0% used [0x0000000795580000,0x0000000795580000,0x00000007ac700000)
  from space 164352K, 42% used [0x00000007b5f00000,0x00000007ba271438,0x00000007bff80000)
  to   space 155648K, 0% used [0x00000007ac700000,0x00000007ac700000,0x00000007b5f00000)
 ParOldGen       total 296960K, used 159075K [0x0000000740000000, 0x0000000752200000, 0x0000000795580000)
  object space 296960K, 53% used [0x0000000740000000,0x0000000749b58f70,0x0000000752200000)
 Metaspace       used 119219K, capacity 123743K, committed 123904K, reserved 1159168K
  class space    used 14071K, capacity 15103K, committed 15104K, reserved 1048576K
}

