# JRE version: OpenJDK Runtime Environment (8.0_152-b01) (build 1.8.0_152-release-1024-b01)
# Java VM: OpenJDK 64-Bit Server VM (25.152-b01 mixed mode bsd-amd64 compressed oops)
Heap:
 PSYoungGen      total 250368K, used 56827K [0x0000000795580000, 0x00000007a8a80000, 0x00000007c0000000)
  eden space 207872K, 6% used [0x0000000795580000,0x0000000796382bf0,0x00000007a2080000)
  from space 42496K, 99% used [0x00000007a5100000,0x00000007a7a7c218,0x00000007a7a80000)
  to   space 49664K, 0% used [0x00000007a2080000,0x00000007a2080000,0x00000007a5100000)
 ParOldGen       total 192000K, used 128929K [0x0000000740000000, 0x000000074bb80000, 0x0000000795580000)
  object space 192000K, 67% used [0x0000000740000000,0x0000000747de8560,0x000000074bb80000)
 Metaspace       used 90223K, capacity 94844K, committed 95104K, reserved 1132544K
  class space    used 11582K, capacity 12568K, committed 12672K, reserved 1048576K
GC Heap History (10 events):
Event: 258.282 GC heap before
{Heap before GC invocations=46 (full 4):
 PSYoungGen      total 208896K, used 189361K [0x0000000795580000, 0x00000007a5600000, 0x00000007c0000000)
  eden space 169472K, 100% used [0x0000000795580000,0x000000079fb00000,0x000000079fb00000)
  from space 39424K, 50% used [0x000000079fb00000,0x00000007a0e6c530,0x00000007a2180000)
  to   space 38912K, 0% used [0x00000007a3000000,0x00000007a3000000,0x00000007a5600000)
 ParOldGen       total 192000K, used 126434K [0x0000000740000000, 0x000000074bb80000, 0x0000000795580000)
  object space 192000K, 65% used [0x0000000740000000,0x0000000747b78aa8,0x000000074bb80000)
 Metaspace       used 82584K, capacity 86384K, committed 86528K, reserved 1124352K
  class space    used 10809K, capacity 11698K, committed 11776K, reserved 1048576K
Event: 258.314 GC heap after
Heap after GC invocations=46 (full 4):
 PSYoungGen      total 223744K, used 19934K [0x0000000795580000, 0x00000007a5580000, 0x00000007c0000000)
  eden space 185344K, 0% used [0x0000000795580000,0x0000000795580000,0x00000007a0a80000)
  from space 38400K, 51% used [0x00000007a3000000,0x00000007a4377af0,0x00000007a5580000)
  to   space 38400K, 0% used [0x00000007a0a80000,0x00000007a0a80000,0x00000007a3000000)
 ParOldGen       total 192000K, used 126442K [0x0000000740000000, 0x000000074bb80000, 0x0000000795580000)
  object space 192000K, 65% used [0x0000000740000000,0x0000000747b7aaa8,0x000000074bb80000)
 Metaspace       used 82584K, capacity 86384K, committed 86528K, reserved 1124352K
  class space    used 10809K, capacity 11698K, committed 11776K, reserved 1048576K
}
Event: 263.648 GC heap before
{Heap before GC invocations=47 (full 4):
 PSYoungGen      total 223744K, used 205278K [0x0000000795580000, 0x00000007a5580000, 0x00000007c0000000)
  eden space 185344K, 100% used [0x0000000795580000,0x00000007a0a80000,0x00000007a0a80000)
  from space 38400K, 51% used [0x00000007a3000000,0x00000007a4377af0,0x00000007a5580000)
  to   space 38400K, 0% used [0x00000007a0a80000,0x00000007a0a80000,0x00000007a3000000)
 ParOldGen       total 192000K, used 126442K [0x0000000740000000, 0x000000074bb80000, 0x0000000795580000)
  object space 192000K, 65% used [0x0000000740000000,0x0000000747b7aaa8,0x000000074bb80000)
 Metaspace       used 83914K, capacity 87744K, committed 87936K, reserved 1126400K
  class space    used 10951K, capacity 11848K, committed 11904K, reserved 1048576K
Event: 263.676 GC heap after
Heap after GC invocations=47 (full 4):
 PSYoungGen      total 223744K, used 17777K [0x0000000795580000, 0x00000007a6200000, 0x00000007c0000000)
  eden space 185344K, 0% used [0x0000000795580000,0x0000000795580000,0x00000007a0a80000)
  from space 38400K, 46% used [0x00000007a0a80000,0x00000007a1bdc4f8,0x00000007a3000000)
  to   space 36864K, 0% used [0x00000007a3e00000,0x00000007a3e00000,0x00000007a6200000)
 ParOldGen       total 192000K, used 126450K [0x0000000740000000, 0x000000074bb80000, 0x0000000795580000)
  object space 192000K, 65% used [0x0000000740000000,0x0000000747b7caa8,0x000000074bb80000)
 Metaspace       used 83914K, capacity 87744K, committed 87936K, reserved 1126400K
  class space    used 10951K, capacity 11848K, committed 11904K, reserved 1048576K
}
Event: 267.044 GC heap before
{Heap before GC invocations=48 (full 4):
 PSYoungGen      total 223744K, used 202628K [0x0000000795580000, 0x00000007a6200000, 0x00000007c0000000)
  eden space 185344K, 99% used [0x0000000795580000,0x00000007a0a04e18,0x00000007a0a80000)
  from space 38400K, 46% used [0x00000007a0a80000,0x00000007a1bdc4f8,0x00000007a3000000)
  to   space 36864K, 0% used [0x00000007a3e00000,0x00000007a3e00000,0x00000007a6200000)
 ParOldGen       total 192000K, used 126450K [0x0000000740000000, 0x000000074bb80000, 0x0000000795580000)
  object space 192000K, 65% used [0x0000000740000000,0x0000000747b7caa8,0x000000074bb80000)
 Metaspace       used 84346K, capacity 88202K, committed 88448K, reserved 1126400K
  class space    used 10999K, capacity 11903K, committed 11904K, reserved 1048576K
Event: 267.096 GC heap after
Heap after GC invocations=48 (full 4):
 PSYoungGen      total 236544K, used 26453K [0x0000000795580000, 0x00000007a6600000, 0x00000007c0000000)
  eden space 199680K, 0% used [0x0000000795580000,0x0000000795580000,0x00000007a1880000)
  from space 36864K, 71% used [0x00000007a3e00000,0x00000007a57d5738,0x00000007a6200000)
  to   space 38400K, 0% used [0x00000007a1880000,0x00000007a1880000,0x00000007a3e00000)
 ParOldGen       total 192000K, used 126458K [0x0000000740000000, 0x000000074bb80000, 0x0000000795580000)
  object space 192000K, 65% used [0x0000000740000000,0x0000000747b7eaa8,0x000000074bb80000)
 Metaspace       used 84346K, capacity 88202K, committed 88448K, reserved 1126400K
  class space    used 10999K, capacity 11903K, committed 11904K, reserved 1048576K
}
Event: 1402.969 GC heap before
{Heap before GC invocations=49 (full 4):
 PSYoungGen      total 236544K, used 226133K [0x0000000795580000, 0x00000007a6600000, 0x00000007c0000000)
  eden space 199680K, 100% used [0x0000000795580000,0x00000007a1880000,0x00000007a1880000)
  from space 36864K, 71% used [0x00000007a3e00000,0x00000007a57d5738,0x00000007a6200000)
  to   space 38400K, 0% used [0x00000007a1880000,0x00000007a1880000,0x00000007a3e00000)
 ParOldGen       total 192000K, used 126458K [0x0000000740000000, 0x000000074bb80000, 0x0000000795580000)
  object space 192000K, 65% used [0x0000000740000000,0x0000000747b7eaa8,0x000000074bb80000)
 Metaspace       used 89334K, capacity 93830K, committed 93952K, reserved 1130496K
  class space    used 11489K, capacity 12473K, committed 12544K, reserved 1048576K
Event: 1403.232 GC heap after
Heap after GC invocations=49 (full 4):
 PSYoungGen      total 238080K, used 33049K [0x0000000795580000, 0x00000007a7a80000, 0x00000007c0000000)
  eden space 199680K, 0% used [0x0000000795580000,0x0000000795580000,0x00000007a1880000)
  from space 38400K, 86% used [0x00000007a1880000,0x00000007a38c6680,0x00000007a3e00000)
  to   space 42496K, 0% used [0x00000007a5100000,0x00000007a5100000,0x00000007a7a80000)
 ParOldGen       total 192000K, used 126466K [0x0000000740000000, 0x000000074bb80000, 0x0000000795580000)
  object space 192000K, 65% used [0x0000000740000000,0x0000000747b80aa8,0x000000074bb80000)
 Metaspace       used 89334K, capacity 93830K, committed 93952K, reserved 1130496K
  class space    used 11489K, capacity 12473K, committed 12544K, reserved 1048576K
}
Event: 1413.537 GC heap before
{Heap before GC invocations=50 (full 4):
 PSYoungGen      total 238080K, used 232729K [0x0000000795580000, 0x00000007a7a80000, 0x00000007c0000000)
  eden space 199680K, 100% used [0x0000000795580000,0x00000007a1880000,0x00000007a1880000)
  from space 38400K, 86% used [0x00000007a1880000,0x00000007a38c6680,0x00000007a3e00000)
  to   space 42496K, 0% used [0x00000007a5100000,0x00000007a5100000,0x00000007a7a80000)
 ParOldGen       total 192000K, used 126466K [0x0000000740000000, 0x000000074bb80000, 0x0000000795580000)
  object space 192000K, 65% used [0x0000000740000000,0x0000000747b80aa8,0x000000074bb80000)
 Metaspace       used 90209K, capacity 94826K, committed 95104K, reserved 1132544K
  class space    used 11581K, capacity 12565K, committed 12672K, reserved 1048576K
Event: 1413.692 GC heap after
Heap after GC invocations=50 (full 4):
 PSYoungGen      total 250368K, used 42480K [0x0000000795580000, 0x00000007a8a80000, 0x00000007c0000000)
  eden space 207872K, 0% used [0x0000000795580000,0x0000000795580000,0x00000007a2080000)
  from space 42496K, 99% used [0x00000007a5100000,0x00000007a7a7c218,0x00000007a7a80000)
  to   space 49664K, 0% used [0x00000007a2080000,0x00000007a2080000,0x00000007a5100000)
 ParOldGen       total 192000K, used 128929K [0x0000000740000000, 0x000000074bb80000, 0x0000000795580000)
  object space 192000K, 67% used [0x0000000740000000,0x0000000747de8560,0x000000074bb80000)
 Metaspace       used 90209K, capacity 94826K, committed 95104K, reserved 1132544K
  class space    used 11581K, capacity 12565K, committed 12672K, reserved 1048576K
}

