# JRE version: OpenJDK Runtime Environment (8.0_152-b01) (build 1.8.0_152-release-1024-b01)
# Java VM: OpenJDK 64-Bit Server VM (25.152-b01 mixed mode bsd-amd64 compressed oops)
Heap:
 PSYoungGen      total 122880K, used 102016K [0x0000000795580000, 0x00000007a0b80000, 0x00000007c0000000)
  eden space 69120K, 100% used [0x0000000795580000,0x0000000799900000,0x0000000799900000)
  from space 53760K, 61% used [0x0000000799900000,0x000000079b920000,0x000000079cd80000)
  to   space 55296K, 55% used [0x000000079d580000,0x000000079f3b0000,0x00000007a0b80000)
 ParOldGen       total 332288K, used 235358K [0x0000000740000000, 0x0000000754480000, 0x0000000795580000)
  object space 332288K, 70% used [0x0000000740000000,0x000000074e5d7a20,0x0000000754480000)
 Metaspace       used 66372K, capacity 69140K, committed 69248K, reserved 1107968K
  class space    used 9142K, capacity 9798K, committed 9856K, reserved 1048576K
GC Heap History (10 events):
Event: 66.110 GC heap after
Heap after GC invocations=58 (full 7):
 PSYoungGen      total 121856K, used 8768K [0x0000000795580000, 0x00000007a0980000, 0x00000007c0000000)
  eden space 58880K, 0% used [0x0000000795580000,0x0000000795580000,0x0000000798f00000)
  from space 62976K, 13% used [0x0000000798f00000,0x0000000799790000,0x000000079cc80000)
  to   space 60416K, 0% used [0x000000079ce80000,0x000000079ce80000,0x00000007a0980000)
 ParOldGen       total 332288K, used 235358K [0x0000000740000000, 0x0000000754480000, 0x0000000795580000)
  object space 332288K, 70% used [0x0000000740000000,0x000000074e5d7a20,0x0000000754480000)
 Metaspace       used 66372K, capacity 69140K, committed 69248K, reserved 1107968K
  class space    used 9142K, capacity 9798K, committed 9856K, reserved 1048576K
}
Event: 66.336 GC heap before
{Heap before GC invocations=59 (full 7):
 PSYoungGen      total 121856K, used 67648K [0x0000000795580000, 0x00000007a0980000, 0x00000007c0000000)
  eden space 58880K, 100% used [0x0000000795580000,0x0000000798f00000,0x0000000798f00000)
  from space 62976K, 13% used [0x0000000798f00000,0x0000000799790000,0x000000079cc80000)
  to   space 60416K, 0% used [0x000000079ce80000,0x000000079ce80000,0x00000007a0980000)
 ParOldGen       total 332288K, used 235358K [0x0000000740000000, 0x0000000754480000, 0x0000000795580000)
  object space 332288K, 70% used [0x0000000740000000,0x000000074e5d7a20,0x0000000754480000)
 Metaspace       used 66372K, capacity 69140K, committed 69248K, reserved 1107968K
  class space    used 9142K, capacity 9798K, committed 9856K, reserved 1048576K
Event: 66.363 GC heap after
Heap after GC invocations=59 (full 7):
 PSYoungGen      total 117760K, used 14688K [0x0000000795580000, 0x00000007a0380000, 0x00000007c0000000)
  eden space 63488K, 0% used [0x0000000795580000,0x0000000795580000,0x0000000799380000)
  from space 54272K, 27% used [0x000000079ce80000,0x000000079dcd8000,0x00000007a0380000)
  to   space 57344K, 0% used [0x0000000799380000,0x0000000799380000,0x000000079cb80000)
 ParOldGen       total 332288K, used 235358K [0x0000000740000000, 0x0000000754480000, 0x0000000795580000)
  object space 332288K, 70% used [0x0000000740000000,0x000000074e5d7a20,0x0000000754480000)
 Metaspace       used 66372K, capacity 69140K, committed 69248K, reserved 1107968K
  class space    used 9142K, capacity 9798K, committed 9856K, reserved 1048576K
}
Event: 66.521 GC heap before
{Heap before GC invocations=60 (full 7):
 PSYoungGen      total 117760K, used 78176K [0x0000000795580000, 0x00000007a0380000, 0x00000007c0000000)
  eden space 63488K, 100% used [0x0000000795580000,0x0000000799380000,0x0000000799380000)
  from space 54272K, 27% used [0x000000079ce80000,0x000000079dcd8000,0x00000007a0380000)
  to   space 57344K, 0% used [0x0000000799380000,0x0000000799380000,0x000000079cb80000)
 ParOldGen       total 332288K, used 235358K [0x0000000740000000, 0x0000000754480000, 0x0000000795580000)
  object space 332288K, 70% used [0x0000000740000000,0x000000074e5d7a20,0x0000000754480000)
 Metaspace       used 66372K, capacity 69140K, committed 69248K, reserved 1107968K
  class space    used 9142K, capacity 9798K, committed 9856K, reserved 1048576K
Event: 66.553 GC heap after
Heap after GC invocations=60 (full 7):
 PSYoungGen      total 120832K, used 20768K [0x0000000795580000, 0x00000007a0280000, 0x00000007c0000000)
  eden space 63488K, 0% used [0x0000000795580000,0x0000000795580000,0x0000000799380000)
  from space 57344K, 36% used [0x0000000799380000,0x000000079a7c8000,0x000000079cb80000)
  to   space 54272K, 0% used [0x000000079cd80000,0x000000079cd80000,0x00000007a0280000)
 ParOldGen       total 332288K, used 235358K [0x0000000740000000, 0x0000000754480000, 0x0000000795580000)
  object space 332288K, 70% used [0x0000000740000000,0x000000074e5d7a20,0x0000000754480000)
 Metaspace       used 66372K, capacity 69140K, committed 69248K, reserved 1107968K
  class space    used 9142K, capacity 9798K, committed 9856K, reserved 1048576K
}
Event: 66.693 GC heap before
{Heap before GC invocations=61 (full 7):
 PSYoungGen      total 120832K, used 84256K [0x0000000795580000, 0x00000007a0280000, 0x00000007c0000000)
  eden space 63488K, 100% used [0x0000000795580000,0x0000000799380000,0x0000000799380000)
  from space 57344K, 36% used [0x0000000799380000,0x000000079a7c8000,0x000000079cb80000)
  to   space 54272K, 0% used [0x000000079cd80000,0x000000079cd80000,0x00000007a0280000)
 ParOldGen       total 332288K, used 235358K [0x0000000740000000, 0x0000000754480000, 0x0000000795580000)
  object space 332288K, 70% used [0x0000000740000000,0x000000074e5d7a20,0x0000000754480000)
 Metaspace       used 66372K, capacity 69140K, committed 69248K, reserved 1107968K
  class space    used 9142K, capacity 9798K, committed 9856K, reserved 1048576K
Event: 66.728 GC heap after
Heap after GC invocations=61 (full 7):
 PSYoungGen      total 122880K, used 26720K [0x0000000795580000, 0x00000007a0200000, 0x00000007c0000000)
  eden space 69120K, 0% used [0x0000000795580000,0x0000000795580000,0x0000000799900000)
  from space 53760K, 49% used [0x000000079cd80000,0x000000079e798000,0x00000007a0200000)
  to   space 53760K, 0% used [0x0000000799900000,0x0000000799900000,0x000000079cd80000)
 ParOldGen       total 332288K, used 235358K [0x0000000740000000, 0x0000000754480000, 0x0000000795580000)
  object space 332288K, 70% used [0x0000000740000000,0x000000074e5d7a20,0x0000000754480000)
 Metaspace       used 66372K, capacity 69140K, committed 69248K, reserved 1107968K
  class space    used 9142K, capacity 9798K, committed 9856K, reserved 1048576K
}
Event: 66.831 GC heap before
{Heap before GC invocations=62 (full 7):
 PSYoungGen      total 122880K, used 95840K [0x0000000795580000, 0x00000007a0200000, 0x00000007c0000000)
  eden space 69120K, 100% used [0x0000000795580000,0x0000000799900000,0x0000000799900000)
  from space 53760K, 49% used [0x000000079cd80000,0x000000079e798000,0x00000007a0200000)
  to   space 53760K, 0% used [0x0000000799900000,0x0000000799900000,0x000000079cd80000)
 ParOldGen       total 332288K, used 235358K [0x0000000740000000, 0x0000000754480000, 0x0000000795580000)
  object space 332288K, 70% used [0x0000000740000000,0x000000074e5d7a20,0x0000000754480000)
 Metaspace       used 66372K, capacity 69140K, committed 69248K, reserved 1107968K
  class space    used 9142K, capacity 9798K, committed 9856K, reserved 1048576K
Event: 66.872 GC heap after
Heap after GC invocations=62 (full 7):
 PSYoungGen      total 122880K, used 32896K [0x0000000795580000, 0x00000007a0b80000, 0x00000007c0000000)
  eden space 69120K, 0% used [0x0000000795580000,0x0000000795580000,0x0000000799900000)
  from space 53760K, 61% used [0x0000000799900000,0x000000079b920000,0x000000079cd80000)
  to   space 55296K, 0% used [0x000000079d580000,0x000000079d580000,0x00000007a0b80000)
 ParOldGen       total 332288K, used 235358K [0x0000000740000000, 0x0000000754480000, 0x0000000795580000)
  object space 332288K, 70% used [0x0000000740000000,0x000000074e5d7a20,0x0000000754480000)
 Metaspace       used 66372K, capacity 69140K, committed 69248K, reserved 1107968K
  class space    used 9142K, capacity 9798K, committed 9856K, reserved 1048576K
}
Event: 67.011 GC heap before
{Heap before GC invocations=63 (full 7):
 PSYoungGen      total 122880K, used 102016K [0x0000000795580000, 0x00000007a0b80000, 0x00000007c0000000)
  eden space 69120K, 100% used [0x0000000795580000,0x0000000799900000,0x0000000799900000)
  from space 53760K, 61% used [0x0000000799900000,0x000000079b920000,0x000000079cd80000)
  to   space 55296K, 0% used [0x000000079d580000,0x000000079d580000,0x00000007a0b80000)
 ParOldGen       total 332288K, used 235358K [0x0000000740000000, 0x0000000754480000, 0x0000000795580000)
  object space 332288K, 70% used [0x0000000740000000,0x000000074e5d7a20,0x0000000754480000)
 Metaspace       used 66372K, capacity 69140K, committed 69248K, reserved 1107968K
  class space    used 9142K, capacity 9798K, committed 9856K, reserved 1048576K

