# JRE version: OpenJDK Runtime Environment (8.0_152-b01) (build 1.8.0_152-release-1024-b01)
# Java VM: OpenJDK 64-Bit Server VM (25.152-b01 mixed mode bsd-amd64 compressed oops)
Heap:
 PSYoungGen      total 123904K, used 21988K [0x0000000795580000, 0x00000007a0f80000, 0x00000007c0000000)
  eden space 101888K, 0% used [0x0000000795580000,0x0000000795580000,0x000000079b900000)
  from space 22016K, 99% used [0x000000079dc00000,0x000000079f179280,0x000000079f180000)
  to   space 35840K, 0% used [0x000000079b900000,0x000000079b900000,0x000000079dc00000)
 ParOldGen       total 75776K, used 75054K [0x0000000740000000, 0x0000000744a00000, 0x0000000795580000)
  object space 75776K, 99% used [0x0000000740000000,0x000000074494b9d0,0x0000000744a00000)
 Metaspace       used 53914K, capacity 54779K, committed 55296K, reserved 1097728K
  class space    used 6559K, capacity 6819K, committed 6912K, reserved 1048576K
GC Heap History (10 events):
Event: 12.743 GC heap after
Heap after GC invocations=12 (full 2):
 PSYoungGen      total 73728K, used 13306K [0x0000000795580000, 0x000000079ae80000, 0x00000007c0000000)
  eden space 60416K, 0% used [0x0000000795580000,0x0000000795580000,0x0000000799080000)
  from space 13312K, 99% used [0x000000079a180000,0x000000079ae7e8d8,0x000000079ae80000)
  to   space 15360K, 0% used [0x0000000799080000,0x0000000799080000,0x0000000799f80000)
 ParOldGen       total 56832K, used 20197K [0x0000000740000000, 0x0000000743780000, 0x0000000795580000)
  object space 56832K, 35% used [0x0000000740000000,0x00000007413b96e8,0x0000000743780000)
 Metaspace       used 39664K, capacity 40201K, committed 40576K, reserved 1085440K
  class space    used 5006K, capacity 5164K, committed 5248K, reserved 1048576K
}
Event: 14.117 GC heap before
{Heap before GC invocations=13 (full 2):
 PSYoungGen      total 73728K, used 73722K [0x0000000795580000, 0x000000079ae80000, 0x00000007c0000000)
  eden space 60416K, 100% used [0x0000000795580000,0x0000000799080000,0x0000000799080000)
  from space 13312K, 99% used [0x000000079a180000,0x000000079ae7e8d8,0x000000079ae80000)
  to   space 15360K, 0% used [0x0000000799080000,0x0000000799080000,0x0000000799f80000)
 ParOldGen       total 56832K, used 20197K [0x0000000740000000, 0x0000000743780000, 0x0000000795580000)
  object space 56832K, 35% used [0x0000000740000000,0x00000007413b96e8,0x0000000743780000)
 Metaspace       used 43412K, capacity 44081K, committed 44672K, reserved 1087488K
  class space    used 5443K, capacity 5638K, committed 5760K, reserved 1048576K
Event: 14.156 GC heap after
Heap after GC invocations=13 (full 2):
 PSYoungGen      total 75776K, used 11936K [0x0000000795580000, 0x000000079c700000, 0x00000007c0000000)
  eden space 60416K, 0% used [0x0000000795580000,0x0000000795580000,0x0000000799080000)
  from space 15360K, 77% used [0x0000000799080000,0x0000000799c28150,0x0000000799f80000)
  to   space 16384K, 0% used [0x000000079b700000,0x000000079b700000,0x000000079c700000)
 ParOldGen       total 56832K, used 28754K [0x0000000740000000, 0x0000000743780000, 0x0000000795580000)
  object space 56832K, 50% used [0x0000000740000000,0x0000000741c14b60,0x0000000743780000)
 Metaspace       used 43412K, capacity 44081K, committed 44672K, reserved 1087488K
  class space    used 5443K, capacity 5638K, committed 5760K, reserved 1048576K
}
Event: 16.845 GC heap before
{Heap before GC invocations=14 (full 2):
 PSYoungGen      total 75776K, used 72352K [0x0000000795580000, 0x000000079c700000, 0x00000007c0000000)
  eden space 60416K, 100% used [0x0000000795580000,0x0000000799080000,0x0000000799080000)
  from space 15360K, 77% used [0x0000000799080000,0x0000000799c28150,0x0000000799f80000)
  to   space 16384K, 0% used [0x000000079b700000,0x000000079b700000,0x000000079c700000)
 ParOldGen       total 56832K, used 28754K [0x0000000740000000, 0x0000000743780000, 0x0000000795580000)
  object space 56832K, 50% used [0x0000000740000000,0x0000000741c14b60,0x0000000743780000)
 Metaspace       used 51859K, capacity 52715K, committed 53120K, reserved 1095680K
  class space    used 6426K, capacity 6683K, committed 6784K, reserved 1048576K
Event: 16.885 GC heap after
Heap after GC invocations=14 (full 2):
 PSYoungGen      total 96768K, used 9804K [0x0000000795580000, 0x000000079c500000, 0x00000007c0000000)
  eden space 82432K, 0% used [0x0000000795580000,0x0000000795580000,0x000000079a600000)
  from space 14336K, 68% used [0x000000079b700000,0x000000079c093230,0x000000079c500000)
  to   space 15872K, 0% used [0x000000079a600000,0x000000079a600000,0x000000079b580000)
 ParOldGen       total 56832K, used 35201K [0x0000000740000000, 0x0000000743780000, 0x0000000795580000)
  object space 56832K, 61% used [0x0000000740000000,0x00000007422606a8,0x0000000743780000)
 Metaspace       used 51859K, capacity 52715K, committed 53120K, reserved 1095680K
  class space    used 6426K, capacity 6683K, committed 6784K, reserved 1048576K
}
Event: 18.066 GC heap before
{Heap before GC invocations=15 (full 2):
 PSYoungGen      total 96768K, used 90732K [0x0000000795580000, 0x000000079c500000, 0x00000007c0000000)
  eden space 82432K, 98% used [0x0000000795580000,0x000000079a488048,0x000000079a600000)
  from space 14336K, 68% used [0x000000079b700000,0x000000079c093230,0x000000079c500000)
  to   space 15872K, 0% used [0x000000079a600000,0x000000079a600000,0x000000079b580000)
 ParOldGen       total 56832K, used 35201K [0x0000000740000000, 0x0000000743780000, 0x0000000795580000)
  object space 56832K, 61% used [0x0000000740000000,0x00000007422606a8,0x0000000743780000)
 Metaspace       used 53017K, capacity 53915K, committed 54528K, reserved 1097728K
  class space    used 6517K, capacity 6787K, committed 6912K, reserved 1048576K
Event: 18.117 GC heap after
Heap after GC invocations=15 (full 2):
 PSYoungGen      total 98304K, used 15867K [0x0000000795580000, 0x000000079f180000, 0x00000007c0000000)
  eden space 82432K, 0% used [0x0000000795580000,0x0000000795580000,0x000000079a600000)
  from space 15872K, 99% used [0x000000079a600000,0x000000079b57ef80,0x000000079b580000)
  to   space 22016K, 0% used [0x000000079dc00000,0x000000079dc00000,0x000000079f180000)
 ParOldGen       total 56832K, used 45498K [0x0000000740000000, 0x0000000743780000, 0x0000000795580000)
  object space 56832K, 80% used [0x0000000740000000,0x0000000742c6eb50,0x0000000743780000)
 Metaspace       used 53017K, capacity 53915K, committed 54528K, reserved 1097728K
  class space    used 6517K, capacity 6787K, committed 6912K, reserved 1048576K
}
Event: 19.587 GC heap before
{Heap before GC invocations=16 (full 2):
 PSYoungGen      total 98304K, used 98293K [0x0000000795580000, 0x000000079f180000, 0x00000007c0000000)
  eden space 82432K, 99% used [0x0000000795580000,0x000000079a5fe618,0x000000079a600000)
  from space 15872K, 99% used [0x000000079a600000,0x000000079b57ef80,0x000000079b580000)
  to   space 22016K, 0% used [0x000000079dc00000,0x000000079dc00000,0x000000079f180000)
 ParOldGen       total 56832K, used 45498K [0x0000000740000000, 0x0000000743780000, 0x0000000795580000)
  object space 56832K, 80% used [0x0000000740000000,0x0000000742c6eb50,0x0000000743780000)
 Metaspace       used 53914K, capacity 54779K, committed 55296K, reserved 1097728K
  class space    used 6559K, capacity 6819K, committed 6912K, reserved 1048576K
Event: 19.684 GC heap after
Heap after GC invocations=16 (full 2):
 PSYoungGen      total 123904K, used 21988K [0x0000000795580000, 0x00000007a0f80000, 0x00000007c0000000)
  eden space 101888K, 0% used [0x0000000795580000,0x0000000795580000,0x000000079b900000)
  from space 22016K, 99% used [0x000000079dc00000,0x000000079f179280,0x000000079f180000)
  to   space 35840K, 0% used [0x000000079b900000,0x000000079b900000,0x000000079dc00000)
 ParOldGen       total 75776K, used 75054K [0x0000000740000000, 0x0000000744a00000, 0x0000000795580000)
  object space 75776K, 99% used [0x0000000740000000,0x000000074494b9d0,0x0000000744a00000)
 Metaspace       used 53914K, capacity 54779K, committed 55296K, reserved 1097728K
  class space    used 6559K, capacity 6819K, committed 6912K, reserved 1048576K
}
Event: 19.684 GC heap before
{Heap before GC invocations=17 (full 3):
 PSYoungGen      total 123904K, used 21988K [0x0000000795580000, 0x00000007a0f80000, 0x00000007c0000000)
  eden space 101888K, 0% used [0x0000000795580000,0x0000000795580000,0x000000079b900000)
  from space 22016K, 99% used [0x000000079dc00000,0x000000079f179280,0x000000079f180000)
  to   space 35840K, 0% used [0x000000079b900000,0x000000079b900000,0x000000079dc00000)
 ParOldGen       total 75776K, used 75054K [0x0000000740000000, 0x0000000744a00000, 0x0000000795580000)
  object space 75776K, 99% used [0x0000000740000000,0x000000074494b9d0,0x0000000744a00000)
 Metaspace       used 53914K, capacity 54779K, committed 55296K, reserved 1097728K
  class space    used 6559K, capacity 6819K, committed 6912K, reserved 1048576K

