# JRE version: OpenJDK Runtime Environment (8.0_152-b01) (build 1.8.0_152-release-1024-b01)
# Java VM: OpenJDK 64-Bit Server VM (25.152-b01 mixed mode bsd-amd64 compressed oops)
Heap:
 PSYoungGen      total 407552K, used 376565K [0x0000000795580000, 0x00000007b4d00000, 0x00000007c0000000)
  eden space 343552K, 90% used [0x0000000795580000,0x00000007a86c2458,0x00000007aa500000)
  from space 64000K, 99% used [0x00000007aef80000,0x00000007b2dfb048,0x00000007b2e00000)
  to   space 76288K, 0% used [0x00000007aa500000,0x00000007aa500000,0x00000007aef80000)
 ParOldGen       total 178176K, used 93314K [0x0000000740000000, 0x000000074ae00000, 0x0000000795580000)
  object space 178176K, 52% used [0x0000000740000000,0x0000000745b20aa8,0x000000074ae00000)
 Metaspace       used 94511K, capacity 97433K, committed 97536K, reserved 1134592K
  class space    used 11073K, capacity 11748K, committed 11776K, reserved 1048576K
GC Heap History (10 events):
Event: 54.043 GC heap before
{Heap before GC invocations=24 (full 5):
 PSYoungGen      total 284672K, used 284201K [0x0000000795580000, 0x00000007ac680000, 0x00000007c0000000)
  eden space 246784K, 100% used [0x0000000795580000,0x00000007a4680000,0x00000007a4680000)
  from space 37888K, 98% used [0x00000007aa180000,0x00000007ac60a590,0x00000007ac680000)
  to   space 63488K, 0% used [0x00000007a4a80000,0x00000007a4a80000,0x00000007a8880000)
 ParOldGen       total 110592K, used 54171K [0x0000000740000000, 0x0000000746c00000, 0x0000000795580000)
  object space 110592K, 48% used [0x0000000740000000,0x00000007434e6ef0,0x0000000746c00000)
 Metaspace       used 79496K, capacity 81479K, committed 81792K, reserved 1122304K
  class space    used 9316K, capacity 9759K, committed 9856K, reserved 1048576K
Event: 54.492 GC heap after
Heap after GC invocations=24 (full 5):
 PSYoungGen      total 314368K, used 15187K [0x0000000795580000, 0x00000007af980000, 0x00000007c0000000)
  eden space 250880K, 0% used [0x0000000795580000,0x0000000795580000,0x00000007a4a80000)
  from space 63488K, 23% used [0x00000007a4a80000,0x00000007a5954e08,0x00000007a8880000)
  to   space 61440K, 0% used [0x00000007abd80000,0x00000007abd80000,0x00000007af980000)
 ParOldGen       total 110592K, used 82426K [0x0000000740000000, 0x0000000746c00000, 0x0000000795580000)
  object space 110592K, 74% used [0x0000000740000000,0x000000074507e8d8,0x0000000746c00000)
 Metaspace       used 79496K, capacity 81479K, committed 81792K, reserved 1122304K
  class space    used 9316K, capacity 9759K, committed 9856K, reserved 1048576K
}
Event: 54.492 GC heap before
{Heap before GC invocations=25 (full 6):
 PSYoungGen      total 314368K, used 15187K [0x0000000795580000, 0x00000007af980000, 0x00000007c0000000)
  eden space 250880K, 0% used [0x0000000795580000,0x0000000795580000,0x00000007a4a80000)
  from space 63488K, 23% used [0x00000007a4a80000,0x00000007a5954e08,0x00000007a8880000)
  to   space 61440K, 0% used [0x00000007abd80000,0x00000007abd80000,0x00000007af980000)
 ParOldGen       total 110592K, used 82426K [0x0000000740000000, 0x0000000746c00000, 0x0000000795580000)
  object space 110592K, 74% used [0x0000000740000000,0x000000074507e8d8,0x0000000746c00000)
 Metaspace       used 79496K, capacity 81479K, committed 81792K, reserved 1122304K
  class space    used 9316K, capacity 9759K, committed 9856K, reserved 1048576K
Event: 55.997 GC heap after
Heap after GC invocations=25 (full 6):
 PSYoungGen      total 314368K, used 0K [0x0000000795580000, 0x00000007af980000, 0x00000007c0000000)
  eden space 250880K, 0% used [0x0000000795580000,0x0000000795580000,0x00000007a4a80000)
  from space 63488K, 0% used [0x00000007a4a80000,0x00000007a4a80000,0x00000007a8880000)
  to   space 61440K, 0% used [0x00000007abd80000,0x00000007abd80000,0x00000007af980000)
 ParOldGen       total 178176K, used 82641K [0x0000000740000000, 0x000000074ae00000, 0x0000000795580000)
  object space 178176K, 46% used [0x0000000740000000,0x00000007450b4618,0x000000074ae00000)
 Metaspace       used 79496K, capacity 81479K, committed 81792K, reserved 1122304K
  class space    used 9316K, capacity 9759K, committed 9856K, reserved 1048576K
}
Event: 1629.490 GC heap before
{Heap before GC invocations=26 (full 6):
 PSYoungGen      total 314368K, used 250880K [0x0000000795580000, 0x00000007af980000, 0x00000007c0000000)
  eden space 250880K, 100% used [0x0000000795580000,0x00000007a4a80000,0x00000007a4a80000)
  from space 63488K, 0% used [0x00000007a4a80000,0x00000007a4a80000,0x00000007a8880000)
  to   space 61440K, 0% used [0x00000007abd80000,0x00000007abd80000,0x00000007af980000)
 ParOldGen       total 178176K, used 82641K [0x0000000740000000, 0x000000074ae00000, 0x0000000795580000)
  object space 178176K, 46% used [0x0000000740000000,0x00000007450b4618,0x000000074ae00000)
 Metaspace       used 81352K, capacity 83683K, committed 83712K, reserved 1122304K
  class space    used 9474K, capacity 9979K, committed 9984K, reserved 1048576K
Event: 1630.175 GC heap after
Heap after GC invocations=26 (full 6):
 PSYoungGen      total 363008K, used 44433K [0x0000000795580000, 0x00000007afb00000, 0x00000007c0000000)
  eden space 301568K, 0% used [0x0000000795580000,0x0000000795580000,0x00000007a7c00000)
  from space 61440K, 72% used [0x00000007abd80000,0x00000007ae8e4670,0x00000007af980000)
  to   space 65024K, 0% used [0x00000007a7c00000,0x00000007a7c00000,0x00000007abb80000)
 ParOldGen       total 178176K, used 82649K [0x0000000740000000, 0x000000074ae00000, 0x0000000795580000)
  object space 178176K, 46% used [0x0000000740000000,0x00000007450b6618,0x000000074ae00000)
 Metaspace       used 81352K, capacity 83683K, committed 83712K, reserved 1122304K
  class space    used 9474K, capacity 9979K, committed 9984K, reserved 1048576K
}
Event: 1691.325 GC heap before
{Heap before GC invocations=27 (full 6):
 PSYoungGen      total 363008K, used 345947K [0x0000000795580000, 0x00000007afb00000, 0x00000007c0000000)
  eden space 301568K, 99% used [0x0000000795580000,0x00000007a7bf2758,0x00000007a7c00000)
  from space 61440K, 72% used [0x00000007abd80000,0x00000007ae8e4670,0x00000007af980000)
  to   space 65024K, 0% used [0x00000007a7c00000,0x00000007a7c00000,0x00000007abb80000)
 ParOldGen       total 178176K, used 82649K [0x0000000740000000, 0x000000074ae00000, 0x0000000795580000)
  object space 178176K, 46% used [0x0000000740000000,0x00000007450b6618,0x000000074ae00000)
 Metaspace       used 84161K, capacity 86657K, committed 86912K, reserved 1126400K
  class space    used 9704K, capacity 10298K, committed 10368K, reserved 1048576K
Event: 1691.742 GC heap after
Heap after GC invocations=27 (full 6):
 PSYoungGen      total 366592K, used 11708K [0x0000000795580000, 0x00000007b2e00000, 0x00000007c0000000)
  eden space 301568K, 0% used [0x0000000795580000,0x0000000795580000,0x00000007a7c00000)
  from space 65024K, 18% used [0x00000007a7c00000,0x00000007a876f290,0x00000007abb80000)
  to   space 64000K, 0% used [0x00000007aef80000,0x00000007aef80000,0x00000007b2e00000)
 ParOldGen       total 178176K, used 87361K [0x0000000740000000, 0x000000074ae00000, 0x0000000795580000)
  object space 178176K, 49% used [0x0000000740000000,0x00000007455507d0,0x000000074ae00000)
 Metaspace       used 84161K, capacity 86657K, committed 86912K, reserved 1126400K
  class space    used 9704K, capacity 10298K, committed 10368K, reserved 1048576K
}
Event: 1705.115 GC heap before
{Heap before GC invocations=28 (full 6):
 PSYoungGen      total 366592K, used 313276K [0x0000000795580000, 0x00000007b2e00000, 0x00000007c0000000)
  eden space 301568K, 100% used [0x0000000795580000,0x00000007a7c00000,0x00000007a7c00000)
  from space 65024K, 18% used [0x00000007a7c00000,0x00000007a876f290,0x00000007abb80000)
  to   space 64000K, 0% used [0x00000007aef80000,0x00000007aef80000,0x00000007b2e00000)
 ParOldGen       total 178176K, used 87361K [0x0000000740000000, 0x000000074ae00000, 0x0000000795580000)
  object space 178176K, 49% used [0x0000000740000000,0x00000007455507d0,0x000000074ae00000)
 Metaspace       used 93005K, capacity 95769K, committed 96000K, reserved 1134592K
  class space    used 10869K, capacity 11496K, committed 11520K, reserved 1048576K
Event: 1705.902 GC heap after
Heap after GC invocations=28 (full 6):
 PSYoungGen      total 407552K, used 63980K [0x0000000795580000, 0x00000007b4d00000, 0x00000007c0000000)
  eden space 343552K, 0% used [0x0000000795580000,0x0000000795580000,0x00000007aa500000)
  from space 64000K, 99% used [0x00000007aef80000,0x00000007b2dfb048,0x00000007b2e00000)
  to   space 76288K, 0% used [0x00000007aa500000,0x00000007aa500000,0x00000007aef80000)
 ParOldGen       total 178176K, used 93314K [0x0000000740000000, 0x000000074ae00000, 0x0000000795580000)
  object space 178176K, 52% used [0x0000000740000000,0x0000000745b20aa8,0x000000074ae00000)
 Metaspace       used 93005K, capacity 95769K, committed 96000K, reserved 1134592K
  class space    used 10869K, capacity 11496K, committed 11520K, reserved 1048576K
}

