# JRE version: OpenJDK Runtime Environment (8.0_152-b01) (build 1.8.0_152-release-1024-b01)
# Java VM: OpenJDK 64-Bit Server VM (25.152-b01 mixed mode bsd-amd64 compressed oops)
Heap:
 PSYoungGen      total 409600K, used 181872K [0x0000000795580000, 0x00000007be900000, 0x00000007c0000000)
  eden space 188928K, 0% used [0x0000000795580000,0x0000000795580000,0x00000007a0e00000)
  from space 220672K, 82% used [0x00000007a0e00000,0x00000007abf9c3c8,0x00000007ae580000)
  to   space 232960K, 0% used [0x00000007b0580000,0x00000007b0580000,0x00000007be900000)
 ParOldGen       total 549888K, used 521872K [0x0000000740000000, 0x0000000761900000, 0x0000000795580000)
  object space 549888K, 94% used [0x0000000740000000,0x000000075fda4058,0x0000000761900000)
 Metaspace       used 70760K, capacity 73596K, committed 73856K, reserved 1112064K
  class space    used 9591K, capacity 10251K, committed 10368K, reserved 1048576K
GC Heap History (10 events):
Event: 223.274 GC heap after
Heap after GC invocations=118 (full 11):
 PSYoungGen      total 326144K, used 138220K [0x0000000795580000, 0x00000007b5780000, 0x00000007c0000000)
  eden space 187904K, 0% used [0x0000000795580000,0x0000000795580000,0x00000007a0d00000)
  from space 138240K, 99% used [0x00000007a0d00000,0x00000007a93fb098,0x00000007a9400000)
  to   space 160256K, 0% used [0x00000007abb00000,0x00000007abb00000,0x00000007b5780000)
 ParOldGen       total 549888K, used 451487K [0x0000000740000000, 0x0000000761900000, 0x0000000795580000)
  object space 549888K, 82% used [0x0000000740000000,0x000000075b8e7f68,0x0000000761900000)
 Metaspace       used 70757K, capacity 73596K, committed 73856K, reserved 1112064K
  class space    used 9591K, capacity 10251K, committed 10368K, reserved 1048576K
}
Event: 223.934 GC heap before
{Heap before GC invocations=119 (full 11):
 PSYoungGen      total 326144K, used 326124K [0x0000000795580000, 0x00000007b5780000, 0x00000007c0000000)
  eden space 187904K, 100% used [0x0000000795580000,0x00000007a0d00000,0x00000007a0d00000)
  from space 138240K, 99% used [0x00000007a0d00000,0x00000007a93fb098,0x00000007a9400000)
  to   space 160256K, 0% used [0x00000007abb00000,0x00000007abb00000,0x00000007b5780000)
 ParOldGen       total 549888K, used 451487K [0x0000000740000000, 0x0000000761900000, 0x0000000795580000)
  object space 549888K, 82% used [0x0000000740000000,0x000000075b8e7f68,0x0000000761900000)
 Metaspace       used 70758K, capacity 73596K, committed 73856K, reserved 1112064K
  class space    used 9591K, capacity 10251K, committed 10368K, reserved 1048576K
Event: 224.228 GC heap after
Heap after GC invocations=119 (full 11):
 PSYoungGen      total 348672K, used 152538K [0x0000000795580000, 0x00000007b7a00000, 0x00000007c0000000)
  eden space 188416K, 0% used [0x0000000795580000,0x0000000795580000,0x00000007a0d80000)
  from space 160256K, 95% used [0x00000007abb00000,0x00000007b4ff68d8,0x00000007b5780000)
  to   space 177664K, 0% used [0x00000007a0d80000,0x00000007a0d80000,0x00000007abb00000)
 ParOldGen       total 549888K, used 466762K [0x0000000740000000, 0x0000000761900000, 0x0000000795580000)
  object space 549888K, 84% used [0x0000000740000000,0x000000075c7d2828,0x0000000761900000)
 Metaspace       used 70758K, capacity 73596K, committed 73856K, reserved 1112064K
  class space    used 9591K, capacity 10251K, committed 10368K, reserved 1048576K
}
Event: 224.751 GC heap before
{Heap before GC invocations=120 (full 11):
 PSYoungGen      total 348672K, used 340954K [0x0000000795580000, 0x00000007b7a00000, 0x00000007c0000000)
  eden space 188416K, 100% used [0x0000000795580000,0x00000007a0d80000,0x00000007a0d80000)
  from space 160256K, 95% used [0x00000007abb00000,0x00000007b4ff68d8,0x00000007b5780000)
  to   space 177664K, 0% used [0x00000007a0d80000,0x00000007a0d80000,0x00000007abb00000)
 ParOldGen       total 549888K, used 466762K [0x0000000740000000, 0x0000000761900000, 0x0000000795580000)
  object space 549888K, 84% used [0x0000000740000000,0x000000075c7d2828,0x0000000761900000)
 Metaspace       used 70758K, capacity 73596K, committed 73856K, reserved 1112064K
  class space    used 9591K, capacity 10251K, committed 10368K, reserved 1048576K
Event: 225.001 GC heap after
Heap after GC invocations=120 (full 11):
 PSYoungGen      total 366080K, used 177632K [0x0000000795580000, 0x00000007bab80000, 0x00000007c0000000)
  eden space 188416K, 0% used [0x0000000795580000,0x0000000795580000,0x00000007a0d80000)
  from space 177664K, 99% used [0x00000007a0d80000,0x00000007abaf8260,0x00000007abb00000)
  to   space 202752K, 0% used [0x00000007ae580000,0x00000007ae580000,0x00000007bab80000)
 ParOldGen       total 549888K, used 469850K [0x0000000740000000, 0x0000000761900000, 0x0000000795580000)
  object space 549888K, 85% used [0x0000000740000000,0x000000075cad6828,0x0000000761900000)
 Metaspace       used 70758K, capacity 73596K, committed 73856K, reserved 1112064K
  class space    used 9591K, capacity 10251K, committed 10368K, reserved 1048576K
}
Event: 225.509 GC heap before
{Heap before GC invocations=121 (full 11):
 PSYoungGen      total 366080K, used 366048K [0x0000000795580000, 0x00000007bab80000, 0x00000007c0000000)
  eden space 188416K, 100% used [0x0000000795580000,0x00000007a0d80000,0x00000007a0d80000)
  from space 177664K, 99% used [0x00000007a0d80000,0x00000007abaf8260,0x00000007abb00000)
  to   space 202752K, 0% used [0x00000007ae580000,0x00000007ae580000,0x00000007bab80000)
 ParOldGen       total 549888K, used 469850K [0x0000000740000000, 0x0000000761900000, 0x0000000795580000)
  object space 549888K, 85% used [0x0000000740000000,0x000000075cad6828,0x0000000761900000)
 Metaspace       used 70758K, capacity 73596K, committed 73856K, reserved 1112064K
  class space    used 9591K, capacity 10251K, committed 10368K, reserved 1048576K
Event: 225.899 GC heap after
Heap after GC invocations=121 (full 11):
 PSYoungGen      total 391680K, used 175790K [0x0000000795580000, 0x00000007bcf80000, 0x00000007c0000000)
  eden space 188928K, 0% used [0x0000000795580000,0x0000000795580000,0x00000007a0e00000)
  from space 202752K, 86% used [0x00000007ae580000,0x00000007b912bb90,0x00000007bab80000)
  to   space 220672K, 0% used [0x00000007a0e00000,0x00000007a0e00000,0x00000007ae580000)
 ParOldGen       total 549888K, used 498593K [0x0000000740000000, 0x0000000761900000, 0x0000000795580000)
  object space 549888K, 90% used [0x0000000740000000,0x000000075e6e8750,0x0000000761900000)
 Metaspace       used 70758K, capacity 73596K, committed 73856K, reserved 1112064K
  class space    used 9591K, capacity 10251K, committed 10368K, reserved 1048576K
}
Event: 226.401 GC heap before
{Heap before GC invocations=122 (full 11):
 PSYoungGen      total 391680K, used 364718K [0x0000000795580000, 0x00000007bcf80000, 0x00000007c0000000)
  eden space 188928K, 100% used [0x0000000795580000,0x00000007a0e00000,0x00000007a0e00000)
  from space 202752K, 86% used [0x00000007ae580000,0x00000007b912bb90,0x00000007bab80000)
  to   space 220672K, 0% used [0x00000007a0e00000,0x00000007a0e00000,0x00000007ae580000)
 ParOldGen       total 549888K, used 498593K [0x0000000740000000, 0x0000000761900000, 0x0000000795580000)
  object space 549888K, 90% used [0x0000000740000000,0x000000075e6e8750,0x0000000761900000)
 Metaspace       used 70760K, capacity 73596K, committed 73856K, reserved 1112064K
  class space    used 9591K, capacity 10251K, committed 10368K, reserved 1048576K
Event: 226.817 GC heap after
Heap after GC invocations=122 (full 11):
 PSYoungGen      total 409600K, used 181872K [0x0000000795580000, 0x00000007be900000, 0x00000007c0000000)
  eden space 188928K, 0% used [0x0000000795580000,0x0000000795580000,0x00000007a0e00000)
  from space 220672K, 82% used [0x00000007a0e00000,0x00000007abf9c3c8,0x00000007ae580000)
  to   space 232960K, 0% used [0x00000007b0580000,0x00000007b0580000,0x00000007be900000)
 ParOldGen       total 549888K, used 521872K [0x0000000740000000, 0x0000000761900000, 0x0000000795580000)
  object space 549888K, 94% used [0x0000000740000000,0x000000075fda4058,0x0000000761900000)
 Metaspace       used 70760K, capacity 73596K, committed 73856K, reserved 1112064K
  class space    used 9591K, capacity 10251K, committed 10368K, reserved 1048576K
}
Event: 226.817 GC heap before
{Heap before GC invocations=123 (full 12):
 PSYoungGen      total 409600K, used 181872K [0x0000000795580000, 0x00000007be900000, 0x00000007c0000000)
  eden space 188928K, 0% used [0x0000000795580000,0x0000000795580000,0x00000007a0e00000)
  from space 220672K, 82% used [0x00000007a0e00000,0x00000007abf9c3c8,0x00000007ae580000)
  to   space 232960K, 0% used [0x00000007b0580000,0x00000007b0580000,0x00000007be900000)
 ParOldGen       total 549888K, used 521872K [0x0000000740000000, 0x0000000761900000, 0x0000000795580000)
  object space 549888K, 94% used [0x0000000740000000,0x000000075fda4058,0x0000000761900000)
 Metaspace       used 70760K, capacity 73596K, committed 73856K, reserved 1112064K
  class space    used 9591K, capacity 10251K, committed 10368K, reserved 1048576K

