# JRE version: OpenJDK Runtime Environment (8.0_152-b01) (build 1.8.0_152-release-1024-b01)
# Java VM: OpenJDK 64-Bit Server VM (25.152-b01 mixed mode bsd-amd64 compressed oops)
Heap:
 PSYoungGen      total 35840K, used 1313K [0x0000000795580000, 0x0000000798700000, 0x00000007c0000000)
  eden space 29696K, 0% used [0x0000000795580000,0x0000000795580000,0x0000000797280000)
  from space 6144K, 21% used [0x0000000797880000,0x00000007979c86c8,0x0000000797e80000)
  to   space 6144K, 0% used [0x0000000797280000,0x0000000797280000,0x0000000797880000)
 ParOldGen       total 26624K, used 15303K [0x0000000740000000, 0x0000000741a00000, 0x0000000795580000)
  object space 26624K, 57% used [0x0000000740000000,0x0000000740ef1ff8,0x0000000741a00000)
 Metaspace       used 34384K, capacity 35098K, committed 35416K, reserved 1079296K
  class space    used 4772K, capacity 5023K, committed 5120K, reserved 1048576K
GC Heap History (10 events):
Event: 14.931 GC heap after
Heap after GC invocations=15 (full 1):
 PSYoungGen      total 27136K, used 1362K [0x0000000795580000, 0x0000000797580000, 0x00000007c0000000)
  eden space 21504K, 0% used [0x0000000795580000,0x0000000795580000,0x0000000796a80000)
  from space 5632K, 24% used [0x0000000797000000,0x0000000797154998,0x0000000797580000)
  to   space 5632K, 0% used [0x0000000796a80000,0x0000000796a80000,0x0000000797000000)
 ParOldGen       total 26624K, used 11172K [0x0000000740000000, 0x0000000741a00000, 0x0000000795580000)
  object space 26624K, 41% used [0x0000000740000000,0x0000000740ae9080,0x0000000741a00000)
 Metaspace       used 27023K, capacity 27478K, committed 27776K, reserved 1073152K
  class space    used 3772K, capacity 3928K, committed 3968K, reserved 1048576K
}
Event: 15.283 GC heap before
{Heap before GC invocations=16 (full 1):
 PSYoungGen      total 27136K, used 22866K [0x0000000795580000, 0x0000000797580000, 0x00000007c0000000)
  eden space 21504K, 100% used [0x0000000795580000,0x0000000796a80000,0x0000000796a80000)
  from space 5632K, 24% used [0x0000000797000000,0x0000000797154998,0x0000000797580000)
  to   space 5632K, 0% used [0x0000000796a80000,0x0000000796a80000,0x0000000797000000)
 ParOldGen       total 26624K, used 11172K [0x0000000740000000, 0x0000000741a00000, 0x0000000795580000)
  object space 26624K, 41% used [0x0000000740000000,0x0000000740ae9080,0x0000000741a00000)
 Metaspace       used 28194K, capacity 28630K, committed 29056K, reserved 1075200K
  class space    used 3964K, capacity 4120K, committed 4224K, reserved 1048576K
Event: 15.287 GC heap after
Heap after GC invocations=16 (full 1):
 PSYoungGen      total 27136K, used 1884K [0x0000000795580000, 0x0000000797e80000, 0x00000007c0000000)
  eden space 21504K, 0% used [0x0000000795580000,0x0000000795580000,0x0000000796a80000)
  from space 5632K, 33% used [0x0000000796a80000,0x0000000796c57390,0x0000000797000000)
  to   space 5632K, 0% used [0x0000000797900000,0x0000000797900000,0x0000000797e80000)
 ParOldGen       total 26624K, used 11627K [0x0000000740000000, 0x0000000741a00000, 0x0000000795580000)
  object space 26624K, 43% used [0x0000000740000000,0x0000000740b5af10,0x0000000741a00000)
 Metaspace       used 28194K, capacity 28630K, committed 29056K, reserved 1075200K
  class space    used 3964K, capacity 4120K, committed 4224K, reserved 1048576K
}
Event: 16.405 GC heap before
{Heap before GC invocations=17 (full 1):
 PSYoungGen      total 27136K, used 23388K [0x0000000795580000, 0x0000000797e80000, 0x00000007c0000000)
  eden space 21504K, 100% used [0x0000000795580000,0x0000000796a80000,0x0000000796a80000)
  from space 5632K, 33% used [0x0000000796a80000,0x0000000796c57390,0x0000000797000000)
  to   space 5632K, 0% used [0x0000000797900000,0x0000000797900000,0x0000000797e80000)
 ParOldGen       total 26624K, used 11627K [0x0000000740000000, 0x0000000741a00000, 0x0000000795580000)
  object space 26624K, 43% used [0x0000000740000000,0x0000000740b5af10,0x0000000741a00000)
 Metaspace       used 29212K, capacity 29614K, committed 29952K, reserved 1075200K
  class space    used 4104K, capacity 4256K, committed 4352K, reserved 1048576K
Event: 16.410 GC heap after
Heap after GC invocations=17 (full 1):
 PSYoungGen      total 35328K, used 1985K [0x0000000795580000, 0x0000000797e00000, 0x00000007c0000000)
  eden space 30208K, 0% used [0x0000000795580000,0x0000000795580000,0x0000000797300000)
  from space 5120K, 38% used [0x0000000797900000,0x0000000797af0660,0x0000000797e00000)
  to   space 5632K, 0% used [0x0000000797300000,0x0000000797300000,0x0000000797880000)
 ParOldGen       total 26624K, used 12195K [0x0000000740000000, 0x0000000741a00000, 0x0000000795580000)
  object space 26624K, 45% used [0x0000000740000000,0x0000000740be8f10,0x0000000741a00000)
 Metaspace       used 29212K, capacity 29614K, committed 29952K, reserved 1075200K
  class space    used 4104K, capacity 4256K, committed 4352K, reserved 1048576K
}
Event: 19.317 GC heap before
{Heap before GC invocations=18 (full 1):
 PSYoungGen      total 35328K, used 32193K [0x0000000795580000, 0x0000000797e00000, 0x00000007c0000000)
  eden space 30208K, 100% used [0x0000000795580000,0x0000000797300000,0x0000000797300000)
  from space 5120K, 38% used [0x0000000797900000,0x0000000797af0660,0x0000000797e00000)
  to   space 5632K, 0% used [0x0000000797300000,0x0000000797300000,0x0000000797880000)
 ParOldGen       total 26624K, used 12195K [0x0000000740000000, 0x0000000741a00000, 0x0000000795580000)
  object space 26624K, 45% used [0x0000000740000000,0x0000000740be8f10,0x0000000741a00000)
 Metaspace       used 33305K, capacity 34010K, committed 34432K, reserved 1079296K
  class space    used 4646K, capacity 4895K, committed 4992K, reserved 1048576K
Event: 19.325 GC heap after
Heap after GC invocations=18 (full 1):
 PSYoungGen      total 35328K, used 4189K [0x0000000795580000, 0x0000000797e80000, 0x00000007c0000000)
  eden space 29696K, 0% used [0x0000000795580000,0x0000000795580000,0x0000000797280000)
  from space 5632K, 74% used [0x0000000797300000,0x00000007977176d8,0x0000000797880000)
  to   space 6144K, 0% used [0x0000000797880000,0x0000000797880000,0x0000000797e80000)
 ParOldGen       total 26624K, used 13267K [0x0000000740000000, 0x0000000741a00000, 0x0000000795580000)
  object space 26624K, 49% used [0x0000000740000000,0x0000000740cf4fc0,0x0000000741a00000)
 Metaspace       used 33305K, capacity 34010K, committed 34432K, reserved 1079296K
  class space    used 4646K, capacity 4895K, committed 4992K, reserved 1048576K
}
Event: 19.730 GC heap before
{Heap before GC invocations=19 (full 1):
 PSYoungGen      total 35328K, used 13901K [0x0000000795580000, 0x0000000797e80000, 0x00000007c0000000)
  eden space 29696K, 32% used [0x0000000795580000,0x0000000795efc0d8,0x0000000797280000)
  from space 5632K, 74% used [0x0000000797300000,0x00000007977176d8,0x0000000797880000)
  to   space 6144K, 0% used [0x0000000797880000,0x0000000797880000,0x0000000797e80000)
 ParOldGen       total 26624K, used 13267K [0x0000000740000000, 0x0000000741a00000, 0x0000000795580000)
  object space 26624K, 49% used [0x0000000740000000,0x0000000740cf4fc0,0x0000000741a00000)
 Metaspace       used 34384K, capacity 35098K, committed 35416K, reserved 1079296K
  class space    used 4772K, capacity 5023K, committed 5120K, reserved 1048576K
Event: 19.736 GC heap after
Heap after GC invocations=19 (full 1):
 PSYoungGen      total 35840K, used 1313K [0x0000000795580000, 0x0000000798700000, 0x00000007c0000000)
  eden space 29696K, 0% used [0x0000000795580000,0x0000000795580000,0x0000000797280000)
  from space 6144K, 21% used [0x0000000797880000,0x00000007979c86c8,0x0000000797e80000)
  to   space 6144K, 0% used [0x0000000797280000,0x0000000797280000,0x0000000797880000)
 ParOldGen       total 26624K, used 15303K [0x0000000740000000, 0x0000000741a00000, 0x0000000795580000)
  object space 26624K, 57% used [0x0000000740000000,0x0000000740ef1ff8,0x0000000741a00000)
 Metaspace       used 34384K, capacity 35098K, committed 35416K, reserved 1079296K
  class space    used 4772K, capacity 5023K, committed 5120K, reserved 1048576K
}
Event: 19.736 GC heap before
{Heap before GC invocations=20 (full 2):
 PSYoungGen      total 35840K, used 1313K [0x0000000795580000, 0x0000000798700000, 0x00000007c0000000)
  eden space 29696K, 0% used [0x0000000795580000,0x0000000795580000,0x0000000797280000)
  from space 6144K, 21% used [0x0000000797880000,0x00000007979c86c8,0x0000000797e80000)
  to   space 6144K, 0% used [0x0000000797280000,0x0000000797280000,0x0000000797880000)
 ParOldGen       total 26624K, used 15303K [0x0000000740000000, 0x0000000741a00000, 0x0000000795580000)
  object space 26624K, 57% used [0x0000000740000000,0x0000000740ef1ff8,0x0000000741a00000)
 Metaspace       used 34384K, capacity 35098K, committed 35416K, reserved 1079296K
  class space    used 4772K, capacity 5023K, committed 5120K, reserved 1048576K

