# JRE version: OpenJDK Runtime Environment (8.0_152-b01) (build 1.8.0_152-release-1024-b01)
# Java VM: OpenJDK 64-Bit Server VM (25.152-b01 mixed mode bsd-amd64 compressed oops)
Heap:
 PSYoungGen      total 159232K, used 38908K [0x00000007aab00000, 0x00000007b9a00000, 0x00000007c0000000)
  eden space 120320K, 0% used [0x00000007aab00000,0x00000007aab00000,0x00000007b2080000)
  from space 38912K, 99% used [0x00000007b5300000,0x00000007b78ff178,0x00000007b7900000)
  to   space 51712K, 0% used [0x00000007b2080000,0x00000007b2080000,0x00000007b5300000)
 ParOldGen       total 76288K, used 66004K [0x0000000780000000, 0x0000000784a80000, 0x00000007aab00000)
  object space 76288K, 86% used [0x0000000780000000,0x0000000784075018,0x0000000784a80000)
 Metaspace       used 46118K, capacity 47091K, committed 47232K, reserved 1091584K
  class space    used 5730K, capacity 5969K, committed 6016K, reserved 1048576K
GC Heap History (10 events):
Event: 6.793 GC heap after
Heap after GC invocations=10 (full 2):
 PSYoungGen      total 96768K, used 0K [0x00000007aab00000, 0x00000007b3880000, 0x00000007c0000000)
  eden space 83456K, 0% used [0x00000007aab00000,0x00000007aab00000,0x00000007afc80000)
  from space 13312K, 0% used [0x00000007b1080000,0x00000007b1080000,0x00000007b1d80000)
  to   space 20480K, 0% used [0x00000007afc80000,0x00000007afc80000,0x00000007b1080000)
 ParOldGen       total 76288K, used 32017K [0x0000000780000000, 0x0000000784a80000, 0x00000007aab00000)
  object space 76288K, 41% used [0x0000000780000000,0x0000000781f444a0,0x0000000784a80000)
 Metaspace       used 32865K, capacity 33309K, committed 33792K, reserved 1079296K
  class space    used 4103K, capacity 4256K, committed 4352K, reserved 1048576K
}
Event: 9.238 GC heap before
{Heap before GC invocations=11 (full 2):
 PSYoungGen      total 96768K, used 83456K [0x00000007aab00000, 0x00000007b3880000, 0x00000007c0000000)
  eden space 83456K, 100% used [0x00000007aab00000,0x00000007afc80000,0x00000007afc80000)
  from space 13312K, 0% used [0x00000007b1080000,0x00000007b1080000,0x00000007b1d80000)
  to   space 20480K, 0% used [0x00000007afc80000,0x00000007afc80000,0x00000007b1080000)
 ParOldGen       total 76288K, used 32017K [0x0000000780000000, 0x0000000784a80000, 0x00000007aab00000)
  object space 76288K, 41% used [0x0000000780000000,0x0000000781f444a0,0x0000000784a80000)
 Metaspace       used 33841K, capacity 34333K, committed 34816K, reserved 1079296K
  class space    used 4149K, capacity 4320K, committed 4352K, reserved 1048576K
Event: 9.282 GC heap after
Heap after GC invocations=11 (full 2):
 PSYoungGen      total 103936K, used 20453K [0x00000007aab00000, 0x00000007b5180000, 0x00000007c0000000)
  eden space 83456K, 0% used [0x00000007aab00000,0x00000007aab00000,0x00000007afc80000)
  from space 20480K, 99% used [0x00000007afc80000,0x00000007b10796e8,0x00000007b1080000)
  to   space 30720K, 0% used [0x00000007b3380000,0x00000007b3380000,0x00000007b5180000)
 ParOldGen       total 76288K, used 48880K [0x0000000780000000, 0x0000000784a80000, 0x00000007aab00000)
  object space 76288K, 64% used [0x0000000780000000,0x0000000782fbc088,0x0000000784a80000)
 Metaspace       used 33841K, capacity 34333K, committed 34816K, reserved 1079296K
  class space    used 4149K, capacity 4320K, committed 4352K, reserved 1048576K
}
Event: 13.088 GC heap before
{Heap before GC invocations=12 (full 2):
 PSYoungGen      total 103936K, used 103909K [0x00000007aab00000, 0x00000007b5180000, 0x00000007c0000000)
  eden space 83456K, 100% used [0x00000007aab00000,0x00000007afc80000,0x00000007afc80000)
  from space 20480K, 99% used [0x00000007afc80000,0x00000007b10796e8,0x00000007b1080000)
  to   space 30720K, 0% used [0x00000007b3380000,0x00000007b3380000,0x00000007b5180000)
 ParOldGen       total 76288K, used 48880K [0x0000000780000000, 0x0000000784a80000, 0x00000007aab00000)
  object space 76288K, 64% used [0x0000000780000000,0x0000000782fbc088,0x0000000784a80000)
 Metaspace       used 38704K, capacity 39301K, committed 39552K, reserved 1083392K
  class space    used 4761K, capacity 4936K, committed 4992K, reserved 1048576K
Event: 13.121 GC heap after
Heap after GC invocations=12 (full 2):
 PSYoungGen      total 135680K, used 28304K [0x00000007aab00000, 0x00000007b5780000, 0x00000007c0000000)
  eden space 104960K, 0% used [0x00000007aab00000,0x00000007aab00000,0x00000007b1180000)
  from space 30720K, 92% used [0x00000007b3380000,0x00000007b4f24030,0x00000007b5180000)
  to   space 34816K, 0% used [0x00000007b1180000,0x00000007b1180000,0x00000007b3380000)
 ParOldGen       total 76288K, used 48888K [0x0000000780000000, 0x0000000784a80000, 0x00000007aab00000)
  object space 76288K, 64% used [0x0000000780000000,0x0000000782fbe088,0x0000000784a80000)
 Metaspace       used 38704K, capacity 39301K, committed 39552K, reserved 1083392K
  class space    used 4761K, capacity 4936K, committed 4992K, reserved 1048576K
}
Event: 15.337 GC heap before
{Heap before GC invocations=13 (full 2):
 PSYoungGen      total 135680K, used 133264K [0x00000007aab00000, 0x00000007b5780000, 0x00000007c0000000)
  eden space 104960K, 100% used [0x00000007aab00000,0x00000007b1180000,0x00000007b1180000)
  from space 30720K, 92% used [0x00000007b3380000,0x00000007b4f24030,0x00000007b5180000)
  to   space 34816K, 0% used [0x00000007b1180000,0x00000007b1180000,0x00000007b3380000)
 ParOldGen       total 76288K, used 48888K [0x0000000780000000, 0x0000000784a80000, 0x00000007aab00000)
  object space 76288K, 64% used [0x0000000780000000,0x0000000782fbe088,0x0000000784a80000)
 Metaspace       used 45264K, capacity 46139K, committed 46336K, reserved 1089536K
  class space    used 5639K, capacity 5883K, committed 5888K, reserved 1048576K
Event: 15.370 GC heap after
Heap after GC invocations=13 (full 2):
 PSYoungGen      total 139776K, used 31095K [0x00000007aab00000, 0x00000007b7900000, 0x00000007c0000000)
  eden space 104960K, 0% used [0x00000007aab00000,0x00000007aab00000,0x00000007b1180000)
  from space 34816K, 89% used [0x00000007b1180000,0x00000007b2fddf28,0x00000007b3380000)
  to   space 38912K, 0% used [0x00000007b5300000,0x00000007b5300000,0x00000007b7900000)
 ParOldGen       total 76288K, used 48896K [0x0000000780000000, 0x0000000784a80000, 0x00000007aab00000)
  object space 76288K, 64% used [0x0000000780000000,0x0000000782fc0088,0x0000000784a80000)
 Metaspace       used 45264K, capacity 46139K, committed 46336K, reserved 1089536K
  class space    used 5639K, capacity 5883K, committed 5888K, reserved 1048576K
}
Event: 16.299 GC heap before
{Heap before GC invocations=14 (full 2):
 PSYoungGen      total 139776K, used 136055K [0x00000007aab00000, 0x00000007b7900000, 0x00000007c0000000)
  eden space 104960K, 100% used [0x00000007aab00000,0x00000007b1180000,0x00000007b1180000)
  from space 34816K, 89% used [0x00000007b1180000,0x00000007b2fddf28,0x00000007b3380000)
  to   space 38912K, 0% used [0x00000007b5300000,0x00000007b5300000,0x00000007b7900000)
 ParOldGen       total 76288K, used 48896K [0x0000000780000000, 0x0000000784a80000, 0x00000007aab00000)
  object space 76288K, 64% used [0x0000000780000000,0x0000000782fc0088,0x0000000784a80000)
 Metaspace       used 46118K, capacity 47091K, committed 47232K, reserved 1091584K
  class space    used 5730K, capacity 5969K, committed 6016K, reserved 1048576K
Event: 16.367 GC heap after
Heap after GC invocations=14 (full 2):
 PSYoungGen      total 159232K, used 38908K [0x00000007aab00000, 0x00000007b9a00000, 0x00000007c0000000)
  eden space 120320K, 0% used [0x00000007aab00000,0x00000007aab00000,0x00000007b2080000)
  from space 38912K, 99% used [0x00000007b5300000,0x00000007b78ff178,0x00000007b7900000)
  to   space 51712K, 0% used [0x00000007b2080000,0x00000007b2080000,0x00000007b5300000)
 ParOldGen       total 76288K, used 66004K [0x0000000780000000, 0x0000000784a80000, 0x00000007aab00000)
  object space 76288K, 86% used [0x0000000780000000,0x0000000784075018,0x0000000784a80000)
 Metaspace       used 46118K, capacity 47091K, committed 47232K, reserved 1091584K
  class space    used 5730K, capacity 5969K, committed 6016K, reserved 1048576K
}
Event: 16.367 GC heap before
{Heap before GC invocations=15 (full 3):
 PSYoungGen      total 159232K, used 38908K [0x00000007aab00000, 0x00000007b9a00000, 0x00000007c0000000)
  eden space 120320K, 0% used [0x00000007aab00000,0x00000007aab00000,0x00000007b2080000)
  from space 38912K, 99% used [0x00000007b5300000,0x00000007b78ff178,0x00000007b7900000)
  to   space 51712K, 0% used [0x00000007b2080000,0x00000007b2080000,0x00000007b5300000)
 ParOldGen       total 76288K, used 66004K [0x0000000780000000, 0x0000000784a80000, 0x00000007aab00000)
  object space 76288K, 86% used [0x0000000780000000,0x0000000784075018,0x0000000784a80000)
 Metaspace       used 46118K, capacity 47091K, committed 47232K, reserved 1091584K
  class space    used 5730K, capacity 5969K, committed 6016K, reserved 1048576K

