# JRE version: OpenJDK Runtime Environment (8.0_152-b01) (build 1.8.0_152-release-1024-b01)
# Java VM: OpenJDK 64-Bit Server VM (25.152-b01 mixed mode bsd-amd64 compressed oops)
Heap:
 PSYoungGen      total 465920K, used 90213K [0x0000000795580000, 0x00000007c0000000, 0x00000007c0000000)
  eden space 232960K, 26% used [0x0000000795580000,0x0000000799281690,0x00000007a3900000)
  from space 232960K, 11% used [0x00000007b1c80000,0x00000007b3798000,0x00000007c0000000)
  to   space 232960K, 0% used [0x00000007a3900000,0x00000007a3900000,0x00000007b1c80000)
 ParOldGen       total 1398272K, used 1177196K [0x0000000740000000, 0x0000000795580000, 0x0000000795580000)
  object space 1398272K, 84% used [0x0000000740000000,0x0000000787d9b380,0x0000000795580000)
 Metaspace       used 68471K, capacity 71134K, committed 71424K, reserved 1110016K
  class space    used 9220K, capacity 9877K, committed 9984K, reserved 1048576K
GC Heap History (10 events):
Event: 74.116 GC heap before
{Heap before GC invocations=48 (full 9):
 PSYoungGen      total 424448K, used 424439K [0x0000000795580000, 0x00000007c0000000, 0x00000007c0000000)
  eden space 232960K, 100% used [0x0000000795580000,0x00000007a3900000,0x00000007a3900000)
  from space 191488K, 99% used [0x00000007b4500000,0x00000007bfffdf10,0x00000007c0000000)
  to   space 232960K, 0% used [0x00000007a3900000,0x00000007a3900000,0x00000007b1c80000)
 ParOldGen       total 1203712K, used 986725K [0x0000000740000000, 0x0000000789780000, 0x0000000795580000)
  object space 1203712K, 81% used [0x0000000740000000,0x000000077c399458,0x0000000789780000)
 Metaspace       used 68346K, capacity 71064K, committed 71424K, reserved 1110016K
  class space    used 9215K, capacity 9876K, committed 9984K, reserved 1048576K
Event: 74.583 GC heap after
Heap after GC invocations=48 (full 9):
 PSYoungGen      total 465920K, used 159058K [0x0000000795580000, 0x00000007c0000000, 0x00000007c0000000)
  eden space 232960K, 0% used [0x0000000795580000,0x0000000795580000,0x00000007a3900000)
  from space 232960K, 68% used [0x00000007a3900000,0x00000007ad454a00,0x00000007b1c80000)
  to   space 232960K, 0% used [0x00000007b1c80000,0x00000007b1c80000,0x00000007c0000000)
 ParOldGen       total 1203712K, used 1065916K [0x0000000740000000, 0x0000000789780000, 0x0000000795580000)
  object space 1203712K, 88% used [0x0000000740000000,0x00000007810ef260,0x0000000789780000)
 Metaspace       used 68346K, capacity 71064K, committed 71424K, reserved 1110016K
  class space    used 9215K, capacity 9876K, committed 9984K, reserved 1048576K
}
Event: 75.185 GC heap before
{Heap before GC invocations=49 (full 9):
 PSYoungGen      total 465920K, used 392018K [0x0000000795580000, 0x00000007c0000000, 0x00000007c0000000)
  eden space 232960K, 100% used [0x0000000795580000,0x00000007a3900000,0x00000007a3900000)
  from space 232960K, 68% used [0x00000007a3900000,0x00000007ad454a00,0x00000007b1c80000)
  to   space 232960K, 0% used [0x00000007b1c80000,0x00000007b1c80000,0x00000007c0000000)
 ParOldGen       total 1203712K, used 1065916K [0x0000000740000000, 0x0000000789780000, 0x0000000795580000)
  object space 1203712K, 88% used [0x0000000740000000,0x00000007810ef260,0x0000000789780000)
 Metaspace       used 68346K, capacity 71064K, committed 71424K, reserved 1110016K
  class space    used 9215K, capacity 9876K, committed 9984K, reserved 1048576K
Event: 75.529 GC heap after
Heap after GC invocations=49 (full 9):
 PSYoungGen      total 465920K, used 127364K [0x0000000795580000, 0x00000007c0000000, 0x00000007c0000000)
  eden space 232960K, 0% used [0x0000000795580000,0x0000000795580000,0x00000007a3900000)
  from space 232960K, 54% used [0x00000007b1c80000,0x00000007b98e11d0,0x00000007c0000000)
  to   space 232960K, 0% used [0x00000007a3900000,0x00000007a3900000,0x00000007b1c80000)
 ParOldGen       total 1203712K, used 1131196K [0x0000000740000000, 0x0000000789780000, 0x0000000795580000)
  object space 1203712K, 93% used [0x0000000740000000,0x00000007850af1a0,0x0000000789780000)
 Metaspace       used 68346K, capacity 71064K, committed 71424K, reserved 1110016K
  class space    used 9215K, capacity 9876K, committed 9984K, reserved 1048576K
}
Event: 75.529 GC heap before
{Heap before GC invocations=50 (full 10):
 PSYoungGen      total 465920K, used 127364K [0x0000000795580000, 0x00000007c0000000, 0x00000007c0000000)
  eden space 232960K, 0% used [0x0000000795580000,0x0000000795580000,0x00000007a3900000)
  from space 232960K, 54% used [0x00000007b1c80000,0x00000007b98e11d0,0x00000007c0000000)
  to   space 232960K, 0% used [0x00000007a3900000,0x00000007a3900000,0x00000007b1c80000)
 ParOldGen       total 1203712K, used 1131196K [0x0000000740000000, 0x0000000789780000, 0x0000000795580000)
  object space 1203712K, 93% used [0x0000000740000000,0x00000007850af1a0,0x0000000789780000)
 Metaspace       used 68346K, capacity 71064K, committed 71424K, reserved 1110016K
  class space    used 9215K, capacity 9876K, committed 9984K, reserved 1048576K
Event: 82.780 GC heap after
Heap after GC invocations=50 (full 10):
 PSYoungGen      total 465920K, used 0K [0x0000000795580000, 0x00000007c0000000, 0x00000007c0000000)
  eden space 232960K, 0% used [0x0000000795580000,0x0000000795580000,0x00000007a3900000)
  from space 232960K, 0% used [0x00000007b1c80000,0x00000007b1c80000,0x00000007c0000000)
  to   space 232960K, 0% used [0x00000007a3900000,0x00000007a3900000,0x00000007b1c80000)
 ParOldGen       total 1398272K, used 1125526K [0x0000000740000000, 0x0000000795580000, 0x0000000795580000)
  object space 1398272K, 80% used [0x0000000740000000,0x0000000784b25b50,0x0000000795580000)
 Metaspace       used 68346K, capacity 71064K, committed 71424K, reserved 1110016K
  class space    used 9215K, capacity 9876K, committed 9984K, reserved 1048576K
}
Event: 84.987 GC heap before
{Heap before GC invocations=51 (full 10):
 PSYoungGen      total 465920K, used 232960K [0x0000000795580000, 0x00000007c0000000, 0x00000007c0000000)
  eden space 232960K, 100% used [0x0000000795580000,0x00000007a3900000,0x00000007a3900000)
  from space 232960K, 0% used [0x00000007b1c80000,0x00000007b1c80000,0x00000007c0000000)
  to   space 232960K, 0% used [0x00000007a3900000,0x00000007a3900000,0x00000007b1c80000)
 ParOldGen       total 1398272K, used 1125526K [0x0000000740000000, 0x0000000795580000, 0x0000000795580000)
  object space 1398272K, 80% used [0x0000000740000000,0x0000000784b25b50,0x0000000795580000)
 Metaspace       used 68412K, capacity 71070K, committed 71424K, reserved 1110016K
  class space    used 9218K, capacity 9877K, committed 9984K, reserved 1048576K
Event: 85.247 GC heap after
Heap after GC invocations=51 (full 10):
 PSYoungGen      total 465920K, used 51566K [0x0000000795580000, 0x00000007c0000000, 0x00000007c0000000)
  eden space 232960K, 0% used [0x0000000795580000,0x0000000795580000,0x00000007a3900000)
  from space 232960K, 22% used [0x00000007a3900000,0x00000007a6b5bb58,0x00000007b1c80000)
  to   space 232960K, 0% used [0x00000007b1c80000,0x00000007b1c80000,0x00000007c0000000)
 ParOldGen       total 1398272K, used 1125534K [0x0000000740000000, 0x0000000795580000, 0x0000000795580000)
  object space 1398272K, 80% used [0x0000000740000000,0x0000000784b27b50,0x0000000795580000)
 Metaspace       used 68412K, capacity 71070K, committed 71424K, reserved 1110016K
  class space    used 9218K, capacity 9877K, committed 9984K, reserved 1048576K
}
Event: 85.966 GC heap before
{Heap before GC invocations=52 (full 10):
 PSYoungGen      total 465920K, used 284526K [0x0000000795580000, 0x00000007c0000000, 0x00000007c0000000)
  eden space 232960K, 100% used [0x0000000795580000,0x00000007a3900000,0x00000007a3900000)
  from space 232960K, 22% used [0x00000007a3900000,0x00000007a6b5bb58,0x00000007b1c80000)
  to   space 232960K, 0% used [0x00000007b1c80000,0x00000007b1c80000,0x00000007c0000000)
 ParOldGen       total 1398272K, used 1125534K [0x0000000740000000, 0x0000000795580000, 0x0000000795580000)
  object space 1398272K, 80% used [0x0000000740000000,0x0000000784b27b50,0x0000000795580000)
 Metaspace       used 68444K, capacity 71134K, committed 71424K, reserved 1110016K
  class space    used 9219K, capacity 9877K, committed 9984K, reserved 1048576K
Event: 86.152 GC heap after
Heap after GC invocations=52 (full 10):
 PSYoungGen      total 465920K, used 27744K [0x0000000795580000, 0x00000007c0000000, 0x00000007c0000000)
  eden space 232960K, 0% used [0x0000000795580000,0x0000000795580000,0x00000007a3900000)
  from space 232960K, 11% used [0x00000007b1c80000,0x00000007b3798000,0x00000007c0000000)
  to   space 232960K, 0% used [0x00000007a3900000,0x00000007a3900000,0x00000007b1c80000)
 ParOldGen       total 1398272K, used 1177196K [0x0000000740000000, 0x0000000795580000, 0x0000000795580000)
  object space 1398272K, 84% used [0x0000000740000000,0x0000000787d9b380,0x0000000795580000)
 Metaspace       used 68444K, capacity 71134K, committed 71424K, reserved 1110016K
  class space    used 9219K, capacity 9877K, committed 9984K, reserved 1048576K
}

