# JRE version: OpenJDK Runtime Environment (8.0_152-b01) (build 1.8.0_152-release-1024-b01)
# Java VM: OpenJDK 64-Bit Server VM (25.152-b01 mixed mode bsd-amd64 compressed oops)
Heap:
 PSYoungGen      total 153088K, used 58920K [0x0000000795580000, 0x00000007a1f80000, 0x00000007c0000000)
  eden space 112640K, 23% used [0x0000000795580000,0x0000000796f474b0,0x000000079c380000)
  from space 40448K, 80% used [0x000000079c380000,0x000000079e342de8,0x000000079eb00000)
  to   space 44032K, 0% used [0x000000079f480000,0x000000079f480000,0x00000007a1f80000)
 ParOldGen       total 132096K, used 115676K [0x0000000740000000, 0x0000000748100000, 0x0000000795580000)
  object space 132096K, 87% used [0x0000000740000000,0x00000007470f7028,0x0000000748100000)
 Metaspace       used 100630K, capacity 104272K, committed 104408K, reserved 1138688K
  class space    used 13352K, capacity 14209K, committed 14336K, reserved 1048576K
GC Heap History (10 events):
Event: 71.040 GC heap before
{Heap before GC invocations=39 (full 4):
 PSYoungGen      total 127488K, used 127482K [0x0000000795580000, 0x000000079f380000, 0x00000007c0000000)
  eden space 105984K, 100% used [0x0000000795580000,0x000000079bd00000,0x000000079bd00000)
  from space 21504K, 99% used [0x000000079d600000,0x000000079eafeae8,0x000000079eb00000)
  to   space 25600K, 0% used [0x000000079bd00000,0x000000079bd00000,0x000000079d600000)
 ParOldGen       total 132096K, used 90573K [0x0000000740000000, 0x0000000748100000, 0x0000000795580000)
  object space 132096K, 68% used [0x0000000740000000,0x00000007458734d0,0x0000000748100000)
 Metaspace       used 77748K, capacity 80730K, committed 80984K, reserved 1120256K
  class space    used 10331K, capacity 11072K, committed 11136K, reserved 1048576K
Event: 71.104 GC heap after
Heap after GC invocations=39 (full 4):
 PSYoungGen      total 131584K, used 18658K [0x0000000795580000, 0x000000079f900000, 0x00000007c0000000)
  eden space 105984K, 0% used [0x0000000795580000,0x0000000795580000,0x000000079bd00000)
  from space 25600K, 72% used [0x000000079bd00000,0x000000079cf38a60,0x000000079d600000)
  to   space 27136K, 0% used [0x000000079de80000,0x000000079de80000,0x000000079f900000)
 ParOldGen       total 132096K, used 99022K [0x0000000740000000, 0x0000000748100000, 0x0000000795580000)
  object space 132096K, 74% used [0x0000000740000000,0x00000007460b3b70,0x0000000748100000)
 Metaspace       used 77748K, capacity 80730K, committed 80984K, reserved 1120256K
  class space    used 10331K, capacity 11072K, committed 11136K, reserved 1048576K
}
Event: 76.866 GC heap before
{Heap before GC invocations=40 (full 4):
 PSYoungGen      total 131584K, used 124642K [0x0000000795580000, 0x000000079f900000, 0x00000007c0000000)
  eden space 105984K, 100% used [0x0000000795580000,0x000000079bd00000,0x000000079bd00000)
  from space 25600K, 72% used [0x000000079bd00000,0x000000079cf38a60,0x000000079d600000)
  to   space 27136K, 0% used [0x000000079de80000,0x000000079de80000,0x000000079f900000)
 ParOldGen       total 132096K, used 99022K [0x0000000740000000, 0x0000000748100000, 0x0000000795580000)
  object space 132096K, 74% used [0x0000000740000000,0x00000007460b3b70,0x0000000748100000)
 Metaspace       used 84590K, capacity 87734K, committed 87896K, reserved 1124352K
  class space    used 11281K, capacity 12056K, committed 12160K, reserved 1048576K
Event: 76.901 GC heap after
Heap after GC invocations=40 (full 4):
 PSYoungGen      total 136704K, used 26163K [0x0000000795580000, 0x000000079ff80000, 0x00000007c0000000)
  eden space 109568K, 0% used [0x0000000795580000,0x0000000795580000,0x000000079c080000)
  from space 27136K, 96% used [0x000000079de80000,0x000000079f80ccb8,0x000000079f900000)
  to   space 30720K, 0% used [0x000000079c080000,0x000000079c080000,0x000000079de80000)
 ParOldGen       total 132096K, used 99030K [0x0000000740000000, 0x0000000748100000, 0x0000000795580000)
  object space 132096K, 74% used [0x0000000740000000,0x00000007460b5b70,0x0000000748100000)
 Metaspace       used 84590K, capacity 87734K, committed 87896K, reserved 1124352K
  class space    used 11281K, capacity 12056K, committed 12160K, reserved 1048576K
}
Event: 81.280 GC heap before
{Heap before GC invocations=41 (full 4):
 PSYoungGen      total 136704K, used 135731K [0x0000000795580000, 0x000000079ff80000, 0x00000007c0000000)
  eden space 109568K, 100% used [0x0000000795580000,0x000000079c080000,0x000000079c080000)
  from space 27136K, 96% used [0x000000079de80000,0x000000079f80ccb8,0x000000079f900000)
  to   space 30720K, 0% used [0x000000079c080000,0x000000079c080000,0x000000079de80000)
 ParOldGen       total 132096K, used 99030K [0x0000000740000000, 0x0000000748100000, 0x0000000795580000)
  object space 132096K, 74% used [0x0000000740000000,0x00000007460b5b70,0x0000000748100000)
 Metaspace       used 86805K, capacity 90218K, committed 90456K, reserved 1128448K
  class space    used 11565K, capacity 12382K, committed 12416K, reserved 1048576K
Event: 81.319 GC heap after
Heap after GC invocations=41 (full 4):
 PSYoungGen      total 140288K, used 30692K [0x0000000795580000, 0x00000007a0f00000, 0x00000007c0000000)
  eden space 109568K, 0% used [0x0000000795580000,0x0000000795580000,0x000000079c080000)
  from space 30720K, 99% used [0x000000079c080000,0x000000079de79348,0x000000079de80000)
  to   space 36864K, 0% used [0x000000079eb00000,0x000000079eb00000,0x00000007a0f00000)
 ParOldGen       total 132096K, used 102464K [0x0000000740000000, 0x0000000748100000, 0x0000000795580000)
  object space 132096K, 77% used [0x0000000740000000,0x0000000746410310,0x0000000748100000)
 Metaspace       used 86805K, capacity 90218K, committed 90456K, reserved 1128448K
  class space    used 11565K, capacity 12382K, committed 12416K, reserved 1048576K
}
Event: 89.481 GC heap before
{Heap before GC invocations=42 (full 4):
 PSYoungGen      total 140288K, used 140260K [0x0000000795580000, 0x00000007a0f00000, 0x00000007c0000000)
  eden space 109568K, 100% used [0x0000000795580000,0x000000079c080000,0x000000079c080000)
  from space 30720K, 99% used [0x000000079c080000,0x000000079de79348,0x000000079de80000)
  to   space 36864K, 0% used [0x000000079eb00000,0x000000079eb00000,0x00000007a0f00000)
 ParOldGen       total 132096K, used 102464K [0x0000000740000000, 0x0000000748100000, 0x0000000795580000)
  object space 132096K, 77% used [0x0000000740000000,0x0000000746410310,0x0000000748100000)
 Metaspace       used 95131K, capacity 98666K, committed 98904K, reserved 1134592K
  class space    used 12735K, capacity 13572K, committed 13696K, reserved 1048576K
Event: 89.546 GC heap after
Heap after GC invocations=42 (full 4):
 PSYoungGen      total 149504K, used 30147K [0x0000000795580000, 0x00000007a1600000, 0x00000007c0000000)
  eden space 112640K, 0% used [0x0000000795580000,0x0000000795580000,0x000000079c380000)
  from space 36864K, 81% used [0x000000079eb00000,0x00000007a0870ee0,0x00000007a0f00000)
  to   space 40448K, 0% used [0x000000079c380000,0x000000079c380000,0x000000079eb00000)
 ParOldGen       total 132096K, used 115668K [0x0000000740000000, 0x0000000748100000, 0x0000000795580000)
  object space 132096K, 87% used [0x0000000740000000,0x00000007470f5028,0x0000000748100000)
 Metaspace       used 95131K, capacity 98666K, committed 98904K, reserved 1134592K
  class space    used 12735K, capacity 13572K, committed 13696K, reserved 1048576K
}
Event: 95.954 GC heap before
{Heap before GC invocations=43 (full 4):
 PSYoungGen      total 149504K, used 142787K [0x0000000795580000, 0x00000007a1600000, 0x00000007c0000000)
  eden space 112640K, 100% used [0x0000000795580000,0x000000079c380000,0x000000079c380000)
  from space 36864K, 81% used [0x000000079eb00000,0x00000007a0870ee0,0x00000007a0f00000)
  to   space 40448K, 0% used [0x000000079c380000,0x000000079c380000,0x000000079eb00000)
 ParOldGen       total 132096K, used 115668K [0x0000000740000000, 0x0000000748100000, 0x0000000795580000)
  object space 132096K, 87% used [0x0000000740000000,0x00000007470f5028,0x0000000748100000)
 Metaspace       used 97228K, capacity 100880K, committed 101208K, reserved 1136640K
  class space    used 12950K, capacity 13825K, committed 13952K, reserved 1048576K
Event: 95.993 GC heap after
Heap after GC invocations=43 (full 4):
 PSYoungGen      total 153088K, used 32523K [0x0000000795580000, 0x00000007a1f80000, 0x00000007c0000000)
  eden space 112640K, 0% used [0x0000000795580000,0x0000000795580000,0x000000079c380000)
  from space 40448K, 80% used [0x000000079c380000,0x000000079e342de8,0x000000079eb00000)
  to   space 44032K, 0% used [0x000000079f480000,0x000000079f480000,0x00000007a1f80000)
 ParOldGen       total 132096K, used 115676K [0x0000000740000000, 0x0000000748100000, 0x0000000795580000)
  object space 132096K, 87% used [0x0000000740000000,0x00000007470f7028,0x0000000748100000)
 Metaspace       used 97228K, capacity 100880K, committed 101208K, reserved 1136640K
  class space    used 12950K, capacity 13825K, committed 13952K, reserved 1048576K
}

