# JRE version: OpenJDK Runtime Environment (8.0_152-b01) (build 1.8.0_152-release-1024-b01)
# Java VM: OpenJDK 64-Bit Server VM (25.152-b01 mixed mode bsd-amd64 compressed oops)
Heap:
 PSYoungGen      total 561152K, used 508486K [0x0000000795580000, 0x00000007bf680000, 0x00000007c0000000)
  eden space 442368K, 100% used [0x0000000795580000,0x00000007b0580000,0x00000007b0580000)
  from space 118784K, 55% used [0x00000007b8280000,0x00000007bc311a98,0x00000007bf680000)
  to   space 123392K, 49% used [0x00000007b0580000,0x00000007b4099010,0x00000007b7e00000)
 ParOldGen       total 1021952K, used 886296K [0x0000000740000000, 0x000000077e600000, 0x0000000795580000)
  object space 1021952K, 86% used [0x0000000740000000,0x00000007761861b0,0x000000077e600000)
 Metaspace       used 99119K, capacity 104447K, committed 110848K, reserved 1144832K
  class space    used 12686K, capacity 13806K, committed 14592K, reserved 1048576K
GC Heap History (10 events):
Event: 806.330 GC heap after
Heap after GC invocations=89 (full 14):
 PSYoungGen      total 525312K, used 59314K [0x0000000795580000, 0x00000007bf900000, 0x00000007c0000000)
  eden space 382976K, 0% used [0x0000000795580000,0x0000000795580000,0x00000007acb80000)
  from space 142336K, 41% used [0x00000007acb80000,0x00000007b056cab8,0x00000007b5680000)
  to   space 135680K, 0% used [0x00000007b7480000,0x00000007b7480000,0x00000007bf900000)
 ParOldGen       total 704000K, used 649863K [0x0000000740000000, 0x000000076af80000, 0x0000000795580000)
  object space 704000K, 92% used [0x0000000740000000,0x0000000767aa1dc8,0x000000076af80000)
 Metaspace       used 99118K, capacity 104447K, committed 110848K, reserved 1144832K
  class space    used 12686K, capacity 13806K, committed 14592K, reserved 1048576K
}
Event: 806.330 GC heap before
{Heap before GC invocations=90 (full 15):
 PSYoungGen      total 525312K, used 59314K [0x0000000795580000, 0x00000007bf900000, 0x00000007c0000000)
  eden space 382976K, 0% used [0x0000000795580000,0x0000000795580000,0x00000007acb80000)
  from space 142336K, 41% used [0x00000007acb80000,0x00000007b056cab8,0x00000007b5680000)
  to   space 135680K, 0% used [0x00000007b7480000,0x00000007b7480000,0x00000007bf900000)
 ParOldGen       total 704000K, used 649863K [0x0000000740000000, 0x000000076af80000, 0x0000000795580000)
  object space 704000K, 92% used [0x0000000740000000,0x0000000767aa1dc8,0x000000076af80000)
 Metaspace       used 99118K, capacity 104447K, committed 110848K, reserved 1144832K
  class space    used 12686K, capacity 13806K, committed 14592K, reserved 1048576K
Event: 812.599 GC heap after
Heap after GC invocations=90 (full 15):
 PSYoungGen      total 525312K, used 0K [0x0000000795580000, 0x00000007bf900000, 0x00000007c0000000)
  eden space 382976K, 0% used [0x0000000795580000,0x0000000795580000,0x00000007acb80000)
  from space 142336K, 0% used [0x00000007acb80000,0x00000007acb80000,0x00000007b5680000)
  to   space 135680K, 0% used [0x00000007b7480000,0x00000007b7480000,0x00000007bf900000)
 ParOldGen       total 1021952K, used 698709K [0x0000000740000000, 0x000000077e600000, 0x0000000795580000)
  object space 1021952K, 68% used [0x0000000740000000,0x000000076aa55570,0x000000077e600000)
 Metaspace       used 99118K, capacity 104447K, committed 110848K, reserved 1144832K
  class space    used 12686K, capacity 13806K, committed 14592K, reserved 1048576K
}
Event: 814.783 GC heap before
{Heap before GC invocations=91 (full 15):
 PSYoungGen      total 525312K, used 382976K [0x0000000795580000, 0x00000007bf900000, 0x00000007c0000000)
  eden space 382976K, 100% used [0x0000000795580000,0x00000007acb80000,0x00000007acb80000)
  from space 142336K, 0% used [0x00000007acb80000,0x00000007acb80000,0x00000007b5680000)
  to   space 135680K, 0% used [0x00000007b7480000,0x00000007b7480000,0x00000007bf900000)
 ParOldGen       total 1021952K, used 698709K [0x0000000740000000, 0x000000077e600000, 0x0000000795580000)
  object space 1021952K, 68% used [0x0000000740000000,0x000000076aa55570,0x000000077e600000)
 Metaspace       used 99119K, capacity 104447K, committed 110848K, reserved 1144832K
  class space    used 12686K, capacity 13806K, committed 14592K, reserved 1048576K
Event: 815.271 GC heap after
Heap after GC invocations=91 (full 15):
 PSYoungGen      total 545792K, used 60939K [0x0000000795580000, 0x00000007bee80000, 0x00000007c0000000)
  eden space 420864K, 0% used [0x0000000795580000,0x0000000795580000,0x00000007af080000)
  from space 124928K, 48% used [0x00000007b7480000,0x00000007bb002ee8,0x00000007bee80000)
  to   space 130048K, 0% used [0x00000007af080000,0x00000007af080000,0x00000007b6f80000)
 ParOldGen       total 1021952K, used 698709K [0x0000000740000000, 0x000000077e600000, 0x0000000795580000)
  object space 1021952K, 68% used [0x0000000740000000,0x000000076aa55570,0x000000077e600000)
 Metaspace       used 99119K, capacity 104447K, committed 110848K, reserved 1144832K
  class space    used 12686K, capacity 13806K, committed 14592K, reserved 1048576K
}
Event: 816.718 GC heap before
{Heap before GC invocations=92 (full 15):
 PSYoungGen      total 545792K, used 481803K [0x0000000795580000, 0x00000007bee80000, 0x00000007c0000000)
  eden space 420864K, 100% used [0x0000000795580000,0x00000007af080000,0x00000007af080000)
  from space 124928K, 48% used [0x00000007b7480000,0x00000007bb002ee8,0x00000007bee80000)
  to   space 130048K, 0% used [0x00000007af080000,0x00000007af080000,0x00000007b6f80000)
 ParOldGen       total 1021952K, used 698709K [0x0000000740000000, 0x000000077e600000, 0x0000000795580000)
  object space 1021952K, 68% used [0x0000000740000000,0x000000076aa55570,0x000000077e600000)
 Metaspace       used 99119K, capacity 104447K, committed 110848K, reserved 1144832K
  class space    used 12686K, capacity 13806K, committed 14592K, reserved 1048576K
Event: 817.866 GC heap after
Heap after GC invocations=92 (full 15):
 PSYoungGen      total 550912K, used 66599K [0x0000000795580000, 0x00000007bfe00000, 0x00000007c0000000)
  eden space 420864K, 0% used [0x0000000795580000,0x0000000795580000,0x00000007af080000)
  from space 130048K, 51% used [0x00000007af080000,0x00000007b3189f70,0x00000007b6f80000)
  to   space 126464K, 0% used [0x00000007b8280000,0x00000007b8280000,0x00000007bfe00000)
 ParOldGen       total 1021952K, used 758917K [0x0000000740000000, 0x000000077e600000, 0x0000000795580000)
  object space 1021952K, 74% used [0x0000000740000000,0x000000076e521598,0x000000077e600000)
 Metaspace       used 99119K, capacity 104447K, committed 110848K, reserved 1144832K
  class space    used 12686K, capacity 13806K, committed 14592K, reserved 1048576K
}
Event: 819.574 GC heap before
{Heap before GC invocations=93 (full 15):
 PSYoungGen      total 550912K, used 487463K [0x0000000795580000, 0x00000007bfe00000, 0x00000007c0000000)
  eden space 420864K, 100% used [0x0000000795580000,0x00000007af080000,0x00000007af080000)
  from space 130048K, 51% used [0x00000007af080000,0x00000007b3189f70,0x00000007b6f80000)
  to   space 126464K, 0% used [0x00000007b8280000,0x00000007b8280000,0x00000007bfe00000)
 ParOldGen       total 1021952K, used 758917K [0x0000000740000000, 0x000000077e600000, 0x0000000795580000)
  object space 1021952K, 74% used [0x0000000740000000,0x000000076e521598,0x000000077e600000)
 Metaspace       used 99119K, capacity 104447K, committed 110848K, reserved 1144832K
  class space    used 12686K, capacity 13806K, committed 14592K, reserved 1048576K
Event: 820.260 GC heap after
Heap after GC invocations=93 (full 15):
 PSYoungGen      total 561152K, used 66118K [0x0000000795580000, 0x00000007bf680000, 0x00000007c0000000)
  eden space 442368K, 0% used [0x0000000795580000,0x0000000795580000,0x00000007b0580000)
  from space 118784K, 55% used [0x00000007b8280000,0x00000007bc311a98,0x00000007bf680000)
  to   space 123392K, 0% used [0x00000007b0580000,0x00000007b0580000,0x00000007b7e00000)
 ParOldGen       total 1021952K, used 823134K [0x0000000740000000, 0x000000077e600000, 0x0000000795580000)
  object space 1021952K, 80% used [0x0000000740000000,0x00000007723d7840,0x000000077e600000)
 Metaspace       used 99119K, capacity 104447K, committed 110848K, reserved 1144832K
  class space    used 12686K, capacity 13806K, committed 14592K, reserved 1048576K
}
Event: 821.521 GC heap before
{Heap before GC invocations=94 (full 15):
 PSYoungGen      total 561152K, used 508486K [0x0000000795580000, 0x00000007bf680000, 0x00000007c0000000)
  eden space 442368K, 100% used [0x0000000795580000,0x00000007b0580000,0x00000007b0580000)
  from space 118784K, 55% used [0x00000007b8280000,0x00000007bc311a98,0x00000007bf680000)
  to   space 123392K, 0% used [0x00000007b0580000,0x00000007b0580000,0x00000007b7e00000)
 ParOldGen       total 1021952K, used 823134K [0x0000000740000000, 0x000000077e600000, 0x0000000795580000)
  object space 1021952K, 80% used [0x0000000740000000,0x00000007723d7840,0x000000077e600000)
 Metaspace       used 99119K, capacity 104447K, committed 110848K, reserved 1144832K
  class space    used 12686K, capacity 13806K, committed 14592K, reserved 1048576K

