# JRE version: OpenJDK Runtime Environment (8.0_152-b01) (build 1.8.0_152-release-1024-b01)
# Java VM: OpenJDK 64-Bit Server VM (25.152-b01 mixed mode bsd-amd64 compressed oops)
Heap:
 PSYoungGen      total 589824K, used 487029K [0x0000000795580000, 0x00000007c0000000, 0x00000007c0000000)
  eden space 480768K, 94% used [0x0000000795580000,0x00000007b0f010f8,0x00000007b2b00000)
  from space 109056K, 32% used [0x00000007b2b00000,0x00000007b4d1c310,0x00000007b9580000)
  to   space 102400K, 0% used [0x00000007b9c00000,0x00000007b9c00000,0x00000007c0000000)
 ParOldGen       total 349184K, used 276466K [0x0000000740000000, 0x0000000755500000, 0x0000000795580000)
  object space 349184K, 79% used [0x0000000740000000,0x0000000750dfca18,0x0000000755500000)
 Metaspace       used 90632K, capacity 95757K, committed 95872K, reserved 1132544K
  class space    used 11846K, capacity 12906K, committed 12928K, reserved 1048576K
GC Heap History (10 events):
Event: 523.854 GC heap before
{Heap before GC invocations=21 (full 4):
 PSYoungGen      total 564736K, used 564712K [0x0000000795580000, 0x00000007bb400000, 0x00000007c0000000)
  eden space 527872K, 100% used [0x0000000795580000,0x00000007b5900000,0x00000007b5900000)
  from space 36864K, 99% used [0x00000007b8480000,0x00000007ba87a1a0,0x00000007ba880000)
  to   space 44544K, 0% used [0x00000007b5900000,0x00000007b5900000,0x00000007b8480000)
 ParOldGen       total 140288K, used 95647K [0x0000000740000000, 0x0000000748900000, 0x0000000795580000)
  object space 140288K, 68% used [0x0000000740000000,0x0000000745d67cd8,0x0000000748900000)
 Metaspace       used 87253K, capacity 92329K, committed 92416K, reserved 1128448K
  class space    used 11476K, capacity 12526K, committed 12544K, reserved 1048576K
Event: 524.154 GC heap after
Heap after GC invocations=21 (full 4):
 PSYoungGen      total 572416K, used 44531K [0x0000000795580000, 0x00000007c0000000, 0x00000007c0000000)
  eden space 527872K, 0% used [0x0000000795580000,0x0000000795580000,0x00000007b5900000)
  from space 44544K, 99% used [0x00000007b5900000,0x00000007b847cc38,0x00000007b8480000)
  to   space 62464K, 0% used [0x00000007bc300000,0x00000007bc300000,0x00000007c0000000)
 ParOldGen       total 140288K, used 125882K [0x0000000740000000, 0x0000000748900000, 0x0000000795580000)
  object space 140288K, 89% used [0x0000000740000000,0x0000000747aee9d0,0x0000000748900000)
 Metaspace       used 87253K, capacity 92329K, committed 92416K, reserved 1128448K
  class space    used 11476K, capacity 12526K, committed 12544K, reserved 1048576K
}
Event: 524.154 GC heap before
{Heap before GC invocations=22 (full 5):
 PSYoungGen      total 572416K, used 44531K [0x0000000795580000, 0x00000007c0000000, 0x00000007c0000000)
  eden space 527872K, 0% used [0x0000000795580000,0x0000000795580000,0x00000007b5900000)
  from space 44544K, 99% used [0x00000007b5900000,0x00000007b847cc38,0x00000007b8480000)
  to   space 62464K, 0% used [0x00000007bc300000,0x00000007bc300000,0x00000007c0000000)
 ParOldGen       total 140288K, used 125882K [0x0000000740000000, 0x0000000748900000, 0x0000000795580000)
  object space 140288K, 89% used [0x0000000740000000,0x0000000747aee9d0,0x0000000748900000)
 Metaspace       used 87253K, capacity 92329K, committed 92416K, reserved 1128448K
  class space    used 11476K, capacity 12526K, committed 12544K, reserved 1048576K
Event: 525.014 GC heap after
Heap after GC invocations=22 (full 5):
 PSYoungGen      total 572416K, used 0K [0x0000000795580000, 0x00000007c0000000, 0x00000007c0000000)
  eden space 527872K, 0% used [0x0000000795580000,0x0000000795580000,0x00000007b5900000)
  from space 44544K, 0% used [0x00000007b5900000,0x00000007b5900000,0x00000007b8480000)
  to   space 62464K, 0% used [0x00000007bc300000,0x00000007bc300000,0x00000007c0000000)
 ParOldGen       total 203776K, used 123165K [0x0000000740000000, 0x000000074c700000, 0x0000000795580000)
  object space 203776K, 60% used [0x0000000740000000,0x0000000747847798,0x000000074c700000)
 Metaspace       used 87242K, capacity 92293K, committed 92416K, reserved 1128448K
  class space    used 11472K, capacity 12520K, committed 12544K, reserved 1048576K
}
Event: 527.553 GC heap before
{Heap before GC invocations=23 (full 5):
 PSYoungGen      total 572416K, used 527872K [0x0000000795580000, 0x00000007c0000000, 0x00000007c0000000)
  eden space 527872K, 100% used [0x0000000795580000,0x00000007b5900000,0x00000007b5900000)
  from space 44544K, 0% used [0x00000007b5900000,0x00000007b5900000,0x00000007b8480000)
  to   space 62464K, 0% used [0x00000007bc300000,0x00000007bc300000,0x00000007c0000000)
 ParOldGen       total 203776K, used 123165K [0x0000000740000000, 0x000000074c700000, 0x0000000795580000)
  object space 203776K, 60% used [0x0000000740000000,0x0000000747847798,0x000000074c700000)
 Metaspace       used 87492K, capacity 92581K, committed 92800K, reserved 1130496K
  class space    used 11503K, capacity 12552K, committed 12672K, reserved 1048576K
Event: 528.051 GC heap after
Heap after GC invocations=23 (full 5):
 PSYoungGen      total 543232K, used 62464K [0x0000000795580000, 0x00000007c0000000, 0x00000007c0000000)
  eden space 480768K, 0% used [0x0000000795580000,0x0000000795580000,0x00000007b2b00000)
  from space 62464K, 100% used [0x00000007bc300000,0x00000007c0000000,0x00000007c0000000)
  to   space 109056K, 0% used [0x00000007b2b00000,0x00000007b2b00000,0x00000007b9580000)
 ParOldGen       total 221184K, used 220857K [0x0000000740000000, 0x000000074d800000, 0x0000000795580000)
  object space 221184K, 99% used [0x0000000740000000,0x000000074d7ae4f8,0x000000074d800000)
 Metaspace       used 87492K, capacity 92581K, committed 92800K, reserved 1130496K
  class space    used 11503K, capacity 12552K, committed 12672K, reserved 1048576K
}
Event: 528.051 GC heap before
{Heap before GC invocations=24 (full 6):
 PSYoungGen      total 543232K, used 62464K [0x0000000795580000, 0x00000007c0000000, 0x00000007c0000000)
  eden space 480768K, 0% used [0x0000000795580000,0x0000000795580000,0x00000007b2b00000)
  from space 62464K, 100% used [0x00000007bc300000,0x00000007c0000000,0x00000007c0000000)
  to   space 109056K, 0% used [0x00000007b2b00000,0x00000007b2b00000,0x00000007b9580000)
 ParOldGen       total 221184K, used 220857K [0x0000000740000000, 0x000000074d800000, 0x0000000795580000)
  object space 221184K, 99% used [0x0000000740000000,0x000000074d7ae4f8,0x000000074d800000)
 Metaspace       used 87492K, capacity 92581K, committed 92800K, reserved 1130496K
  class space    used 11503K, capacity 12552K, committed 12672K, reserved 1048576K
Event: 529.808 GC heap after
Heap after GC invocations=24 (full 6):
 PSYoungGen      total 543232K, used 56726K [0x0000000795580000, 0x00000007c0000000, 0x00000007c0000000)
  eden space 480768K, 0% used [0x0000000795580000,0x0000000795580000,0x00000007b2b00000)
  from space 62464K, 90% used [0x00000007bc300000,0x00000007bfa65b98,0x00000007c0000000)
  to   space 109056K, 0% used [0x00000007b2b00000,0x00000007b2b00000,0x00000007b9580000)
 ParOldGen       total 349184K, used 221116K [0x0000000740000000, 0x0000000755500000, 0x0000000795580000)
  object space 349184K, 63% used [0x0000000740000000,0x000000074d7ef058,0x0000000755500000)
 Metaspace       used 87492K, capacity 92581K, committed 92800K, reserved 1130496K
  class space    used 11503K, capacity 12552K, committed 12672K, reserved 1048576K
}
Event: 533.016 GC heap before
{Heap before GC invocations=25 (full 6):
 PSYoungGen      total 543232K, used 537494K [0x0000000795580000, 0x00000007c0000000, 0x00000007c0000000)
  eden space 480768K, 100% used [0x0000000795580000,0x00000007b2b00000,0x00000007b2b00000)
  from space 62464K, 90% used [0x00000007bc300000,0x00000007bfa65b98,0x00000007c0000000)
  to   space 109056K, 0% used [0x00000007b2b00000,0x00000007b2b00000,0x00000007b9580000)
 ParOldGen       total 349184K, used 221116K [0x0000000740000000, 0x0000000755500000, 0x0000000795580000)
  object space 349184K, 63% used [0x0000000740000000,0x000000074d7ef058,0x0000000755500000)
 Metaspace       used 87676K, capacity 92741K, committed 93056K, reserved 1130496K
  class space    used 11522K, capacity 12584K, committed 12672K, reserved 1048576K
Event: 533.177 GC heap after
Heap after GC invocations=25 (full 6):
 PSYoungGen      total 589824K, used 34928K [0x0000000795580000, 0x00000007c0000000, 0x00000007c0000000)
  eden space 480768K, 0% used [0x0000000795580000,0x0000000795580000,0x00000007b2b00000)
  from space 109056K, 32% used [0x00000007b2b00000,0x00000007b4d1c310,0x00000007b9580000)
  to   space 102400K, 0% used [0x00000007b9c00000,0x00000007b9c00000,0x00000007c0000000)
 ParOldGen       total 349184K, used 276466K [0x0000000740000000, 0x0000000755500000, 0x0000000795580000)
  object space 349184K, 79% used [0x0000000740000000,0x0000000750dfca18,0x0000000755500000)
 Metaspace       used 87676K, capacity 92741K, committed 93056K, reserved 1130496K
  class space    used 11522K, capacity 12584K, committed 12672K, reserved 1048576K
}

