# JRE version: OpenJDK Runtime Environment (8.0_152-b01) (build 1.8.0_152-release-1024-b01)
# Java VM: OpenJDK 64-Bit Server VM (25.152-b01 mixed mode bsd-amd64 compressed oops)
Heap:
 PSYoungGen      total 342528K, used 136972K [0x0000000795580000, 0x00000007ac680000, 0x00000007c0000000)
  eden space 310272K, 37% used [0x0000000795580000,0x000000079c690060,0x00000007a8480000)
  from space 32256K, 65% used [0x00000007aa700000,0x00000007abbb3080,0x00000007ac680000)
  to   space 33792K, 0% used [0x00000007a8480000,0x00000007a8480000,0x00000007aa580000)
 ParOldGen       total 200192K, used 174760K [0x0000000740000000, 0x000000074c380000, 0x0000000795580000)
  object space 200192K, 87% used [0x0000000740000000,0x000000074aaaa3f8,0x000000074c380000)
 Metaspace       used 97086K, capacity 102164K, committed 102272K, reserved 1138688K
  class space    used 12351K, capacity 13432K, committed 13440K, reserved 1048576K
GC Heap History (10 events):
Event: 601.339 GC heap before
{Heap before GC invocations=48 (full 4):
 PSYoungGen      total 262656K, used 237109K [0x0000000795580000, 0x00000007a8e00000, 0x00000007c0000000)
  eden space 236544K, 100% used [0x0000000795580000,0x00000007a3c80000,0x00000007a3c80000)
  from space 26112K, 2% used [0x00000007a3c80000,0x00000007a3d0d620,0x00000007a5600000)
  to   space 26112K, 0% used [0x00000007a7480000,0x00000007a7480000,0x00000007a8e00000)
 ParOldGen       total 200192K, used 156468K [0x0000000740000000, 0x000000074c380000, 0x0000000795580000)
  object space 200192K, 78% used [0x0000000740000000,0x00000007498cd0b0,0x000000074c380000)
 Metaspace       used 86490K, capacity 90689K, committed 90752K, reserved 1128448K
  class space    used 11213K, capacity 12157K, committed 12160K, reserved 1048576K
Event: 601.442 GC heap after
Heap after GC invocations=48 (full 4):
 PSYoungGen      total 290304K, used 23010K [0x0000000795580000, 0x00000007a9180000, 0x00000007c0000000)
  eden space 264192K, 0% used [0x0000000795580000,0x0000000795580000,0x00000007a5780000)
  from space 26112K, 88% used [0x00000007a7480000,0x00000007a8af89b0,0x00000007a8e00000)
  to   space 29696K, 0% used [0x00000007a5780000,0x00000007a5780000,0x00000007a7480000)
 ParOldGen       total 200192K, used 156585K [0x0000000740000000, 0x000000074c380000, 0x0000000795580000)
  object space 200192K, 78% used [0x0000000740000000,0x00000007498ea6d0,0x000000074c380000)
 Metaspace       used 86490K, capacity 90689K, committed 90752K, reserved 1128448K
  class space    used 11213K, capacity 12157K, committed 12160K, reserved 1048576K
}
Event: 612.706 GC heap before
{Heap before GC invocations=49 (full 4):
 PSYoungGen      total 290304K, used 287202K [0x0000000795580000, 0x00000007a9180000, 0x00000007c0000000)
  eden space 264192K, 100% used [0x0000000795580000,0x00000007a5780000,0x00000007a5780000)
  from space 26112K, 88% used [0x00000007a7480000,0x00000007a8af89b0,0x00000007a8e00000)
  to   space 29696K, 0% used [0x00000007a5780000,0x00000007a5780000,0x00000007a7480000)
 ParOldGen       total 200192K, used 156585K [0x0000000740000000, 0x000000074c380000, 0x0000000795580000)
  object space 200192K, 78% used [0x0000000740000000,0x00000007498ea6d0,0x000000074c380000)
 Metaspace       used 87072K, capacity 91407K, committed 91648K, reserved 1128448K
  class space    used 11226K, capacity 12224K, committed 12288K, reserved 1048576K
Event: 612.795 GC heap after
Heap after GC invocations=49 (full 4):
 PSYoungGen      total 293888K, used 3072K [0x0000000795580000, 0x00000007aab80000, 0x00000007c0000000)
  eden space 264192K, 0% used [0x0000000795580000,0x0000000795580000,0x00000007a5780000)
  from space 29696K, 10% used [0x00000007a5780000,0x00000007a5a80010,0x00000007a7480000)
  to   space 29184K, 0% used [0x00000007a8f00000,0x00000007a8f00000,0x00000007aab80000)
 ParOldGen       total 200192K, used 174736K [0x0000000740000000, 0x000000074c380000, 0x0000000795580000)
  object space 200192K, 87% used [0x0000000740000000,0x000000074aaa43f8,0x000000074c380000)
 Metaspace       used 87072K, capacity 91407K, committed 91648K, reserved 1128448K
  class space    used 11226K, capacity 12224K, committed 12288K, reserved 1048576K
}
Event: 622.291 GC heap before
{Heap before GC invocations=50 (full 4):
 PSYoungGen      total 293888K, used 267264K [0x0000000795580000, 0x00000007aab80000, 0x00000007c0000000)
  eden space 264192K, 100% used [0x0000000795580000,0x00000007a5780000,0x00000007a5780000)
  from space 29696K, 10% used [0x00000007a5780000,0x00000007a5a80010,0x00000007a7480000)
  to   space 29184K, 0% used [0x00000007a8f00000,0x00000007a8f00000,0x00000007aab80000)
 ParOldGen       total 200192K, used 174736K [0x0000000740000000, 0x000000074c380000, 0x0000000795580000)
  object space 200192K, 87% used [0x0000000740000000,0x000000074aaa43f8,0x000000074c380000)
 Metaspace       used 94017K, capacity 98589K, committed 98816K, reserved 1134592K
  class space    used 12003K, capacity 13003K, committed 13056K, reserved 1048576K
Event: 622.345 GC heap after
Heap after GC invocations=50 (full 4):
 PSYoungGen      total 317952K, used 19361K [0x0000000795580000, 0x00000007aab80000, 0x00000007c0000000)
  eden space 288768K, 0% used [0x0000000795580000,0x0000000795580000,0x00000007a6f80000)
  from space 29184K, 66% used [0x00000007a8f00000,0x00000007aa1e8538,0x00000007aab80000)
  to   space 30720K, 0% used [0x00000007a6f80000,0x00000007a6f80000,0x00000007a8d80000)
 ParOldGen       total 200192K, used 174744K [0x0000000740000000, 0x000000074c380000, 0x0000000795580000)
  object space 200192K, 87% used [0x0000000740000000,0x000000074aaa63f8,0x000000074c380000)
 Metaspace       used 94017K, capacity 98589K, committed 98816K, reserved 1134592K
  class space    used 12003K, capacity 13003K, committed 13056K, reserved 1048576K
}
Event: 671.755 GC heap before
{Heap before GC invocations=51 (full 4):
 PSYoungGen      total 317952K, used 308129K [0x0000000795580000, 0x00000007aab80000, 0x00000007c0000000)
  eden space 288768K, 100% used [0x0000000795580000,0x00000007a6f80000,0x00000007a6f80000)
  from space 29184K, 66% used [0x00000007a8f00000,0x00000007aa1e8538,0x00000007aab80000)
  to   space 30720K, 0% used [0x00000007a6f80000,0x00000007a6f80000,0x00000007a8d80000)
 ParOldGen       total 200192K, used 174744K [0x0000000740000000, 0x000000074c380000, 0x0000000795580000)
  object space 200192K, 87% used [0x0000000740000000,0x000000074aaa63f8,0x000000074c380000)
 Metaspace       used 96635K, capacity 101544K, committed 101760K, reserved 1138688K
  class space    used 12311K, capacity 13404K, committed 13440K, reserved 1048576K
Event: 671.986 GC heap after
Heap after GC invocations=51 (full 4):
 PSYoungGen      total 319488K, used 21626K [0x0000000795580000, 0x00000007ac700000, 0x00000007c0000000)
  eden space 288768K, 0% used [0x0000000795580000,0x0000000795580000,0x00000007a6f80000)
  from space 30720K, 70% used [0x00000007a6f80000,0x00000007a849eb48,0x00000007a8d80000)
  to   space 32768K, 0% used [0x00000007aa700000,0x00000007aa700000,0x00000007ac700000)
 ParOldGen       total 200192K, used 174752K [0x0000000740000000, 0x000000074c380000, 0x0000000795580000)
  object space 200192K, 87% used [0x0000000740000000,0x000000074aaa83f8,0x000000074c380000)
 Metaspace       used 96635K, capacity 101544K, committed 101760K, reserved 1138688K
  class space    used 12311K, capacity 13404K, committed 13440K, reserved 1048576K
}
Event: 677.866 GC heap before
{Heap before GC invocations=52 (full 4):
 PSYoungGen      total 319488K, used 310394K [0x0000000795580000, 0x00000007ac700000, 0x00000007c0000000)
  eden space 288768K, 100% used [0x0000000795580000,0x00000007a6f80000,0x00000007a6f80000)
  from space 30720K, 70% used [0x00000007a6f80000,0x00000007a849eb48,0x00000007a8d80000)
  to   space 32768K, 0% used [0x00000007aa700000,0x00000007aa700000,0x00000007ac700000)
 ParOldGen       total 200192K, used 174752K [0x0000000740000000, 0x000000074c380000, 0x0000000795580000)
  object space 200192K, 87% used [0x0000000740000000,0x000000074aaa83f8,0x000000074c380000)
 Metaspace       used 96976K, capacity 102028K, committed 102272K, reserved 1138688K
  class space    used 12350K, capacity 13432K, committed 13440K, reserved 1048576K
Event: 677.905 GC heap after
Heap after GC invocations=52 (full 4):
 PSYoungGen      total 342528K, used 21196K [0x0000000795580000, 0x00000007ac680000, 0x00000007c0000000)
  eden space 310272K, 0% used [0x0000000795580000,0x0000000795580000,0x00000007a8480000)
  from space 32256K, 65% used [0x00000007aa700000,0x00000007abbb3080,0x00000007ac680000)
  to   space 33792K, 0% used [0x00000007a8480000,0x00000007a8480000,0x00000007aa580000)
 ParOldGen       total 200192K, used 174760K [0x0000000740000000, 0x000000074c380000, 0x0000000795580000)
  object space 200192K, 87% used [0x0000000740000000,0x000000074aaaa3f8,0x000000074c380000)
 Metaspace       used 96976K, capacity 102028K, committed 102272K, reserved 1138688K
  class space    used 12350K, capacity 13432K, committed 13440K, reserved 1048576K
}

