# JRE version: OpenJDK Runtime Environment (8.0_152-b01) (build 1.8.0_152-release-1024-b01)
# Java VM: OpenJDK 64-Bit Server VM (25.152-b01 mixed mode bsd-amd64 compressed oops)
Heap:
 PSYoungGen      total 175104K, used 12025K [0x0000000795580000, 0x00000007a1980000, 0x00000007c0000000)
  eden space 155648K, 0% used [0x0000000795580000,0x0000000795580000,0x000000079ed80000)
  from space 19456K, 61% used [0x00000007a0680000,0x00000007a123e588,0x00000007a1980000)
  to   space 22528K, 0% used [0x000000079ed80000,0x000000079ed80000,0x00000007a0380000)
 ParOldGen       total 101376K, used 92066K [0x0000000740000000, 0x0000000746300000, 0x0000000795580000)
  object space 101376K, 90% used [0x0000000740000000,0x00000007459e88c0,0x0000000746300000)
 Metaspace       used 68039K, capacity 71730K, committed 71896K, reserved 1112064K
  class space    used 9082K, capacity 9891K, committed 9984K, reserved 1048576K
GC Heap History (10 events):
Event: 469.447 GC heap after
Heap after GC invocations=32 (full 4):
 PSYoungGen      total 140800K, used 11656K [0x0000000795580000, 0x000000079f200000, 0x00000007c0000000)
  eden space 125440K, 0% used [0x0000000795580000,0x0000000795580000,0x000000079d000000)
  from space 15360K, 75% used [0x000000079e000000,0x000000079eb62320,0x000000079ef00000)
  to   space 16384K, 0% used [0x000000079d000000,0x000000079d000000,0x000000079e000000)
 ParOldGen       total 101376K, used 69098K [0x0000000740000000, 0x0000000746300000, 0x0000000795580000)
  object space 101376K, 68% used [0x0000000740000000,0x000000074437abb8,0x0000000746300000)
 Metaspace       used 65996K, capacity 68976K, committed 69208K, reserved 1110016K
  class space    used 8834K, capacity 9517K, committed 9600K, reserved 1048576K
}
Event: 652.771 GC heap before
{Heap before GC invocations=33 (full 4):
 PSYoungGen      total 140800K, used 137096K [0x0000000795580000, 0x000000079f200000, 0x00000007c0000000)
  eden space 125440K, 100% used [0x0000000795580000,0x000000079d000000,0x000000079d000000)
  from space 15360K, 75% used [0x000000079e000000,0x000000079eb62320,0x000000079ef00000)
  to   space 16384K, 0% used [0x000000079d000000,0x000000079d000000,0x000000079e000000)
 ParOldGen       total 101376K, used 69098K [0x0000000740000000, 0x0000000746300000, 0x0000000795580000)
  object space 101376K, 68% used [0x0000000740000000,0x000000074437abb8,0x0000000746300000)
 Metaspace       used 66754K, capacity 69972K, committed 70104K, reserved 1110016K
  class space    used 8941K, capacity 9719K, committed 9728K, reserved 1048576K
Event: 652.813 GC heap after
Heap after GC invocations=33 (full 4):
 PSYoungGen      total 141824K, used 14659K [0x0000000795580000, 0x000000079fe00000, 0x00000007c0000000)
  eden space 125440K, 0% used [0x0000000795580000,0x0000000795580000,0x000000079d000000)
  from space 16384K, 89% used [0x000000079d000000,0x000000079de50f60,0x000000079e000000)
  to   space 17920K, 0% used [0x000000079ec80000,0x000000079ec80000,0x000000079fe00000)
 ParOldGen       total 101376K, used 69106K [0x0000000740000000, 0x0000000746300000, 0x0000000795580000)
  object space 101376K, 68% used [0x0000000740000000,0x000000074437cbb8,0x0000000746300000)
 Metaspace       used 66754K, capacity 69972K, committed 70104K, reserved 1110016K
  class space    used 8941K, capacity 9719K, committed 9728K, reserved 1048576K
}
Event: 660.841 GC heap before
{Heap before GC invocations=34 (full 4):
 PSYoungGen      total 141824K, used 140099K [0x0000000795580000, 0x000000079fe00000, 0x00000007c0000000)
  eden space 125440K, 100% used [0x0000000795580000,0x000000079d000000,0x000000079d000000)
  from space 16384K, 89% used [0x000000079d000000,0x000000079de50f60,0x000000079e000000)
  to   space 17920K, 0% used [0x000000079ec80000,0x000000079ec80000,0x000000079fe00000)
 ParOldGen       total 101376K, used 69106K [0x0000000740000000, 0x0000000746300000, 0x0000000795580000)
  object space 101376K, 68% used [0x0000000740000000,0x000000074437cbb8,0x0000000746300000)
 Metaspace       used 67372K, capacity 70774K, committed 71000K, reserved 1110016K
  class space    used 9016K, capacity 9769K, committed 9856K, reserved 1048576K
Event: 660.923 GC heap after
Heap after GC invocations=34 (full 4):
 PSYoungGen      total 149504K, used 17888K [0x0000000795580000, 0x00000007a0880000, 0x00000007c0000000)
  eden space 131584K, 0% used [0x0000000795580000,0x0000000795580000,0x000000079d600000)
  from space 17920K, 99% used [0x000000079ec80000,0x000000079fdf8040,0x000000079fe00000)
  to   space 23040K, 0% used [0x000000079d600000,0x000000079d600000,0x000000079ec80000)
 ParOldGen       total 101376K, used 75091K [0x0000000740000000, 0x0000000746300000, 0x0000000795580000)
  object space 101376K, 74% used [0x0000000740000000,0x0000000744954f70,0x0000000746300000)
 Metaspace       used 67372K, capacity 70774K, committed 71000K, reserved 1110016K
  class space    used 9016K, capacity 9769K, committed 9856K, reserved 1048576K
}
Event: 661.397 GC heap before
{Heap before GC invocations=35 (full 4):
 PSYoungGen      total 149504K, used 147691K [0x0000000795580000, 0x00000007a0880000, 0x00000007c0000000)
  eden space 131584K, 98% used [0x0000000795580000,0x000000079d442be0,0x000000079d600000)
  from space 17920K, 99% used [0x000000079ec80000,0x000000079fdf8040,0x000000079fe00000)
  to   space 23040K, 0% used [0x000000079d600000,0x000000079d600000,0x000000079ec80000)
 ParOldGen       total 101376K, used 75091K [0x0000000740000000, 0x0000000746300000, 0x0000000795580000)
  object space 101376K, 74% used [0x0000000740000000,0x0000000744954f70,0x0000000746300000)
 Metaspace       used 67464K, capacity 70844K, committed 71000K, reserved 1110016K
  class space    used 9026K, capacity 9770K, committed 9856K, reserved 1048576K
Event: 661.469 GC heap after
Heap after GC invocations=35 (full 4):
 PSYoungGen      total 154624K, used 13795K [0x0000000795580000, 0x00000007a1d00000, 0x00000007c0000000)
  eden space 131584K, 0% used [0x0000000795580000,0x0000000795580000,0x000000079d600000)
  from space 23040K, 59% used [0x000000079d600000,0x000000079e378fa8,0x000000079ec80000)
  to   space 23040K, 0% used [0x00000007a0680000,0x00000007a0680000,0x00000007a1d00000)
 ParOldGen       total 101376K, used 82915K [0x0000000740000000, 0x0000000746300000, 0x0000000795580000)
  object space 101376K, 81% used [0x0000000740000000,0x00000007450f8fb0,0x0000000746300000)
 Metaspace       used 67464K, capacity 70844K, committed 71000K, reserved 1110016K
  class space    used 9026K, capacity 9770K, committed 9856K, reserved 1048576K
}
Event: 791.283 GC heap before
{Heap before GC invocations=36 (full 4):
 PSYoungGen      total 154624K, used 145379K [0x0000000795580000, 0x00000007a1d00000, 0x00000007c0000000)
  eden space 131584K, 100% used [0x0000000795580000,0x000000079d600000,0x000000079d600000)
  from space 23040K, 59% used [0x000000079d600000,0x000000079e378fa8,0x000000079ec80000)
  to   space 23040K, 0% used [0x00000007a0680000,0x00000007a0680000,0x00000007a1d00000)
 ParOldGen       total 101376K, used 82915K [0x0000000740000000, 0x0000000746300000, 0x0000000795580000)
  object space 101376K, 81% used [0x0000000740000000,0x00000007450f8fb0,0x0000000746300000)
 Metaspace       used 68039K, capacity 71730K, committed 71896K, reserved 1112064K
  class space    used 9082K, capacity 9891K, committed 9984K, reserved 1048576K
Event: 791.385 GC heap after
Heap after GC invocations=36 (full 4):
 PSYoungGen      total 175104K, used 12025K [0x0000000795580000, 0x00000007a1980000, 0x00000007c0000000)
  eden space 155648K, 0% used [0x0000000795580000,0x0000000795580000,0x000000079ed80000)
  from space 19456K, 61% used [0x00000007a0680000,0x00000007a123e588,0x00000007a1980000)
  to   space 22528K, 0% used [0x000000079ed80000,0x000000079ed80000,0x00000007a0380000)
 ParOldGen       total 101376K, used 92066K [0x0000000740000000, 0x0000000746300000, 0x0000000795580000)
  object space 101376K, 90% used [0x0000000740000000,0x00000007459e88c0,0x0000000746300000)
 Metaspace       used 68039K, capacity 71730K, committed 71896K, reserved 1112064K
  class space    used 9082K, capacity 9891K, committed 9984K, reserved 1048576K
}
Event: 791.385 GC heap before
{Heap before GC invocations=37 (full 5):
 PSYoungGen      total 175104K, used 12025K [0x0000000795580000, 0x00000007a1980000, 0x00000007c0000000)
  eden space 155648K, 0% used [0x0000000795580000,0x0000000795580000,0x000000079ed80000)
  from space 19456K, 61% used [0x00000007a0680000,0x00000007a123e588,0x00000007a1980000)
  to   space 22528K, 0% used [0x000000079ed80000,0x000000079ed80000,0x00000007a0380000)
 ParOldGen       total 101376K, used 92066K [0x0000000740000000, 0x0000000746300000, 0x0000000795580000)
  object space 101376K, 90% used [0x0000000740000000,0x00000007459e88c0,0x0000000746300000)
 Metaspace       used 68039K, capacity 71730K, committed 71896K, reserved 1112064K
  class space    used 9082K, capacity 9891K, committed 9984K, reserved 1048576K

