# JRE version: OpenJDK Runtime Environment (8.0_152-b01) (build 1.8.0_152-release-1024-b01)
# Java VM: OpenJDK 64-Bit Server VM (25.152-b01 mixed mode bsd-amd64 compressed oops)
Heap:
 PSYoungGen      total 127488K, used 11760K [0x0000000795580000, 0x000000079ed00000, 0x00000007c0000000)
  eden space 115712K, 0% used [0x0000000795580000,0x0000000795580000,0x000000079c680000)
  from space 11776K, 99% used [0x000000079d780000,0x000000079e2fc060,0x000000079e300000)
  to   space 17408K, 0% used [0x000000079c680000,0x000000079c680000,0x000000079d780000)
 ParOldGen       total 75264K, used 71412K [0x0000000740000000, 0x0000000744980000, 0x0000000795580000)
  object space 75264K, 94% used [0x0000000740000000,0x00000007445bd168,0x0000000744980000)
 Metaspace       used 63004K, capacity 65852K, committed 66176K, reserved 1105920K
  class space    used 8626K, capacity 9268K, committed 9344K, reserved 1048576K
GC Heap History (10 events):
Event: 47.655 GC heap after
Heap after GC invocations=29 (full 3):
 PSYoungGen      total 100864K, used 9040K [0x0000000795580000, 0x000000079c500000, 0x00000007c0000000)
  eden space 91648K, 0% used [0x0000000795580000,0x0000000795580000,0x000000079af00000)
  from space 9216K, 98% used [0x000000079bc00000,0x000000079c4d4010,0x000000079c500000)
  to   space 10752K, 0% used [0x000000079b000000,0x000000079b000000,0x000000079ba80000)
 ParOldGen       total 75264K, used 39986K [0x0000000740000000, 0x0000000744980000, 0x0000000795580000)
  object space 75264K, 53% used [0x0000000740000000,0x000000074270c828,0x0000000744980000)
 Metaspace       used 57610K, capacity 59908K, committed 60032K, reserved 1101824K
  class space    used 7954K, capacity 8529K, committed 8576K, reserved 1048576K
}
Event: 50.564 GC heap before
{Heap before GC invocations=30 (full 3):
 PSYoungGen      total 100864K, used 100688K [0x0000000795580000, 0x000000079c500000, 0x00000007c0000000)
  eden space 91648K, 100% used [0x0000000795580000,0x000000079af00000,0x000000079af00000)
  from space 9216K, 98% used [0x000000079bc00000,0x000000079c4d4010,0x000000079c500000)
  to   space 10752K, 0% used [0x000000079b000000,0x000000079b000000,0x000000079ba80000)
 ParOldGen       total 75264K, used 39986K [0x0000000740000000, 0x0000000744980000, 0x0000000795580000)
  object space 75264K, 53% used [0x0000000740000000,0x000000074270c828,0x0000000744980000)
 Metaspace       used 59930K, capacity 62444K, committed 62720K, reserved 1103872K
  class space    used 8300K, capacity 8898K, committed 8960K, reserved 1048576K
Event: 50.589 GC heap after
Heap after GC invocations=30 (full 3):
 PSYoungGen      total 103424K, used 10366K [0x0000000795580000, 0x000000079d580000, 0x00000007c0000000)
  eden space 92672K, 0% used [0x0000000795580000,0x0000000795580000,0x000000079b000000)
  from space 10752K, 96% used [0x000000079b000000,0x000000079ba1f900,0x000000079ba80000)
  to   space 12288K, 0% used [0x000000079c980000,0x000000079c980000,0x000000079d580000)
 ParOldGen       total 75264K, used 48574K [0x0000000740000000, 0x0000000744980000, 0x0000000795580000)
  object space 75264K, 64% used [0x0000000740000000,0x0000000742f6f9a8,0x0000000744980000)
 Metaspace       used 59930K, capacity 62444K, committed 62720K, reserved 1103872K
  class space    used 8300K, capacity 8898K, committed 8960K, reserved 1048576K
}
Event: 54.878 GC heap before
{Heap before GC invocations=31 (full 3):
 PSYoungGen      total 103424K, used 103038K [0x0000000795580000, 0x000000079d580000, 0x00000007c0000000)
  eden space 92672K, 100% used [0x0000000795580000,0x000000079b000000,0x000000079b000000)
  from space 10752K, 96% used [0x000000079b000000,0x000000079ba1f900,0x000000079ba80000)
  to   space 12288K, 0% used [0x000000079c980000,0x000000079c980000,0x000000079d580000)
 ParOldGen       total 75264K, used 48574K [0x0000000740000000, 0x0000000744980000, 0x0000000795580000)
  object space 75264K, 64% used [0x0000000740000000,0x0000000742f6f9a8,0x0000000744980000)
 Metaspace       used 60640K, capacity 63192K, committed 63360K, reserved 1103872K
  class space    used 8350K, capacity 8970K, committed 9088K, reserved 1048576K
Event: 54.898 GC heap after
Heap after GC invocations=31 (full 3):
 PSYoungGen      total 118784K, used 7232K [0x0000000795580000, 0x000000079d580000, 0x00000007c0000000)
  eden space 106496K, 0% used [0x0000000795580000,0x0000000795580000,0x000000079bd80000)
  from space 12288K, 58% used [0x000000079c980000,0x000000079d090010,0x000000079d580000)
  to   space 12288K, 0% used [0x000000079bd80000,0x000000079bd80000,0x000000079c980000)
 ParOldGen       total 75264K, used 56594K [0x0000000740000000, 0x0000000744980000, 0x0000000795580000)
  object space 75264K, 75% used [0x0000000740000000,0x0000000743744828,0x0000000744980000)
 Metaspace       used 60640K, capacity 63192K, committed 63360K, reserved 1103872K
  class space    used 8350K, capacity 8970K, committed 9088K, reserved 1048576K
}
Event: 57.027 GC heap before
{Heap before GC invocations=32 (full 3):
 PSYoungGen      total 118784K, used 113728K [0x0000000795580000, 0x000000079d580000, 0x00000007c0000000)
  eden space 106496K, 100% used [0x0000000795580000,0x000000079bd80000,0x000000079bd80000)
  from space 12288K, 58% used [0x000000079c980000,0x000000079d090010,0x000000079d580000)
  to   space 12288K, 0% used [0x000000079bd80000,0x000000079bd80000,0x000000079c980000)
 ParOldGen       total 75264K, used 56594K [0x0000000740000000, 0x0000000744980000, 0x0000000795580000)
  object space 75264K, 75% used [0x0000000740000000,0x0000000743744828,0x0000000744980000)
 Metaspace       used 61934K, capacity 64602K, committed 64768K, reserved 1105920K
  class space    used 8495K, capacity 9123K, committed 9216K, reserved 1048576K
Event: 57.041 GC heap after
Heap after GC invocations=32 (full 3):
 PSYoungGen      total 118784K, used 6513K [0x0000000795580000, 0x000000079e300000, 0x00000007c0000000)
  eden space 106496K, 0% used [0x0000000795580000,0x0000000795580000,0x000000079bd80000)
  from space 12288K, 53% used [0x000000079bd80000,0x000000079c3dc460,0x000000079c980000)
  to   space 11776K, 0% used [0x000000079d780000,0x000000079d780000,0x000000079e300000)
 ParOldGen       total 75264K, used 61010K [0x0000000740000000, 0x0000000744980000, 0x0000000795580000)
  object space 75264K, 81% used [0x0000000740000000,0x0000000743b948e8,0x0000000744980000)
 Metaspace       used 61934K, capacity 64602K, committed 64768K, reserved 1105920K
  class space    used 8495K, capacity 9123K, committed 9216K, reserved 1048576K
}
Event: 62.654 GC heap before
{Heap before GC invocations=33 (full 3):
 PSYoungGen      total 118784K, used 113009K [0x0000000795580000, 0x000000079e300000, 0x00000007c0000000)
  eden space 106496K, 100% used [0x0000000795580000,0x000000079bd80000,0x000000079bd80000)
  from space 12288K, 53% used [0x000000079bd80000,0x000000079c3dc460,0x000000079c980000)
  to   space 11776K, 0% used [0x000000079d780000,0x000000079d780000,0x000000079e300000)
 ParOldGen       total 75264K, used 61010K [0x0000000740000000, 0x0000000744980000, 0x0000000795580000)
  object space 75264K, 81% used [0x0000000740000000,0x0000000743b948e8,0x0000000744980000)
 Metaspace       used 63004K, capacity 65852K, committed 66176K, reserved 1105920K
  class space    used 8626K, capacity 9268K, committed 9344K, reserved 1048576K
Event: 62.686 GC heap after
Heap after GC invocations=33 (full 3):
 PSYoungGen      total 127488K, used 11760K [0x0000000795580000, 0x000000079ed00000, 0x00000007c0000000)
  eden space 115712K, 0% used [0x0000000795580000,0x0000000795580000,0x000000079c680000)
  from space 11776K, 99% used [0x000000079d780000,0x000000079e2fc060,0x000000079e300000)
  to   space 17408K, 0% used [0x000000079c680000,0x000000079c680000,0x000000079d780000)
 ParOldGen       total 75264K, used 71412K [0x0000000740000000, 0x0000000744980000, 0x0000000795580000)
  object space 75264K, 94% used [0x0000000740000000,0x00000007445bd168,0x0000000744980000)
 Metaspace       used 63004K, capacity 65852K, committed 66176K, reserved 1105920K
  class space    used 8626K, capacity 9268K, committed 9344K, reserved 1048576K
}
Event: 62.686 GC heap before
{Heap before GC invocations=34 (full 4):
 PSYoungGen      total 127488K, used 11760K [0x0000000795580000, 0x000000079ed00000, 0x00000007c0000000)
  eden space 115712K, 0% used [0x0000000795580000,0x0000000795580000,0x000000079c680000)
  from space 11776K, 99% used [0x000000079d780000,0x000000079e2fc060,0x000000079e300000)
  to   space 17408K, 0% used [0x000000079c680000,0x000000079c680000,0x000000079d780000)
 ParOldGen       total 75264K, used 71412K [0x0000000740000000, 0x0000000744980000, 0x0000000795580000)
  object space 75264K, 94% used [0x0000000740000000,0x00000007445bd168,0x0000000744980000)
 Metaspace       used 63004K, capacity 65852K, committed 66176K, reserved 1105920K
  class space    used 8626K, capacity 9268K, committed 9344K, reserved 1048576K

