# JRE version: OpenJDK Runtime Environment (8.0_152-b01) (build 1.8.0_152-release-1024-b01)
# Java VM: OpenJDK 64-Bit Server VM (25.152-b01 mixed mode bsd-amd64 compressed oops)
Heap:
 PSYoungGen      total 545792K, used 317052K [0x0000000795580000, 0x00000007c0000000, 0x00000007c0000000)
  eden space 433152K, 59% used [0x0000000795580000,0x00000007a4fd7b90,0x00000007afc80000)
  from space 112640K, 53% used [0x00000007afc80000,0x00000007b37c7650,0x00000007b6a80000)
  to   space 113152K, 0% used [0x00000007b9180000,0x00000007b9180000,0x00000007c0000000)
 ParOldGen       total 445440K, used 310529K [0x0000000740000000, 0x000000075b300000, 0x0000000795580000)
  object space 445440K, 69% used [0x0000000740000000,0x0000000752f40550,0x000000075b300000)
 Metaspace       used 90943K, capacity 94865K, committed 97556K, reserved 1134592K
  class space    used 11593K, capacity 12443K, committed 12820K, reserved 1048576K
GC Heap History (10 events):
Event: 458.490 GC heap before
{Heap before GC invocations=29 (full 5):
 PSYoungGen      total 393728K, used 382987K [0x0000000795580000, 0x00000007b9900000, 0x00000007c0000000)
  eden space 302592K, 100% used [0x0000000795580000,0x00000007a7d00000,0x00000007a7d00000)
  from space 91136K, 88% used [0x00000007a7d00000,0x00000007acb82cb8,0x00000007ad600000)
  to   space 103424K, 0% used [0x00000007b3400000,0x00000007b3400000,0x00000007b9900000)
 ParOldGen       total 328192K, used 207004K [0x0000000740000000, 0x0000000754080000, 0x0000000795580000)
  object space 328192K, 63% used [0x0000000740000000,0x000000074ca27300,0x0000000754080000)
 Metaspace       used 92953K, capacity 96981K, committed 97300K, reserved 1134592K
  class space    used 11866K, capacity 12705K, committed 12820K, reserved 1048576K
Event: 458.782 GC heap after
Heap after GC invocations=29 (full 5):
 PSYoungGen      total 473600K, used 99051K [0x0000000795580000, 0x00000007bce00000, 0x00000007c0000000)
  eden space 370176K, 0% used [0x0000000795580000,0x0000000795580000,0x00000007abf00000)
  from space 103424K, 95% used [0x00000007b3400000,0x00000007b94bacb8,0x00000007b9900000)
  to   space 119808K, 0% used [0x00000007abf00000,0x00000007abf00000,0x00000007b3400000)
 ParOldGen       total 328192K, used 212200K [0x0000000740000000, 0x0000000754080000, 0x0000000795580000)
  object space 328192K, 64% used [0x0000000740000000,0x000000074cf3a0d8,0x0000000754080000)
 Metaspace       used 92953K, capacity 96981K, committed 97300K, reserved 1134592K
  class space    used 11866K, capacity 12705K, committed 12820K, reserved 1048576K
}
Event: 460.816 GC heap before
{Heap before GC invocations=30 (full 5):
 PSYoungGen      total 473600K, used 469227K [0x0000000795580000, 0x00000007bce00000, 0x00000007c0000000)
  eden space 370176K, 100% used [0x0000000795580000,0x00000007abf00000,0x00000007abf00000)
  from space 103424K, 95% used [0x00000007b3400000,0x00000007b94bacb8,0x00000007b9900000)
  to   space 119808K, 0% used [0x00000007abf00000,0x00000007abf00000,0x00000007b3400000)
 ParOldGen       total 328192K, used 212200K [0x0000000740000000, 0x0000000754080000, 0x0000000795580000)
  object space 328192K, 64% used [0x0000000740000000,0x000000074cf3a0d8,0x0000000754080000)
 Metaspace       used 93137K, capacity 97205K, committed 97556K, reserved 1134592K
  class space    used 11885K, capacity 12737K, committed 12820K, reserved 1048576K
Event: 461.041 GC heap after
Heap after GC invocations=30 (full 5):
 PSYoungGen      total 489984K, used 9045K [0x0000000795580000, 0x00000007c0000000, 0x00000007c0000000)
  eden space 370176K, 0% used [0x0000000795580000,0x0000000795580000,0x00000007abf00000)
  from space 119808K, 7% used [0x00000007abf00000,0x00000007ac7d56a0,0x00000007b3400000)
  to   space 117760K, 0% used [0x00000007b8d00000,0x00000007b8d00000,0x00000007c0000000)
 ParOldGen       total 328192K, used 310517K [0x0000000740000000, 0x0000000754080000, 0x0000000795580000)
  object space 328192K, 94% used [0x0000000740000000,0x0000000752f3d458,0x0000000754080000)
 Metaspace       used 93137K, capacity 97205K, committed 97556K, reserved 1134592K
  class space    used 11885K, capacity 12737K, committed 12820K, reserved 1048576K
}
Event: 461.041 GC heap before
{Heap before GC invocations=31 (full 6):
 PSYoungGen      total 489984K, used 9045K [0x0000000795580000, 0x00000007c0000000, 0x00000007c0000000)
  eden space 370176K, 0% used [0x0000000795580000,0x0000000795580000,0x00000007abf00000)
  from space 119808K, 7% used [0x00000007abf00000,0x00000007ac7d56a0,0x00000007b3400000)
  to   space 117760K, 0% used [0x00000007b8d00000,0x00000007b8d00000,0x00000007c0000000)
 ParOldGen       total 328192K, used 310517K [0x0000000740000000, 0x0000000754080000, 0x0000000795580000)
  object space 328192K, 94% used [0x0000000740000000,0x0000000752f3d458,0x0000000754080000)
 Metaspace       used 93137K, capacity 97205K, committed 97556K, reserved 1134592K
  class space    used 11885K, capacity 12737K, committed 12820K, reserved 1048576K
Event: 462.172 GC heap after
Heap after GC invocations=31 (full 6):
 PSYoungGen      total 489984K, used 0K [0x0000000795580000, 0x00000007c0000000, 0x00000007c0000000)
  eden space 370176K, 0% used [0x0000000795580000,0x0000000795580000,0x00000007abf00000)
  from space 119808K, 0% used [0x00000007abf00000,0x00000007abf00000,0x00000007b3400000)
  to   space 117760K, 0% used [0x00000007b8d00000,0x00000007b8d00000,0x00000007c0000000)
 ParOldGen       total 445440K, used 287457K [0x0000000740000000, 0x000000075b300000, 0x0000000795580000)
  object space 445440K, 64% used [0x0000000740000000,0x00000007518b8758,0x000000075b300000)
 Metaspace       used 87576K, capacity 91561K, committed 97556K, reserved 1134592K
  class space    used 11266K, capacity 12089K, committed 12820K, reserved 1048576K
}
Event: 471.558 GC heap before
{Heap before GC invocations=32 (full 6):
 PSYoungGen      total 489984K, used 370176K [0x0000000795580000, 0x00000007c0000000, 0x00000007c0000000)
  eden space 370176K, 100% used [0x0000000795580000,0x00000007abf00000,0x00000007abf00000)
  from space 119808K, 0% used [0x00000007abf00000,0x00000007abf00000,0x00000007b3400000)
  to   space 117760K, 0% used [0x00000007b8d00000,0x00000007b8d00000,0x00000007c0000000)
 ParOldGen       total 445440K, used 287457K [0x0000000740000000, 0x000000075b300000, 0x0000000795580000)
  object space 445440K, 64% used [0x0000000740000000,0x00000007518b8758,0x000000075b300000)
 Metaspace       used 90670K, capacity 94609K, committed 97556K, reserved 1134592K
  class space    used 11592K, capacity 12443K, committed 12820K, reserved 1048576K
Event: 471.726 GC heap after
Heap after GC invocations=32 (full 6):
 PSYoungGen      total 510464K, used 25760K [0x0000000795580000, 0x00000007bd880000, 0x00000007c0000000)
  eden space 433152K, 0% used [0x0000000795580000,0x0000000795580000,0x00000007afc80000)
  from space 77312K, 33% used [0x00000007b8d00000,0x00000007ba628390,0x00000007bd880000)
  to   space 112640K, 0% used [0x00000007afc80000,0x00000007afc80000,0x00000007b6a80000)
 ParOldGen       total 445440K, used 287465K [0x0000000740000000, 0x000000075b300000, 0x0000000795580000)
  object space 445440K, 64% used [0x0000000740000000,0x00000007518ba758,0x000000075b300000)
 Metaspace       used 90670K, capacity 94609K, committed 97556K, reserved 1134592K
  class space    used 11592K, capacity 12443K, committed 12820K, reserved 1048576K
}
Event: 473.464 GC heap before
{Heap before GC invocations=33 (full 6):
 PSYoungGen      total 510464K, used 458912K [0x0000000795580000, 0x00000007bd880000, 0x00000007c0000000)
  eden space 433152K, 100% used [0x0000000795580000,0x00000007afc80000,0x00000007afc80000)
  from space 77312K, 33% used [0x00000007b8d00000,0x00000007ba628390,0x00000007bd880000)
  to   space 112640K, 0% used [0x00000007afc80000,0x00000007afc80000,0x00000007b6a80000)
 ParOldGen       total 445440K, used 287465K [0x0000000740000000, 0x000000075b300000, 0x0000000795580000)
  object space 445440K, 64% used [0x0000000740000000,0x00000007518ba758,0x000000075b300000)
 Metaspace       used 90918K, capacity 94865K, committed 97556K, reserved 1134592K
  class space    used 11593K, capacity 12443K, committed 12820K, reserved 1048576K
Event: 473.750 GC heap after
Heap after GC invocations=33 (full 6):
 PSYoungGen      total 545792K, used 60701K [0x0000000795580000, 0x00000007c0000000, 0x00000007c0000000)
  eden space 433152K, 0% used [0x0000000795580000,0x0000000795580000,0x00000007afc80000)
  from space 112640K, 53% used [0x00000007afc80000,0x00000007b37c7650,0x00000007b6a80000)
  to   space 113152K, 0% used [0x00000007b9180000,0x00000007b9180000,0x00000007c0000000)
 ParOldGen       total 445440K, used 310529K [0x0000000740000000, 0x000000075b300000, 0x0000000795580000)
  object space 445440K, 69% used [0x0000000740000000,0x0000000752f40550,0x000000075b300000)
 Metaspace       used 90918K, capacity 94865K, committed 97556K, reserved 1134592K
  class space    used 11593K, capacity 12443K, committed 12820K, reserved 1048576K
}

