# JRE version: OpenJDK Runtime Environment (8.0_152-b01) (build 1.8.0_152-release-1024-b01)
# Java VM: OpenJDK 64-Bit Server VM (25.152-b01 mixed mode bsd-amd64 compressed oops)
Heap:
 PSYoungGen      total 231936K, used 3892K [0x0000000795580000, 0x00000007a5300000, 0x00000007c0000000)
  eden space 211968K, 0% used [0x0000000795580000,0x0000000795580000,0x00000007a2480000)
  from space 19968K, 19% used [0x00000007a3780000,0x00000007a3b4d000,0x00000007a4b00000)
  to   space 19456K, 0% used [0x00000007a2480000,0x00000007a2480000,0x00000007a3780000)
 ParOldGen       total 54272K, used 48318K [0x0000000740000000, 0x0000000743500000, 0x0000000795580000)
  object space 54272K, 89% used [0x0000000740000000,0x0000000742f2f868,0x0000000743500000)
 Metaspace       used 56642K, capacity 58915K, committed 59028K, reserved 1099776K
  class space    used 7855K, capacity 8463K, committed 8576K, reserved 1048576K
GC Heap History (10 events):
Event: 7.055 GC heap after
Heap after GC invocations=12 (full 2):
 PSYoungGen      total 133120K, used 0K [0x0000000795580000, 0x00000007a1080000, 0x00000007c0000000)
  eden space 123904K, 0% used [0x0000000795580000,0x0000000795580000,0x000000079ce80000)
  from space 9216K, 0% used [0x000000079da00000,0x000000079da00000,0x000000079e300000)
  to   space 11776K, 0% used [0x000000079ce80000,0x000000079ce80000,0x000000079da00000)
 ParOldGen       total 54272K, used 14813K [0x0000000740000000, 0x0000000743500000, 0x0000000795580000)
  object space 54272K, 27% used [0x0000000740000000,0x0000000740e774c8,0x0000000743500000)
 Metaspace       used 34402K, capacity 35098K, committed 35416K, reserved 1079296K
  class space    used 4776K, capacity 5023K, committed 5120K, reserved 1048576K
}
Event: 8.580 GC heap before
{Heap before GC invocations=13 (full 2):
 PSYoungGen      total 133120K, used 123904K [0x0000000795580000, 0x00000007a1080000, 0x00000007c0000000)
  eden space 123904K, 100% used [0x0000000795580000,0x000000079ce80000,0x000000079ce80000)
  from space 9216K, 0% used [0x000000079da00000,0x000000079da00000,0x000000079e300000)
  to   space 11776K, 0% used [0x000000079ce80000,0x000000079ce80000,0x000000079da00000)
 ParOldGen       total 54272K, used 14813K [0x0000000740000000, 0x0000000743500000, 0x0000000795580000)
  object space 54272K, 27% used [0x0000000740000000,0x0000000740e774c8,0x0000000743500000)
 Metaspace       used 40509K, capacity 41378K, committed 41728K, reserved 1085440K
  class space    used 5517K, capacity 5796K, committed 5888K, reserved 1048576K
Event: 8.595 GC heap after
Heap after GC invocations=13 (full 2):
 PSYoungGen      total 135680K, used 11773K [0x0000000795580000, 0x00000007a1200000, 0x00000007c0000000)
  eden space 123904K, 0% used [0x0000000795580000,0x0000000795580000,0x000000079ce80000)
  from space 11776K, 99% used [0x000000079ce80000,0x000000079d9ff7a0,0x000000079da00000)
  to   space 13824K, 0% used [0x00000007a0480000,0x00000007a0480000,0x00000007a1200000)
 ParOldGen       total 54272K, used 16183K [0x0000000740000000, 0x0000000743500000, 0x0000000795580000)
  object space 54272K, 29% used [0x0000000740000000,0x0000000740fcdfe8,0x0000000743500000)
 Metaspace       used 40509K, capacity 41378K, committed 41728K, reserved 1085440K
  class space    used 5517K, capacity 5796K, committed 5888K, reserved 1048576K
}
Event: 10.966 GC heap before
{Heap before GC invocations=14 (full 2):
 PSYoungGen      total 135680K, used 135677K [0x0000000795580000, 0x00000007a1200000, 0x00000007c0000000)
  eden space 123904K, 100% used [0x0000000795580000,0x000000079ce80000,0x000000079ce80000)
  from space 11776K, 99% used [0x000000079ce80000,0x000000079d9ff7a0,0x000000079da00000)
  to   space 13824K, 0% used [0x00000007a0480000,0x00000007a0480000,0x00000007a1200000)
 ParOldGen       total 54272K, used 16183K [0x0000000740000000, 0x0000000743500000, 0x0000000795580000)
  object space 54272K, 29% used [0x0000000740000000,0x0000000740fcdfe8,0x0000000743500000)
 Metaspace       used 51705K, capacity 53320K, committed 53632K, reserved 1095680K
  class space    used 7063K, capacity 7454K, committed 7552K, reserved 1048576K
Event: 10.996 GC heap after
Heap after GC invocations=14 (full 2):
 PSYoungGen      total 175104K, used 11236K [0x0000000795580000, 0x00000007a1100000, 0x00000007c0000000)
  eden space 162304K, 0% used [0x0000000795580000,0x0000000795580000,0x000000079f400000)
  from space 12800K, 87% used [0x00000007a0480000,0x00000007a0f79380,0x00000007a1100000)
  to   space 14848K, 0% used [0x000000079f400000,0x000000079f400000,0x00000007a0280000)
 ParOldGen       total 54272K, used 25427K [0x0000000740000000, 0x0000000743500000, 0x0000000795580000)
  object space 54272K, 46% used [0x0000000740000000,0x00000007418d4f00,0x0000000743500000)
 Metaspace       used 51705K, capacity 53320K, committed 53632K, reserved 1095680K
  class space    used 7063K, capacity 7454K, committed 7552K, reserved 1048576K
}
Event: 12.589 GC heap before
{Heap before GC invocations=15 (full 2):
 PSYoungGen      total 175104K, used 173540K [0x0000000795580000, 0x00000007a1100000, 0x00000007c0000000)
  eden space 162304K, 100% used [0x0000000795580000,0x000000079f400000,0x000000079f400000)
  from space 12800K, 87% used [0x00000007a0480000,0x00000007a0f79380,0x00000007a1100000)
  to   space 14848K, 0% used [0x000000079f400000,0x000000079f400000,0x00000007a0280000)
 ParOldGen       total 54272K, used 25427K [0x0000000740000000, 0x0000000743500000, 0x0000000795580000)
  object space 54272K, 46% used [0x0000000740000000,0x00000007418d4f00,0x0000000743500000)
 Metaspace       used 55974K, capacity 57966K, committed 58240K, reserved 1099776K
  class space    used 7740K, capacity 8242K, committed 8320K, reserved 1048576K
Event: 12.619 GC heap after
Heap after GC invocations=15 (full 2):
 PSYoungGen      total 177152K, used 14832K [0x0000000795580000, 0x00000007a4b00000, 0x00000007c0000000)
  eden space 162304K, 0% used [0x0000000795580000,0x0000000795580000,0x000000079f400000)
  from space 14848K, 99% used [0x000000079f400000,0x00000007a027c030,0x00000007a0280000)
  to   space 19968K, 0% used [0x00000007a3780000,0x00000007a3780000,0x00000007a4b00000)
 ParOldGen       total 54272K, used 33487K [0x0000000740000000, 0x0000000743500000, 0x0000000795580000)
  object space 54272K, 61% used [0x0000000740000000,0x00000007420b3e38,0x0000000743500000)
 Metaspace       used 55974K, capacity 57966K, committed 58240K, reserved 1099776K
  class space    used 7740K, capacity 8242K, committed 8320K, reserved 1048576K
}
Event: 13.050 GC heap before
{Heap before GC invocations=16 (full 2):
 PSYoungGen      total 177152K, used 48793K [0x0000000795580000, 0x00000007a4b00000, 0x00000007c0000000)
  eden space 162304K, 20% used [0x0000000795580000,0x00000007976aa590,0x000000079f400000)
  from space 14848K, 99% used [0x000000079f400000,0x00000007a027c030,0x00000007a0280000)
  to   space 19968K, 0% used [0x00000007a3780000,0x00000007a3780000,0x00000007a4b00000)
 ParOldGen       total 54272K, used 33487K [0x0000000740000000, 0x0000000743500000, 0x0000000795580000)
  object space 54272K, 61% used [0x0000000740000000,0x00000007420b3e38,0x0000000743500000)
 Metaspace       used 56642K, capacity 58915K, committed 59028K, reserved 1099776K
  class space    used 7855K, capacity 8463K, committed 8576K, reserved 1048576K
Event: 13.080 GC heap after
Heap after GC invocations=16 (full 2):
 PSYoungGen      total 231936K, used 3892K [0x0000000795580000, 0x00000007a5300000, 0x00000007c0000000)
  eden space 211968K, 0% used [0x0000000795580000,0x0000000795580000,0x00000007a2480000)
  from space 19968K, 19% used [0x00000007a3780000,0x00000007a3b4d000,0x00000007a4b00000)
  to   space 19456K, 0% used [0x00000007a2480000,0x00000007a2480000,0x00000007a3780000)
 ParOldGen       total 54272K, used 48318K [0x0000000740000000, 0x0000000743500000, 0x0000000795580000)
  object space 54272K, 89% used [0x0000000740000000,0x0000000742f2f868,0x0000000743500000)
 Metaspace       used 56642K, capacity 58915K, committed 59028K, reserved 1099776K
  class space    used 7855K, capacity 8463K, committed 8576K, reserved 1048576K
}
Event: 13.080 GC heap before
{Heap before GC invocations=17 (full 3):
 PSYoungGen      total 231936K, used 3892K [0x0000000795580000, 0x00000007a5300000, 0x00000007c0000000)
  eden space 211968K, 0% used [0x0000000795580000,0x0000000795580000,0x00000007a2480000)
  from space 19968K, 19% used [0x00000007a3780000,0x00000007a3b4d000,0x00000007a4b00000)
  to   space 19456K, 0% used [0x00000007a2480000,0x00000007a2480000,0x00000007a3780000)
 ParOldGen       total 54272K, used 48318K [0x0000000740000000, 0x0000000743500000, 0x0000000795580000)
  object space 54272K, 89% used [0x0000000740000000,0x0000000742f2f868,0x0000000743500000)
 Metaspace       used 56642K, capacity 58915K, committed 59028K, reserved 1099776K
  class space    used 7855K, capacity 8463K, committed 8576K, reserved 1048576K

