# JRE version: OpenJDK Runtime Environment (8.0_152-b01) (build 1.8.0_152-release-1024-b01)
# Java VM: OpenJDK 64-Bit Server VM (25.152-b01 mixed mode bsd-amd64 compressed oops)
Heap:
 PSYoungGen      total 547328K, used 267648K [0x0000000795580000, 0x00000007c0000000, 0x00000007c0000000)
  eden space 404992K, 64% used [0x0000000795580000,0x00000007a53c85f8,0x00000007ae100000)
  from space 142336K, 5% used [0x00000007b6d80000,0x00000007b7497b68,0x00000007bf880000)
  to   space 143872K, 0% used [0x00000007ae100000,0x00000007ae100000,0x00000007b6d80000)
 ParOldGen       total 349696K, used 184477K [0x0000000740000000, 0x0000000755580000, 0x0000000795580000)
  object space 349696K, 52% used [0x0000000740000000,0x000000074b4276d8,0x0000000755580000)
 Metaspace       used 104670K, capacity 108109K, committed 110512K, reserved 1146880K
  class space    used 12044K, capacity 12810K, committed 13744K, reserved 1048576K
GC Heap History (10 events):
Event: 4120.362 GC heap before
{Heap before GC invocations=43 (full 8):
 PSYoungGen      total 539136K, used 400896K [0x0000000795580000, 0x00000007c0000000, 0x00000007c0000000)
  eden space 400896K, 100% used [0x0000000795580000,0x00000007add00000,0x00000007add00000)
  from space 138240K, 0% used [0x00000007b6580000,0x00000007b6580000,0x00000007bec80000)
  to   space 139776K, 0% used [0x00000007add00000,0x00000007add00000,0x00000007b6580000)
 ParOldGen       total 330752K, used 177329K [0x0000000740000000, 0x0000000754300000, 0x0000000795580000)
  object space 330752K, 53% used [0x0000000740000000,0x000000074ad2c618,0x0000000754300000)
 Metaspace       used 89723K, capacity 92383K, committed 110512K, reserved 1146880K
  class space    used 10072K, capacity 10671K, committed 13744K, reserved 1048576K
Event: 4121.025 GC heap after
Heap after GC invocations=43 (full 8):
 PSYoungGen      total 540672K, used 89641K [0x0000000795580000, 0x00000007c0000000, 0x00000007c0000000)
  eden space 400896K, 0% used [0x0000000795580000,0x0000000795580000,0x00000007add00000)
  from space 139776K, 64% used [0x00000007add00000,0x00000007b348a738,0x00000007b6580000)
  to   space 143872K, 0% used [0x00000007b7380000,0x00000007b7380000,0x00000007c0000000)
 ParOldGen       total 330752K, used 177337K [0x0000000740000000, 0x0000000754300000, 0x0000000795580000)
  object space 330752K, 53% used [0x0000000740000000,0x000000074ad2e618,0x0000000754300000)
 Metaspace       used 89723K, capacity 92383K, committed 110512K, reserved 1146880K
  class space    used 10072K, capacity 10671K, committed 13744K, reserved 1048576K
}
Event: 4138.530 GC heap before
{Heap before GC invocations=44 (full 8):
 PSYoungGen      total 540672K, used 490537K [0x0000000795580000, 0x00000007c0000000, 0x00000007c0000000)
  eden space 400896K, 100% used [0x0000000795580000,0x00000007add00000,0x00000007add00000)
  from space 139776K, 64% used [0x00000007add00000,0x00000007b348a738,0x00000007b6580000)
  to   space 143872K, 0% used [0x00000007b7380000,0x00000007b7380000,0x00000007c0000000)
 ParOldGen       total 330752K, used 177337K [0x0000000740000000, 0x0000000754300000, 0x0000000795580000)
  object space 330752K, 53% used [0x0000000740000000,0x000000074ad2e618,0x0000000754300000)
 Metaspace       used 97572K, capacity 100625K, committed 110512K, reserved 1146880K
  class space    used 11122K, capacity 11812K, committed 13744K, reserved 1048576K
Event: 4147.293 GC heap after
Heap after GC invocations=44 (full 8):
 PSYoungGen      total 545792K, used 93617K [0x0000000795580000, 0x00000007c0000000, 0x00000007c0000000)
  eden space 401920K, 0% used [0x0000000795580000,0x0000000795580000,0x00000007ade00000)
  from space 143872K, 65% used [0x00000007b7380000,0x00000007bceec7f0,0x00000007c0000000)
  to   space 148480K, 0% used [0x00000007ade00000,0x00000007ade00000,0x00000007b6f00000)
 ParOldGen       total 330752K, used 253863K [0x0000000740000000, 0x0000000754300000, 0x0000000795580000)
  object space 330752K, 76% used [0x0000000740000000,0x000000074f7e9c48,0x0000000754300000)
 Metaspace       used 97572K, capacity 100625K, committed 110512K, reserved 1146880K
  class space    used 11122K, capacity 11812K, committed 13744K, reserved 1048576K
}
Event: 4147.293 GC heap before
{Heap before GC invocations=45 (full 9):
 PSYoungGen      total 545792K, used 93617K [0x0000000795580000, 0x00000007c0000000, 0x00000007c0000000)
  eden space 401920K, 0% used [0x0000000795580000,0x0000000795580000,0x00000007ade00000)
  from space 143872K, 65% used [0x00000007b7380000,0x00000007bceec7f0,0x00000007c0000000)
  to   space 148480K, 0% used [0x00000007ade00000,0x00000007ade00000,0x00000007b6f00000)
 ParOldGen       total 330752K, used 253863K [0x0000000740000000, 0x0000000754300000, 0x0000000795580000)
  object space 330752K, 76% used [0x0000000740000000,0x000000074f7e9c48,0x0000000754300000)
 Metaspace       used 97572K, capacity 100625K, committed 110512K, reserved 1146880K
  class space    used 11122K, capacity 11812K, committed 13744K, reserved 1048576K
Event: 4148.962 GC heap after
Heap after GC invocations=45 (full 9):
 PSYoungGen      total 545792K, used 0K [0x0000000795580000, 0x00000007c0000000, 0x00000007c0000000)
  eden space 401920K, 0% used [0x0000000795580000,0x0000000795580000,0x00000007ade00000)
  from space 143872K, 0% used [0x00000007b7380000,0x00000007b7380000,0x00000007c0000000)
  to   space 148480K, 0% used [0x00000007ade00000,0x00000007ade00000,0x00000007b6f00000)
 ParOldGen       total 349696K, used 177984K [0x0000000740000000, 0x0000000755580000, 0x0000000795580000)
  object space 349696K, 50% used [0x0000000740000000,0x000000074add03c0,0x0000000755580000)
 Metaspace       used 97395K, capacity 100385K, committed 110512K, reserved 1146880K
  class space    used 11106K, capacity 11772K, committed 13744K, reserved 1048576K
}
Event: 4171.414 GC heap before
{Heap before GC invocations=46 (full 9):
 PSYoungGen      total 545792K, used 401920K [0x0000000795580000, 0x00000007c0000000, 0x00000007c0000000)
  eden space 401920K, 100% used [0x0000000795580000,0x00000007ade00000,0x00000007ade00000)
  from space 143872K, 0% used [0x00000007b7380000,0x00000007b7380000,0x00000007c0000000)
  to   space 148480K, 0% used [0x00000007ade00000,0x00000007ade00000,0x00000007b6f00000)
 ParOldGen       total 349696K, used 177984K [0x0000000740000000, 0x0000000755580000, 0x0000000795580000)
  object space 349696K, 50% used [0x0000000740000000,0x000000074add03c0,0x0000000755580000)
 Metaspace       used 97874K, capacity 100931K, committed 110512K, reserved 1146880K
  class space    used 11154K, capacity 11845K, committed 13744K, reserved 1048576K
Event: 4171.737 GC heap after
Heap after GC invocations=46 (full 9):
 PSYoungGen      total 471040K, used 69072K [0x0000000795580000, 0x00000007bf880000, 0x00000007c0000000)
  eden space 401920K, 0% used [0x0000000795580000,0x0000000795580000,0x00000007ade00000)
  from space 69120K, 99% used [0x00000007ade00000,0x00000007b2174028,0x00000007b2180000)
  to   space 142336K, 0% used [0x00000007b6d80000,0x00000007b6d80000,0x00000007bf880000)
 ParOldGen       total 349696K, used 177992K [0x0000000740000000, 0x0000000755580000, 0x0000000795580000)
  object space 349696K, 50% used [0x0000000740000000,0x000000074add23c0,0x0000000755580000)
 Metaspace       used 97874K, capacity 100931K, committed 110512K, reserved 1146880K
  class space    used 11154K, capacity 11845K, committed 13744K, reserved 1048576K
}
Event: 4265.013 GC heap before
{Heap before GC invocations=47 (full 9):
 PSYoungGen      total 471040K, used 470992K [0x0000000795580000, 0x00000007bf880000, 0x00000007c0000000)
  eden space 401920K, 100% used [0x0000000795580000,0x00000007ade00000,0x00000007ade00000)
  from space 69120K, 99% used [0x00000007ade00000,0x00000007b2174028,0x00000007b2180000)
  to   space 142336K, 0% used [0x00000007b6d80000,0x00000007b6d80000,0x00000007bf880000)
 ParOldGen       total 349696K, used 177992K [0x0000000740000000, 0x0000000755580000, 0x0000000795580000)
  object space 349696K, 50% used [0x0000000740000000,0x000000074add23c0,0x0000000755580000)
 Metaspace       used 99248K, capacity 102431K, committed 110512K, reserved 1146880K
  class space    used 11280K, capacity 11997K, committed 13744K, reserved 1048576K
Event: 4265.119 GC heap after
Heap after GC invocations=47 (full 9):
 PSYoungGen      total 547328K, used 7262K [0x0000000795580000, 0x00000007c0000000, 0x00000007c0000000)
  eden space 404992K, 0% used [0x0000000795580000,0x0000000795580000,0x00000007ae100000)
  from space 142336K, 5% used [0x00000007b6d80000,0x00000007b7497b68,0x00000007bf880000)
  to   space 143872K, 0% used [0x00000007ae100000,0x00000007ae100000,0x00000007b6d80000)
 ParOldGen       total 349696K, used 184477K [0x0000000740000000, 0x0000000755580000, 0x0000000795580000)
  object space 349696K, 52% used [0x0000000740000000,0x000000074b4276d8,0x0000000755580000)
 Metaspace       used 99248K, capacity 102431K, committed 110512K, reserved 1146880K
  class space    used 11280K, capacity 11997K, committed 13744K, reserved 1048576K
}

