# JRE version: OpenJDK Runtime Environment (8.0_152-b01) (build 1.8.0_152-release-1024-b01)
# Java VM: OpenJDK 64-Bit Server VM (25.152-b01 mixed mode bsd-amd64 compressed oops)
Heap:
 PSYoungGen      total 196096K, used 196072K [0x0000000795580000, 0x00000007a4a80000, 0x00000007c0000000)
  eden space 176640K, 100% used [0x0000000795580000,0x00000007a0200000,0x00000007a0200000)
  from space 19456K, 99% used [0x00000007a0200000,0x00000007a14fa070,0x00000007a1500000)
  to   space 25088K, 37% used [0x00000007a3200000,0x00000007a3b20080,0x00000007a4a80000)
 ParOldGen       total 103936K, used 70435K [0x0000000740000000, 0x0000000746580000, 0x0000000795580000)
  object space 103936K, 67% used [0x0000000740000000,0x00000007444c8fe0,0x0000000746580000)
 Metaspace       used 65244K, capacity 68080K, committed 68352K, reserved 1107968K
  class space    used 8965K, capacity 9690K, committed 9728K, reserved 1048576K
GC Heap History (10 events):
Event: 21.658 GC heap after
Heap after GC invocations=16 (full 2):
 PSYoungGen      total 150016K, used 10623K [0x0000000795580000, 0x000000079fe00000, 0x00000007c0000000)
  eden space 131584K, 0% used [0x0000000795580000,0x0000000795580000,0x000000079d600000)
  from space 18432K, 57% used [0x000000079e800000,0x000000079f25ff70,0x000000079fa00000)
  to   space 18432K, 0% used [0x000000079d600000,0x000000079d600000,0x000000079e800000)
 ParOldGen       total 56832K, used 35918K [0x0000000740000000, 0x0000000743780000, 0x0000000795580000)
  object space 56832K, 63% used [0x0000000740000000,0x0000000742313bd0,0x0000000743780000)
 Metaspace       used 55401K, capacity 57302K, committed 57600K, reserved 1099776K
  class space    used 7615K, capacity 8133K, committed 8192K, reserved 1048576K
}
Event: 22.877 GC heap before
{Heap before GC invocations=17 (full 2):
 PSYoungGen      total 150016K, used 86736K [0x0000000795580000, 0x000000079fe00000, 0x00000007c0000000)
  eden space 131584K, 57% used [0x0000000795580000,0x0000000799fd4378,0x000000079d600000)
  from space 18432K, 57% used [0x000000079e800000,0x000000079f25ff70,0x000000079fa00000)
  to   space 18432K, 0% used [0x000000079d600000,0x000000079d600000,0x000000079e800000)
 ParOldGen       total 56832K, used 35918K [0x0000000740000000, 0x0000000743780000, 0x0000000795580000)
  object space 56832K, 63% used [0x0000000740000000,0x0000000742313bd0,0x0000000743780000)
 Metaspace       used 56643K, capacity 58846K, committed 59008K, reserved 1099776K
  class space    used 7845K, capacity 8450K, committed 8576K, reserved 1048576K
Event: 22.911 GC heap after
Heap after GC invocations=17 (full 2):
 PSYoungGen      total 150016K, used 9540K [0x0000000795580000, 0x00000007a2a80000, 0x00000007c0000000)
  eden space 131584K, 0% used [0x0000000795580000,0x0000000795580000,0x000000079d600000)
  from space 18432K, 51% used [0x000000079d600000,0x000000079df51030,0x000000079e800000)
  to   space 17920K, 0% used [0x00000007a1900000,0x00000007a1900000,0x00000007a2a80000)
 ParOldGen       total 56832K, used 44509K [0x0000000740000000, 0x0000000743780000, 0x0000000795580000)
  object space 56832K, 78% used [0x0000000740000000,0x0000000742b774d0,0x0000000743780000)
 Metaspace       used 56643K, capacity 58846K, committed 59008K, reserved 1099776K
  class space    used 7845K, capacity 8450K, committed 8576K, reserved 1048576K
}
Event: 22.911 GC heap before
{Heap before GC invocations=18 (full 3):
 PSYoungGen      total 150016K, used 9540K [0x0000000795580000, 0x00000007a2a80000, 0x00000007c0000000)
  eden space 131584K, 0% used [0x0000000795580000,0x0000000795580000,0x000000079d600000)
  from space 18432K, 51% used [0x000000079d600000,0x000000079df51030,0x000000079e800000)
  to   space 17920K, 0% used [0x00000007a1900000,0x00000007a1900000,0x00000007a2a80000)
 ParOldGen       total 56832K, used 44509K [0x0000000740000000, 0x0000000743780000, 0x0000000795580000)
  object space 56832K, 78% used [0x0000000740000000,0x0000000742b774d0,0x0000000743780000)
 Metaspace       used 56643K, capacity 58846K, committed 59008K, reserved 1099776K
  class space    used 7845K, capacity 8450K, committed 8576K, reserved 1048576K
Event: 23.249 GC heap after
Heap after GC invocations=18 (full 3):
 PSYoungGen      total 150016K, used 0K [0x0000000795580000, 0x00000007a2a80000, 0x00000007c0000000)
  eden space 131584K, 0% used [0x0000000795580000,0x0000000795580000,0x000000079d600000)
  from space 18432K, 0% used [0x000000079d600000,0x000000079d600000,0x000000079e800000)
  to   space 17920K, 0% used [0x00000007a1900000,0x00000007a1900000,0x00000007a2a80000)
 ParOldGen       total 103936K, used 47292K [0x0000000740000000, 0x0000000746580000, 0x0000000795580000)
  object space 103936K, 45% used [0x0000000740000000,0x0000000742e2f150,0x0000000746580000)
 Metaspace       used 56643K, capacity 58846K, committed 59008K, reserved 1099776K
  class space    used 7845K, capacity 8450K, committed 8576K, reserved 1048576K
}
Event: 29.386 GC heap before
{Heap before GC invocations=19 (full 3):
 PSYoungGen      total 150016K, used 131584K [0x0000000795580000, 0x00000007a2a80000, 0x00000007c0000000)
  eden space 131584K, 100% used [0x0000000795580000,0x000000079d600000,0x000000079d600000)
  from space 18432K, 0% used [0x000000079d600000,0x000000079d600000,0x000000079e800000)
  to   space 17920K, 0% used [0x00000007a1900000,0x00000007a1900000,0x00000007a2a80000)
 ParOldGen       total 103936K, used 47292K [0x0000000740000000, 0x0000000746580000, 0x0000000795580000)
  object space 103936K, 45% used [0x0000000740000000,0x0000000742e2f150,0x0000000746580000)
 Metaspace       used 60014K, capacity 62518K, committed 62720K, reserved 1103872K
  class space    used 8267K, capacity 8905K, committed 8960K, reserved 1048576K
Event: 29.417 GC heap after
Heap after GC invocations=19 (full 3):
 PSYoungGen      total 183296K, used 15296K [0x0000000795580000, 0x00000007a2800000, 0x00000007c0000000)
  eden space 167936K, 0% used [0x0000000795580000,0x0000000795580000,0x000000079f980000)
  from space 15360K, 99% used [0x00000007a1900000,0x00000007a27f00f0,0x00000007a2800000)
  to   space 19456K, 0% used [0x00000007a0200000,0x00000007a0200000,0x00000007a1500000)
 ParOldGen       total 103936K, used 47300K [0x0000000740000000, 0x0000000746580000, 0x0000000795580000)
  object space 103936K, 45% used [0x0000000740000000,0x0000000742e31150,0x0000000746580000)
 Metaspace       used 60014K, capacity 62518K, committed 62720K, reserved 1103872K
  class space    used 8267K, capacity 8905K, committed 8960K, reserved 1048576K
}
Event: 33.224 GC heap before
{Heap before GC invocations=20 (full 3):
 PSYoungGen      total 183296K, used 183232K [0x0000000795580000, 0x00000007a2800000, 0x00000007c0000000)
  eden space 167936K, 100% used [0x0000000795580000,0x000000079f980000,0x000000079f980000)
  from space 15360K, 99% used [0x00000007a1900000,0x00000007a27f00f0,0x00000007a2800000)
  to   space 19456K, 0% used [0x00000007a0200000,0x00000007a0200000,0x00000007a1500000)
 ParOldGen       total 103936K, used 47300K [0x0000000740000000, 0x0000000746580000, 0x0000000795580000)
  object space 103936K, 45% used [0x0000000740000000,0x0000000742e31150,0x0000000746580000)
 Metaspace       used 64815K, capacity 67580K, committed 67840K, reserved 1107968K
  class space    used 8928K, capacity 9634K, committed 9728K, reserved 1048576K
Event: 33.304 GC heap after
Heap after GC invocations=20 (full 3):
 PSYoungGen      total 196096K, used 19432K [0x0000000795580000, 0x00000007a4a80000, 0x00000007c0000000)
  eden space 176640K, 0% used [0x0000000795580000,0x0000000795580000,0x00000007a0200000)
  from space 19456K, 99% used [0x00000007a0200000,0x00000007a14fa070,0x00000007a1500000)
  to   space 25088K, 0% used [0x00000007a3200000,0x00000007a3200000,0x00000007a4a80000)
 ParOldGen       total 103936K, used 55084K [0x0000000740000000, 0x0000000746580000, 0x0000000795580000)
  object space 103936K, 52% used [0x0000000740000000,0x00000007435cb100,0x0000000746580000)
 Metaspace       used 64815K, capacity 67580K, committed 67840K, reserved 1107968K
  class space    used 8928K, capacity 9634K, committed 9728K, reserved 1048576K
}
Event: 37.191 GC heap before
{Heap before GC invocations=21 (full 3):
 PSYoungGen      total 196096K, used 196072K [0x0000000795580000, 0x00000007a4a80000, 0x00000007c0000000)
  eden space 176640K, 100% used [0x0000000795580000,0x00000007a0200000,0x00000007a0200000)
  from space 19456K, 99% used [0x00000007a0200000,0x00000007a14fa070,0x00000007a1500000)
  to   space 25088K, 0% used [0x00000007a3200000,0x00000007a3200000,0x00000007a4a80000)
 ParOldGen       total 103936K, used 55084K [0x0000000740000000, 0x0000000746580000, 0x0000000795580000)
  object space 103936K, 52% used [0x0000000740000000,0x00000007435cb100,0x0000000746580000)
 Metaspace       used 65244K, capacity 68080K, committed 68352K, reserved 1107968K
  class space    used 8965K, capacity 9690K, committed 9728K, reserved 1048576K

