# JRE version: OpenJDK Runtime Environment (8.0_152-b01) (build 1.8.0_152-release-1024-b01)
# Java VM: OpenJDK 64-Bit Server VM (25.152-b01 mixed mode bsd-amd64 compressed oops)
Heap:
 PSYoungGen      total 605696K, used 86785K [0x0000000795580000, 0x00000007c0000000, 0x00000007c0000000)
  eden space 518656K, 0% used [0x0000000795580000,0x0000000795580000,0x00000007b5000000)
  from space 87040K, 99% used [0x00000007b5000000,0x00000007ba4c0430,0x00000007ba500000)
  to   space 93184K, 0% used [0x00000007ba500000,0x00000007ba500000,0x00000007c0000000)
 ParOldGen       total 362496K, used 334284K [0x0000000740000000, 0x0000000756200000, 0x0000000795580000)
  object space 362496K, 92% used [0x0000000740000000,0x0000000754673008,0x0000000756200000)
 Metaspace       used 109740K, capacity 113685K, committed 114048K, reserved 1148928K
  class space    used 14177K, capacity 15113K, committed 15232K, reserved 1048576K
GC Heap History (10 events):
Event: 276.392 GC heap after
Heap after GC invocations=28 (full 5):
 PSYoungGen      total 608768K, used 5072K [0x0000000795580000, 0x00000007c0000000, 0x00000007c0000000)
  eden space 518656K, 0% used [0x0000000795580000,0x0000000795580000,0x00000007b5000000)
  from space 90112K, 5% used [0x00000007b5000000,0x00000007b54f4010,0x00000007ba800000)
  to   space 88576K, 0% used [0x00000007ba980000,0x00000007ba980000,0x00000007c0000000)
 ParOldGen       total 362496K, used 301630K [0x0000000740000000, 0x0000000756200000, 0x0000000795580000)
  object space 362496K, 83% used [0x0000000740000000,0x000000075268fbf0,0x0000000756200000)
 Metaspace       used 109304K, capacity 113203K, committed 113408K, reserved 1146880K
  class space    used 14138K, capacity 15066K, committed 15104K, reserved 1048576K
}
Event: 278.975 GC heap before
{Heap before GC invocations=29 (full 5):
 PSYoungGen      total 608768K, used 523728K [0x0000000795580000, 0x00000007c0000000, 0x00000007c0000000)
  eden space 518656K, 100% used [0x0000000795580000,0x00000007b5000000,0x00000007b5000000)
  from space 90112K, 5% used [0x00000007b5000000,0x00000007b54f4010,0x00000007ba800000)
  to   space 88576K, 0% used [0x00000007ba980000,0x00000007ba980000,0x00000007c0000000)
 ParOldGen       total 362496K, used 301630K [0x0000000740000000, 0x0000000756200000, 0x0000000795580000)
  object space 362496K, 83% used [0x0000000740000000,0x000000075268fbf0,0x0000000756200000)
 Metaspace       used 109308K, capacity 113203K, committed 113408K, reserved 1146880K
  class space    used 14138K, capacity 15066K, committed 15104K, reserved 1048576K
Event: 279.001 GC heap after
Heap after GC invocations=29 (full 5):
 PSYoungGen      total 602112K, used 5298K [0x0000000795580000, 0x00000007bf980000, 0x00000007c0000000)
  eden space 520192K, 0% used [0x0000000795580000,0x0000000795580000,0x00000007b5180000)
  from space 81920K, 6% used [0x00000007ba980000,0x00000007baeac820,0x00000007bf980000)
  to   space 86016K, 0% used [0x00000007b5180000,0x00000007b5180000,0x00000007ba580000)
 ParOldGen       total 362496K, used 302838K [0x0000000740000000, 0x0000000756200000, 0x0000000795580000)
  object space 362496K, 83% used [0x0000000740000000,0x00000007527bdbf0,0x0000000756200000)
 Metaspace       used 109308K, capacity 113203K, committed 113408K, reserved 1146880K
  class space    used 14138K, capacity 15066K, committed 15104K, reserved 1048576K
}
Event: 281.500 GC heap before
{Heap before GC invocations=30 (full 5):
 PSYoungGen      total 602112K, used 525490K [0x0000000795580000, 0x00000007bf980000, 0x00000007c0000000)
  eden space 520192K, 100% used [0x0000000795580000,0x00000007b5180000,0x00000007b5180000)
  from space 81920K, 6% used [0x00000007ba980000,0x00000007baeac820,0x00000007bf980000)
  to   space 86016K, 0% used [0x00000007b5180000,0x00000007b5180000,0x00000007ba580000)
 ParOldGen       total 362496K, used 302838K [0x0000000740000000, 0x0000000756200000, 0x0000000795580000)
  object space 362496K, 83% used [0x0000000740000000,0x00000007527bdbf0,0x0000000756200000)
 Metaspace       used 109310K, capacity 113203K, committed 113408K, reserved 1146880K
  class space    used 14138K, capacity 15066K, committed 15104K, reserved 1048576K
Event: 281.514 GC heap after
Heap after GC invocations=30 (full 5):
 PSYoungGen      total 606208K, used 4128K [0x0000000795580000, 0x00000007c0000000, 0x00000007c0000000)
  eden space 520192K, 0% used [0x0000000795580000,0x0000000795580000,0x00000007b5180000)
  from space 86016K, 4% used [0x00000007b5180000,0x00000007b5588000,0x00000007ba580000)
  to   space 83968K, 0% used [0x00000007bae00000,0x00000007bae00000,0x00000007c0000000)
 ParOldGen       total 362496K, used 304071K [0x0000000740000000, 0x0000000756200000, 0x0000000795580000)
  object space 362496K, 83% used [0x0000000740000000,0x00000007528f1c10,0x0000000756200000)
 Metaspace       used 109310K, capacity 113203K, committed 113408K, reserved 1146880K
  class space    used 14138K, capacity 15066K, committed 15104K, reserved 1048576K
}
Event: 289.265 GC heap before
{Heap before GC invocations=31 (full 5):
 PSYoungGen      total 606208K, used 524320K [0x0000000795580000, 0x00000007c0000000, 0x00000007c0000000)
  eden space 520192K, 100% used [0x0000000795580000,0x00000007b5180000,0x00000007b5180000)
  from space 86016K, 4% used [0x00000007b5180000,0x00000007b5588000,0x00000007ba580000)
  to   space 83968K, 0% used [0x00000007bae00000,0x00000007bae00000,0x00000007c0000000)
 ParOldGen       total 362496K, used 304071K [0x0000000740000000, 0x0000000756200000, 0x0000000795580000)
  object space 362496K, 83% used [0x0000000740000000,0x00000007528f1c10,0x0000000756200000)
 Metaspace       used 109514K, capacity 113481K, committed 113792K, reserved 1148928K
  class space    used 14156K, capacity 15111K, committed 15232K, reserved 1048576K
Event: 289.363 GC heap after
Heap after GC invocations=31 (full 5):
 PSYoungGen      total 602624K, used 56631K [0x0000000795580000, 0x00000007c0000000, 0x00000007c0000000)
  eden space 518656K, 0% used [0x0000000795580000,0x0000000795580000,0x00000007b5000000)
  from space 83968K, 67% used [0x00000007bae00000,0x00000007be54ddb8,0x00000007c0000000)
  to   space 90112K, 0% used [0x00000007b5000000,0x00000007b5000000,0x00000007ba800000)
 ParOldGen       total 362496K, used 304551K [0x0000000740000000, 0x0000000756200000, 0x0000000795580000)
  object space 362496K, 84% used [0x0000000740000000,0x0000000752969c10,0x0000000756200000)
 Metaspace       used 109514K, capacity 113481K, committed 113792K, reserved 1148928K
  class space    used 14156K, capacity 15111K, committed 15232K, reserved 1048576K
}
Event: 290.668 GC heap before
{Heap before GC invocations=32 (full 5):
 PSYoungGen      total 602624K, used 575287K [0x0000000795580000, 0x00000007c0000000, 0x00000007c0000000)
  eden space 518656K, 100% used [0x0000000795580000,0x00000007b5000000,0x00000007b5000000)
  from space 83968K, 67% used [0x00000007bae00000,0x00000007be54ddb8,0x00000007c0000000)
  to   space 90112K, 0% used [0x00000007b5000000,0x00000007b5000000,0x00000007ba800000)
 ParOldGen       total 362496K, used 304551K [0x0000000740000000, 0x0000000756200000, 0x0000000795580000)
  object space 362496K, 84% used [0x0000000740000000,0x0000000752969c10,0x0000000756200000)
 Metaspace       used 109740K, capacity 113685K, committed 114048K, reserved 1148928K
  class space    used 14177K, capacity 15113K, committed 15232K, reserved 1048576K
Event: 290.906 GC heap after
Heap after GC invocations=32 (full 5):
 PSYoungGen      total 605696K, used 86785K [0x0000000795580000, 0x00000007c0000000, 0x00000007c0000000)
  eden space 518656K, 0% used [0x0000000795580000,0x0000000795580000,0x00000007b5000000)
  from space 87040K, 99% used [0x00000007b5000000,0x00000007ba4c0430,0x00000007ba500000)
  to   space 93184K, 0% used [0x00000007ba500000,0x00000007ba500000,0x00000007c0000000)
 ParOldGen       total 362496K, used 334284K [0x0000000740000000, 0x0000000756200000, 0x0000000795580000)
  object space 362496K, 92% used [0x0000000740000000,0x0000000754673008,0x0000000756200000)
 Metaspace       used 109740K, capacity 113685K, committed 114048K, reserved 1148928K
  class space    used 14177K, capacity 15113K, committed 15232K, reserved 1048576K
}
Event: 290.906 GC heap before
{Heap before GC invocations=33 (full 6):
 PSYoungGen      total 605696K, used 86785K [0x0000000795580000, 0x00000007c0000000, 0x00000007c0000000)
  eden space 518656K, 0% used [0x0000000795580000,0x0000000795580000,0x00000007b5000000)
  from space 87040K, 99% used [0x00000007b5000000,0x00000007ba4c0430,0x00000007ba500000)
  to   space 93184K, 0% used [0x00000007ba500000,0x00000007ba500000,0x00000007c0000000)
 ParOldGen       total 362496K, used 334284K [0x0000000740000000, 0x0000000756200000, 0x0000000795580000)
  object space 362496K, 92% used [0x0000000740000000,0x0000000754673008,0x0000000756200000)
 Metaspace       used 109740K, capacity 113685K, committed 114048K, reserved 1148928K
  class space    used 14177K, capacity 15113K, committed 15232K, reserved 1048576K

