# JRE version: OpenJDK Runtime Environment (8.0_152-b01) (build 1.8.0_152-release-1024-b01)
# Java VM: OpenJDK 64-Bit Server VM (25.152-b01 mixed mode bsd-amd64 compressed oops)
Heap:
 PSYoungGen      total 562688K, used 444512K [0x0000000795580000, 0x00000007c0000000, 0x00000007c0000000)
  eden space 444416K, 100% used [0x0000000795580000,0x00000007b0780000,0x00000007b0780000)
  from space 118272K, 0% used [0x00000007b0780000,0x00000007b0798000,0x00000007b7b00000)
  to   space 116224K, 7% used [0x00000007b8e80000,0x00000007b972a080,0x00000007c0000000)
 ParOldGen       total 407552K, used 293343K [0x0000000740000000, 0x0000000758e00000, 0x0000000795580000)
  object space 407552K, 71% used [0x0000000740000000,0x0000000751e77c30,0x0000000758e00000)
 Metaspace       used 115856K, capacity 120549K, committed 120704K, reserved 1155072K
  class space    used 14843K, capacity 15899K, committed 16000K, reserved 1048576K
GC Heap History (10 events):
Event: 317.338 GC heap after
Heap after GC invocations=44 (full 7):
 PSYoungGen      total 558592K, used 17150K [0x0000000795580000, 0x00000007c0000000, 0x00000007c0000000)
  eden space 418304K, 0% used [0x0000000795580000,0x0000000795580000,0x00000007aee00000)
  from space 140288K, 12% used [0x00000007aee00000,0x00000007afebf848,0x00000007b7700000)
  to   space 132608K, 0% used [0x00000007b7e80000,0x00000007b7e80000,0x00000007c0000000)
 ParOldGen       total 407552K, used 254483K [0x0000000740000000, 0x0000000758e00000, 0x0000000795580000)
  object space 407552K, 62% used [0x0000000740000000,0x000000074f884ca8,0x0000000758e00000)
 Metaspace       used 109168K, capacity 113023K, committed 113408K, reserved 1146880K
  class space    used 14128K, capacity 15034K, committed 15104K, reserved 1048576K
}
Event: 322.996 GC heap before
{Heap before GC invocations=45 (full 7):
 PSYoungGen      total 558592K, used 435454K [0x0000000795580000, 0x00000007c0000000, 0x00000007c0000000)
  eden space 418304K, 100% used [0x0000000795580000,0x00000007aee00000,0x00000007aee00000)
  from space 140288K, 12% used [0x00000007aee00000,0x00000007afebf848,0x00000007b7700000)
  to   space 132608K, 0% used [0x00000007b7e80000,0x00000007b7e80000,0x00000007c0000000)
 ParOldGen       total 407552K, used 254483K [0x0000000740000000, 0x0000000758e00000, 0x0000000795580000)
  object space 407552K, 62% used [0x0000000740000000,0x000000074f884ca8,0x0000000758e00000)
 Metaspace       used 109338K, capacity 113263K, committed 113408K, reserved 1146880K
  class space    used 14136K, capacity 15068K, committed 15104K, reserved 1048576K
Event: 323.101 GC heap after
Heap after GC invocations=45 (full 7):
 PSYoungGen      total 546816K, used 4134K [0x0000000795580000, 0x00000007bf480000, 0x00000007c0000000)
  eden space 425984K, 0% used [0x0000000795580000,0x0000000795580000,0x00000007af580000)
  from space 120832K, 3% used [0x00000007b7e80000,0x00000007b8289bc0,0x00000007bf480000)
  to   space 130560K, 0% used [0x00000007af580000,0x00000007af580000,0x00000007b7500000)
 ParOldGen       total 407552K, used 280012K [0x0000000740000000, 0x0000000758e00000, 0x0000000795580000)
  object space 407552K, 68% used [0x0000000740000000,0x00000007511731e0,0x0000000758e00000)
 Metaspace       used 109338K, capacity 113263K, committed 113408K, reserved 1146880K
  class space    used 14136K, capacity 15068K, committed 15104K, reserved 1048576K
}
Event: 325.532 GC heap before
{Heap before GC invocations=46 (full 7):
 PSYoungGen      total 546816K, used 425499K [0x0000000795580000, 0x00000007bf480000, 0x00000007c0000000)
  eden space 425984K, 98% used [0x0000000795580000,0x00000007af0fd3a0,0x00000007af580000)
  from space 120832K, 3% used [0x00000007b7e80000,0x00000007b8289bc0,0x00000007bf480000)
  to   space 130560K, 0% used [0x00000007af580000,0x00000007af580000,0x00000007b7500000)
 ParOldGen       total 407552K, used 280012K [0x0000000740000000, 0x0000000758e00000, 0x0000000795580000)
  object space 407552K, 68% used [0x0000000740000000,0x00000007511731e0,0x0000000758e00000)
 Metaspace       used 109983K, capacity 113989K, committed 114304K, reserved 1148928K
  class space    used 14239K, capacity 15163K, committed 15232K, reserved 1048576K
Event: 325.558 GC heap after
Heap after GC invocations=46 (full 7):
 PSYoungGen      total 556544K, used 24224K [0x0000000795580000, 0x00000007bfc80000, 0x00000007c0000000)
  eden space 425984K, 0% used [0x0000000795580000,0x0000000795580000,0x00000007af580000)
  from space 130560K, 18% used [0x00000007af580000,0x00000007b0d282d0,0x00000007b7500000)
  to   space 123904K, 0% used [0x00000007b8380000,0x00000007b8380000,0x00000007bfc80000)
 ParOldGen       total 407552K, used 280637K [0x0000000740000000, 0x0000000758e00000, 0x0000000795580000)
  object space 407552K, 68% used [0x0000000740000000,0x000000075120f700,0x0000000758e00000)
 Metaspace       used 109983K, capacity 113989K, committed 114304K, reserved 1148928K
  class space    used 14239K, capacity 15163K, committed 15232K, reserved 1048576K
}
Event: 326.227 GC heap before
{Heap before GC invocations=47 (full 7):
 PSYoungGen      total 556544K, used 449468K [0x0000000795580000, 0x00000007bfc80000, 0x00000007c0000000)
  eden space 425984K, 99% used [0x0000000795580000,0x00000007af4c6f58,0x00000007af580000)
  from space 130560K, 18% used [0x00000007af580000,0x00000007b0d282d0,0x00000007b7500000)
  to   space 123904K, 0% used [0x00000007b8380000,0x00000007b8380000,0x00000007bfc80000)
 ParOldGen       total 407552K, used 280637K [0x0000000740000000, 0x0000000758e00000, 0x0000000795580000)
  object space 407552K, 68% used [0x0000000740000000,0x000000075120f700,0x0000000758e00000)
 Metaspace       used 110217K, capacity 114269K, committed 114304K, reserved 1148928K
  class space    used 14273K, capacity 15207K, committed 15232K, reserved 1048576K
Event: 326.274 GC heap after
Heap after GC invocations=47 (full 7):
 PSYoungGen      total 553984K, used 18444K [0x0000000795580000, 0x00000007bee80000, 0x00000007c0000000)
  eden space 444416K, 0% used [0x0000000795580000,0x0000000795580000,0x00000007b0780000)
  from space 109568K, 16% used [0x00000007b8380000,0x00000007b9583278,0x00000007bee80000)
  to   space 118272K, 0% used [0x00000007b0780000,0x00000007b0780000,0x00000007b7b00000)
 ParOldGen       total 407552K, used 281853K [0x0000000740000000, 0x0000000758e00000, 0x0000000795580000)
  object space 407552K, 69% used [0x0000000740000000,0x000000075133f720,0x0000000758e00000)
 Metaspace       used 110217K, capacity 114269K, committed 114304K, reserved 1148928K
  class space    used 14273K, capacity 15207K, committed 15232K, reserved 1048576K
}
Event: 326.349 GC heap before
{Heap before GC invocations=48 (full 7):
 PSYoungGen      total 553984K, used 462583K [0x0000000795580000, 0x00000007bee80000, 0x00000007c0000000)
  eden space 444416K, 99% used [0x0000000795580000,0x00000007b073acd0,0x00000007b0780000)
  from space 109568K, 16% used [0x00000007b8380000,0x00000007b9583278,0x00000007bee80000)
  to   space 118272K, 0% used [0x00000007b0780000,0x00000007b0780000,0x00000007b7b00000)
 ParOldGen       total 407552K, used 281853K [0x0000000740000000, 0x0000000758e00000, 0x0000000795580000)
  object space 407552K, 69% used [0x0000000740000000,0x000000075133f720,0x0000000758e00000)
 Metaspace       used 110217K, capacity 114269K, committed 114304K, reserved 1148928K
  class space    used 14273K, capacity 15207K, committed 15232K, reserved 1048576K
Event: 326.366 GC heap after
Heap after GC invocations=48 (full 7):
 PSYoungGen      total 562688K, used 96K [0x0000000795580000, 0x00000007c0000000, 0x00000007c0000000)
  eden space 444416K, 0% used [0x0000000795580000,0x0000000795580000,0x00000007b0780000)
  from space 118272K, 0% used [0x00000007b0780000,0x00000007b0798000,0x00000007b7b00000)
  to   space 116224K, 0% used [0x00000007b8e80000,0x00000007b8e80000,0x00000007c0000000)
 ParOldGen       total 407552K, used 293303K [0x0000000740000000, 0x0000000758e00000, 0x0000000795580000)
  object space 407552K, 71% used [0x0000000740000000,0x0000000751e6dc30,0x0000000758e00000)
 Metaspace       used 110217K, capacity 114269K, committed 114304K, reserved 1148928K
  class space    used 14273K, capacity 15207K, committed 15232K, reserved 1048576K
}
Event: 366.246 GC heap before
{Heap before GC invocations=49 (full 7):
 PSYoungGen      total 562688K, used 444512K [0x0000000795580000, 0x00000007c0000000, 0x00000007c0000000)
  eden space 444416K, 100% used [0x0000000795580000,0x00000007b0780000,0x00000007b0780000)
  from space 118272K, 0% used [0x00000007b0780000,0x00000007b0798000,0x00000007b7b00000)
  to   space 116224K, 0% used [0x00000007b8e80000,0x00000007b8e80000,0x00000007c0000000)
 ParOldGen       total 407552K, used 293303K [0x0000000740000000, 0x0000000758e00000, 0x0000000795580000)
  object space 407552K, 71% used [0x0000000740000000,0x0000000751e6dc30,0x0000000758e00000)
 Metaspace       used 115856K, capacity 120549K, committed 120704K, reserved 1155072K
  class space    used 14843K, capacity 15899K, committed 16000K, reserved 1048576K

