# JRE version: OpenJDK Runtime Environment (8.0_152-b01) (build 1.8.0_152-release-1024-b01)
# Java VM: OpenJDK 64-Bit Server VM (25.152-b01 mixed mode bsd-amd64 compressed oops)
Heap:
 PSYoungGen      total 251392K, used 131345K [0x0000000795580000, 0x00000007abd00000, 0x00000007c0000000)
  eden space 187904K, 51% used [0x0000000795580000,0x000000079b3f64d0,0x00000007a0d00000)
  from space 63488K, 54% used [0x00000007a0d00000,0x00000007a2ece2c0,0x00000007a4b00000)
  to   space 63488K, 0% used [0x00000007a7f00000,0x00000007a7f00000,0x00000007abd00000)
 ParOldGen       total 136192K, used 38352K [0x0000000740000000, 0x0000000748500000, 0x0000000795580000)
  object space 136192K, 28% used [0x0000000740000000,0x0000000742574368,0x0000000748500000)
 Metaspace       used 77654K, capacity 79455K, committed 79784K, reserved 1120256K
  class space    used 9136K, capacity 9551K, committed 9648K, reserved 1048576K
GC Heap History (10 events):
Event: 79.605 GC heap before
{Heap before GC invocations=24 (full 4):
 PSYoungGen      total 166400K, used 131306K [0x0000000795580000, 0x00000007a3900000, 0x00000007c0000000)
  eden space 121856K, 100% used [0x0000000795580000,0x000000079cc80000,0x000000079cc80000)
  from space 44544K, 21% used [0x000000079cc80000,0x000000079d5ba8f8,0x000000079f800000)
  to   space 43008K, 0% used [0x00000007a0f00000,0x00000007a0f00000,0x00000007a3900000)
 ParOldGen       total 152576K, used 77662K [0x0000000740000000, 0x0000000749500000, 0x0000000795580000)
  object space 152576K, 50% used [0x0000000740000000,0x0000000744bd79b0,0x0000000749500000)
 Metaspace       used 74939K, capacity 76583K, committed 76840K, reserved 1116160K
  class space    used 9012K, capacity 9401K, committed 9520K, reserved 1048576K
Event: 79.675 GC heap after
Heap after GC invocations=24 (full 4):
 PSYoungGen      total 187392K, used 29738K [0x0000000795580000, 0x00000007a4100000, 0x00000007c0000000)
  eden space 144384K, 0% used [0x0000000795580000,0x0000000795580000,0x000000079e280000)
  from space 43008K, 69% used [0x00000007a0f00000,0x00000007a2c0ab28,0x00000007a3900000)
  to   space 45568K, 0% used [0x000000079e280000,0x000000079e280000,0x00000007a0f00000)
 ParOldGen       total 152576K, used 79468K [0x0000000740000000, 0x0000000749500000, 0x0000000795580000)
  object space 152576K, 52% used [0x0000000740000000,0x0000000744d9b170,0x0000000749500000)
 Metaspace       used 74939K, capacity 76583K, committed 76840K, reserved 1116160K
  class space    used 9012K, capacity 9401K, committed 9520K, reserved 1048576K
}
Event: 80.284 GC heap before
{Heap before GC invocations=25 (full 4):
 PSYoungGen      total 187392K, used 174122K [0x0000000795580000, 0x00000007a4100000, 0x00000007c0000000)
  eden space 144384K, 100% used [0x0000000795580000,0x000000079e280000,0x000000079e280000)
  from space 43008K, 69% used [0x00000007a0f00000,0x00000007a2c0ab28,0x00000007a3900000)
  to   space 45568K, 0% used [0x000000079e280000,0x000000079e280000,0x00000007a0f00000)
 ParOldGen       total 152576K, used 79468K [0x0000000740000000, 0x0000000749500000, 0x0000000795580000)
  object space 152576K, 52% used [0x0000000740000000,0x0000000744d9b170,0x0000000749500000)
 Metaspace       used 74999K, capacity 76647K, committed 76840K, reserved 1116160K
  class space    used 9013K, capacity 9401K, committed 9520K, reserved 1048576K
Event: 80.394 GC heap after
Heap after GC invocations=25 (full 4):
 PSYoungGen      total 189952K, used 45547K [0x0000000795580000, 0x00000007a8980000, 0x00000007c0000000)
  eden space 144384K, 0% used [0x0000000795580000,0x0000000795580000,0x000000079e280000)
  from space 45568K, 99% used [0x000000079e280000,0x00000007a0efacd8,0x00000007a0f00000)
  to   space 64000K, 0% used [0x00000007a4b00000,0x00000007a4b00000,0x00000007a8980000)
 ParOldGen       total 152576K, used 108143K [0x0000000740000000, 0x0000000749500000, 0x0000000795580000)
  object space 152576K, 70% used [0x0000000740000000,0x000000074699bda0,0x0000000749500000)
 Metaspace       used 74999K, capacity 76647K, committed 76840K, reserved 1116160K
  class space    used 9013K, capacity 9401K, committed 9520K, reserved 1048576K
}
Event: 82.759 GC heap before
{Heap before GC invocations=26 (full 4):
 PSYoungGen      total 189952K, used 189931K [0x0000000795580000, 0x00000007a8980000, 0x00000007c0000000)
  eden space 144384K, 100% used [0x0000000795580000,0x000000079e280000,0x000000079e280000)
  from space 45568K, 99% used [0x000000079e280000,0x00000007a0efacd8,0x00000007a0f00000)
  to   space 64000K, 0% used [0x00000007a4b00000,0x00000007a4b00000,0x00000007a8980000)
 ParOldGen       total 152576K, used 108143K [0x0000000740000000, 0x0000000749500000, 0x0000000795580000)
  object space 152576K, 70% used [0x0000000740000000,0x000000074699bda0,0x0000000749500000)
 Metaspace       used 75629K, capacity 77307K, committed 77608K, reserved 1118208K
  class space    used 9053K, capacity 9445K, committed 9520K, reserved 1048576K
Event: 82.934 GC heap after
Heap after GC invocations=26 (full 4):
 PSYoungGen      total 251392K, used 32958K [0x0000000795580000, 0x00000007a8900000, 0x00000007c0000000)
  eden space 187904K, 0% used [0x0000000795580000,0x0000000795580000,0x00000007a0d00000)
  from space 63488K, 51% used [0x00000007a4b00000,0x00000007a6b2fbf8,0x00000007a8900000)
  to   space 63488K, 0% used [0x00000007a0d00000,0x00000007a0d00000,0x00000007a4b00000)
 ParOldGen       total 153600K, used 153597K [0x0000000740000000, 0x0000000749600000, 0x0000000795580000)
  object space 153600K, 99% used [0x0000000740000000,0x00000007495ff698,0x0000000749600000)
 Metaspace       used 75629K, capacity 77307K, committed 77608K, reserved 1118208K
  class space    used 9053K, capacity 9445K, committed 9520K, reserved 1048576K
}
Event: 82.934 GC heap before
{Heap before GC invocations=27 (full 5):
 PSYoungGen      total 251392K, used 32958K [0x0000000795580000, 0x00000007a8900000, 0x00000007c0000000)
  eden space 187904K, 0% used [0x0000000795580000,0x0000000795580000,0x00000007a0d00000)
  from space 63488K, 51% used [0x00000007a4b00000,0x00000007a6b2fbf8,0x00000007a8900000)
  to   space 63488K, 0% used [0x00000007a0d00000,0x00000007a0d00000,0x00000007a4b00000)
 ParOldGen       total 153600K, used 153597K [0x0000000740000000, 0x0000000749600000, 0x0000000795580000)
  object space 153600K, 99% used [0x0000000740000000,0x00000007495ff698,0x0000000749600000)
 Metaspace       used 75629K, capacity 77307K, committed 77608K, reserved 1118208K
  class space    used 9053K, capacity 9445K, committed 9520K, reserved 1048576K
Event: 83.157 GC heap after
Heap after GC invocations=27 (full 5):
 PSYoungGen      total 251392K, used 0K [0x0000000795580000, 0x00000007a8900000, 0x00000007c0000000)
  eden space 187904K, 0% used [0x0000000795580000,0x0000000795580000,0x00000007a0d00000)
  from space 63488K, 0% used [0x00000007a4b00000,0x00000007a4b00000,0x00000007a8900000)
  to   space 63488K, 0% used [0x00000007a0d00000,0x00000007a0d00000,0x00000007a4b00000)
 ParOldGen       total 136192K, used 38344K [0x0000000740000000, 0x0000000748500000, 0x0000000795580000)
  object space 136192K, 28% used [0x0000000740000000,0x0000000742572368,0x0000000748500000)
 Metaspace       used 75629K, capacity 77307K, committed 77608K, reserved 1118208K
  class space    used 9053K, capacity 9445K, committed 9520K, reserved 1048576K
}
Event: 85.989 GC heap before
{Heap before GC invocations=28 (full 5):
 PSYoungGen      total 251392K, used 187904K [0x0000000795580000, 0x00000007a8900000, 0x00000007c0000000)
  eden space 187904K, 100% used [0x0000000795580000,0x00000007a0d00000,0x00000007a0d00000)
  from space 63488K, 0% used [0x00000007a4b00000,0x00000007a4b00000,0x00000007a8900000)
  to   space 63488K, 0% used [0x00000007a0d00000,0x00000007a0d00000,0x00000007a4b00000)
 ParOldGen       total 136192K, used 38344K [0x0000000740000000, 0x0000000748500000, 0x0000000795580000)
  object space 136192K, 28% used [0x0000000740000000,0x0000000742572368,0x0000000748500000)
 Metaspace       used 76894K, capacity 78637K, committed 78888K, reserved 1118208K
  class space    used 9086K, capacity 9478K, committed 9520K, reserved 1048576K
Event: 86.068 GC heap after
Heap after GC invocations=28 (full 5):
 PSYoungGen      total 251392K, used 34616K [0x0000000795580000, 0x00000007abd00000, 0x00000007c0000000)
  eden space 187904K, 0% used [0x0000000795580000,0x0000000795580000,0x00000007a0d00000)
  from space 63488K, 54% used [0x00000007a0d00000,0x00000007a2ece2c0,0x00000007a4b00000)
  to   space 63488K, 0% used [0x00000007a7f00000,0x00000007a7f00000,0x00000007abd00000)
 ParOldGen       total 136192K, used 38352K [0x0000000740000000, 0x0000000748500000, 0x0000000795580000)
  object space 136192K, 28% used [0x0000000740000000,0x0000000742574368,0x0000000748500000)
 Metaspace       used 76894K, capacity 78637K, committed 78888K, reserved 1118208K
  class space    used 9086K, capacity 9478K, committed 9520K, reserved 1048576K
}

