# JRE version: OpenJDK Runtime Environment (8.0_152-b01) (build 1.8.0_152-release-1024-b01)
# Java VM: OpenJDK 64-Bit Server VM (25.152-b01 mixed mode bsd-amd64 compressed oops)
Heap:
 PSYoungGen      total 139776K, used 46314K [0x0000000795580000, 0x00000007a0380000, 0x00000007c0000000)
  eden space 108544K, 33% used [0x0000000795580000,0x000000079790e430,0x000000079bf80000)
  from space 31232K, 31% used [0x000000079e500000,0x000000079eeac748,0x00000007a0380000)
  to   space 34816K, 0% used [0x000000079bf80000,0x000000079bf80000,0x000000079e180000)
 ParOldGen       total 140800K, used 68079K [0x0000000740000000, 0x0000000748980000, 0x0000000795580000)
  object space 140800K, 48% used [0x0000000740000000,0x000000074427bc70,0x0000000748980000)
 Metaspace       used 53316K, capacity 54389K, committed 54616K, reserved 1097728K
  class space    used 6461K, capacity 6722K, committed 6744K, reserved 1048576K
GC Heap History (10 events):
Event: 9.394 GC heap before
{Heap before GC invocations=14 (full 3):
 PSYoungGen      total 98304K, used 98278K [0x0000000795580000, 0x000000079cf80000, 0x00000007c0000000)
  eden space 80384K, 100% used [0x0000000795580000,0x000000079a400000,0x000000079a400000)
  from space 17920K, 99% used [0x000000079be00000,0x000000079cf79a98,0x000000079cf80000)
  to   space 21504K, 0% used [0x000000079a580000,0x000000079a580000,0x000000079ba80000)
 ParOldGen       total 72192K, used 25733K [0x0000000740000000, 0x0000000744680000, 0x0000000795580000)
  object space 72192K, 35% used [0x0000000740000000,0x0000000741921678,0x0000000744680000)
 Metaspace       used 47194K, capacity 48001K, committed 48088K, reserved 1091584K
  class space    used 5843K, capacity 6068K, committed 6104K, reserved 1048576K
Event: 9.435 GC heap after
Heap after GC invocations=14 (full 3):
 PSYoungGen      total 103424K, used 21489K [0x0000000795580000, 0x000000079ea00000, 0x00000007c0000000)
  eden space 81920K, 0% used [0x0000000795580000,0x0000000795580000,0x000000079a580000)
  from space 21504K, 99% used [0x000000079a580000,0x000000079ba7c750,0x000000079ba80000)
  to   space 26624K, 0% used [0x000000079d000000,0x000000079d000000,0x000000079ea00000)
 ParOldGen       total 72192K, used 31021K [0x0000000740000000, 0x0000000744680000, 0x0000000795580000)
  object space 72192K, 42% used [0x0000000740000000,0x0000000741e4b4c0,0x0000000744680000)
 Metaspace       used 47194K, capacity 48001K, committed 48088K, reserved 1091584K
  class space    used 5843K, capacity 6068K, committed 6104K, reserved 1048576K
}
Event: 11.820 GC heap before
{Heap before GC invocations=15 (full 3):
 PSYoungGen      total 103424K, used 103409K [0x0000000795580000, 0x000000079ea00000, 0x00000007c0000000)
  eden space 81920K, 100% used [0x0000000795580000,0x000000079a580000,0x000000079a580000)
  from space 21504K, 99% used [0x000000079a580000,0x000000079ba7c750,0x000000079ba80000)
  to   space 26624K, 0% used [0x000000079d000000,0x000000079d000000,0x000000079ea00000)
 ParOldGen       total 72192K, used 31021K [0x0000000740000000, 0x0000000744680000, 0x0000000795580000)
  object space 72192K, 42% used [0x0000000740000000,0x0000000741e4b4c0,0x0000000744680000)
 Metaspace       used 50412K, capacity 51349K, committed 51416K, reserved 1093632K
  class space    used 6105K, capacity 6348K, committed 6360K, reserved 1048576K
Event: 11.880 GC heap after
Heap after GC invocations=15 (full 3):
 PSYoungGen      total 116736K, used 26615K [0x0000000795580000, 0x000000079fd00000, 0x00000007c0000000)
  eden space 90112K, 0% used [0x0000000795580000,0x0000000795580000,0x000000079ad80000)
  from space 26624K, 99% used [0x000000079d000000,0x000000079e9fdf28,0x000000079ea00000)
  to   space 35328K, 0% used [0x000000079ad80000,0x000000079ad80000,0x000000079d000000)
 ParOldGen       total 72192K, used 42442K [0x0000000740000000, 0x0000000744680000, 0x0000000795580000)
  object space 72192K, 58% used [0x0000000740000000,0x0000000742972968,0x0000000744680000)
 Metaspace       used 50412K, capacity 51349K, committed 51416K, reserved 1093632K
  class space    used 6105K, capacity 6348K, committed 6360K, reserved 1048576K
}
Event: 14.293 GC heap before
{Heap before GC invocations=16 (full 3):
 PSYoungGen      total 116736K, used 116727K [0x0000000795580000, 0x000000079fd00000, 0x00000007c0000000)
  eden space 90112K, 100% used [0x0000000795580000,0x000000079ad80000,0x000000079ad80000)
  from space 26624K, 99% used [0x000000079d000000,0x000000079e9fdf28,0x000000079ea00000)
  to   space 35328K, 0% used [0x000000079ad80000,0x000000079ad80000,0x000000079d000000)
 ParOldGen       total 72192K, used 42442K [0x0000000740000000, 0x0000000744680000, 0x0000000795580000)
  object space 72192K, 58% used [0x0000000740000000,0x0000000742972968,0x0000000744680000)
 Metaspace       used 51577K, capacity 52599K, committed 52824K, reserved 1095680K
  class space    used 6190K, capacity 6431K, committed 6488K, reserved 1048576K
Event: 14.345 GC heap after
Heap after GC invocations=16 (full 3):
 PSYoungGen      total 125440K, used 21705K [0x0000000795580000, 0x00000007a0800000, 0x00000007c0000000)
  eden space 90112K, 0% used [0x0000000795580000,0x0000000795580000,0x000000079ad80000)
  from space 35328K, 61% used [0x000000079ad80000,0x000000079c2b2598,0x000000079d000000)
  to   space 35840K, 0% used [0x000000079e500000,0x000000079e500000,0x00000007a0800000)
 ParOldGen       total 72192K, used 58666K [0x0000000740000000, 0x0000000744680000, 0x0000000795580000)
  object space 72192K, 81% used [0x0000000740000000,0x000000074394ab08,0x0000000744680000)
 Metaspace       used 51577K, capacity 52599K, committed 52824K, reserved 1095680K
  class space    used 6190K, capacity 6431K, committed 6488K, reserved 1048576K
}
Event: 14.345 GC heap before
{Heap before GC invocations=17 (full 4):
 PSYoungGen      total 125440K, used 21705K [0x0000000795580000, 0x00000007a0800000, 0x00000007c0000000)
  eden space 90112K, 0% used [0x0000000795580000,0x0000000795580000,0x000000079ad80000)
  from space 35328K, 61% used [0x000000079ad80000,0x000000079c2b2598,0x000000079d000000)
  to   space 35840K, 0% used [0x000000079e500000,0x000000079e500000,0x00000007a0800000)
 ParOldGen       total 72192K, used 58666K [0x0000000740000000, 0x0000000744680000, 0x0000000795580000)
  object space 72192K, 81% used [0x0000000740000000,0x000000074394ab08,0x0000000744680000)
 Metaspace       used 51577K, capacity 52599K, committed 52824K, reserved 1095680K
  class space    used 6190K, capacity 6431K, committed 6488K, reserved 1048576K
Event: 14.707 GC heap after
Heap after GC invocations=17 (full 4):
 PSYoungGen      total 125440K, used 0K [0x0000000795580000, 0x00000007a0800000, 0x00000007c0000000)
  eden space 90112K, 0% used [0x0000000795580000,0x0000000795580000,0x000000079ad80000)
  from space 35328K, 0% used [0x000000079ad80000,0x000000079ad80000,0x000000079d000000)
  to   space 35840K, 0% used [0x000000079e500000,0x000000079e500000,0x00000007a0800000)
 ParOldGen       total 140800K, used 68071K [0x0000000740000000, 0x0000000748980000, 0x0000000795580000)
  object space 140800K, 48% used [0x0000000740000000,0x0000000744279c70,0x0000000748980000)
 Metaspace       used 51577K, capacity 52599K, committed 52824K, reserved 1095680K
  class space    used 6190K, capacity 6431K, committed 6488K, reserved 1048576K
}
Event: 16.834 GC heap before
{Heap before GC invocations=18 (full 4):
 PSYoungGen      total 125440K, used 90112K [0x0000000795580000, 0x00000007a0800000, 0x00000007c0000000)
  eden space 90112K, 100% used [0x0000000795580000,0x000000079ad80000,0x000000079ad80000)
  from space 35328K, 0% used [0x000000079ad80000,0x000000079ad80000,0x000000079d000000)
  to   space 35840K, 0% used [0x000000079e500000,0x000000079e500000,0x00000007a0800000)
 ParOldGen       total 140800K, used 68071K [0x0000000740000000, 0x0000000748980000, 0x0000000795580000)
  object space 140800K, 48% used [0x0000000740000000,0x0000000744279c70,0x0000000748980000)
 Metaspace       used 53073K, capacity 54161K, committed 54360K, reserved 1097728K
  class space    used 6430K, capacity 6690K, committed 6744K, reserved 1048576K
Event: 16.850 GC heap after
Heap after GC invocations=18 (full 4):
 PSYoungGen      total 139776K, used 9905K [0x0000000795580000, 0x00000007a0380000, 0x00000007c0000000)
  eden space 108544K, 0% used [0x0000000795580000,0x0000000795580000,0x000000079bf80000)
  from space 31232K, 31% used [0x000000079e500000,0x000000079eeac748,0x00000007a0380000)
  to   space 34816K, 0% used [0x000000079bf80000,0x000000079bf80000,0x000000079e180000)
 ParOldGen       total 140800K, used 68079K [0x0000000740000000, 0x0000000748980000, 0x0000000795580000)
  object space 140800K, 48% used [0x0000000740000000,0x000000074427bc70,0x0000000748980000)
 Metaspace       used 53073K, capacity 54161K, committed 54360K, reserved 1097728K
  class space    used 6430K, capacity 6690K, committed 6744K, reserved 1048576K
}

