# JRE version: OpenJDK Runtime Environment (8.0_152-b01) (build 1.8.0_152-release-1024-b01)
# Java VM: OpenJDK 64-Bit Server VM (25.152-b01 mixed mode bsd-amd64 compressed oops)
Heap:
 PSYoungGen      total 263680K, used 263663K [0x0000000795580000, 0x00000007aaf80000, 0x00000007c0000000)
  eden space 232960K, 100% used [0x0000000795580000,0x00000007a3900000,0x00000007a3900000)
  from space 30720K, 99% used [0x00000007a3900000,0x00000007a56fbe48,0x00000007a5700000)
  to   space 35840K, 19% used [0x00000007a8c80000,0x00000007a9370060,0x00000007aaf80000)
 ParOldGen       total 110592K, used 62851K [0x0000000740000000, 0x0000000746c00000, 0x0000000795580000)
  object space 110592K, 56% used [0x0000000740000000,0x0000000743d60fe0,0x0000000746c00000)
 Metaspace       used 65599K, capacity 68424K, committed 68736K, reserved 1107968K
  class space    used 9044K, capacity 9733K, committed 9856K, reserved 1048576K
GC Heap History (10 events):
Event: 22.664 GC heap after
Heap after GC invocations=12 (full 2):
 PSYoungGen      total 197632K, used 15859K [0x0000000795580000, 0x00000007a3180000, 0x00000007c0000000)
  eden space 181760K, 0% used [0x0000000795580000,0x0000000795580000,0x00000007a0700000)
  from space 15872K, 99% used [0x00000007a1b80000,0x00000007a2afcf50,0x00000007a2b00000)
  to   space 20992K, 0% used [0x00000007a0700000,0x00000007a0700000,0x00000007a1b80000)
 ParOldGen       total 54784K, used 24125K [0x0000000740000000, 0x0000000743580000, 0x0000000795580000)
  object space 54784K, 44% used [0x0000000740000000,0x000000074178f730,0x0000000743580000)
 Metaspace       used 52430K, capacity 54172K, committed 54272K, reserved 1095680K
  class space    used 7194K, capacity 7616K, committed 7680K, reserved 1048576K
}
Event: 26.873 GC heap before
{Heap before GC invocations=13 (full 2):
 PSYoungGen      total 197632K, used 183857K [0x0000000795580000, 0x00000007a3180000, 0x00000007c0000000)
  eden space 181760K, 92% used [0x0000000795580000,0x000000079f98f7f0,0x00000007a0700000)
  from space 15872K, 99% used [0x00000007a1b80000,0x00000007a2afcf50,0x00000007a2b00000)
  to   space 20992K, 0% used [0x00000007a0700000,0x00000007a0700000,0x00000007a1b80000)
 ParOldGen       total 54784K, used 24125K [0x0000000740000000, 0x0000000743580000, 0x0000000795580000)
  object space 54784K, 44% used [0x0000000740000000,0x000000074178f730,0x0000000743580000)
 Metaspace       used 56832K, capacity 58914K, committed 59008K, reserved 1099776K
  class space    used 7898K, capacity 8490K, committed 8576K, reserved 1048576K
Event: 26.955 GC heap after
Heap after GC invocations=13 (full 2):
 PSYoungGen      total 202752K, used 20960K [0x0000000795580000, 0x00000007a7e80000, 0x00000007c0000000)
  eden space 181760K, 0% used [0x0000000795580000,0x0000000795580000,0x00000007a0700000)
  from space 20992K, 99% used [0x00000007a0700000,0x00000007a1b78230,0x00000007a1b80000)
  to   space 29184K, 0% used [0x00000007a6200000,0x00000007a6200000,0x00000007a7e80000)
 ParOldGen       total 54784K, used 38583K [0x0000000740000000, 0x0000000743580000, 0x0000000795580000)
  object space 54784K, 70% used [0x0000000740000000,0x00000007425aded8,0x0000000743580000)
 Metaspace       used 56832K, capacity 58914K, committed 59008K, reserved 1099776K
  class space    used 7898K, capacity 8490K, committed 8576K, reserved 1048576K
}
Event: 26.955 GC heap before
{Heap before GC invocations=14 (full 3):
 PSYoungGen      total 202752K, used 20960K [0x0000000795580000, 0x00000007a7e80000, 0x00000007c0000000)
  eden space 181760K, 0% used [0x0000000795580000,0x0000000795580000,0x00000007a0700000)
  from space 20992K, 99% used [0x00000007a0700000,0x00000007a1b78230,0x00000007a1b80000)
  to   space 29184K, 0% used [0x00000007a6200000,0x00000007a6200000,0x00000007a7e80000)
 ParOldGen       total 54784K, used 38583K [0x0000000740000000, 0x0000000743580000, 0x0000000795580000)
  object space 54784K, 70% used [0x0000000740000000,0x00000007425aded8,0x0000000743580000)
 Metaspace       used 56832K, capacity 58914K, committed 59008K, reserved 1099776K
  class space    used 7898K, capacity 8490K, committed 8576K, reserved 1048576K
Event: 27.482 GC heap after
Heap after GC invocations=14 (full 3):
 PSYoungGen      total 202752K, used 2012K [0x0000000795580000, 0x00000007a7e80000, 0x00000007c0000000)
  eden space 181760K, 0% used [0x0000000795580000,0x0000000795580000,0x00000007a0700000)
  from space 20992K, 9% used [0x00000007a0700000,0x00000007a08f7218,0x00000007a1b80000)
  to   space 29184K, 0% used [0x00000007a6200000,0x00000007a6200000,0x00000007a7e80000)
 ParOldGen       total 110592K, used 54495K [0x0000000740000000, 0x0000000746c00000, 0x0000000795580000)
  object space 110592K, 49% used [0x0000000740000000,0x0000000743537e70,0x0000000746c00000)
 Metaspace       used 56832K, capacity 58914K, committed 59008K, reserved 1099776K
  class space    used 7898K, capacity 8490K, committed 8576K, reserved 1048576K
}
Event: 42.150 GC heap before
{Heap before GC invocations=15 (full 3):
 PSYoungGen      total 202752K, used 183772K [0x0000000795580000, 0x00000007a7e80000, 0x00000007c0000000)
  eden space 181760K, 100% used [0x0000000795580000,0x00000007a0700000,0x00000007a0700000)
  from space 20992K, 9% used [0x00000007a0700000,0x00000007a08f7218,0x00000007a1b80000)
  to   space 29184K, 0% used [0x00000007a6200000,0x00000007a6200000,0x00000007a7e80000)
 ParOldGen       total 110592K, used 54495K [0x0000000740000000, 0x0000000746c00000, 0x0000000795580000)
  object space 110592K, 49% used [0x0000000740000000,0x0000000743537e70,0x0000000746c00000)
 Metaspace       used 60477K, capacity 63058K, committed 63360K, reserved 1103872K
  class space    used 8346K, capacity 8997K, committed 9088K, reserved 1048576K
Event: 42.203 GC heap after
Heap after GC invocations=15 (full 3):
 PSYoungGen      total 247296K, used 19439K [0x0000000795580000, 0x00000007a7500000, 0x00000007c0000000)
  eden space 227840K, 0% used [0x0000000795580000,0x0000000795580000,0x00000007a3400000)
  from space 19456K, 99% used [0x00000007a6200000,0x00000007a74fbea8,0x00000007a7500000)
  to   space 30720K, 0% used [0x00000007a3900000,0x00000007a3900000,0x00000007a5700000)
 ParOldGen       total 110592K, used 55583K [0x0000000740000000, 0x0000000746c00000, 0x0000000795580000)
  object space 110592K, 50% used [0x0000000740000000,0x0000000743647e70,0x0000000746c00000)
 Metaspace       used 60477K, capacity 63058K, committed 63360K, reserved 1103872K
  class space    used 8346K, capacity 8997K, committed 9088K, reserved 1048576K
}
Event: 48.796 GC heap before
{Heap before GC invocations=16 (full 3):
 PSYoungGen      total 247296K, used 247279K [0x0000000795580000, 0x00000007a7500000, 0x00000007c0000000)
  eden space 227840K, 100% used [0x0000000795580000,0x00000007a3400000,0x00000007a3400000)
  from space 19456K, 99% used [0x00000007a6200000,0x00000007a74fbea8,0x00000007a7500000)
  to   space 30720K, 0% used [0x00000007a3900000,0x00000007a3900000,0x00000007a5700000)
 ParOldGen       total 110592K, used 55583K [0x0000000740000000, 0x0000000746c00000, 0x0000000795580000)
  object space 110592K, 50% used [0x0000000740000000,0x0000000743647e70,0x0000000746c00000)
 Metaspace       used 65013K, capacity 67756K, committed 67840K, reserved 1107968K
  class space    used 8967K, capacity 9651K, committed 9728K, reserved 1048576K
Event: 48.869 GC heap after
Heap after GC invocations=16 (full 3):
 PSYoungGen      total 263680K, used 30703K [0x0000000795580000, 0x00000007aaf80000, 0x00000007c0000000)
  eden space 232960K, 0% used [0x0000000795580000,0x0000000795580000,0x00000007a3900000)
  from space 30720K, 99% used [0x00000007a3900000,0x00000007a56fbe48,0x00000007a5700000)
  to   space 35840K, 0% used [0x00000007a8c80000,0x00000007a8c80000,0x00000007aaf80000)
 ParOldGen       total 110592K, used 56956K [0x0000000740000000, 0x0000000746c00000, 0x0000000795580000)
  object space 110592K, 51% used [0x0000000740000000,0x000000074379f330,0x0000000746c00000)
 Metaspace       used 65013K, capacity 67756K, committed 67840K, reserved 1107968K
  class space    used 8967K, capacity 9651K, committed 9728K, reserved 1048576K
}
Event: 51.898 GC heap before
{Heap before GC invocations=17 (full 3):
 PSYoungGen      total 263680K, used 263663K [0x0000000795580000, 0x00000007aaf80000, 0x00000007c0000000)
  eden space 232960K, 100% used [0x0000000795580000,0x00000007a3900000,0x00000007a3900000)
  from space 30720K, 99% used [0x00000007a3900000,0x00000007a56fbe48,0x00000007a5700000)
  to   space 35840K, 0% used [0x00000007a8c80000,0x00000007a8c80000,0x00000007aaf80000)
 ParOldGen       total 110592K, used 56956K [0x0000000740000000, 0x0000000746c00000, 0x0000000795580000)
  object space 110592K, 51% used [0x0000000740000000,0x000000074379f330,0x0000000746c00000)
 Metaspace       used 65599K, capacity 68424K, committed 68736K, reserved 1107968K
  class space    used 9044K, capacity 9733K, committed 9856K, reserved 1048576K

