# JRE version: OpenJDK Runtime Environment (8.0_152-b01) (build 1.8.0_152-release-1024-b01)
# Java VM: OpenJDK 64-Bit Server VM (25.152-b01 mixed mode bsd-amd64 compressed oops)
Heap:
 PSYoungGen      total 541184K, used 396880K [0x0000000795580000, 0x00000007bfa80000, 0x00000007c0000000)
  eden space 390144K, 100% used [0x0000000795580000,0x00000007ad280000,0x00000007ad280000)
  from space 151040K, 4% used [0x00000007b6700000,0x00000007b6d943f8,0x00000007bfa80000)
  to   space 151552K, 10% used [0x00000007ad280000,0x00000007ae19f888,0x00000007b6680000)
 ParOldGen       total 391168K, used 122406K [0x0000000740000000, 0x0000000757e00000, 0x0000000795580000)
  object space 391168K, 31% used [0x0000000740000000,0x0000000747789af0,0x0000000757e00000)
 Metaspace       used 125931K, capacity 130541K, committed 134784K, reserved 1165312K
  class space    used 14644K, capacity 15734K, committed 19840K, reserved 1048576K
GC Heap History (10 events):
Event: 4981.637 GC heap after
Heap after GC invocations=65 (full 12):
 PSYoungGen      total 547840K, used 90151K [0x0000000795580000, 0x00000007c0000000, 0x00000007c0000000)
  eden space 400384K, 0% used [0x0000000795580000,0x0000000795580000,0x00000007adc80000)
  from space 147456K, 61% used [0x00000007adc80000,0x00000007b3489ec8,0x00000007b6c80000)
  to   space 151040K, 0% used [0x00000007b6c80000,0x00000007b6c80000,0x00000007c0000000)
 ParOldGen       total 310272K, used 62821K [0x0000000740000000, 0x0000000752f00000, 0x0000000795580000)
  object space 310272K, 20% used [0x0000000740000000,0x0000000743d594a0,0x0000000752f00000)
 Metaspace       used 123409K, capacity 127817K, committed 132480K, reserved 1161216K
  class space    used 14409K, capacity 15404K, committed 19840K, reserved 1048576K
}
Event: 4986.197 GC heap before
{Heap before GC invocations=66 (full 12):
 PSYoungGen      total 547840K, used 490535K [0x0000000795580000, 0x00000007c0000000, 0x00000007c0000000)
  eden space 400384K, 100% used [0x0000000795580000,0x00000007adc80000,0x00000007adc80000)
  from space 147456K, 61% used [0x00000007adc80000,0x00000007b3489ec8,0x00000007b6c80000)
  to   space 151040K, 0% used [0x00000007b6c80000,0x00000007b6c80000,0x00000007c0000000)
 ParOldGen       total 310272K, used 62821K [0x0000000740000000, 0x0000000752f00000, 0x0000000795580000)
  object space 310272K, 20% used [0x0000000740000000,0x0000000743d594a0,0x0000000752f00000)
 Metaspace       used 123847K, capacity 128239K, committed 132992K, reserved 1163264K
  class space    used 14455K, capacity 15477K, committed 19840K, reserved 1048576K
Event: 4986.842 GC heap after
Heap after GC invocations=66 (full 12):
 PSYoungGen      total 535552K, used 100908K [0x0000000795580000, 0x00000007c0000000, 0x00000007c0000000)
  eden space 384512K, 0% used [0x0000000795580000,0x0000000795580000,0x00000007acd00000)
  from space 151040K, 66% used [0x00000007b6c80000,0x00000007bcf0b1d0,0x00000007c0000000)
  to   space 157184K, 0% used [0x00000007acd00000,0x00000007acd00000,0x00000007b6680000)
 ParOldGen       total 310272K, used 135379K [0x0000000740000000, 0x0000000752f00000, 0x0000000795580000)
  object space 310272K, 43% used [0x0000000740000000,0x0000000748434c68,0x0000000752f00000)
 Metaspace       used 123847K, capacity 128239K, committed 132992K, reserved 1163264K
  class space    used 14455K, capacity 15477K, committed 19840K, reserved 1048576K
}
Event: 4993.350 GC heap before
{Heap before GC invocations=67 (full 12):
 PSYoungGen      total 535552K, used 485420K [0x0000000795580000, 0x00000007c0000000, 0x00000007c0000000)
  eden space 384512K, 100% used [0x0000000795580000,0x00000007acd00000,0x00000007acd00000)
  from space 151040K, 66% used [0x00000007b6c80000,0x00000007bcf0b1d0,0x00000007c0000000)
  to   space 157184K, 0% used [0x00000007acd00000,0x00000007acd00000,0x00000007b6680000)
 ParOldGen       total 310272K, used 135379K [0x0000000740000000, 0x0000000752f00000, 0x0000000795580000)
  object space 310272K, 43% used [0x0000000740000000,0x0000000748434c68,0x0000000752f00000)
 Metaspace       used 124002K, capacity 128437K, committed 132992K, reserved 1163264K
  class space    used 14458K, capacity 15478K, committed 19840K, reserved 1048576K
Event: 4994.039 GC heap after
Heap after GC invocations=67 (full 12):
 PSYoungGen      total 541696K, used 41381K [0x0000000795580000, 0x00000007bfb00000, 0x00000007c0000000)
  eden space 384512K, 0% used [0x0000000795580000,0x0000000795580000,0x00000007acd00000)
  from space 157184K, 26% used [0x00000007acd00000,0x00000007af569508,0x00000007b6680000)
  to   space 151552K, 0% used [0x00000007b6700000,0x00000007b6700000,0x00000007bfb00000)
 ParOldGen       total 310272K, used 230829K [0x0000000740000000, 0x0000000752f00000, 0x0000000795580000)
  object space 310272K, 74% used [0x0000000740000000,0x000000074e16b428,0x0000000752f00000)
 Metaspace       used 124002K, capacity 128437K, committed 132992K, reserved 1163264K
  class space    used 14458K, capacity 15478K, committed 19840K, reserved 1048576K
}
Event: 4994.039 GC heap before
{Heap before GC invocations=68 (full 13):
 PSYoungGen      total 541696K, used 41381K [0x0000000795580000, 0x00000007bfb00000, 0x00000007c0000000)
  eden space 384512K, 0% used [0x0000000795580000,0x0000000795580000,0x00000007acd00000)
  from space 157184K, 26% used [0x00000007acd00000,0x00000007af569508,0x00000007b6680000)
  to   space 151552K, 0% used [0x00000007b6700000,0x00000007b6700000,0x00000007bfb00000)
 ParOldGen       total 310272K, used 230829K [0x0000000740000000, 0x0000000752f00000, 0x0000000795580000)
  object space 310272K, 74% used [0x0000000740000000,0x000000074e16b428,0x0000000752f00000)
 Metaspace       used 124002K, capacity 128437K, committed 132992K, reserved 1163264K
  class space    used 14458K, capacity 15478K, committed 19840K, reserved 1048576K
Event: 4994.936 GC heap after
Heap after GC invocations=68 (full 13):
 PSYoungGen      total 541696K, used 0K [0x0000000795580000, 0x00000007bfb00000, 0x00000007c0000000)
  eden space 384512K, 0% used [0x0000000795580000,0x0000000795580000,0x00000007acd00000)
  from space 157184K, 0% used [0x00000007acd00000,0x00000007acd00000,0x00000007b6680000)
  to   space 151552K, 0% used [0x00000007b6700000,0x00000007b6700000,0x00000007bfb00000)
 ParOldGen       total 391168K, used 117884K [0x0000000740000000, 0x0000000757e00000, 0x0000000795580000)
  object space 391168K, 30% used [0x0000000740000000,0x000000074731f280,0x0000000757e00000)
 Metaspace       used 124002K, capacity 128437K, committed 132992K, reserved 1163264K
  class space    used 14458K, capacity 15478K, committed 19840K, reserved 1048576K
}
Event: 4998.865 GC heap before
{Heap before GC invocations=69 (full 13):
 PSYoungGen      total 541696K, used 384512K [0x0000000795580000, 0x00000007bfb00000, 0x00000007c0000000)
  eden space 384512K, 100% used [0x0000000795580000,0x00000007acd00000,0x00000007acd00000)
  from space 157184K, 0% used [0x00000007acd00000,0x00000007acd00000,0x00000007b6680000)
  to   space 151552K, 0% used [0x00000007b6700000,0x00000007b6700000,0x00000007bfb00000)
 ParOldGen       total 391168K, used 117884K [0x0000000740000000, 0x0000000757e00000, 0x0000000795580000)
  object space 391168K, 30% used [0x0000000740000000,0x000000074731f280,0x0000000757e00000)
 Metaspace       used 124291K, capacity 128701K, committed 133248K, reserved 1163264K
  class space    used 14470K, capacity 15478K, committed 19840K, reserved 1048576K
Event: 4998.953 GC heap after
Heap after GC invocations=69 (full 13):
 PSYoungGen      total 541184K, used 6736K [0x0000000795580000, 0x00000007bfa80000, 0x00000007c0000000)
  eden space 390144K, 0% used [0x0000000795580000,0x0000000795580000,0x00000007ad280000)
  from space 151040K, 4% used [0x00000007b6700000,0x00000007b6d943f8,0x00000007bfa80000)
  to   space 151552K, 0% used [0x00000007ad280000,0x00000007ad280000,0x00000007b6680000)
 ParOldGen       total 391168K, used 117892K [0x0000000740000000, 0x0000000757e00000, 0x0000000795580000)
  object space 391168K, 30% used [0x0000000740000000,0x0000000747321280,0x0000000757e00000)
 Metaspace       used 124291K, capacity 128701K, committed 133248K, reserved 1163264K
  class space    used 14470K, capacity 15478K, committed 19840K, reserved 1048576K
}
Event: 6200.105 GC heap before
{Heap before GC invocations=70 (full 13):
 PSYoungGen      total 541184K, used 396880K [0x0000000795580000, 0x00000007bfa80000, 0x00000007c0000000)
  eden space 390144K, 100% used [0x0000000795580000,0x00000007ad280000,0x00000007ad280000)
  from space 151040K, 4% used [0x00000007b6700000,0x00000007b6d943f8,0x00000007bfa80000)
  to   space 151552K, 0% used [0x00000007ad280000,0x00000007ad280000,0x00000007b6680000)
 ParOldGen       total 391168K, used 117892K [0x0000000740000000, 0x0000000757e00000, 0x0000000795580000)
  object space 391168K, 30% used [0x0000000740000000,0x0000000747321280,0x0000000757e00000)
 Metaspace       used 125931K, capacity 130541K, committed 134784K, reserved 1165312K
  class space    used 14644K, capacity 15734K, committed 19840K, reserved 1048576K

