# JRE version: OpenJDK Runtime Environment (8.0_152-b01) (build 1.8.0_152-release-1024-b01)
# Java VM: OpenJDK 64-Bit Server VM (25.152-b01 mixed mode bsd-amd64 compressed oops)
Heap:
 PSYoungGen      total 296960K, used 100490K [0x0000000795580000, 0x00000007ab200000, 0x00000007c0000000)
  eden space 264704K, 30% used [0x0000000795580000,0x000000079a473730,0x00000007a5800000)
  from space 32256K, 60% used [0x00000007a5800000,0x00000007a6b2f110,0x00000007a7780000)
  to   space 32256K, 0% used [0x00000007a9280000,0x00000007a9280000,0x00000007ab200000)
 ParOldGen       total 160256K, used 119878K [0x0000000740000000, 0x0000000749c80000, 0x0000000795580000)
  object space 160256K, 74% used [0x0000000740000000,0x00000007475118b0,0x0000000749c80000)
 Metaspace       used 83489K, capacity 88975K, committed 89216K, reserved 1126400K
  class space    used 10977K, capacity 12093K, committed 12160K, reserved 1048576K
GC Heap History (10 events):
Event: 332.766 GC heap before
{Heap before GC invocations=33 (full 4):
 PSYoungGen      total 236544K, used 236502K [0x0000000795580000, 0x00000007a5f80000, 0x00000007c0000000)
  eden space 217088K, 99% used [0x0000000795580000,0x00000007a297d780,0x00000007a2980000)
  from space 19456K, 99% used [0x00000007a4280000,0x00000007a55780a0,0x00000007a5580000)
  to   space 25600K, 0% used [0x00000007a2980000,0x00000007a2980000,0x00000007a4280000)
 ParOldGen       total 160256K, used 94396K [0x0000000740000000, 0x0000000749c80000, 0x0000000795580000)
  object space 160256K, 58% used [0x0000000740000000,0x0000000745c2f198,0x0000000749c80000)
 Metaspace       used 81670K, capacity 86611K, committed 86656K, reserved 1124352K
  class space    used 10817K, capacity 11859K, committed 11904K, reserved 1048576K
Event: 332.899 GC heap after
Heap after GC invocations=33 (full 4):
 PSYoungGen      total 242688K, used 25584K [0x0000000795580000, 0x00000007a8280000, 0x00000007c0000000)
  eden space 217088K, 0% used [0x0000000795580000,0x0000000795580000,0x00000007a2980000)
  from space 25600K, 99% used [0x00000007a2980000,0x00000007a427c060,0x00000007a4280000)
  to   space 33792K, 0% used [0x00000007a6180000,0x00000007a6180000,0x00000007a8280000)
 ParOldGen       total 160256K, used 106051K [0x0000000740000000, 0x0000000749c80000, 0x0000000795580000)
  object space 160256K, 66% used [0x0000000740000000,0x0000000746790ce0,0x0000000749c80000)
 Metaspace       used 81670K, capacity 86611K, committed 86656K, reserved 1124352K
  class space    used 10817K, capacity 11859K, committed 11904K, reserved 1048576K
}
Event: 337.738 GC heap before
{Heap before GC invocations=34 (full 4):
 PSYoungGen      total 242688K, used 242672K [0x0000000795580000, 0x00000007a8280000, 0x00000007c0000000)
  eden space 217088K, 100% used [0x0000000795580000,0x00000007a2980000,0x00000007a2980000)
  from space 25600K, 99% used [0x00000007a2980000,0x00000007a427c060,0x00000007a4280000)
  to   space 33792K, 0% used [0x00000007a6180000,0x00000007a6180000,0x00000007a8280000)
 ParOldGen       total 160256K, used 106051K [0x0000000740000000, 0x0000000749c80000, 0x0000000795580000)
  object space 160256K, 66% used [0x0000000740000000,0x0000000746790ce0,0x0000000749c80000)
 Metaspace       used 82325K, capacity 87461K, committed 87552K, reserved 1124352K
  class space    used 10903K, capacity 11960K, committed 12032K, reserved 1048576K
Event: 337.789 GC heap after
Heap after GC invocations=34 (full 4):
 PSYoungGen      total 274944K, used 4649K [0x0000000795580000, 0x00000007a8300000, 0x00000007c0000000)
  eden space 241152K, 0% used [0x0000000795580000,0x0000000795580000,0x00000007a4100000)
  from space 33792K, 13% used [0x00000007a6180000,0x00000007a660a718,0x00000007a8280000)
  to   space 33280K, 0% used [0x00000007a4100000,0x00000007a4100000,0x00000007a6180000)
 ParOldGen       total 160256K, used 119862K [0x0000000740000000, 0x0000000749c80000, 0x0000000795580000)
  object space 160256K, 74% used [0x0000000740000000,0x000000074750d8b0,0x0000000749c80000)
 Metaspace       used 82325K, capacity 87461K, committed 87552K, reserved 1124352K
  class space    used 10903K, capacity 11960K, committed 12032K, reserved 1048576K
}
Event: 410.001 GC heap before
{Heap before GC invocations=35 (full 4):
 PSYoungGen      total 274944K, used 245801K [0x0000000795580000, 0x00000007a8300000, 0x00000007c0000000)
  eden space 241152K, 100% used [0x0000000795580000,0x00000007a4100000,0x00000007a4100000)
  from space 33792K, 13% used [0x00000007a6180000,0x00000007a660a718,0x00000007a8280000)
  to   space 33280K, 0% used [0x00000007a4100000,0x00000007a4100000,0x00000007a6180000)
 ParOldGen       total 160256K, used 119862K [0x0000000740000000, 0x0000000749c80000, 0x0000000795580000)
  object space 160256K, 74% used [0x0000000740000000,0x000000074750d8b0,0x0000000749c80000)
 Metaspace       used 82983K, capacity 88441K, committed 88704K, reserved 1126400K
  class space    used 10958K, capacity 12058K, committed 12160K, reserved 1048576K
Event: 410.098 GC heap after
Heap after GC invocations=35 (full 4):
 PSYoungGen      total 274432K, used 15485K [0x0000000795580000, 0x00000007a9780000, 0x00000007c0000000)
  eden space 241152K, 0% used [0x0000000795580000,0x0000000795580000,0x00000007a4100000)
  from space 33280K, 46% used [0x00000007a4100000,0x00000007a501f7a8,0x00000007a6180000)
  to   space 32256K, 0% used [0x00000007a7800000,0x00000007a7800000,0x00000007a9780000)
 ParOldGen       total 160256K, used 119870K [0x0000000740000000, 0x0000000749c80000, 0x0000000795580000)
  object space 160256K, 74% used [0x0000000740000000,0x000000074750f8b0,0x0000000749c80000)
 Metaspace       used 82983K, capacity 88441K, committed 88704K, reserved 1126400K
  class space    used 10958K, capacity 12058K, committed 12160K, reserved 1048576K
}
Event: 418.783 GC heap before
{Heap before GC invocations=36 (full 4):
 PSYoungGen      total 274432K, used 256637K [0x0000000795580000, 0x00000007a9780000, 0x00000007c0000000)
  eden space 241152K, 100% used [0x0000000795580000,0x00000007a4100000,0x00000007a4100000)
  from space 33280K, 46% used [0x00000007a4100000,0x00000007a501f7a8,0x00000007a6180000)
  to   space 32256K, 0% used [0x00000007a7800000,0x00000007a7800000,0x00000007a9780000)
 ParOldGen       total 160256K, used 119870K [0x0000000740000000, 0x0000000749c80000, 0x0000000795580000)
  object space 160256K, 74% used [0x0000000740000000,0x000000074750f8b0,0x0000000749c80000)
 Metaspace       used 83151K, capacity 88571K, committed 88704K, reserved 1126400K
  class space    used 10964K, capacity 12069K, committed 12160K, reserved 1048576K
Event: 418.830 GC heap after
Heap after GC invocations=36 (full 4):
 PSYoungGen      total 296448K, used 17940K [0x0000000795580000, 0x00000007a9700000, 0x00000007c0000000)
  eden space 264704K, 0% used [0x0000000795580000,0x0000000795580000,0x00000007a5800000)
  from space 31744K, 56% used [0x00000007a7800000,0x00000007a89850c8,0x00000007a9700000)
  to   space 32256K, 0% used [0x00000007a5800000,0x00000007a5800000,0x00000007a7780000)
 ParOldGen       total 160256K, used 119878K [0x0000000740000000, 0x0000000749c80000, 0x0000000795580000)
  object space 160256K, 74% used [0x0000000740000000,0x00000007475118b0,0x0000000749c80000)
 Metaspace       used 83151K, capacity 88571K, committed 88704K, reserved 1126400K
  class space    used 10964K, capacity 12069K, committed 12160K, reserved 1048576K
}
Event: 423.597 GC heap before
{Heap before GC invocations=37 (full 4):
 PSYoungGen      total 296448K, used 282644K [0x0000000795580000, 0x00000007a9700000, 0x00000007c0000000)
  eden space 264704K, 100% used [0x0000000795580000,0x00000007a5800000,0x00000007a5800000)
  from space 31744K, 56% used [0x00000007a7800000,0x00000007a89850c8,0x00000007a9700000)
  to   space 32256K, 0% used [0x00000007a5800000,0x00000007a5800000,0x00000007a7780000)
 ParOldGen       total 160256K, used 119878K [0x0000000740000000, 0x0000000749c80000, 0x0000000795580000)
  object space 160256K, 74% used [0x0000000740000000,0x00000007475118b0,0x0000000749c80000)
 Metaspace       used 83206K, capacity 88741K, committed 88960K, reserved 1126400K
  class space    used 10968K, capacity 12076K, committed 12160K, reserved 1048576K
Event: 423.681 GC heap after
Heap after GC invocations=37 (full 4):
 PSYoungGen      total 296960K, used 19644K [0x0000000795580000, 0x00000007ab200000, 0x00000007c0000000)
  eden space 264704K, 0% used [0x0000000795580000,0x0000000795580000,0x00000007a5800000)
  from space 32256K, 60% used [0x00000007a5800000,0x00000007a6b2f110,0x00000007a7780000)
  to   space 32256K, 0% used [0x00000007a9280000,0x00000007a9280000,0x00000007ab200000)
 ParOldGen       total 160256K, used 119878K [0x0000000740000000, 0x0000000749c80000, 0x0000000795580000)
  object space 160256K, 74% used [0x0000000740000000,0x00000007475118b0,0x0000000749c80000)
 Metaspace       used 83206K, capacity 88741K, committed 88960K, reserved 1126400K
  class space    used 10968K, capacity 12076K, committed 12160K, reserved 1048576K
}

