# JRE version: OpenJDK Runtime Environment (8.0_152-b01) (build 1.8.0_152-release-1024-b01)
# Java VM: OpenJDK 64-Bit Server VM (25.152-b01 mixed mode bsd-amd64 compressed oops)
Heap:
 PSYoungGen      total 553472K, used 225256K [0x0000000795580000, 0x00000007c0000000, 0x00000007c0000000)
  eden space 428032K, 52% used [0x0000000795580000,0x00000007a317a238,0x00000007af780000)
  from space 125440K, 0% used [0x00000007b7200000,0x00000007b7200000,0x00000007bec80000)
  to   space 125440K, 0% used [0x00000007af780000,0x00000007af780000,0x00000007b7200000)
 ParOldGen       total 293376K, used 126614K [0x0000000740000000, 0x0000000751e80000, 0x0000000795580000)
  object space 293376K, 43% used [0x0000000740000000,0x0000000747ba5988,0x0000000751e80000)
 Metaspace       used 110324K, capacity 113975K, committed 126720K, reserved 1161216K
  class space    used 12750K, capacity 13609K, committed 15360K, reserved 1048576K
GC Heap History (10 events):
Event: 9410.526 GC heap before
{Heap before GC invocations=46 (full 9):
 PSYoungGen      total 566272K, used 451272K [0x0000000795580000, 0x00000007bfd80000, 0x00000007c0000000)
  eden space 439296K, 100% used [0x0000000795580000,0x00000007b0280000,0x00000007b0280000)
  from space 126976K, 9% used [0x00000007b8180000,0x00000007b8d32208,0x00000007bfd80000)
  to   space 128512K, 0% used [0x00000007b0280000,0x00000007b0280000,0x00000007b8000000)
 ParOldGen       total 288768K, used 120822K [0x0000000740000000, 0x0000000751a00000, 0x0000000795580000)
  object space 288768K, 41% used [0x0000000740000000,0x00000007475fd8a0,0x0000000751a00000)
 Metaspace       used 120641K, capacity 124843K, committed 125056K, reserved 1159168K
  class space    used 14179K, capacity 15177K, committed 15232K, reserved 1048576K
Event: 9417.657 GC heap after
Heap after GC invocations=46 (full 9):
 PSYoungGen      total 538624K, used 99053K [0x0000000795580000, 0x00000007c0000000, 0x00000007c0000000)
  eden space 439296K, 0% used [0x0000000795580000,0x0000000795580000,0x00000007b0280000)
  from space 99328K, 99% used [0x00000007b0280000,0x00000007b633b520,0x00000007b6380000)
  to   space 139264K, 0% used [0x00000007b7800000,0x00000007b7800000,0x00000007c0000000)
 ParOldGen       total 288768K, used 124873K [0x0000000740000000, 0x0000000751a00000, 0x0000000795580000)
  object space 288768K, 43% used [0x0000000740000000,0x00000007479f2608,0x0000000751a00000)
 Metaspace       used 120641K, capacity 124843K, committed 125056K, reserved 1159168K
  class space    used 14179K, capacity 15177K, committed 15232K, reserved 1048576K
}
Event: 9426.751 GC heap before
{Heap before GC invocations=47 (full 9):
 PSYoungGen      total 538624K, used 538349K [0x0000000795580000, 0x00000007c0000000, 0x00000007c0000000)
  eden space 439296K, 100% used [0x0000000795580000,0x00000007b0280000,0x00000007b0280000)
  from space 99328K, 99% used [0x00000007b0280000,0x00000007b633b520,0x00000007b6380000)
  to   space 139264K, 0% used [0x00000007b7800000,0x00000007b7800000,0x00000007c0000000)
 ParOldGen       total 288768K, used 124873K [0x0000000740000000, 0x0000000751a00000, 0x0000000795580000)
  object space 288768K, 43% used [0x0000000740000000,0x00000007479f2608,0x0000000751a00000)
 Metaspace       used 121143K, capacity 125395K, committed 125696K, reserved 1159168K
  class space    used 14224K, capacity 15249K, committed 15360K, reserved 1048576K
Event: 9429.963 GC heap after
Heap after GC invocations=47 (full 9):
 PSYoungGen      total 567296K, used 47165K [0x0000000795580000, 0x00000007c0000000, 0x00000007c0000000)
  eden space 428032K, 0% used [0x0000000795580000,0x0000000795580000,0x00000007af780000)
  from space 139264K, 33% used [0x00000007b7800000,0x00000007ba60f570,0x00000007c0000000)
  to   space 131584K, 0% used [0x00000007af780000,0x00000007af780000,0x00000007b7800000)
 ParOldGen       total 288768K, used 129606K [0x0000000740000000, 0x0000000751a00000, 0x0000000795580000)
  object space 288768K, 44% used [0x0000000740000000,0x0000000747e91930,0x0000000751a00000)
 Metaspace       used 121143K, capacity 125395K, committed 125696K, reserved 1159168K
  class space    used 14224K, capacity 15249K, committed 15360K, reserved 1048576K
}
Event: 9444.936 GC heap before
{Heap before GC invocations=48 (full 9):
 PSYoungGen      total 567296K, used 475197K [0x0000000795580000, 0x00000007c0000000, 0x00000007c0000000)
  eden space 428032K, 100% used [0x0000000795580000,0x00000007af780000,0x00000007af780000)
  from space 139264K, 33% used [0x00000007b7800000,0x00000007ba60f570,0x00000007c0000000)
  to   space 131584K, 0% used [0x00000007af780000,0x00000007af780000,0x00000007b7800000)
 ParOldGen       total 288768K, used 129606K [0x0000000740000000, 0x0000000751a00000, 0x0000000795580000)
  object space 288768K, 44% used [0x0000000740000000,0x0000000747e91930,0x0000000751a00000)
 Metaspace       used 121488K, capacity 125755K, committed 125952K, reserved 1159168K
  class space    used 14241K, capacity 15281K, committed 15360K, reserved 1048576K
Event: 9449.665 GC heap after
Heap after GC invocations=48 (full 9):
 PSYoungGen      total 471552K, used 43371K [0x0000000795580000, 0x00000007bec80000, 0x00000007c0000000)
  eden space 428032K, 0% used [0x0000000795580000,0x0000000795580000,0x00000007af780000)
  from space 43520K, 99% used [0x00000007af780000,0x00000007b21daeb8,0x00000007b2200000)
  to   space 125440K, 0% used [0x00000007b7200000,0x00000007b7200000,0x00000007bec80000)
 ParOldGen       total 288768K, used 171282K [0x0000000740000000, 0x0000000751a00000, 0x0000000795580000)
  object space 288768K, 59% used [0x0000000740000000,0x000000074a7449f0,0x0000000751a00000)
 Metaspace       used 121488K, capacity 125755K, committed 125952K, reserved 1159168K
  class space    used 14241K, capacity 15281K, committed 15360K, reserved 1048576K
}
Event: 9456.871 GC heap before
{Heap before GC invocations=49 (full 9):
 PSYoungGen      total 471552K, used 471403K [0x0000000795580000, 0x00000007bec80000, 0x00000007c0000000)
  eden space 428032K, 100% used [0x0000000795580000,0x00000007af780000,0x00000007af780000)
  from space 43520K, 99% used [0x00000007af780000,0x00000007b21daeb8,0x00000007b2200000)
  to   space 125440K, 0% used [0x00000007b7200000,0x00000007b7200000,0x00000007bec80000)
 ParOldGen       total 288768K, used 171282K [0x0000000740000000, 0x0000000751a00000, 0x0000000795580000)
  object space 288768K, 59% used [0x0000000740000000,0x000000074a7449f0,0x0000000751a00000)
 Metaspace       used 122285K, capacity 126545K, committed 126720K, reserved 1161216K
  class space    used 14311K, capacity 15346K, committed 15360K, reserved 1048576K
Event: 9460.446 GC heap after
Heap after GC invocations=49 (full 9):
 PSYoungGen      total 553472K, used 9115K [0x0000000795580000, 0x00000007c0000000, 0x00000007c0000000)
  eden space 428032K, 0% used [0x0000000795580000,0x0000000795580000,0x00000007af780000)
  from space 125440K, 7% used [0x00000007b7200000,0x00000007b7ae6cb8,0x00000007bec80000)
  to   space 125440K, 0% used [0x00000007af780000,0x00000007af780000,0x00000007b7200000)
 ParOldGen       total 288768K, used 209888K [0x0000000740000000, 0x0000000751a00000, 0x0000000795580000)
  object space 288768K, 72% used [0x0000000740000000,0x000000074ccf8170,0x0000000751a00000)
 Metaspace       used 122285K, capacity 126545K, committed 126720K, reserved 1161216K
  class space    used 14311K, capacity 15346K, committed 15360K, reserved 1048576K
}
Event: 9460.446 GC heap before
{Heap before GC invocations=50 (full 10):
 PSYoungGen      total 553472K, used 9115K [0x0000000795580000, 0x00000007c0000000, 0x00000007c0000000)
  eden space 428032K, 0% used [0x0000000795580000,0x0000000795580000,0x00000007af780000)
  from space 125440K, 7% used [0x00000007b7200000,0x00000007b7ae6cb8,0x00000007bec80000)
  to   space 125440K, 0% used [0x00000007af780000,0x00000007af780000,0x00000007b7200000)
 ParOldGen       total 288768K, used 209888K [0x0000000740000000, 0x0000000751a00000, 0x0000000795580000)
  object space 288768K, 72% used [0x0000000740000000,0x000000074ccf8170,0x0000000751a00000)
 Metaspace       used 122285K, capacity 126545K, committed 126720K, reserved 1161216K
  class space    used 14311K, capacity 15346K, committed 15360K, reserved 1048576K
Event: 9468.592 GC heap after
Heap after GC invocations=50 (full 10):
 PSYoungGen      total 553472K, used 0K [0x0000000795580000, 0x00000007c0000000, 0x00000007c0000000)
  eden space 428032K, 0% used [0x0000000795580000,0x0000000795580000,0x00000007af780000)
  from space 125440K, 0% used [0x00000007b7200000,0x00000007b7200000,0x00000007bec80000)
  to   space 125440K, 0% used [0x00000007af780000,0x00000007af780000,0x00000007b7200000)
 ParOldGen       total 293376K, used 126614K [0x0000000740000000, 0x0000000751e80000, 0x0000000795580000)
  object space 293376K, 43% used [0x0000000740000000,0x0000000747ba5988,0x0000000751e80000)
 Metaspace       used 110012K, capacity 113587K, committed 126720K, reserved 1161216K
  class space    used 12727K, capacity 13567K, committed 15360K, reserved 1048576K
}

