# JRE version: OpenJDK Runtime Environment (8.0_152-b01) (build 1.8.0_152-release-1024-b01)
# Java VM: OpenJDK 64-Bit Server VM (25.152-b01 mixed mode bsd-amd64 compressed oops)
Heap:
 PSYoungGen      total 498688K, used 90486K [0x0000000795580000, 0x00000007c0000000, 0x00000007c0000000)
  eden space 298496K, 0% used [0x0000000795580000,0x0000000795580000,0x00000007a7900000)
  from space 200192K, 45% used [0x00000007a7900000,0x00000007ad15dac0,0x00000007b3c80000)
  to   space 192000K, 0% used [0x00000007b4480000,0x00000007b4480000,0x00000007c0000000)
 ParOldGen       total 773632K, used 773319K [0x0000000740000000, 0x000000076f380000, 0x0000000795580000)
  object space 773632K, 99% used [0x0000000740000000,0x000000076f331cf8,0x000000076f380000)
 Metaspace       used 68197K, capacity 70906K, committed 71000K, reserved 1110016K
  class space    used 9207K, capacity 9845K, committed 9856K, reserved 1048576K
GC Heap History (10 events):
Event: 116.567 GC heap after
Heap after GC invocations=39 (full 8):
 PSYoungGen      total 488960K, used 62758K [0x0000000795580000, 0x00000007c0000000, 0x00000007c0000000)
  eden space 387584K, 0% used [0x0000000795580000,0x0000000795580000,0x00000007ad000000)
  from space 101376K, 61% used [0x00000007ad000000,0x00000007b0d49bc0,0x00000007b3300000)
  to   space 161792K, 0% used [0x00000007b6200000,0x00000007b6200000,0x00000007c0000000)
 ParOldGen       total 756736K, used 568917K [0x0000000740000000, 0x000000076e300000, 0x0000000795580000)
  object space 756736K, 75% used [0x0000000740000000,0x0000000762b95670,0x000000076e300000)
 Metaspace       used 68128K, capacity 70842K, committed 71000K, reserved 1110016K
  class space    used 9205K, capacity 9845K, committed 9856K, reserved 1048576K
}
Event: 118.630 GC heap before
{Heap before GC invocations=40 (full 8):
 PSYoungGen      total 488960K, used 450342K [0x0000000795580000, 0x00000007c0000000, 0x00000007c0000000)
  eden space 387584K, 100% used [0x0000000795580000,0x00000007ad000000,0x00000007ad000000)
  from space 101376K, 61% used [0x00000007ad000000,0x00000007b0d49bc0,0x00000007b3300000)
  to   space 161792K, 0% used [0x00000007b6200000,0x00000007b6200000,0x00000007c0000000)
 ParOldGen       total 756736K, used 568917K [0x0000000740000000, 0x000000076e300000, 0x0000000795580000)
  object space 756736K, 75% used [0x0000000740000000,0x0000000762b95670,0x000000076e300000)
 Metaspace       used 68129K, capacity 70842K, committed 71000K, reserved 1110016K
  class space    used 9206K, capacity 9845K, committed 9856K, reserved 1048576K
Event: 119.761 GC heap after
Heap after GC invocations=40 (full 8):
 PSYoungGen      total 546816K, used 62811K [0x0000000795580000, 0x00000007c0000000, 0x00000007c0000000)
  eden space 385024K, 0% used [0x0000000795580000,0x0000000795580000,0x00000007acd80000)
  from space 161792K, 38% used [0x00000007b6200000,0x00000007b9f56c90,0x00000007c0000000)
  to   space 152064K, 0% used [0x00000007acd80000,0x00000007acd80000,0x00000007b6200000)
 ParOldGen       total 756736K, used 631832K [0x0000000740000000, 0x000000076e300000, 0x0000000795580000)
  object space 756736K, 83% used [0x0000000740000000,0x0000000766906180,0x000000076e300000)
 Metaspace       used 68129K, capacity 70842K, committed 71000K, reserved 1110016K
  class space    used 9206K, capacity 9845K, committed 9856K, reserved 1048576K
}
Event: 121.042 GC heap before
{Heap before GC invocations=41 (full 8):
 PSYoungGen      total 546816K, used 447835K [0x0000000795580000, 0x00000007c0000000, 0x00000007c0000000)
  eden space 385024K, 100% used [0x0000000795580000,0x00000007acd80000,0x00000007acd80000)
  from space 161792K, 38% used [0x00000007b6200000,0x00000007b9f56c90,0x00000007c0000000)
  to   space 152064K, 0% used [0x00000007acd80000,0x00000007acd80000,0x00000007b6200000)
 ParOldGen       total 756736K, used 631832K [0x0000000740000000, 0x000000076e300000, 0x0000000795580000)
  object space 756736K, 83% used [0x0000000740000000,0x0000000766906180,0x000000076e300000)
 Metaspace       used 68136K, capacity 70842K, committed 71000K, reserved 1110016K
  class space    used 9206K, capacity 9845K, committed 9856K, reserved 1048576K
Event: 121.370 GC heap after
Heap after GC invocations=41 (full 8):
 PSYoungGen      total 512512K, used 127331K [0x0000000795580000, 0x00000007c0000000, 0x00000007c0000000)
  eden space 385024K, 0% used [0x0000000795580000,0x0000000795580000,0x00000007acd80000)
  from space 127488K, 99% used [0x00000007acd80000,0x00000007b49d8e38,0x00000007b4a00000)
  to   space 167424K, 0% used [0x00000007b5c80000,0x00000007b5c80000,0x00000007c0000000)
 ParOldGen       total 756736K, used 631840K [0x0000000740000000, 0x000000076e300000, 0x0000000795580000)
  object space 756736K, 83% used [0x0000000740000000,0x0000000766908180,0x000000076e300000)
 Metaspace       used 68136K, capacity 70842K, committed 71000K, reserved 1110016K
  class space    used 9206K, capacity 9845K, committed 9856K, reserved 1048576K
}
Event: 122.338 GC heap before
{Heap before GC invocations=42 (full 8):
 PSYoungGen      total 512512K, used 512355K [0x0000000795580000, 0x00000007c0000000, 0x00000007c0000000)
  eden space 385024K, 100% used [0x0000000795580000,0x00000007acd80000,0x00000007acd80000)
  from space 127488K, 99% used [0x00000007acd80000,0x00000007b49d8e38,0x00000007b4a00000)
  to   space 167424K, 0% used [0x00000007b5c80000,0x00000007b5c80000,0x00000007c0000000)
 ParOldGen       total 756736K, used 631840K [0x0000000740000000, 0x000000076e300000, 0x0000000795580000)
  object space 756736K, 83% used [0x0000000740000000,0x0000000766908180,0x000000076e300000)
 Metaspace       used 68177K, capacity 70906K, committed 71000K, reserved 1110016K
  class space    used 9207K, capacity 9845K, committed 9856K, reserved 1048576K
Event: 122.921 GC heap after
Heap after GC invocations=42 (full 8):
 PSYoungGen      total 465920K, used 167395K [0x0000000795580000, 0x00000007c0000000, 0x00000007c0000000)
  eden space 298496K, 0% used [0x0000000795580000,0x0000000795580000,0x00000007a7900000)
  from space 167424K, 99% used [0x00000007b5c80000,0x00000007bfff8d68,0x00000007c0000000)
  to   space 200192K, 0% used [0x00000007a7900000,0x00000007a7900000,0x00000007b3c80000)
 ParOldGen       total 756736K, used 649516K [0x0000000740000000, 0x000000076e300000, 0x0000000795580000)
  object space 756736K, 85% used [0x0000000740000000,0x0000000767a4b080,0x000000076e300000)
 Metaspace       used 68177K, capacity 70906K, committed 71000K, reserved 1110016K
  class space    used 9207K, capacity 9845K, committed 9856K, reserved 1048576K
}
Event: 123.546 GC heap before
{Heap before GC invocations=43 (full 8):
 PSYoungGen      total 465920K, used 465891K [0x0000000795580000, 0x00000007c0000000, 0x00000007c0000000)
  eden space 298496K, 100% used [0x0000000795580000,0x00000007a7900000,0x00000007a7900000)
  from space 167424K, 99% used [0x00000007b5c80000,0x00000007bfff8d68,0x00000007c0000000)
  to   space 200192K, 0% used [0x00000007a7900000,0x00000007a7900000,0x00000007b3c80000)
 ParOldGen       total 756736K, used 649516K [0x0000000740000000, 0x000000076e300000, 0x0000000795580000)
  object space 756736K, 85% used [0x0000000740000000,0x0000000767a4b080,0x000000076e300000)
 Metaspace       used 68197K, capacity 70906K, committed 71000K, reserved 1110016K
  class space    used 9207K, capacity 9845K, committed 9856K, reserved 1048576K
Event: 124.034 GC heap after
Heap after GC invocations=43 (full 8):
 PSYoungGen      total 498688K, used 90486K [0x0000000795580000, 0x00000007c0000000, 0x00000007c0000000)
  eden space 298496K, 0% used [0x0000000795580000,0x0000000795580000,0x00000007a7900000)
  from space 200192K, 45% used [0x00000007a7900000,0x00000007ad15dac0,0x00000007b3c80000)
  to   space 192000K, 0% used [0x00000007b4480000,0x00000007b4480000,0x00000007c0000000)
 ParOldGen       total 773632K, used 773319K [0x0000000740000000, 0x000000076f380000, 0x0000000795580000)
  object space 773632K, 99% used [0x0000000740000000,0x000000076f331cf8,0x000000076f380000)
 Metaspace       used 68197K, capacity 70906K, committed 71000K, reserved 1110016K
  class space    used 9207K, capacity 9845K, committed 9856K, reserved 1048576K
}
Event: 124.035 GC heap before
{Heap before GC invocations=44 (full 9):
 PSYoungGen      total 498688K, used 90486K [0x0000000795580000, 0x00000007c0000000, 0x00000007c0000000)
  eden space 298496K, 0% used [0x0000000795580000,0x0000000795580000,0x00000007a7900000)
  from space 200192K, 45% used [0x00000007a7900000,0x00000007ad15dac0,0x00000007b3c80000)
  to   space 192000K, 0% used [0x00000007b4480000,0x00000007b4480000,0x00000007c0000000)
 ParOldGen       total 773632K, used 773319K [0x0000000740000000, 0x000000076f380000, 0x0000000795580000)
  object space 773632K, 99% used [0x0000000740000000,0x000000076f331cf8,0x000000076f380000)
 Metaspace       used 68197K, capacity 70906K, committed 71000K, reserved 1110016K
  class space    used 9207K, capacity 9845K, committed 9856K, reserved 1048576K

