# JRE version: OpenJDK Runtime Environment (8.0_152-b01) (build 1.8.0_152-release-1024-b01)
# Java VM: OpenJDK 64-Bit Server VM (25.152-b01 mixed mode bsd-amd64 compressed oops)
Heap:
 PSYoungGen      total 337920K, used 313344K [0x0000000795580000, 0x00000007ab680000, 0x00000007c0000000)
  eden space 313344K, 100% used [0x0000000795580000,0x00000007a8780000,0x00000007a8780000)
  from space 24576K, 0% used [0x00000007a9e80000,0x00000007a9e80000,0x00000007ab680000)
  to   space 23552K, 72% used [0x00000007a8780000,0x00000007a9834040,0x00000007a9e80000)
 ParOldGen       total 125952K, used 79176K [0x0000000740000000, 0x0000000747b00000, 0x0000000795580000)
  object space 125952K, 62% used [0x0000000740000000,0x0000000744d52330,0x0000000747b00000)
 Metaspace       used 70757K, capacity 74758K, committed 75008K, reserved 1114112K
  class space    used 9559K, capacity 10416K, committed 10496K, reserved 1048576K
GC Heap History (10 events):
Event: 30.010 GC heap after
Heap after GC invocations=18 (full 3):
 PSYoungGen      total 177664K, used 5591K [0x0000000795580000, 0x00000007a7380000, 0x00000007c0000000)
  eden space 163328K, 0% used [0x0000000795580000,0x0000000795580000,0x000000079f500000)
  from space 14336K, 39% used [0x000000079f500000,0x000000079fa75d80,0x00000007a0300000)
  to   space 19968K, 0% used [0x00000007a6000000,0x00000007a6000000,0x00000007a7380000)
 ParOldGen       total 81408K, used 44012K [0x0000000740000000, 0x0000000744f80000, 0x0000000795580000)
  object space 81408K, 54% used [0x0000000740000000,0x0000000742afb0a8,0x0000000744f80000)
 Metaspace       used 56812K, capacity 58932K, committed 59028K, reserved 1099776K
  class space    used 7897K, capacity 8444K, committed 8448K, reserved 1048576K
}
Event: 41.172 GC heap before
{Heap before GC invocations=19 (full 3):
 PSYoungGen      total 177664K, used 168919K [0x0000000795580000, 0x00000007a7380000, 0x00000007c0000000)
  eden space 163328K, 100% used [0x0000000795580000,0x000000079f500000,0x000000079f500000)
  from space 14336K, 39% used [0x000000079f500000,0x000000079fa75d80,0x00000007a0300000)
  to   space 19968K, 0% used [0x00000007a6000000,0x00000007a6000000,0x00000007a7380000)
 ParOldGen       total 81408K, used 44012K [0x0000000740000000, 0x0000000744f80000, 0x0000000795580000)
  object space 81408K, 54% used [0x0000000740000000,0x0000000742afb0a8,0x0000000744f80000)
 Metaspace       used 60538K, capacity 63072K, committed 63360K, reserved 1103872K
  class space    used 8365K, capacity 8988K, committed 9088K, reserved 1048576K
Event: 41.244 GC heap after
Heap after GC invocations=19 (full 3):
 PSYoungGen      total 258048K, used 17183K [0x0000000795580000, 0x00000007a7100000, 0x00000007c0000000)
  eden space 240640K, 0% used [0x0000000795580000,0x0000000795580000,0x00000007a4080000)
  from space 17408K, 98% used [0x00000007a6000000,0x00000007a70c7e30,0x00000007a7100000)
  to   space 22016K, 0% used [0x00000007a4600000,0x00000007a4600000,0x00000007a5b80000)
 ParOldGen       total 81408K, used 49666K [0x0000000740000000, 0x0000000744f80000, 0x0000000795580000)
  object space 81408K, 61% used [0x0000000740000000,0x0000000743080978,0x0000000744f80000)
 Metaspace       used 60538K, capacity 63072K, committed 63360K, reserved 1103872K
  class space    used 8365K, capacity 8988K, committed 9088K, reserved 1048576K
}
Event: 47.453 GC heap before
{Heap before GC invocations=20 (full 3):
 PSYoungGen      total 258048K, used 257823K [0x0000000795580000, 0x00000007a7100000, 0x00000007c0000000)
  eden space 240640K, 100% used [0x0000000795580000,0x00000007a4080000,0x00000007a4080000)
  from space 17408K, 98% used [0x00000007a6000000,0x00000007a70c7e30,0x00000007a7100000)
  to   space 22016K, 0% used [0x00000007a4600000,0x00000007a4600000,0x00000007a5b80000)
 ParOldGen       total 81408K, used 49666K [0x0000000740000000, 0x0000000744f80000, 0x0000000795580000)
  object space 81408K, 61% used [0x0000000740000000,0x0000000743080978,0x0000000744f80000)
 Metaspace       used 65159K, capacity 67986K, committed 68096K, reserved 1107968K
  class space    used 9011K, capacity 9658K, committed 9728K, reserved 1048576K
Event: 47.539 GC heap after
Heap after GC invocations=20 (full 3):
 PSYoungGen      total 268288K, used 19752K [0x0000000795580000, 0x00000007ab680000, 0x00000007c0000000)
  eden space 246272K, 0% used [0x0000000795580000,0x0000000795580000,0x00000007a4600000)
  from space 22016K, 89% used [0x00000007a4600000,0x00000007a594a230,0x00000007a5b80000)
  to   space 24576K, 0% used [0x00000007a9e80000,0x00000007a9e80000,0x00000007ab680000)
 ParOldGen       total 81408K, used 61641K [0x0000000740000000, 0x0000000744f80000, 0x0000000795580000)
  object space 81408K, 75% used [0x0000000740000000,0x0000000743c326f8,0x0000000744f80000)
 Metaspace       used 65159K, capacity 67986K, committed 68096K, reserved 1107968K
  class space    used 9011K, capacity 9658K, committed 9728K, reserved 1048576K
}
Event: 76.608 GC heap before
{Heap before GC invocations=21 (full 3):
 PSYoungGen      total 268288K, used 266024K [0x0000000795580000, 0x00000007ab680000, 0x00000007c0000000)
  eden space 246272K, 100% used [0x0000000795580000,0x00000007a4600000,0x00000007a4600000)
  from space 22016K, 89% used [0x00000007a4600000,0x00000007a594a230,0x00000007a5b80000)
  to   space 24576K, 0% used [0x00000007a9e80000,0x00000007a9e80000,0x00000007ab680000)
 ParOldGen       total 81408K, used 61641K [0x0000000740000000, 0x0000000744f80000, 0x0000000795580000)
  object space 81408K, 75% used [0x0000000740000000,0x0000000743c326f8,0x0000000744f80000)
 Metaspace       used 67177K, capacity 70222K, committed 70400K, reserved 1110016K
  class space    used 9233K, capacity 9950K, committed 9984K, reserved 1048576K
Event: 76.657 GC heap after
Heap after GC invocations=21 (full 3):
 PSYoungGen      total 337920K, used 11012K [0x0000000795580000, 0x00000007ab680000, 0x00000007c0000000)
  eden space 313344K, 0% used [0x0000000795580000,0x0000000795580000,0x00000007a8780000)
  from space 24576K, 44% used [0x00000007a9e80000,0x00000007aa9412a8,0x00000007ab680000)
  to   space 23552K, 0% used [0x00000007a8780000,0x00000007a8780000,0x00000007a9e80000)
 ParOldGen       total 81408K, used 73386K [0x0000000740000000, 0x0000000744f80000, 0x0000000795580000)
  object space 81408K, 90% used [0x0000000740000000,0x00000007447aab38,0x0000000744f80000)
 Metaspace       used 67177K, capacity 70222K, committed 70400K, reserved 1110016K
  class space    used 9233K, capacity 9950K, committed 9984K, reserved 1048576K
}
Event: 76.657 GC heap before
{Heap before GC invocations=22 (full 4):
 PSYoungGen      total 337920K, used 11012K [0x0000000795580000, 0x00000007ab680000, 0x00000007c0000000)
  eden space 313344K, 0% used [0x0000000795580000,0x0000000795580000,0x00000007a8780000)
  from space 24576K, 44% used [0x00000007a9e80000,0x00000007aa9412a8,0x00000007ab680000)
  to   space 23552K, 0% used [0x00000007a8780000,0x00000007a8780000,0x00000007a9e80000)
 ParOldGen       total 81408K, used 73386K [0x0000000740000000, 0x0000000744f80000, 0x0000000795580000)
  object space 81408K, 90% used [0x0000000740000000,0x00000007447aab38,0x0000000744f80000)
 Metaspace       used 67177K, capacity 70222K, committed 70400K, reserved 1110016K
  class space    used 9233K, capacity 9950K, committed 9984K, reserved 1048576K
Event: 77.168 GC heap after
Heap after GC invocations=22 (full 4):
 PSYoungGen      total 337920K, used 0K [0x0000000795580000, 0x00000007ab680000, 0x00000007c0000000)
  eden space 313344K, 0% used [0x0000000795580000,0x0000000795580000,0x00000007a8780000)
  from space 24576K, 0% used [0x00000007a9e80000,0x00000007a9e80000,0x00000007ab680000)
  to   space 23552K, 0% used [0x00000007a8780000,0x00000007a8780000,0x00000007a9e80000)
 ParOldGen       total 125952K, used 79168K [0x0000000740000000, 0x0000000747b00000, 0x0000000795580000)
  object space 125952K, 62% used [0x0000000740000000,0x0000000744d50330,0x0000000747b00000)
 Metaspace       used 67167K, capacity 70186K, committed 70400K, reserved 1110016K
  class space    used 9230K, capacity 9944K, committed 9984K, reserved 1048576K
}
Event: 164.876 GC heap before
{Heap before GC invocations=23 (full 4):
 PSYoungGen      total 337920K, used 313344K [0x0000000795580000, 0x00000007ab680000, 0x00000007c0000000)
  eden space 313344K, 100% used [0x0000000795580000,0x00000007a8780000,0x00000007a8780000)
  from space 24576K, 0% used [0x00000007a9e80000,0x00000007a9e80000,0x00000007ab680000)
  to   space 23552K, 0% used [0x00000007a8780000,0x00000007a8780000,0x00000007a9e80000)
 ParOldGen       total 125952K, used 79168K [0x0000000740000000, 0x0000000747b00000, 0x0000000795580000)
  object space 125952K, 62% used [0x0000000740000000,0x0000000744d50330,0x0000000747b00000)
 Metaspace       used 70757K, capacity 74758K, committed 75008K, reserved 1114112K
  class space    used 9559K, capacity 10416K, committed 10496K, reserved 1048576K

