# JRE version: OpenJDK Runtime Environment (8.0_152-b01) (build 1.8.0_152-release-1024-b01)
# Java VM: OpenJDK 64-Bit Server VM (25.152-b01 mixed mode bsd-amd64 compressed oops)
Heap:
 PSYoungGen      total 516096K, used 125098K [0x0000000795580000, 0x00000007c0000000, 0x00000007c0000000)
  eden space 346624K, 0% used [0x0000000795580000,0x0000000795580000,0x00000007aa800000)
  from space 169472K, 73% used [0x00000007b5a80000,0x00000007bd4aab18,0x00000007c0000000)
  to   space 176128K, 0% used [0x00000007aa800000,0x00000007aa800000,0x00000007b5400000)
 ParOldGen       total 1184256K, used 1093063K [0x0000000740000000, 0x0000000788480000, 0x0000000795580000)
  object space 1184256K, 92% used [0x0000000740000000,0x0000000782b71d40,0x0000000788480000)
 Metaspace       used 98726K, capacity 105491K, committed 106368K, reserved 1140736K
  class space    used 12830K, capacity 14306K, committed 14464K, reserved 1048576K
GC Heap History (10 events):
Event: 3945.953 GC heap after
Heap after GC invocations=57 (full 11):
 PSYoungGen      total 543744K, used 56017K [0x0000000795580000, 0x00000007bf380000, 0x00000007c0000000)
  eden space 417792K, 0% used [0x0000000795580000,0x0000000795580000,0x00000007aed80000)
  from space 125952K, 44% used [0x00000007b7880000,0x00000007baf34760,0x00000007bf380000)
  to   space 134144K, 0% used [0x00000007aed80000,0x00000007aed80000,0x00000007b7080000)
 ParOldGen       total 1184256K, used 926022K [0x0000000740000000, 0x0000000788480000, 0x0000000795580000)
  object space 1184256K, 78% used [0x0000000740000000,0x00000007788518a0,0x0000000788480000)
 Metaspace       used 98693K, capacity 105427K, committed 106112K, reserved 1140736K
  class space    used 12828K, capacity 14306K, committed 14464K, reserved 1048576K
}
Event: 3947.052 GC heap before
{Heap before GC invocations=58 (full 11):
 PSYoungGen      total 543744K, used 473809K [0x0000000795580000, 0x00000007bf380000, 0x00000007c0000000)
  eden space 417792K, 100% used [0x0000000795580000,0x00000007aed80000,0x00000007aed80000)
  from space 125952K, 44% used [0x00000007b7880000,0x00000007baf34760,0x00000007bf380000)
  to   space 134144K, 0% used [0x00000007aed80000,0x00000007aed80000,0x00000007b7080000)
 ParOldGen       total 1184256K, used 926022K [0x0000000740000000, 0x0000000788480000, 0x0000000795580000)
  object space 1184256K, 78% used [0x0000000740000000,0x00000007788518a0,0x0000000788480000)
 Metaspace       used 98693K, capacity 105427K, committed 106112K, reserved 1140736K
  class space    used 12828K, capacity 14306K, committed 14464K, reserved 1048576K
Event: 3947.482 GC heap after
Heap after GC invocations=58 (full 11):
 PSYoungGen      total 551936K, used 101608K [0x0000000795580000, 0x00000007c0000000, 0x00000007c0000000)
  eden space 417792K, 0% used [0x0000000795580000,0x0000000795580000,0x00000007aed80000)
  from space 134144K, 75% used [0x00000007aed80000,0x00000007b50ba2f8,0x00000007b7080000)
  to   space 139776K, 0% used [0x00000007b7780000,0x00000007b7780000,0x00000007c0000000)
 ParOldGen       total 1184256K, used 926022K [0x0000000740000000, 0x0000000788480000, 0x0000000795580000)
  object space 1184256K, 78% used [0x0000000740000000,0x00000007788518a0,0x0000000788480000)
 Metaspace       used 98693K, capacity 105427K, committed 106112K, reserved 1140736K
  class space    used 12828K, capacity 14306K, committed 14464K, reserved 1048576K
}
Event: 3948.986 GC heap before
{Heap before GC invocations=59 (full 11):
 PSYoungGen      total 551936K, used 519400K [0x0000000795580000, 0x00000007c0000000, 0x00000007c0000000)
  eden space 417792K, 100% used [0x0000000795580000,0x00000007aed80000,0x00000007aed80000)
  from space 134144K, 75% used [0x00000007aed80000,0x00000007b50ba2f8,0x00000007b7080000)
  to   space 139776K, 0% used [0x00000007b7780000,0x00000007b7780000,0x00000007c0000000)
 ParOldGen       total 1184256K, used 926022K [0x0000000740000000, 0x0000000788480000, 0x0000000795580000)
  object space 1184256K, 78% used [0x0000000740000000,0x00000007788518a0,0x0000000788480000)
 Metaspace       used 98711K, capacity 105427K, committed 106112K, reserved 1140736K
  class space    used 12829K, capacity 14306K, committed 14464K, reserved 1048576K
Event: 3949.975 GC heap after
Heap after GC invocations=59 (full 11):
 PSYoungGen      total 502784K, used 139757K [0x0000000795580000, 0x00000007c0000000, 0x00000007c0000000)
  eden space 363008K, 0% used [0x0000000795580000,0x0000000795580000,0x00000007ab800000)
  from space 139776K, 99% used [0x00000007b7780000,0x00000007bfffb520,0x00000007c0000000)
  to   space 167936K, 0% used [0x00000007ab800000,0x00000007ab800000,0x00000007b5c00000)
 ParOldGen       total 1184256K, used 952615K [0x0000000740000000, 0x0000000788480000, 0x0000000795580000)
  object space 1184256K, 80% used [0x0000000740000000,0x000000077a249ce8,0x0000000788480000)
 Metaspace       used 98711K, capacity 105427K, committed 106112K, reserved 1140736K
  class space    used 12829K, capacity 14306K, committed 14464K, reserved 1048576K
}
Event: 3951.777 GC heap before
{Heap before GC invocations=60 (full 11):
 PSYoungGen      total 502784K, used 502765K [0x0000000795580000, 0x00000007c0000000, 0x00000007c0000000)
  eden space 363008K, 100% used [0x0000000795580000,0x00000007ab800000,0x00000007ab800000)
  from space 139776K, 99% used [0x00000007b7780000,0x00000007bfffb520,0x00000007c0000000)
  to   space 167936K, 0% used [0x00000007ab800000,0x00000007ab800000,0x00000007b5c00000)
 ParOldGen       total 1184256K, used 952615K [0x0000000740000000, 0x0000000788480000, 0x0000000795580000)
  object space 1184256K, 80% used [0x0000000740000000,0x000000077a249ce8,0x0000000788480000)
 Metaspace       used 98716K, capacity 105427K, committed 106112K, reserved 1140736K
  class space    used 12829K, capacity 14306K, committed 14464K, reserved 1048576K
Event: 3953.337 GC heap after
Heap after GC invocations=60 (full 11):
 PSYoungGen      total 471552K, used 108494K [0x0000000795580000, 0x00000007c0000000, 0x00000007c0000000)
  eden space 363008K, 0% used [0x0000000795580000,0x0000000795580000,0x00000007ab800000)
  from space 108544K, 99% used [0x00000007ab800000,0x00000007b21f3890,0x00000007b2200000)
  to   space 169472K, 0% used [0x00000007b5a80000,0x00000007b5a80000,0x00000007c0000000)
 ParOldGen       total 1184256K, used 1045288K [0x0000000740000000, 0x0000000788480000, 0x0000000795580000)
  object space 1184256K, 88% used [0x0000000740000000,0x000000077fcca110,0x0000000788480000)
 Metaspace       used 98716K, capacity 105427K, committed 106112K, reserved 1140736K
  class space    used 12829K, capacity 14306K, committed 14464K, reserved 1048576K
}
Event: 3955.045 GC heap before
{Heap before GC invocations=61 (full 11):
 PSYoungGen      total 471552K, used 471502K [0x0000000795580000, 0x00000007c0000000, 0x00000007c0000000)
  eden space 363008K, 100% used [0x0000000795580000,0x00000007ab800000,0x00000007ab800000)
  from space 108544K, 99% used [0x00000007ab800000,0x00000007b21f3890,0x00000007b2200000)
  to   space 169472K, 0% used [0x00000007b5a80000,0x00000007b5a80000,0x00000007c0000000)
 ParOldGen       total 1184256K, used 1045495K [0x0000000740000000, 0x0000000788480000, 0x0000000795580000)
  object space 1184256K, 88% used [0x0000000740000000,0x000000077fcfdc20,0x0000000788480000)
 Metaspace       used 98726K, capacity 105491K, committed 106368K, reserved 1140736K
  class space    used 12830K, capacity 14306K, committed 14464K, reserved 1048576K
Event: 3956.013 GC heap after
Heap after GC invocations=61 (full 11):
 PSYoungGen      total 516096K, used 125098K [0x0000000795580000, 0x00000007c0000000, 0x00000007c0000000)
  eden space 346624K, 0% used [0x0000000795580000,0x0000000795580000,0x00000007aa800000)
  from space 169472K, 73% used [0x00000007b5a80000,0x00000007bd4aab18,0x00000007c0000000)
  to   space 176128K, 0% used [0x00000007aa800000,0x00000007aa800000,0x00000007b5400000)
 ParOldGen       total 1184256K, used 1093063K [0x0000000740000000, 0x0000000788480000, 0x0000000795580000)
  object space 1184256K, 92% used [0x0000000740000000,0x0000000782b71d40,0x0000000788480000)
 Metaspace       used 98726K, capacity 105491K, committed 106368K, reserved 1140736K
  class space    used 12830K, capacity 14306K, committed 14464K, reserved 1048576K
}
Event: 3956.013 GC heap before
{Heap before GC invocations=62 (full 12):
 PSYoungGen      total 516096K, used 125098K [0x0000000795580000, 0x00000007c0000000, 0x00000007c0000000)
  eden space 346624K, 0% used [0x0000000795580000,0x0000000795580000,0x00000007aa800000)
  from space 169472K, 73% used [0x00000007b5a80000,0x00000007bd4aab18,0x00000007c0000000)
  to   space 176128K, 0% used [0x00000007aa800000,0x00000007aa800000,0x00000007b5400000)
 ParOldGen       total 1184256K, used 1093063K [0x0000000740000000, 0x0000000788480000, 0x0000000795580000)
  object space 1184256K, 92% used [0x0000000740000000,0x0000000782b71d40,0x0000000788480000)
 Metaspace       used 98726K, capacity 105491K, committed 106368K, reserved 1140736K
  class space    used 12830K, capacity 14306K, committed 14464K, reserved 1048576K

