# JRE version: OpenJDK Runtime Environment (8.0_152-b01) (build 1.8.0_152-release-1024-b01)
# Java VM: OpenJDK 64-Bit Server VM (25.152-b01 mixed mode bsd-amd64 compressed oops)
Heap:
 PSYoungGen      total 465920K, used 465892K [0x0000000795580000, 0x00000007c0000000, 0x00000007c0000000)
  eden space 232960K, 100% used [0x0000000795580000,0x00000007a3900000,0x00000007a3900000)
  from space 232960K, 99% used [0x00000007a3900000,0x00000007b1c79068,0x00000007b1c80000)
  to   space 232960K, 81% used [0x00000007b1c80000,0x00000007bd5b3568,0x00000007c0000000)
 ParOldGen       total 1111552K, used 972591K [0x0000000740000000, 0x0000000783d80000, 0x0000000795580000)
  object space 1111552K, 87% used [0x0000000740000000,0x000000077b5cbfe0,0x0000000783d80000)
 Metaspace       used 68594K, capacity 71478K, committed 71680K, reserved 1112064K
  class space    used 9252K, capacity 9958K, committed 9984K, reserved 1048576K
GC Heap History (10 events):
Event: 61.914 GC heap after
Heap after GC invocations=42 (full 9):
 PSYoungGen      total 508928K, used 84941K [0x0000000795580000, 0x00000007c0000000, 0x00000007c0000000)
  eden space 336896K, 0% used [0x0000000795580000,0x0000000795580000,0x00000007a9e80000)
  from space 172032K, 49% used [0x00000007a9e80000,0x00000007af1736c0,0x00000007b4680000)
  to   space 167424K, 0% used [0x00000007b5c80000,0x00000007b5c80000,0x00000007c0000000)
 ParOldGen       total 1111552K, used 845308K [0x0000000740000000, 0x0000000783d80000, 0x0000000795580000)
  object space 1111552K, 76% used [0x0000000740000000,0x000000077397f0b8,0x0000000783d80000)
 Metaspace       used 68352K, capacity 71190K, committed 71424K, reserved 1110016K
  class space    used 9240K, capacity 9926K, committed 9984K, reserved 1048576K
}
Event: 62.583 GC heap before
{Heap before GC invocations=43 (full 9):
 PSYoungGen      total 508928K, used 421837K [0x0000000795580000, 0x00000007c0000000, 0x00000007c0000000)
  eden space 336896K, 100% used [0x0000000795580000,0x00000007a9e80000,0x00000007a9e80000)
  from space 172032K, 49% used [0x00000007a9e80000,0x00000007af1736c0,0x00000007b4680000)
  to   space 167424K, 0% used [0x00000007b5c80000,0x00000007b5c80000,0x00000007c0000000)
 ParOldGen       total 1111552K, used 845308K [0x0000000740000000, 0x0000000783d80000, 0x0000000795580000)
  object space 1111552K, 76% used [0x0000000740000000,0x000000077397f0b8,0x0000000783d80000)
 Metaspace       used 68355K, capacity 71190K, committed 71424K, reserved 1110016K
  class space    used 9240K, capacity 9926K, committed 9984K, reserved 1048576K
Event: 63.021 GC heap after
Heap after GC invocations=43 (full 9):
 PSYoungGen      total 504832K, used 133172K [0x0000000795580000, 0x00000007c0000000, 0x00000007c0000000)
  eden space 337408K, 0% used [0x0000000795580000,0x0000000795580000,0x00000007a9f00000)
  from space 167424K, 79% used [0x00000007b5c80000,0x00000007bde8d2b0,0x00000007c0000000)
  to   space 180736K, 0% used [0x00000007a9f00000,0x00000007a9f00000,0x00000007b4f80000)
 ParOldGen       total 1111552K, used 845308K [0x0000000740000000, 0x0000000783d80000, 0x0000000795580000)
  object space 1111552K, 76% used [0x0000000740000000,0x000000077397f0b8,0x0000000783d80000)
 Metaspace       used 68355K, capacity 71190K, committed 71424K, reserved 1110016K
  class space    used 9240K, capacity 9926K, committed 9984K, reserved 1048576K
}
Event: 63.799 GC heap before
{Heap before GC invocations=44 (full 9):
 PSYoungGen      total 504832K, used 470580K [0x0000000795580000, 0x00000007c0000000, 0x00000007c0000000)
  eden space 337408K, 100% used [0x0000000795580000,0x00000007a9f00000,0x00000007a9f00000)
  from space 167424K, 79% used [0x00000007b5c80000,0x00000007bde8d2b0,0x00000007c0000000)
  to   space 180736K, 0% used [0x00000007a9f00000,0x00000007a9f00000,0x00000007b4f80000)
 ParOldGen       total 1111552K, used 845308K [0x0000000740000000, 0x0000000783d80000, 0x0000000795580000)
  object space 1111552K, 76% used [0x0000000740000000,0x000000077397f0b8,0x0000000783d80000)
 Metaspace       used 68369K, capacity 71190K, committed 71424K, reserved 1110016K
  class space    used 9241K, capacity 9926K, committed 9984K, reserved 1048576K
Event: 64.222 GC heap after
Heap after GC invocations=44 (full 9):
 PSYoungGen      total 506880K, used 169212K [0x0000000795580000, 0x00000007c0000000, 0x00000007c0000000)
  eden space 337408K, 0% used [0x0000000795580000,0x0000000795580000,0x00000007a9f00000)
  from space 169472K, 99% used [0x00000007a9f00000,0x00000007b443f2f8,0x00000007b4480000)
  to   space 192000K, 0% used [0x00000007b4480000,0x00000007b4480000,0x00000007c0000000)
 ParOldGen       total 1111552K, used 845308K [0x0000000740000000, 0x0000000783d80000, 0x0000000795580000)
  object space 1111552K, 76% used [0x0000000740000000,0x000000077397f0b8,0x0000000783d80000)
 Metaspace       used 68369K, capacity 71190K, committed 71424K, reserved 1110016K
  class space    used 9241K, capacity 9926K, committed 9984K, reserved 1048576K
}
Event: 66.057 GC heap before
{Heap before GC invocations=45 (full 9):
 PSYoungGen      total 506880K, used 506620K [0x0000000795580000, 0x00000007c0000000, 0x00000007c0000000)
  eden space 337408K, 100% used [0x0000000795580000,0x00000007a9f00000,0x00000007a9f00000)
  from space 169472K, 99% used [0x00000007a9f00000,0x00000007b443f2f8,0x00000007b4480000)
  to   space 192000K, 0% used [0x00000007b4480000,0x00000007b4480000,0x00000007c0000000)
 ParOldGen       total 1111552K, used 845308K [0x0000000740000000, 0x0000000783d80000, 0x0000000795580000)
  object space 1111552K, 76% used [0x0000000740000000,0x000000077397f0b8,0x0000000783d80000)
 Metaspace       used 68591K, capacity 71478K, committed 71680K, reserved 1112064K
  class space    used 9252K, capacity 9958K, committed 9984K, reserved 1048576K
Event: 66.621 GC heap after
Heap after GC invocations=45 (full 9):
 PSYoungGen      total 424960K, used 191993K [0x0000000795580000, 0x00000007c0000000, 0x00000007c0000000)
  eden space 232960K, 0% used [0x0000000795580000,0x0000000795580000,0x00000007a3900000)
  from space 192000K, 99% used [0x00000007b4480000,0x00000007bfffe678,0x00000007c0000000)
  to   space 232960K, 0% used [0x00000007a3900000,0x00000007a3900000,0x00000007b1c80000)
 ParOldGen       total 1111552K, used 888952K [0x0000000740000000, 0x0000000783d80000, 0x0000000795580000)
  object space 1111552K, 79% used [0x0000000740000000,0x000000077641e190,0x0000000783d80000)
 Metaspace       used 68591K, capacity 71478K, committed 71680K, reserved 1112064K
  class space    used 9252K, capacity 9958K, committed 9984K, reserved 1048576K
}
Event: 67.261 GC heap before
{Heap before GC invocations=46 (full 9):
 PSYoungGen      total 424960K, used 424953K [0x0000000795580000, 0x00000007c0000000, 0x00000007c0000000)
  eden space 232960K, 100% used [0x0000000795580000,0x00000007a3900000,0x00000007a3900000)
  from space 192000K, 99% used [0x00000007b4480000,0x00000007bfffe678,0x00000007c0000000)
  to   space 232960K, 0% used [0x00000007a3900000,0x00000007a3900000,0x00000007b1c80000)
 ParOldGen       total 1111552K, used 888952K [0x0000000740000000, 0x0000000783d80000, 0x0000000795580000)
  object space 1111552K, 79% used [0x0000000740000000,0x000000077641e190,0x0000000783d80000)
 Metaspace       used 68591K, capacity 71478K, committed 71680K, reserved 1112064K
  class space    used 9252K, capacity 9958K, committed 9984K, reserved 1048576K
Event: 67.548 GC heap after
Heap after GC invocations=46 (full 9):
 PSYoungGen      total 465920K, used 232932K [0x0000000795580000, 0x00000007c0000000, 0x00000007c0000000)
  eden space 232960K, 0% used [0x0000000795580000,0x0000000795580000,0x00000007a3900000)
  from space 232960K, 99% used [0x00000007a3900000,0x00000007b1c79068,0x00000007b1c80000)
  to   space 232960K, 0% used [0x00000007b1c80000,0x00000007b1c80000,0x00000007c0000000)
 ParOldGen       total 1111552K, used 889296K [0x0000000740000000, 0x0000000783d80000, 0x0000000795580000)
  object space 1111552K, 80% used [0x0000000740000000,0x0000000776474190,0x0000000783d80000)
 Metaspace       used 68591K, capacity 71478K, committed 71680K, reserved 1112064K
  class space    used 9252K, capacity 9958K, committed 9984K, reserved 1048576K
}
Event: 68.076 GC heap before
{Heap before GC invocations=47 (full 9):
 PSYoungGen      total 465920K, used 465892K [0x0000000795580000, 0x00000007c0000000, 0x00000007c0000000)
  eden space 232960K, 100% used [0x0000000795580000,0x00000007a3900000,0x00000007a3900000)
  from space 232960K, 99% used [0x00000007a3900000,0x00000007b1c79068,0x00000007b1c80000)
  to   space 232960K, 0% used [0x00000007b1c80000,0x00000007b1c80000,0x00000007c0000000)
 ParOldGen       total 1111552K, used 889296K [0x0000000740000000, 0x0000000783d80000, 0x0000000795580000)
  object space 1111552K, 80% used [0x0000000740000000,0x0000000776474190,0x0000000783d80000)
 Metaspace       used 68594K, capacity 71478K, committed 71680K, reserved 1112064K
  class space    used 9252K, capacity 9958K, committed 9984K, reserved 1048576K

