# JRE version: OpenJDK Runtime Environment (8.0_152-b01) (build 1.8.0_152-release-1024-b01)
# Java VM: OpenJDK 64-Bit Server VM (25.152-b01 mixed mode bsd-amd64 compressed oops)
Heap:
 PSYoungGen      total 509952K, used 90205K [0x0000000795580000, 0x00000007bf000000, 0x00000007c0000000)
  eden space 361984K, 0% used [0x0000000795580000,0x0000000795580000,0x00000007ab700000)
  from space 147968K, 60% used [0x00000007b5f80000,0x00000007bb797788,0x00000007bf000000)
  to   space 160256K, 0% used [0x00000007ab700000,0x00000007ab700000,0x00000007b5380000)
 ParOldGen       total 1104384K, used 996927K [0x0000000740000000, 0x0000000783680000, 0x0000000795580000)
  object space 1104384K, 90% used [0x0000000740000000,0x000000077cd8fcb0,0x0000000783680000)
 Metaspace       used 102392K, capacity 106189K, committed 108376K, reserved 1142784K
  class space    used 13456K, capacity 14350K, committed 14720K, reserved 1048576K
GC Heap History (10 events):
Event: 310.766 GC heap after
Heap after GC invocations=64 (full 10):
 PSYoungGen      total 533504K, used 63329K [0x0000000795580000, 0x00000007bea80000, 0x00000007c0000000)
  eden space 419840K, 0% used [0x0000000795580000,0x0000000795580000,0x00000007aef80000)
  from space 113664K, 55% used [0x00000007b7b80000,0x00000007bb958658,0x00000007bea80000)
  to   space 128512K, 0% used [0x00000007aef80000,0x00000007aef80000,0x00000007b6d00000)
 ParOldGen       total 1104384K, used 828492K [0x0000000740000000, 0x0000000783680000, 0x0000000795580000)
  object space 1104384K, 75% used [0x0000000740000000,0x00000007729132e0,0x0000000783680000)
 Metaspace       used 102390K, capacity 106189K, committed 108376K, reserved 1142784K
  class space    used 13456K, capacity 14350K, committed 14720K, reserved 1048576K
}
Event: 311.934 GC heap before
{Heap before GC invocations=65 (full 10):
 PSYoungGen      total 533504K, used 483169K [0x0000000795580000, 0x00000007bea80000, 0x00000007c0000000)
  eden space 419840K, 100% used [0x0000000795580000,0x00000007aef80000,0x00000007aef80000)
  from space 113664K, 55% used [0x00000007b7b80000,0x00000007bb958658,0x00000007bea80000)
  to   space 128512K, 0% used [0x00000007aef80000,0x00000007aef80000,0x00000007b6d00000)
 ParOldGen       total 1104384K, used 828492K [0x0000000740000000, 0x0000000783680000, 0x0000000795580000)
  object space 1104384K, 75% used [0x0000000740000000,0x00000007729132e0,0x0000000783680000)
 Metaspace       used 102390K, capacity 106189K, committed 108376K, reserved 1142784K
  class space    used 13456K, capacity 14350K, committed 14720K, reserved 1048576K
Event: 312.526 GC heap after
Heap after GC invocations=65 (full 10):
 PSYoungGen      total 548352K, used 117507K [0x0000000795580000, 0x00000007c0000000, 0x00000007c0000000)
  eden space 419840K, 0% used [0x0000000795580000,0x0000000795580000,0x00000007aef80000)
  from space 128512K, 91% used [0x00000007aef80000,0x00000007b6240e48,0x00000007b6d00000)
  to   space 142336K, 0% used [0x00000007b7500000,0x00000007b7500000,0x00000007c0000000)
 ParOldGen       total 1104384K, used 828492K [0x0000000740000000, 0x0000000783680000, 0x0000000795580000)
  object space 1104384K, 75% used [0x0000000740000000,0x00000007729132e0,0x0000000783680000)
 Metaspace       used 102390K, capacity 106189K, committed 108376K, reserved 1142784K
  class space    used 13456K, capacity 14350K, committed 14720K, reserved 1048576K
}
Event: 313.600 GC heap before
{Heap before GC invocations=66 (full 10):
 PSYoungGen      total 548352K, used 537347K [0x0000000795580000, 0x00000007c0000000, 0x00000007c0000000)
  eden space 419840K, 100% used [0x0000000795580000,0x00000007aef80000,0x00000007aef80000)
  from space 128512K, 91% used [0x00000007aef80000,0x00000007b6240e48,0x00000007b6d00000)
  to   space 142336K, 0% used [0x00000007b7500000,0x00000007b7500000,0x00000007c0000000)
 ParOldGen       total 1104384K, used 828492K [0x0000000740000000, 0x0000000783680000, 0x0000000795580000)
  object space 1104384K, 75% used [0x0000000740000000,0x00000007729132e0,0x0000000783680000)
 Metaspace       used 102392K, capacity 106189K, committed 108376K, reserved 1142784K
  class space    used 13456K, capacity 14350K, committed 14720K, reserved 1048576K
Event: 314.235 GC heap after
Heap after GC invocations=66 (full 10):
 PSYoungGen      total 496128K, used 142335K [0x0000000795580000, 0x00000007c0000000, 0x00000007c0000000)
  eden space 353792K, 0% used [0x0000000795580000,0x0000000795580000,0x00000007aaf00000)
  from space 142336K, 99% used [0x00000007b7500000,0x00000007bffffe30,0x00000007c0000000)
  to   space 172544K, 0% used [0x00000007aaf00000,0x00000007aaf00000,0x00000007b5780000)
 ParOldGen       total 1104384K, used 856193K [0x0000000740000000, 0x0000000783680000, 0x0000000795580000)
  object space 1104384K, 77% used [0x0000000740000000,0x0000000774420590,0x0000000783680000)
 Metaspace       used 102392K, capacity 106189K, committed 108376K, reserved 1142784K
  class space    used 13456K, capacity 14350K, committed 14720K, reserved 1048576K
}
Event: 315.402 GC heap before
{Heap before GC invocations=67 (full 10):
 PSYoungGen      total 496128K, used 496127K [0x0000000795580000, 0x00000007c0000000, 0x00000007c0000000)
  eden space 353792K, 100% used [0x0000000795580000,0x00000007aaf00000,0x00000007aaf00000)
  from space 142336K, 99% used [0x00000007b7500000,0x00000007bffffe30,0x00000007c0000000)
  to   space 172544K, 0% used [0x00000007aaf00000,0x00000007aaf00000,0x00000007b5780000)
 ParOldGen       total 1104384K, used 856193K [0x0000000740000000, 0x0000000783680000, 0x0000000795580000)
  object space 1104384K, 77% used [0x0000000740000000,0x0000000774420590,0x0000000783680000)
 Metaspace       used 102392K, capacity 106189K, committed 108376K, reserved 1142784K
  class space    used 13456K, capacity 14350K, committed 14720K, reserved 1048576K
Event: 316.506 GC heap after
Heap after GC invocations=67 (full 10):
 PSYoungGen      total 526336K, used 70758K [0x0000000795580000, 0x00000007c0000000, 0x00000007c0000000)
  eden space 353792K, 0% used [0x0000000795580000,0x0000000795580000,0x00000007aaf00000)
  from space 172544K, 41% used [0x00000007aaf00000,0x00000007af419b90,0x00000007b5780000)
  to   space 164352K, 0% used [0x00000007b5f80000,0x00000007b5f80000,0x00000007c0000000)
 ParOldGen       total 1104384K, used 971220K [0x0000000740000000, 0x0000000783680000, 0x0000000795580000)
  object space 1104384K, 87% used [0x0000000740000000,0x000000077b475330,0x0000000783680000)
 Metaspace       used 102392K, capacity 106189K, committed 108376K, reserved 1142784K
  class space    used 13456K, capacity 14350K, committed 14720K, reserved 1048576K
}
Event: 318.199 GC heap before
{Heap before GC invocations=68 (full 10):
 PSYoungGen      total 526336K, used 424550K [0x0000000795580000, 0x00000007c0000000, 0x00000007c0000000)
  eden space 353792K, 100% used [0x0000000795580000,0x00000007aaf00000,0x00000007aaf00000)
  from space 172544K, 41% used [0x00000007aaf00000,0x00000007af419b90,0x00000007b5780000)
  to   space 164352K, 0% used [0x00000007b5f80000,0x00000007b5f80000,0x00000007c0000000)
 ParOldGen       total 1104384K, used 971220K [0x0000000740000000, 0x0000000783680000, 0x0000000795580000)
  object space 1104384K, 87% used [0x0000000740000000,0x000000077b475330,0x0000000783680000)
 Metaspace       used 102392K, capacity 106189K, committed 108376K, reserved 1142784K
  class space    used 13456K, capacity 14350K, committed 14720K, reserved 1048576K
Event: 319.144 GC heap after
Heap after GC invocations=68 (full 10):
 PSYoungGen      total 509952K, used 90205K [0x0000000795580000, 0x00000007bf000000, 0x00000007c0000000)
  eden space 361984K, 0% used [0x0000000795580000,0x0000000795580000,0x00000007ab700000)
  from space 147968K, 60% used [0x00000007b5f80000,0x00000007bb797788,0x00000007bf000000)
  to   space 160256K, 0% used [0x00000007ab700000,0x00000007ab700000,0x00000007b5380000)
 ParOldGen       total 1104384K, used 996927K [0x0000000740000000, 0x0000000783680000, 0x0000000795580000)
  object space 1104384K, 90% used [0x0000000740000000,0x000000077cd8fcb0,0x0000000783680000)
 Metaspace       used 102392K, capacity 106189K, committed 108376K, reserved 1142784K
  class space    used 13456K, capacity 14350K, committed 14720K, reserved 1048576K
}
Event: 319.144 GC heap before
{Heap before GC invocations=69 (full 11):
 PSYoungGen      total 509952K, used 90205K [0x0000000795580000, 0x00000007bf000000, 0x00000007c0000000)
  eden space 361984K, 0% used [0x0000000795580000,0x0000000795580000,0x00000007ab700000)
  from space 147968K, 60% used [0x00000007b5f80000,0x00000007bb797788,0x00000007bf000000)
  to   space 160256K, 0% used [0x00000007ab700000,0x00000007ab700000,0x00000007b5380000)
 ParOldGen       total 1104384K, used 996927K [0x0000000740000000, 0x0000000783680000, 0x0000000795580000)
  object space 1104384K, 90% used [0x0000000740000000,0x000000077cd8fcb0,0x0000000783680000)
 Metaspace       used 102392K, capacity 106189K, committed 108376K, reserved 1142784K
  class space    used 13456K, capacity 14350K, committed 14720K, reserved 1048576K

