# JRE version: OpenJDK Runtime Environment (8.0_152-b01) (build 1.8.0_152-release-1024-b01)
# Java VM: OpenJDK 64-Bit Server VM (25.152-b01 mixed mode bsd-amd64 compressed oops)
Heap:
 PSYoungGen      total 16384K, used 7746K [0x00000007beb00000, 0x00000007bff00000, 0x00000007c0000000)
  eden space 12288K, 60% used [0x00000007beb00000,0x00000007bf238810,0x00000007bf700000)
  from space 4096K, 8% used [0x00000007bf700000,0x00000007bf758000,0x00000007bfb00000)
  to   space 3584K, 0% used [0x00000007bfb80000,0x00000007bfb80000,0x00000007bff00000)
 ParOldGen       total 44032K, used 12236K [0x00000007bc000000, 0x00000007beb00000, 0x00000007beb00000)
  object space 44032K, 27% used [0x00000007bc000000,0x00000007bcbf3028,0x00000007beb00000)
 Metaspace       used 8066K, capacity 8220K, committed 8448K, reserved 1056768K
  class space    used 908K, capacity 991K, committed 1024K, reserved 1048576K
GC Heap History (10 events):
Event: 8.439 GC heap before
{Heap before GC invocations=23 (full 0):
 PSYoungGen      total 12800K, used 8480K [0x00000007beb00000, 0x00000007bfd00000, 0x00000007c0000000)
  eden space 8192K, 100% used [0x00000007beb00000,0x00000007bf300000,0x00000007bf300000)
  from space 4608K, 6% used [0x00000007bf880000,0x00000007bf8c8000,0x00000007bfd00000)
  to   space 5120K, 0% used [0x00000007bf300000,0x00000007bf300000,0x00000007bf800000)
 ParOldGen       total 44032K, used 12012K [0x00000007bc000000, 0x00000007beb00000, 0x00000007beb00000)
  object space 44032K, 27% used [0x00000007bc000000,0x00000007bcbbb018,0x00000007beb00000)
 Metaspace       used 8011K, capacity 8156K, committed 8192K, reserved 1056768K
  class space    used 907K, capacity 991K, committed 1024K, reserved 1048576K
Event: 8.452 GC heap after
Heap after GC invocations=23 (full 0):
 PSYoungGen      total 13312K, used 224K [0x00000007beb00000, 0x00000007bff80000, 0x00000007c0000000)
  eden space 8192K, 0% used [0x00000007beb00000,0x00000007beb00000,0x00000007bf300000)
  from space 5120K, 4% used [0x00000007bf300000,0x00000007bf338000,0x00000007bf800000)
  to   space 4608K, 0% used [0x00000007bfb00000,0x00000007bfb00000,0x00000007bff80000)
 ParOldGen       total 44032K, used 12020K [0x00000007bc000000, 0x00000007beb00000, 0x00000007beb00000)
  object space 44032K, 27% used [0x00000007bc000000,0x00000007bcbbd018,0x00000007beb00000)
 Metaspace       used 8011K, capacity 8156K, committed 8192K, reserved 1056768K
  class space    used 907K, capacity 991K, committed 1024K, reserved 1048576K
}
Event: 8.770 GC heap before
{Heap before GC invocations=24 (full 0):
 PSYoungGen      total 13312K, used 8416K [0x00000007beb00000, 0x00000007bff80000, 0x00000007c0000000)
  eden space 8192K, 100% used [0x00000007beb00000,0x00000007bf300000,0x00000007bf300000)
  from space 5120K, 4% used [0x00000007bf300000,0x00000007bf338000,0x00000007bf800000)
  to   space 4608K, 0% used [0x00000007bfb00000,0x00000007bfb00000,0x00000007bff80000)
 ParOldGen       total 44032K, used 12020K [0x00000007bc000000, 0x00000007beb00000, 0x00000007beb00000)
  object space 44032K, 27% used [0x00000007bc000000,0x00000007bcbbd018,0x00000007beb00000)
 Metaspace       used 8011K, capacity 8156K, committed 8192K, reserved 1056768K
  class space    used 907K, capacity 991K, committed 1024K, reserved 1048576K
Event: 8.771 GC heap after
Heap after GC invocations=24 (full 0):
 PSYoungGen      total 16384K, used 224K [0x00000007beb00000, 0x00000007bff80000, 0x00000007c0000000)
  eden space 11776K, 0% used [0x00000007beb00000,0x00000007beb00000,0x00000007bf680000)
  from space 4608K, 4% used [0x00000007bfb00000,0x00000007bfb38000,0x00000007bff80000)
  to   space 4608K, 0% used [0x00000007bf680000,0x00000007bf680000,0x00000007bfb00000)
 ParOldGen       total 44032K, used 12036K [0x00000007bc000000, 0x00000007beb00000, 0x00000007beb00000)
  object space 44032K, 27% used [0x00000007bc000000,0x00000007bcbc1018,0x00000007beb00000)
 Metaspace       used 8011K, capacity 8156K, committed 8192K, reserved 1056768K
  class space    used 907K, capacity 991K, committed 1024K, reserved 1048576K
}
Event: 9.063 GC heap before
{Heap before GC invocations=25 (full 0):
 PSYoungGen      total 16384K, used 12000K [0x00000007beb00000, 0x00000007bff80000, 0x00000007c0000000)
  eden space 11776K, 100% used [0x00000007beb00000,0x00000007bf680000,0x00000007bf680000)
  from space 4608K, 4% used [0x00000007bfb00000,0x00000007bfb38000,0x00000007bff80000)
  to   space 4608K, 0% used [0x00000007bf680000,0x00000007bf680000,0x00000007bfb00000)
 ParOldGen       total 44032K, used 12036K [0x00000007bc000000, 0x00000007beb00000, 0x00000007beb00000)
  object space 44032K, 27% used [0x00000007bc000000,0x00000007bcbc1018,0x00000007beb00000)
 Metaspace       used 8011K, capacity 8156K, committed 8192K, reserved 1056768K
  class space    used 907K, capacity 991K, committed 1024K, reserved 1048576K
Event: 9.064 GC heap after
Heap after GC invocations=25 (full 0):
 PSYoungGen      total 16384K, used 224K [0x00000007beb00000, 0x00000007bff00000, 0x00000007c0000000)
  eden space 11776K, 0% used [0x00000007beb00000,0x00000007beb00000,0x00000007bf680000)
  from space 4608K, 4% used [0x00000007bf680000,0x00000007bf6b8000,0x00000007bfb00000)
  to   space 4096K, 0% used [0x00000007bfb00000,0x00000007bfb00000,0x00000007bff00000)
 ParOldGen       total 44032K, used 12052K [0x00000007bc000000, 0x00000007beb00000, 0x00000007beb00000)
  object space 44032K, 27% used [0x00000007bc000000,0x00000007bcbc5018,0x00000007beb00000)
 Metaspace       used 8011K, capacity 8156K, committed 8192K, reserved 1056768K
  class space    used 907K, capacity 991K, committed 1024K, reserved 1048576K
}
Event: 9.448 GC heap before
{Heap before GC invocations=26 (full 0):
 PSYoungGen      total 16384K, used 12000K [0x00000007beb00000, 0x00000007bff00000, 0x00000007c0000000)
  eden space 11776K, 100% used [0x00000007beb00000,0x00000007bf680000,0x00000007bf680000)
  from space 4608K, 4% used [0x00000007bf680000,0x00000007bf6b8000,0x00000007bfb00000)
  to   space 4096K, 0% used [0x00000007bfb00000,0x00000007bfb00000,0x00000007bff00000)
 ParOldGen       total 44032K, used 12052K [0x00000007bc000000, 0x00000007beb00000, 0x00000007beb00000)
  object space 44032K, 27% used [0x00000007bc000000,0x00000007bcbc5018,0x00000007beb00000)
 Metaspace       used 8011K, capacity 8156K, committed 8192K, reserved 1056768K
  class space    used 907K, capacity 991K, committed 1024K, reserved 1048576K
Event: 9.459 GC heap after
Heap after GC invocations=26 (full 0):
 PSYoungGen      total 16384K, used 192K [0x00000007beb00000, 0x00000007bff80000, 0x00000007c0000000)
  eden space 12288K, 0% used [0x00000007beb00000,0x00000007beb00000,0x00000007bf700000)
  from space 4096K, 4% used [0x00000007bfb00000,0x00000007bfb30000,0x00000007bff00000)
  to   space 4096K, 0% used [0x00000007bf700000,0x00000007bf700000,0x00000007bfb00000)
 ParOldGen       total 44032K, used 12156K [0x00000007bc000000, 0x00000007beb00000, 0x00000007beb00000)
  object space 44032K, 27% used [0x00000007bc000000,0x00000007bcbdf028,0x00000007beb00000)
 Metaspace       used 8011K, capacity 8156K, committed 8192K, reserved 1056768K
  class space    used 907K, capacity 991K, committed 1024K, reserved 1048576K
}
Event: 9.681 GC heap before
{Heap before GC invocations=27 (full 0):
 PSYoungGen      total 16384K, used 12480K [0x00000007beb00000, 0x00000007bff80000, 0x00000007c0000000)
  eden space 12288K, 100% used [0x00000007beb00000,0x00000007bf700000,0x00000007bf700000)
  from space 4096K, 4% used [0x00000007bfb00000,0x00000007bfb30000,0x00000007bff00000)
  to   space 4096K, 0% used [0x00000007bf700000,0x00000007bf700000,0x00000007bfb00000)
 ParOldGen       total 44032K, used 12156K [0x00000007bc000000, 0x00000007beb00000, 0x00000007beb00000)
  object space 44032K, 27% used [0x00000007bc000000,0x00000007bcbdf028,0x00000007beb00000)
 Metaspace       used 8031K, capacity 8220K, committed 8448K, reserved 1056768K
  class space    used 908K, capacity 991K, committed 1024K, reserved 1048576K
Event: 9.692 GC heap after
Heap after GC invocations=27 (full 0):
 PSYoungGen      total 16384K, used 352K [0x00000007beb00000, 0x00000007bff00000, 0x00000007c0000000)
  eden space 12288K, 0% used [0x00000007beb00000,0x00000007beb00000,0x00000007bf700000)
  from space 4096K, 8% used [0x00000007bf700000,0x00000007bf758000,0x00000007bfb00000)
  to   space 3584K, 0% used [0x00000007bfb80000,0x00000007bfb80000,0x00000007bff00000)
 ParOldGen       total 44032K, used 12236K [0x00000007bc000000, 0x00000007beb00000, 0x00000007beb00000)
  object space 44032K, 27% used [0x00000007bc000000,0x00000007bcbf3028,0x00000007beb00000)
 Metaspace       used 8031K, capacity 8220K, committed 8448K, reserved 1056768K
  class space    used 908K, capacity 991K, committed 1024K, reserved 1048576K
}

