# JRE version: OpenJDK Runtime Environment (8.0_152-b01) (build 1.8.0_152-release-1024-b01)
# Java VM: OpenJDK 64-Bit Server VM (25.152-b01 mixed mode bsd-amd64 compressed oops)
Heap:
 PSYoungGen      total 13824K, used 7127K [0x00000007beb00000, 0x00000007c0000000, 0x00000007c0000000)
  eden space 7168K, 95% used [0x00000007beb00000,0x00000007bf1a8b08,0x00000007bf200000)
  from space 6656K, 4% used [0x00000007bf880000,0x00000007bf8cd468,0x00000007bff00000)
  to   space 6656K, 0% used [0x00000007bf200000,0x00000007bf200000,0x00000007bf880000)
 ParOldGen       total 44032K, used 13737K [0x00000007bc000000, 0x00000007beb00000, 0x00000007beb00000)
  object space 44032K, 31% used [0x00000007bc000000,0x00000007bcd6a6e8,0x00000007beb00000)
 Metaspace       used 7997K, capacity 8156K, committed 8192K, reserved 1056768K
  class space    used 908K, capacity 991K, committed 1024K, reserved 1048576K
GC Heap History (10 events):
Event: 7.479 GC heap before
{Heap before GC invocations=14 (full 0):
 PSYoungGen      total 14336K, used 7360K [0x00000007beb00000, 0x00000007c0000000, 0x00000007c0000000)
  eden space 7168K, 100% used [0x00000007beb00000,0x00000007bf200000,0x00000007bf200000)
  from space 7168K, 2% used [0x00000007bf200000,0x00000007bf230000,0x00000007bf900000)
  to   space 7168K, 0% used [0x00000007bf900000,0x00000007bf900000,0x00000007c0000000)
 ParOldGen       total 44032K, used 13353K [0x00000007bc000000, 0x00000007beb00000, 0x00000007beb00000)
  object space 44032K, 30% used [0x00000007bc000000,0x00000007bcd0a6c8,0x00000007beb00000)
 Metaspace       used 7996K, capacity 8156K, committed 8192K, reserved 1056768K
  class space    used 908K, capacity 991K, committed 1024K, reserved 1048576K
Event: 7.490 GC heap after
Heap after GC invocations=14 (full 0):
 PSYoungGen      total 14336K, used 160K [0x00000007beb00000, 0x00000007c0000000, 0x00000007c0000000)
  eden space 7168K, 0% used [0x00000007beb00000,0x00000007beb00000,0x00000007bf200000)
  from space 7168K, 2% used [0x00000007bf900000,0x00000007bf928000,0x00000007c0000000)
  to   space 7168K, 0% used [0x00000007bf200000,0x00000007bf200000,0x00000007bf900000)
 ParOldGen       total 44032K, used 13425K [0x00000007bc000000, 0x00000007beb00000, 0x00000007beb00000)
  object space 44032K, 30% used [0x00000007bc000000,0x00000007bcd1c6c8,0x00000007beb00000)
 Metaspace       used 7996K, capacity 8156K, committed 8192K, reserved 1056768K
  class space    used 908K, capacity 991K, committed 1024K, reserved 1048576K
}
Event: 7.847 GC heap before
{Heap before GC invocations=15 (full 0):
 PSYoungGen      total 14336K, used 7328K [0x00000007beb00000, 0x00000007c0000000, 0x00000007c0000000)
  eden space 7168K, 100% used [0x00000007beb00000,0x00000007bf200000,0x00000007bf200000)
  from space 7168K, 2% used [0x00000007bf900000,0x00000007bf928000,0x00000007c0000000)
  to   space 7168K, 0% used [0x00000007bf200000,0x00000007bf200000,0x00000007bf900000)
 ParOldGen       total 44032K, used 13425K [0x00000007bc000000, 0x00000007beb00000, 0x00000007beb00000)
  object space 44032K, 30% used [0x00000007bc000000,0x00000007bcd1c6c8,0x00000007beb00000)
 Metaspace       used 7996K, capacity 8156K, committed 8192K, reserved 1056768K
  class space    used 908K, capacity 991K, committed 1024K, reserved 1048576K
Event: 7.848 GC heap after
Heap after GC invocations=15 (full 0):
 PSYoungGen      total 14336K, used 224K [0x00000007beb00000, 0x00000007c0000000, 0x00000007c0000000)
  eden space 7168K, 0% used [0x00000007beb00000,0x00000007beb00000,0x00000007bf200000)
  from space 7168K, 3% used [0x00000007bf200000,0x00000007bf238000,0x00000007bf900000)
  to   space 7168K, 0% used [0x00000007bf900000,0x00000007bf900000,0x00000007c0000000)
 ParOldGen       total 44032K, used 13489K [0x00000007bc000000, 0x00000007beb00000, 0x00000007beb00000)
  object space 44032K, 30% used [0x00000007bc000000,0x00000007bcd2c6c8,0x00000007beb00000)
 Metaspace       used 7996K, capacity 8156K, committed 8192K, reserved 1056768K
  class space    used 908K, capacity 991K, committed 1024K, reserved 1048576K
}
Event: 8.235 GC heap before
{Heap before GC invocations=16 (full 0):
 PSYoungGen      total 14336K, used 7392K [0x00000007beb00000, 0x00000007c0000000, 0x00000007c0000000)
  eden space 7168K, 100% used [0x00000007beb00000,0x00000007bf200000,0x00000007bf200000)
  from space 7168K, 3% used [0x00000007bf200000,0x00000007bf238000,0x00000007bf900000)
  to   space 7168K, 0% used [0x00000007bf900000,0x00000007bf900000,0x00000007c0000000)
 ParOldGen       total 44032K, used 13489K [0x00000007bc000000, 0x00000007beb00000, 0x00000007beb00000)
  object space 44032K, 30% used [0x00000007bc000000,0x00000007bcd2c6c8,0x00000007beb00000)
 Metaspace       used 7996K, capacity 8156K, committed 8192K, reserved 1056768K
  class space    used 908K, capacity 991K, committed 1024K, reserved 1048576K
Event: 8.235 GC heap after
Heap after GC invocations=16 (full 0):
 PSYoungGen      total 14336K, used 318K [0x00000007beb00000, 0x00000007c0000000, 0x00000007c0000000)
  eden space 7168K, 0% used [0x00000007beb00000,0x00000007beb00000,0x00000007bf200000)
  from space 7168K, 4% used [0x00000007bf900000,0x00000007bf94fad0,0x00000007c0000000)
  to   space 7168K, 0% used [0x00000007bf200000,0x00000007bf200000,0x00000007bf900000)
 ParOldGen       total 44032K, used 13577K [0x00000007bc000000, 0x00000007beb00000, 0x00000007beb00000)
  object space 44032K, 30% used [0x00000007bc000000,0x00000007bcd426d8,0x00000007beb00000)
 Metaspace       used 7996K, capacity 8156K, committed 8192K, reserved 1056768K
  class space    used 908K, capacity 991K, committed 1024K, reserved 1048576K
}
Event: 8.383 GC heap before
{Heap before GC invocations=17 (full 0):
 PSYoungGen      total 14336K, used 7486K [0x00000007beb00000, 0x00000007c0000000, 0x00000007c0000000)
  eden space 7168K, 100% used [0x00000007beb00000,0x00000007bf200000,0x00000007bf200000)
  from space 7168K, 4% used [0x00000007bf900000,0x00000007bf94fad0,0x00000007c0000000)
  to   space 7168K, 0% used [0x00000007bf200000,0x00000007bf200000,0x00000007bf900000)
 ParOldGen       total 44032K, used 13577K [0x00000007bc000000, 0x00000007beb00000, 0x00000007beb00000)
  object space 44032K, 30% used [0x00000007bc000000,0x00000007bcd426d8,0x00000007beb00000)
 Metaspace       used 7996K, capacity 8156K, committed 8192K, reserved 1056768K
  class space    used 908K, capacity 991K, committed 1024K, reserved 1048576K
Event: 8.384 GC heap after
Heap after GC invocations=17 (full 0):
 PSYoungGen      total 7680K, used 256K [0x00000007beb00000, 0x00000007bff00000, 0x00000007c0000000)
  eden space 7168K, 0% used [0x00000007beb00000,0x00000007beb00000,0x00000007bf200000)
  from space 512K, 50% used [0x00000007bf200000,0x00000007bf240000,0x00000007bf280000)
  to   space 6656K, 0% used [0x00000007bf880000,0x00000007bf880000,0x00000007bff00000)
 ParOldGen       total 44032K, used 13601K [0x00000007bc000000, 0x00000007beb00000, 0x00000007beb00000)
  object space 44032K, 30% used [0x00000007bc000000,0x00000007bcd486d8,0x00000007beb00000)
 Metaspace       used 7996K, capacity 8156K, committed 8192K, reserved 1056768K
  class space    used 908K, capacity 991K, committed 1024K, reserved 1048576K
}
Event: 8.708 GC heap before
{Heap before GC invocations=18 (full 0):
 PSYoungGen      total 7680K, used 7424K [0x00000007beb00000, 0x00000007bff00000, 0x00000007c0000000)
  eden space 7168K, 100% used [0x00000007beb00000,0x00000007bf200000,0x00000007bf200000)
  from space 512K, 50% used [0x00000007bf200000,0x00000007bf240000,0x00000007bf280000)
  to   space 6656K, 0% used [0x00000007bf880000,0x00000007bf880000,0x00000007bff00000)
 ParOldGen       total 44032K, used 13601K [0x00000007bc000000, 0x00000007beb00000, 0x00000007beb00000)
  object space 44032K, 30% used [0x00000007bc000000,0x00000007bcd486d8,0x00000007beb00000)
 Metaspace       used 7997K, capacity 8156K, committed 8192K, reserved 1056768K
  class space    used 908K, capacity 991K, committed 1024K, reserved 1048576K
Event: 8.719 GC heap after
Heap after GC invocations=18 (full 0):
 PSYoungGen      total 13824K, used 309K [0x00000007beb00000, 0x00000007c0000000, 0x00000007c0000000)
  eden space 7168K, 0% used [0x00000007beb00000,0x00000007beb00000,0x00000007bf200000)
  from space 6656K, 4% used [0x00000007bf880000,0x00000007bf8cd468,0x00000007bff00000)
  to   space 6656K, 0% used [0x00000007bf200000,0x00000007bf200000,0x00000007bf880000)
 ParOldGen       total 44032K, used 13737K [0x00000007bc000000, 0x00000007beb00000, 0x00000007beb00000)
  object space 44032K, 31% used [0x00000007bc000000,0x00000007bcd6a6e8,0x00000007beb00000)
 Metaspace       used 7997K, capacity 8156K, committed 8192K, reserved 1056768K
  class space    used 908K, capacity 991K, committed 1024K, reserved 1048576K
}

