# JRE version: OpenJDK Runtime Environment (8.0_152-b01) (build 1.8.0_152-release-1024-b01)
# Java VM: OpenJDK 64-Bit Server VM (25.152-b01 mixed mode bsd-amd64 compressed oops)
Heap:
 PSYoungGen      total 18944K, used 18941K [0x00000007beb00000, 0x00000007c0000000, 0x00000007c0000000)
  eden space 16384K, 100% used [0x00000007beb00000,0x00000007bfb00000,0x00000007bfb00000)
  from space 2560K, 99% used [0x00000007bfd80000,0x00000007bffff4a0,0x00000007c0000000)
  to   space 2560K, 99% used [0x00000007bfb00000,0x00000007bfd7ac88,0x00000007bfd80000)
 ParOldGen       total 44032K, used 7744K [0x00000007bc000000, 0x00000007beb00000, 0x00000007beb00000)
  object space 44032K, 17% used [0x00000007bc000000,0x00000007bc790018,0x00000007beb00000)
 Metaspace       used 7806K, capacity 7954K, committed 8192K, reserved 1056768K
  class space    used 899K, capacity 989K, committed 1024K, reserved 1048576K
GC Heap History (5 events):
Event: 1.979 GC heap before
{Heap before GC invocations=1 (full 0):
 PSYoungGen      total 18944K, used 16384K [0x00000007beb00000, 0x00000007c0000000, 0x00000007c0000000)
  eden space 16384K, 100% used [0x00000007beb00000,0x00000007bfb00000,0x00000007bfb00000)
  from space 2560K, 0% used [0x00000007bfd80000,0x00000007bfd80000,0x00000007c0000000)
  to   space 2560K, 0% used [0x00000007bfb00000,0x00000007bfb00000,0x00000007bfd80000)
 ParOldGen       total 44032K, used 0K [0x00000007bc000000, 0x00000007beb00000, 0x00000007beb00000)
  object space 44032K, 0% used [0x00000007bc000000,0x00000007bc000000,0x00000007beb00000)
 Metaspace       used 6449K, capacity 6624K, committed 6784K, reserved 1056768K
  class space    used 759K, capacity 824K, committed 896K, reserved 1048576K
Event: 2.003 GC heap after
Heap after GC invocations=1 (full 0):
 PSYoungGen      total 18944K, used 2543K [0x00000007beb00000, 0x00000007c0000000, 0x00000007c0000000)
  eden space 16384K, 0% used [0x00000007beb00000,0x00000007beb00000,0x00000007bfb00000)
  from space 2560K, 99% used [0x00000007bfb00000,0x00000007bfd7be28,0x00000007bfd80000)
  to   space 2560K, 0% used [0x00000007bfd80000,0x00000007bfd80000,0x00000007c0000000)
 ParOldGen       total 44032K, used 1634K [0x00000007bc000000, 0x00000007beb00000, 0x00000007beb00000)
  object space 44032K, 3% used [0x00000007bc000000,0x00000007bc198b20,0x00000007beb00000)
 Metaspace       used 6449K, capacity 6624K, committed 6784K, reserved 1056768K
  class space    used 759K, capacity 824K, committed 896K, reserved 1048576K
}
Event: 3.509 GC heap before
{Heap before GC invocations=2 (full 0):
 PSYoungGen      total 18944K, used 18927K [0x00000007beb00000, 0x00000007c0000000, 0x00000007c0000000)
  eden space 16384K, 100% used [0x00000007beb00000,0x00000007bfb00000,0x00000007bfb00000)
  from space 2560K, 99% used [0x00000007bfb00000,0x00000007bfd7be28,0x00000007bfd80000)
  to   space 2560K, 0% used [0x00000007bfd80000,0x00000007bfd80000,0x00000007c0000000)
 ParOldGen       total 44032K, used 1634K [0x00000007bc000000, 0x00000007beb00000, 0x00000007beb00000)
  object space 44032K, 3% used [0x00000007bc000000,0x00000007bc198b20,0x00000007beb00000)
 Metaspace       used 6880K, capacity 7058K, committed 7296K, reserved 1056768K
  class space    used 810K, capacity 861K, committed 896K, reserved 1048576K
Event: 3.538 GC heap after
Heap after GC invocations=2 (full 0):
 PSYoungGen      total 18944K, used 2557K [0x00000007beb00000, 0x00000007c0000000, 0x00000007c0000000)
  eden space 16384K, 0% used [0x00000007beb00000,0x00000007beb00000,0x00000007bfb00000)
  from space 2560K, 99% used [0x00000007bfd80000,0x00000007bffff4a0,0x00000007c0000000)
  to   space 2560K, 0% used [0x00000007bfb00000,0x00000007bfb00000,0x00000007bfd80000)
 ParOldGen       total 44032K, used 6368K [0x00000007bc000000, 0x00000007beb00000, 0x00000007beb00000)
  object space 44032K, 14% used [0x00000007bc000000,0x00000007bc638008,0x00000007beb00000)
 Metaspace       used 6880K, capacity 7058K, committed 7296K, reserved 1056768K
  class space    used 810K, capacity 861K, committed 896K, reserved 1048576K
}
Event: 4.689 GC heap before
{Heap before GC invocations=3 (full 0):
 PSYoungGen      total 18944K, used 18941K [0x00000007beb00000, 0x00000007c0000000, 0x00000007c0000000)
  eden space 16384K, 100% used [0x00000007beb00000,0x00000007bfb00000,0x00000007bfb00000)
  from space 2560K, 99% used [0x00000007bfd80000,0x00000007bffff4a0,0x00000007c0000000)
  to   space 2560K, 0% used [0x00000007bfb00000,0x00000007bfb00000,0x00000007bfd80000)
 ParOldGen       total 44032K, used 6368K [0x00000007bc000000, 0x00000007beb00000, 0x00000007beb00000)
  object space 44032K, 14% used [0x00000007bc000000,0x00000007bc638008,0x00000007beb00000)
 Metaspace       used 7806K, capacity 7954K, committed 8192K, reserved 1056768K
  class space    used 899K, capacity 989K, committed 1024K, reserved 1048576K

