# JRE version: OpenJDK Runtime Environment (8.0_152-b01) (build 1.8.0_152-release-1024-b01)
# Java VM: OpenJDK 64-Bit Server VM (25.152-b01 mixed mode bsd-amd64 compressed oops)
Heap:
 PSYoungGen      total 11264K, used 3237K [0x00000007beb00000, 0x00000007bfe80000, 0x00000007c0000000)
  eden space 10752K, 28% used [0x00000007beb00000,0x00000007bedf16b8,0x00000007bf580000)
  from space 512K, 43% used [0x00000007bf580000,0x00000007bf5b8000,0x00000007bf600000)
  to   space 4608K, 0% used [0x00000007bfa00000,0x00000007bfa00000,0x00000007bfe80000)
 ParOldGen       total 44032K, used 12291K [0x00000007bc000000, 0x00000007beb00000, 0x00000007beb00000)
  object space 44032K, 27% used [0x00000007bc000000,0x00000007bcc00ce8,0x00000007beb00000)
 Metaspace       used 8218K, capacity 8448K, committed 8704K, reserved 1056768K
  class space    used 942K, capacity 1016K, committed 1024K, reserved 1048576K
GC Heap History (10 events):
Event: 8.266 GC heap before
{Heap before GC invocations=19 (full 0):
 PSYoungGen      total 12800K, used 7360K [0x00000007beb00000, 0x00000007bfe00000, 0x00000007c0000000)
  eden space 7168K, 100% used [0x00000007beb00000,0x00000007bf200000,0x00000007bf200000)
  from space 5632K, 3% used [0x00000007bf880000,0x00000007bf8b0000,0x00000007bfe00000)
  to   space 6144K, 0% used [0x00000007bf200000,0x00000007bf200000,0x00000007bf800000)
 ParOldGen       total 44032K, used 11907K [0x00000007bc000000, 0x00000007beb00000, 0x00000007beb00000)
  object space 44032K, 27% used [0x00000007bc000000,0x00000007bcba0cc8,0x00000007beb00000)
 Metaspace       used 8217K, capacity 8448K, committed 8704K, reserved 1056768K
  class space    used 942K, capacity 1016K, committed 1024K, reserved 1048576K
Event: 8.277 GC heap after
Heap after GC invocations=19 (full 0):
 PSYoungGen      total 13312K, used 240K [0x00000007beb00000, 0x00000007c0000000, 0x00000007c0000000)
  eden space 7168K, 0% used [0x00000007beb00000,0x00000007beb00000,0x00000007bf200000)
  from space 6144K, 3% used [0x00000007bf200000,0x00000007bf23c010,0x00000007bf800000)
  to   space 6144K, 0% used [0x00000007bfa00000,0x00000007bfa00000,0x00000007c0000000)
 ParOldGen       total 44032K, used 11939K [0x00000007bc000000, 0x00000007beb00000, 0x00000007beb00000)
  object space 44032K, 27% used [0x00000007bc000000,0x00000007bcba8cc8,0x00000007beb00000)
 Metaspace       used 8217K, capacity 8448K, committed 8704K, reserved 1056768K
  class space    used 942K, capacity 1016K, committed 1024K, reserved 1048576K
}
Event: 8.570 GC heap before
{Heap before GC invocations=20 (full 0):
 PSYoungGen      total 13312K, used 7408K [0x00000007beb00000, 0x00000007c0000000, 0x00000007c0000000)
  eden space 7168K, 100% used [0x00000007beb00000,0x00000007bf200000,0x00000007bf200000)
  from space 6144K, 3% used [0x00000007bf200000,0x00000007bf23c010,0x00000007bf800000)
  to   space 6144K, 0% used [0x00000007bfa00000,0x00000007bfa00000,0x00000007c0000000)
 ParOldGen       total 44032K, used 11939K [0x00000007bc000000, 0x00000007beb00000, 0x00000007beb00000)
  object space 44032K, 27% used [0x00000007bc000000,0x00000007bcba8cc8,0x00000007beb00000)
 Metaspace       used 8218K, capacity 8448K, committed 8704K, reserved 1056768K
  class space    used 942K, capacity 1016K, committed 1024K, reserved 1048576K
Event: 8.571 GC heap after
Heap after GC invocations=20 (full 0):
 PSYoungGen      total 14336K, used 256K [0x00000007beb00000, 0x00000007bff00000, 0x00000007c0000000)
  eden space 9216K, 0% used [0x00000007beb00000,0x00000007beb00000,0x00000007bf400000)
  from space 5120K, 5% used [0x00000007bfa00000,0x00000007bfa40000,0x00000007bff00000)
  to   space 5632K, 0% used [0x00000007bf400000,0x00000007bf400000,0x00000007bf980000)
 ParOldGen       total 44032K, used 12003K [0x00000007bc000000, 0x00000007beb00000, 0x00000007beb00000)
  object space 44032K, 27% used [0x00000007bc000000,0x00000007bcbb8cc8,0x00000007beb00000)
 Metaspace       used 8218K, capacity 8448K, committed 8704K, reserved 1056768K
  class space    used 942K, capacity 1016K, committed 1024K, reserved 1048576K
}
Event: 8.918 GC heap before
{Heap before GC invocations=21 (full 0):
 PSYoungGen      total 14336K, used 9472K [0x00000007beb00000, 0x00000007bff00000, 0x00000007c0000000)
  eden space 9216K, 100% used [0x00000007beb00000,0x00000007bf400000,0x00000007bf400000)
  from space 5120K, 5% used [0x00000007bfa00000,0x00000007bfa40000,0x00000007bff00000)
  to   space 5632K, 0% used [0x00000007bf400000,0x00000007bf400000,0x00000007bf980000)
 ParOldGen       total 44032K, used 12003K [0x00000007bc000000, 0x00000007beb00000, 0x00000007beb00000)
  object space 44032K, 27% used [0x00000007bc000000,0x00000007bcbb8cc8,0x00000007beb00000)
 Metaspace       used 8218K, capacity 8448K, committed 8704K, reserved 1056768K
  class space    used 942K, capacity 1016K, committed 1024K, reserved 1048576K
Event: 8.919 GC heap after
Heap after GC invocations=21 (full 0):
 PSYoungGen      total 14848K, used 224K [0x00000007beb00000, 0x00000007bff80000, 0x00000007c0000000)
  eden space 9216K, 0% used [0x00000007beb00000,0x00000007beb00000,0x00000007bf400000)
  from space 5632K, 3% used [0x00000007bf400000,0x00000007bf438000,0x00000007bf980000)
  to   space 5120K, 0% used [0x00000007bfa80000,0x00000007bfa80000,0x00000007bff80000)
 ParOldGen       total 44032K, used 12163K [0x00000007bc000000, 0x00000007beb00000, 0x00000007beb00000)
  object space 44032K, 27% used [0x00000007bc000000,0x00000007bcbe0ce8,0x00000007beb00000)
 Metaspace       used 8218K, capacity 8448K, committed 8704K, reserved 1056768K
  class space    used 942K, capacity 1016K, committed 1024K, reserved 1048576K
}
Event: 9.118 GC heap before
{Heap before GC invocations=22 (full 0):
 PSYoungGen      total 14848K, used 9440K [0x00000007beb00000, 0x00000007bff80000, 0x00000007c0000000)
  eden space 9216K, 100% used [0x00000007beb00000,0x00000007bf400000,0x00000007bf400000)
  from space 5632K, 3% used [0x00000007bf400000,0x00000007bf438000,0x00000007bf980000)
  to   space 5120K, 0% used [0x00000007bfa80000,0x00000007bfa80000,0x00000007bff80000)
 ParOldGen       total 44032K, used 12163K [0x00000007bc000000, 0x00000007beb00000, 0x00000007beb00000)
  object space 44032K, 27% used [0x00000007bc000000,0x00000007bcbe0ce8,0x00000007beb00000)
 Metaspace       used 8218K, capacity 8448K, committed 8704K, reserved 1056768K
  class space    used 942K, capacity 1016K, committed 1024K, reserved 1048576K
Event: 9.119 GC heap after
Heap after GC invocations=22 (full 0):
 PSYoungGen      total 15872K, used 160K [0x00000007beb00000, 0x00000007bff80000, 0x00000007c0000000)
  eden space 10752K, 0% used [0x00000007beb00000,0x00000007beb00000,0x00000007bf580000)
  from space 5120K, 3% used [0x00000007bfa80000,0x00000007bfaa8000,0x00000007bff80000)
  to   space 5120K, 0% used [0x00000007bf580000,0x00000007bf580000,0x00000007bfa80000)
 ParOldGen       total 44032K, used 12227K [0x00000007bc000000, 0x00000007beb00000, 0x00000007beb00000)
  object space 44032K, 27% used [0x00000007bc000000,0x00000007bcbf0ce8,0x00000007beb00000)
 Metaspace       used 8218K, capacity 8448K, committed 8704K, reserved 1056768K
  class space    used 942K, capacity 1016K, committed 1024K, reserved 1048576K
}
Event: 9.695 GC heap before
{Heap before GC invocations=23 (full 0):
 PSYoungGen      total 15872K, used 10912K [0x00000007beb00000, 0x00000007bff80000, 0x00000007c0000000)
  eden space 10752K, 100% used [0x00000007beb00000,0x00000007bf580000,0x00000007bf580000)
  from space 5120K, 3% used [0x00000007bfa80000,0x00000007bfaa8000,0x00000007bff80000)
  to   space 5120K, 0% used [0x00000007bf580000,0x00000007bf580000,0x00000007bfa80000)
 ParOldGen       total 44032K, used 12227K [0x00000007bc000000, 0x00000007beb00000, 0x00000007beb00000)
  object space 44032K, 27% used [0x00000007bc000000,0x00000007bcbf0ce8,0x00000007beb00000)
 Metaspace       used 8218K, capacity 8448K, committed 8704K, reserved 1056768K
  class space    used 942K, capacity 1016K, committed 1024K, reserved 1048576K
Event: 9.696 GC heap after
Heap after GC invocations=23 (full 0):
 PSYoungGen      total 11264K, used 224K [0x00000007beb00000, 0x00000007bfe80000, 0x00000007c0000000)
  eden space 10752K, 0% used [0x00000007beb00000,0x00000007beb00000,0x00000007bf580000)
  from space 512K, 43% used [0x00000007bf580000,0x00000007bf5b8000,0x00000007bf600000)
  to   space 4608K, 0% used [0x00000007bfa00000,0x00000007bfa00000,0x00000007bfe80000)
 ParOldGen       total 44032K, used 12291K [0x00000007bc000000, 0x00000007beb00000, 0x00000007beb00000)
  object space 44032K, 27% used [0x00000007bc000000,0x00000007bcc00ce8,0x00000007beb00000)
 Metaspace       used 8218K, capacity 8448K, committed 8704K, reserved 1056768K
  class space    used 942K, capacity 1016K, committed 1024K, reserved 1048576K
}

