# JRE version: OpenJDK Runtime Environment (8.0_152-b01) (build 1.8.0_152-release-1024-b01)
# Java VM: OpenJDK 64-Bit Server VM (25.152-b01 mixed mode bsd-amd64 compressed oops)
Heap:
 PSYoungGen      total 13824K, used 472K [0x00000007beb00000, 0x00000007bfd00000, 0x00000007c0000000)
  eden space 9216K, 1% used [0x00000007beb00000,0x00000007beb2e008,0x00000007bf400000)
  from space 4608K, 6% used [0x00000007bf880000,0x00000007bf8c8298,0x00000007bfd00000)
  to   space 4608K, 0% used [0x00000007bf400000,0x00000007bf400000,0x00000007bf880000)
 ParOldGen       total 44032K, used 12302K [0x00000007bc000000, 0x00000007beb00000, 0x00000007beb00000)
  object space 44032K, 27% used [0x00000007bc000000,0x00000007bcc039e0,0x00000007beb00000)
 Metaspace       used 8207K, capacity 8448K, committed 8704K, reserved 1056768K
  class space    used 943K, capacity 1016K, committed 1024K, reserved 1048576K
GC Heap History (10 events):
Event: 9.038 GC heap before
{Heap before GC invocations=19 (full 0):
 PSYoungGen      total 13824K, used 8384K [0x00000007beb00000, 0x00000007bff00000, 0x00000007c0000000)
  eden space 8192K, 100% used [0x00000007beb00000,0x00000007bf300000,0x00000007bf300000)
  from space 5632K, 3% used [0x00000007bf980000,0x00000007bf9b0000,0x00000007bff00000)
  to   space 6144K, 0% used [0x00000007bf300000,0x00000007bf300000,0x00000007bf900000)
 ParOldGen       total 44032K, used 11844K [0x00000007bc000000, 0x00000007beb00000, 0x00000007beb00000)
  object space 44032K, 26% used [0x00000007bc000000,0x00000007bcb911b0,0x00000007beb00000)
 Metaspace       used 8205K, capacity 8448K, committed 8704K, reserved 1056768K
  class space    used 943K, capacity 1016K, committed 1024K, reserved 1048576K
Event: 9.039 GC heap after
Heap after GC invocations=19 (full 0):
 PSYoungGen      total 14336K, used 192K [0x00000007beb00000, 0x00000007c0000000, 0x00000007c0000000)
  eden space 8192K, 0% used [0x00000007beb00000,0x00000007beb00000,0x00000007bf300000)
  from space 6144K, 3% used [0x00000007bf300000,0x00000007bf330000,0x00000007bf900000)
  to   space 6144K, 0% used [0x00000007bfa00000,0x00000007bfa00000,0x00000007c0000000)
 ParOldGen       total 44032K, used 11908K [0x00000007bc000000, 0x00000007beb00000, 0x00000007beb00000)
  object space 44032K, 27% used [0x00000007bc000000,0x00000007bcba11c0,0x00000007beb00000)
 Metaspace       used 8205K, capacity 8448K, committed 8704K, reserved 1056768K
  class space    used 943K, capacity 1016K, committed 1024K, reserved 1048576K
}
Event: 9.221 GC heap before
{Heap before GC invocations=20 (full 0):
 PSYoungGen      total 14336K, used 8384K [0x00000007beb00000, 0x00000007c0000000, 0x00000007c0000000)
  eden space 8192K, 100% used [0x00000007beb00000,0x00000007bf300000,0x00000007bf300000)
  from space 6144K, 3% used [0x00000007bf300000,0x00000007bf330000,0x00000007bf900000)
  to   space 6144K, 0% used [0x00000007bfa00000,0x00000007bfa00000,0x00000007c0000000)
 ParOldGen       total 44032K, used 11908K [0x00000007bc000000, 0x00000007beb00000, 0x00000007beb00000)
  object space 44032K, 27% used [0x00000007bc000000,0x00000007bcba11c0,0x00000007beb00000)
 Metaspace       used 8205K, capacity 8448K, committed 8704K, reserved 1056768K
  class space    used 943K, capacity 1016K, committed 1024K, reserved 1048576K
Event: 9.222 GC heap after
Heap after GC invocations=20 (full 0):
 PSYoungGen      total 14336K, used 192K [0x00000007beb00000, 0x00000007bff00000, 0x00000007c0000000)
  eden space 9216K, 0% used [0x00000007beb00000,0x00000007beb00000,0x00000007bf400000)
  from space 5120K, 3% used [0x00000007bfa00000,0x00000007bfa30000,0x00000007bff00000)
  to   space 5632K, 0% used [0x00000007bf400000,0x00000007bf400000,0x00000007bf980000)
 ParOldGen       total 44032K, used 11964K [0x00000007bc000000, 0x00000007beb00000, 0x00000007beb00000)
  object space 44032K, 27% used [0x00000007bc000000,0x00000007bcbaf1c0,0x00000007beb00000)
 Metaspace       used 8205K, capacity 8448K, committed 8704K, reserved 1056768K
  class space    used 943K, capacity 1016K, committed 1024K, reserved 1048576K
}
Event: 9.471 GC heap before
{Heap before GC invocations=21 (full 0):
 PSYoungGen      total 14336K, used 9408K [0x00000007beb00000, 0x00000007bff00000, 0x00000007c0000000)
  eden space 9216K, 100% used [0x00000007beb00000,0x00000007bf400000,0x00000007bf400000)
  from space 5120K, 3% used [0x00000007bfa00000,0x00000007bfa30000,0x00000007bff00000)
  to   space 5632K, 0% used [0x00000007bf400000,0x00000007bf400000,0x00000007bf980000)
 ParOldGen       total 44032K, used 11964K [0x00000007bc000000, 0x00000007beb00000, 0x00000007beb00000)
  object space 44032K, 27% used [0x00000007bc000000,0x00000007bcbaf1c0,0x00000007beb00000)
 Metaspace       used 8205K, capacity 8448K, committed 8704K, reserved 1056768K
  class space    used 943K, capacity 1016K, committed 1024K, reserved 1048576K
Event: 9.472 GC heap after
Heap after GC invocations=21 (full 0):
 PSYoungGen      total 9728K, used 224K [0x00000007beb00000, 0x00000007bfe00000, 0x00000007c0000000)
  eden space 9216K, 0% used [0x00000007beb00000,0x00000007beb00000,0x00000007bf400000)
  from space 512K, 43% used [0x00000007bf400000,0x00000007bf438000,0x00000007bf480000)
  to   space 5120K, 0% used [0x00000007bf900000,0x00000007bf900000,0x00000007bfe00000)
 ParOldGen       total 44032K, used 12012K [0x00000007bc000000, 0x00000007beb00000, 0x00000007beb00000)
  object space 44032K, 27% used [0x00000007bc000000,0x00000007bcbbb1c0,0x00000007beb00000)
 Metaspace       used 8205K, capacity 8448K, committed 8704K, reserved 1056768K
  class space    used 943K, capacity 1016K, committed 1024K, reserved 1048576K
}
Event: 9.886 GC heap before
{Heap before GC invocations=22 (full 0):
 PSYoungGen      total 9728K, used 9440K [0x00000007beb00000, 0x00000007bfe00000, 0x00000007c0000000)
  eden space 9216K, 100% used [0x00000007beb00000,0x00000007bf400000,0x00000007bf400000)
  from space 512K, 43% used [0x00000007bf400000,0x00000007bf438000,0x00000007bf480000)
  to   space 5120K, 0% used [0x00000007bf900000,0x00000007bf900000,0x00000007bfe00000)
 ParOldGen       total 44032K, used 12012K [0x00000007bc000000, 0x00000007beb00000, 0x00000007beb00000)
  object space 44032K, 27% used [0x00000007bc000000,0x00000007bcbbb1c0,0x00000007beb00000)
 Metaspace       used 8205K, capacity 8448K, committed 8704K, reserved 1056768K
  class space    used 943K, capacity 1016K, committed 1024K, reserved 1048576K
Event: 9.887 GC heap after
Heap after GC invocations=22 (full 0):
 PSYoungGen      total 14336K, used 320K [0x00000007beb00000, 0x00000007bfe00000, 0x00000007c0000000)
  eden space 9216K, 0% used [0x00000007beb00000,0x00000007beb00000,0x00000007bf400000)
  from space 5120K, 6% used [0x00000007bf900000,0x00000007bf950000,0x00000007bfe00000)
  to   space 5120K, 0% used [0x00000007bf400000,0x00000007bf400000,0x00000007bf900000)
 ParOldGen       total 44032K, used 12118K [0x00000007bc000000, 0x00000007beb00000, 0x00000007beb00000)
  object space 44032K, 27% used [0x00000007bc000000,0x00000007bcbd59d0,0x00000007beb00000)
 Metaspace       used 8205K, capacity 8448K, committed 8704K, reserved 1056768K
  class space    used 943K, capacity 1016K, committed 1024K, reserved 1048576K
}
Event: 10.111 GC heap before
{Heap before GC invocations=23 (full 0):
 PSYoungGen      total 14336K, used 9536K [0x00000007beb00000, 0x00000007bfe00000, 0x00000007c0000000)
  eden space 9216K, 100% used [0x00000007beb00000,0x00000007bf400000,0x00000007bf400000)
  from space 5120K, 6% used [0x00000007bf900000,0x00000007bf950000,0x00000007bfe00000)
  to   space 5120K, 0% used [0x00000007bf400000,0x00000007bf400000,0x00000007bf900000)
 ParOldGen       total 44032K, used 12118K [0x00000007bc000000, 0x00000007beb00000, 0x00000007beb00000)
  object space 44032K, 27% used [0x00000007bc000000,0x00000007bcbd59d0,0x00000007beb00000)
 Metaspace       used 8206K, capacity 8448K, committed 8704K, reserved 1056768K
  class space    used 943K, capacity 1016K, committed 1024K, reserved 1048576K
Event: 10.112 GC heap after
Heap after GC invocations=23 (full 0):
 PSYoungGen      total 9728K, used 224K [0x00000007beb00000, 0x00000007bfd00000, 0x00000007c0000000)
  eden space 9216K, 0% used [0x00000007beb00000,0x00000007beb00000,0x00000007bf400000)
  from space 512K, 43% used [0x00000007bf400000,0x00000007bf438000,0x00000007bf480000)
  to   space 4608K, 0% used [0x00000007bf880000,0x00000007bf880000,0x00000007bfd00000)
 ParOldGen       total 44032K, used 12246K [0x00000007bc000000, 0x00000007beb00000, 0x00000007beb00000)
  object space 44032K, 27% used [0x00000007bc000000,0x00000007bcbf59e0,0x00000007beb00000)
 Metaspace       used 8206K, capacity 8448K, committed 8704K, reserved 1056768K
  class space    used 943K, capacity 1016K, committed 1024K, reserved 1048576K
}

