# JRE version: OpenJDK Runtime Environment (8.0_152-b01) (build 1.8.0_152-release-1024-b01)
# Java VM: OpenJDK 64-Bit Server VM (25.152-b01 mixed mode bsd-amd64 compressed oops)
Heap:
 PSYoungGen      total 14848K, used 6354K [0x00000007beb00000, 0x00000007bff00000, 0x00000007c0000000)
  eden space 10240K, 58% used [0x00000007beb00000,0x00000007bf0d6058,0x00000007bf500000)
  from space 4608K, 8% used [0x00000007bfa80000,0x00000007bfade9c0,0x00000007bff00000)
  to   space 5120K, 0% used [0x00000007bf500000,0x00000007bf500000,0x00000007bfa00000)
 ParOldGen       total 44032K, used 13230K [0x00000007bc000000, 0x00000007beb00000, 0x00000007beb00000)
  object space 44032K, 30% used [0x00000007bc000000,0x00000007bccebad0,0x00000007beb00000)
 Metaspace       used 8214K, capacity 8448K, committed 8704K, reserved 1056768K
  class space    used 943K, capacity 1016K, committed 1024K, reserved 1048576K
GC Heap History (10 events):
Event: 7.962 GC heap before
{Heap before GC invocations=18 (full 0):
 PSYoungGen      total 7680K, used 7360K [0x00000007beb00000, 0x00000007bff00000, 0x00000007c0000000)
  eden space 7168K, 100% used [0x00000007beb00000,0x00000007bf200000,0x00000007bf200000)
  from space 512K, 37% used [0x00000007bf200000,0x00000007bf230000,0x00000007bf280000)
  to   space 6656K, 0% used [0x00000007bf880000,0x00000007bf880000,0x00000007bff00000)
 ParOldGen       total 44032K, used 11999K [0x00000007bc000000, 0x00000007beb00000, 0x00000007beb00000)
  object space 44032K, 27% used [0x00000007bc000000,0x00000007bcbb7c08,0x00000007beb00000)
 Metaspace       used 8211K, capacity 8448K, committed 8704K, reserved 1056768K
  class space    used 943K, capacity 1016K, committed 1024K, reserved 1048576K
Event: 7.963 GC heap after
Heap after GC invocations=18 (full 0):
 PSYoungGen      total 14336K, used 256K [0x00000007beb00000, 0x00000007c0000000, 0x00000007c0000000)
  eden space 7680K, 0% used [0x00000007beb00000,0x00000007beb00000,0x00000007bf280000)
  from space 6656K, 3% used [0x00000007bf880000,0x00000007bf8c0000,0x00000007bff00000)
  to   space 6144K, 0% used [0x00000007bf280000,0x00000007bf280000,0x00000007bf880000)
 ParOldGen       total 44032K, used 12031K [0x00000007bc000000, 0x00000007beb00000, 0x00000007beb00000)
  object space 44032K, 27% used [0x00000007bc000000,0x00000007bcbbfc08,0x00000007beb00000)
 Metaspace       used 8211K, capacity 8448K, committed 8704K, reserved 1056768K
  class space    used 943K, capacity 1016K, committed 1024K, reserved 1048576K
}
Event: 8.226 GC heap before
{Heap before GC invocations=19 (full 0):
 PSYoungGen      total 14336K, used 7936K [0x00000007beb00000, 0x00000007c0000000, 0x00000007c0000000)
  eden space 7680K, 100% used [0x00000007beb00000,0x00000007bf280000,0x00000007bf280000)
  from space 6656K, 3% used [0x00000007bf880000,0x00000007bf8c0000,0x00000007bff00000)
  to   space 6144K, 0% used [0x00000007bf280000,0x00000007bf280000,0x00000007bf880000)
 ParOldGen       total 44032K, used 12031K [0x00000007bc000000, 0x00000007beb00000, 0x00000007beb00000)
  object space 44032K, 27% used [0x00000007bc000000,0x00000007bcbbfc08,0x00000007beb00000)
 Metaspace       used 8211K, capacity 8448K, committed 8704K, reserved 1056768K
  class space    used 943K, capacity 1016K, committed 1024K, reserved 1048576K
Event: 8.227 GC heap after
Heap after GC invocations=19 (full 0):
 PSYoungGen      total 13824K, used 1326K [0x00000007beb00000, 0x00000007bfe80000, 0x00000007c0000000)
  eden space 7680K, 0% used [0x00000007beb00000,0x00000007beb00000,0x00000007bf280000)
  from space 6144K, 21% used [0x00000007bf280000,0x00000007bf3cb8c8,0x00000007bf880000)
  to   space 5632K, 0% used [0x00000007bf900000,0x00000007bf900000,0x00000007bfe80000)
 ParOldGen       total 44032K, used 12199K [0x00000007bc000000, 0x00000007beb00000, 0x00000007beb00000)
  object space 44032K, 27% used [0x00000007bc000000,0x00000007bcbe9c18,0x00000007beb00000)
 Metaspace       used 8211K, capacity 8448K, committed 8704K, reserved 1056768K
  class space    used 943K, capacity 1016K, committed 1024K, reserved 1048576K
}
Event: 8.262 GC heap before
{Heap before GC invocations=20 (full 0):
 PSYoungGen      total 13824K, used 9006K [0x00000007beb00000, 0x00000007bfe80000, 0x00000007c0000000)
  eden space 7680K, 100% used [0x00000007beb00000,0x00000007bf280000,0x00000007bf280000)
  from space 6144K, 21% used [0x00000007bf280000,0x00000007bf3cb8c8,0x00000007bf880000)
  to   space 5632K, 0% used [0x00000007bf900000,0x00000007bf900000,0x00000007bfe80000)
 ParOldGen       total 44032K, used 12199K [0x00000007bc000000, 0x00000007beb00000, 0x00000007beb00000)
  object space 44032K, 27% used [0x00000007bc000000,0x00000007bcbe9c18,0x00000007beb00000)
 Metaspace       used 8211K, capacity 8448K, committed 8704K, reserved 1056768K
  class space    used 943K, capacity 1016K, committed 1024K, reserved 1048576K
Event: 8.265 GC heap after
Heap after GC invocations=20 (full 0):
 PSYoungGen      total 14336K, used 2440K [0x00000007beb00000, 0x00000007bff80000, 0x00000007c0000000)
  eden space 8704K, 0% used [0x00000007beb00000,0x00000007beb00000,0x00000007bf380000)
  from space 5632K, 43% used [0x00000007bf900000,0x00000007bfb62310,0x00000007bfe80000)
  to   space 5632K, 0% used [0x00000007bf380000,0x00000007bf380000,0x00000007bf900000)
 ParOldGen       total 44032K, used 12810K [0x00000007bc000000, 0x00000007beb00000, 0x00000007beb00000)
  object space 44032K, 29% used [0x00000007bc000000,0x00000007bcc82a00,0x00000007beb00000)
 Metaspace       used 8211K, capacity 8448K, committed 8704K, reserved 1056768K
  class space    used 943K, capacity 1016K, committed 1024K, reserved 1048576K
}
Event: 8.303 GC heap before
{Heap before GC invocations=21 (full 0):
 PSYoungGen      total 14336K, used 11144K [0x00000007beb00000, 0x00000007bff80000, 0x00000007c0000000)
  eden space 8704K, 100% used [0x00000007beb00000,0x00000007bf380000,0x00000007bf380000)
  from space 5632K, 43% used [0x00000007bf900000,0x00000007bfb62310,0x00000007bfe80000)
  to   space 5632K, 0% used [0x00000007bf380000,0x00000007bf380000,0x00000007bf900000)
 ParOldGen       total 44032K, used 12810K [0x00000007bc000000, 0x00000007beb00000, 0x00000007beb00000)
  object space 44032K, 29% used [0x00000007bc000000,0x00000007bcc82a00,0x00000007beb00000)
 Metaspace       used 8211K, capacity 8448K, committed 8704K, reserved 1056768K
  class space    used 943K, capacity 1016K, committed 1024K, reserved 1048576K
Event: 8.304 GC heap after
Heap after GC invocations=21 (full 0):
 PSYoungGen      total 14336K, used 488K [0x00000007beb00000, 0x00000007c0000000, 0x00000007c0000000)
  eden space 8704K, 0% used [0x00000007beb00000,0x00000007beb00000,0x00000007bf380000)
  from space 5632K, 8% used [0x00000007bf380000,0x00000007bf3fa3c0,0x00000007bf900000)
  to   space 5632K, 0% used [0x00000007bfa80000,0x00000007bfa80000,0x00000007c0000000)
 ParOldGen       total 44032K, used 13198K [0x00000007bc000000, 0x00000007beb00000, 0x00000007beb00000)
  object space 44032K, 29% used [0x00000007bc000000,0x00000007bcce3ad0,0x00000007beb00000)
 Metaspace       used 8211K, capacity 8448K, committed 8704K, reserved 1056768K
  class space    used 943K, capacity 1016K, committed 1024K, reserved 1048576K
}
Event: 8.552 GC heap before
{Heap before GC invocations=22 (full 0):
 PSYoungGen      total 14336K, used 9192K [0x00000007beb00000, 0x00000007c0000000, 0x00000007c0000000)
  eden space 8704K, 100% used [0x00000007beb00000,0x00000007bf380000,0x00000007bf380000)
  from space 5632K, 8% used [0x00000007bf380000,0x00000007bf3fa3c0,0x00000007bf900000)
  to   space 5632K, 0% used [0x00000007bfa80000,0x00000007bfa80000,0x00000007c0000000)
 ParOldGen       total 44032K, used 13198K [0x00000007bc000000, 0x00000007beb00000, 0x00000007beb00000)
  object space 44032K, 29% used [0x00000007bc000000,0x00000007bcce3ad0,0x00000007beb00000)
 Metaspace       used 8213K, capacity 8448K, committed 8704K, reserved 1056768K
  class space    used 943K, capacity 1016K, committed 1024K, reserved 1048576K
Event: 8.552 GC heap after
Heap after GC invocations=22 (full 0):
 PSYoungGen      total 14848K, used 378K [0x00000007beb00000, 0x00000007bff00000, 0x00000007c0000000)
  eden space 10240K, 0% used [0x00000007beb00000,0x00000007beb00000,0x00000007bf500000)
  from space 4608K, 8% used [0x00000007bfa80000,0x00000007bfade9c0,0x00000007bff00000)
  to   space 5120K, 0% used [0x00000007bf500000,0x00000007bf500000,0x00000007bfa00000)
 ParOldGen       total 44032K, used 13230K [0x00000007bc000000, 0x00000007beb00000, 0x00000007beb00000)
  object space 44032K, 30% used [0x00000007bc000000,0x00000007bccebad0,0x00000007beb00000)
 Metaspace       used 8213K, capacity 8448K, committed 8704K, reserved 1056768K
  class space    used 943K, capacity 1016K, committed 1024K, reserved 1048576K
}

