# JRE version: OpenJDK Runtime Environment (8.0_152-b01) (build 1.8.0_152-release-1024-b01)
# Java VM: OpenJDK 64-Bit Server VM (25.152-b01 mixed mode bsd-amd64 compressed oops)
Heap:
 PSYoungGen      total 10752K, used 4084K [0x00000007beb00000, 0x00000007bfd00000, 0x00000007c0000000)
  eden space 10240K, 38% used [0x00000007beb00000,0x00000007beed5190,0x00000007bf500000)
  from space 512K, 31% used [0x00000007bf500000,0x00000007bf528000,0x00000007bf580000)
  to   space 4096K, 0% used [0x00000007bf900000,0x00000007bf900000,0x00000007bfd00000)
 ParOldGen       total 44032K, used 12528K [0x00000007bc000000, 0x00000007beb00000, 0x00000007beb00000)
  object space 44032K, 28% used [0x00000007bc000000,0x00000007bcc3c018,0x00000007beb00000)
 Metaspace       used 8030K, capacity 8210K, committed 8448K, reserved 1056768K
  class space    used 906K, capacity 989K, committed 1024K, reserved 1048576K
GC Heap History (10 events):
Event: 27.678 GC heap before
{Heap before GC invocations=21 (full 0):
 PSYoungGen      total 12288K, used 7328K [0x00000007beb00000, 0x00000007bfd00000, 0x00000007c0000000)
  eden space 7168K, 100% used [0x00000007beb00000,0x00000007bf200000,0x00000007bf200000)
  from space 5120K, 3% used [0x00000007bf800000,0x00000007bf828000,0x00000007bfd00000)
  to   space 5632K, 0% used [0x00000007bf200000,0x00000007bf200000,0x00000007bf780000)
 ParOldGen       total 44032K, used 12237K [0x00000007bc000000, 0x00000007beb00000, 0x00000007beb00000)
  object space 44032K, 27% used [0x00000007bc000000,0x00000007bcbf37f8,0x00000007beb00000)
 Metaspace       used 8030K, capacity 8210K, committed 8448K, reserved 1056768K
  class space    used 906K, capacity 989K, committed 1024K, reserved 1048576K
Event: 27.679 GC heap after
Heap after GC invocations=21 (full 0):
 PSYoungGen      total 12800K, used 192K [0x00000007beb00000, 0x00000007c0000000, 0x00000007c0000000)
  eden space 7168K, 0% used [0x00000007beb00000,0x00000007beb00000,0x00000007bf200000)
  from space 5632K, 3% used [0x00000007bf200000,0x00000007bf230000,0x00000007bf780000)
  to   space 5632K, 0% used [0x00000007bfa80000,0x00000007bfa80000,0x00000007c0000000)
 ParOldGen       total 44032K, used 12285K [0x00000007bc000000, 0x00000007beb00000, 0x00000007beb00000)
  object space 44032K, 27% used [0x00000007bc000000,0x00000007bcbff7f8,0x00000007beb00000)
 Metaspace       used 8030K, capacity 8210K, committed 8448K, reserved 1056768K
  class space    used 906K, capacity 989K, committed 1024K, reserved 1048576K
}
Event: 30.707 GC heap before
{Heap before GC invocations=22 (full 0):
 PSYoungGen      total 12800K, used 7360K [0x00000007beb00000, 0x00000007c0000000, 0x00000007c0000000)
  eden space 7168K, 100% used [0x00000007beb00000,0x00000007bf200000,0x00000007bf200000)
  from space 5632K, 3% used [0x00000007bf200000,0x00000007bf230000,0x00000007bf780000)
  to   space 5632K, 0% used [0x00000007bfa80000,0x00000007bfa80000,0x00000007c0000000)
 ParOldGen       total 44032K, used 12285K [0x00000007bc000000, 0x00000007beb00000, 0x00000007beb00000)
  object space 44032K, 27% used [0x00000007bc000000,0x00000007bcbff7f8,0x00000007beb00000)
 Metaspace       used 8030K, capacity 8210K, committed 8448K, reserved 1056768K
  class space    used 906K, capacity 989K, committed 1024K, reserved 1048576K
Event: 30.715 GC heap after
Heap after GC invocations=22 (full 0):
 PSYoungGen      total 14848K, used 128K [0x00000007beb00000, 0x00000007bff00000, 0x00000007c0000000)
  eden space 10240K, 0% used [0x00000007beb00000,0x00000007beb00000,0x00000007bf500000)
  from space 4608K, 2% used [0x00000007bfa80000,0x00000007bfaa0000,0x00000007bff00000)
  to   space 5120K, 0% used [0x00000007bf500000,0x00000007bf500000,0x00000007bfa00000)
 ParOldGen       total 44032K, used 12342K [0x00000007bc000000, 0x00000007beb00000, 0x00000007beb00000)
  object space 44032K, 28% used [0x00000007bc000000,0x00000007bcc0d808,0x00000007beb00000)
 Metaspace       used 8030K, capacity 8210K, committed 8448K, reserved 1056768K
  class space    used 906K, capacity 989K, committed 1024K, reserved 1048576K
}
Event: 31.332 GC heap before
{Heap before GC invocations=23 (full 0):
 PSYoungGen      total 14848K, used 10368K [0x00000007beb00000, 0x00000007bff00000, 0x00000007c0000000)
  eden space 10240K, 100% used [0x00000007beb00000,0x00000007bf500000,0x00000007bf500000)
  from space 4608K, 2% used [0x00000007bfa80000,0x00000007bfaa0000,0x00000007bff00000)
  to   space 5120K, 0% used [0x00000007bf500000,0x00000007bf500000,0x00000007bfa00000)
 ParOldGen       total 44032K, used 12342K [0x00000007bc000000, 0x00000007beb00000, 0x00000007beb00000)
  object space 44032K, 28% used [0x00000007bc000000,0x00000007bcc0d808,0x00000007beb00000)
 Metaspace       used 8030K, capacity 8210K, committed 8448K, reserved 1056768K
  class space    used 906K, capacity 989K, committed 1024K, reserved 1048576K
Event: 31.342 GC heap after
Heap after GC invocations=23 (full 0):
 PSYoungGen      total 15360K, used 128K [0x00000007beb00000, 0x00000007bff80000, 0x00000007c0000000)
  eden space 10240K, 0% used [0x00000007beb00000,0x00000007beb00000,0x00000007bf500000)
  from space 5120K, 2% used [0x00000007bf500000,0x00000007bf520000,0x00000007bfa00000)
  to   space 4608K, 0% used [0x00000007bfb00000,0x00000007bfb00000,0x00000007bff80000)
 ParOldGen       total 44032K, used 12390K [0x00000007bc000000, 0x00000007beb00000, 0x00000007beb00000)
  object space 44032K, 28% used [0x00000007bc000000,0x00000007bcc19808,0x00000007beb00000)
 Metaspace       used 8030K, capacity 8210K, committed 8448K, reserved 1056768K
  class space    used 906K, capacity 989K, committed 1024K, reserved 1048576K
}
Event: 33.679 GC heap before
{Heap before GC invocations=24 (full 0):
 PSYoungGen      total 15360K, used 10368K [0x00000007beb00000, 0x00000007bff80000, 0x00000007c0000000)
  eden space 10240K, 100% used [0x00000007beb00000,0x00000007bf500000,0x00000007bf500000)
  from space 5120K, 2% used [0x00000007bf500000,0x00000007bf520000,0x00000007bfa00000)
  to   space 4608K, 0% used [0x00000007bfb00000,0x00000007bfb00000,0x00000007bff80000)
 ParOldGen       total 44032K, used 12390K [0x00000007bc000000, 0x00000007beb00000, 0x00000007beb00000)
  object space 44032K, 28% used [0x00000007bc000000,0x00000007bcc19808,0x00000007beb00000)
 Metaspace       used 8030K, capacity 8210K, committed 8448K, reserved 1056768K
  class space    used 906K, capacity 989K, committed 1024K, reserved 1048576K
Event: 33.681 GC heap after
Heap after GC invocations=24 (full 0):
 PSYoungGen      total 13312K, used 192K [0x00000007beb00000, 0x00000007bfe00000, 0x00000007c0000000)
  eden space 10240K, 0% used [0x00000007beb00000,0x00000007beb00000,0x00000007bf500000)
  from space 3072K, 6% used [0x00000007bfb00000,0x00000007bfb30000,0x00000007bfe00000)
  to   space 4608K, 0% used [0x00000007bf500000,0x00000007bf500000,0x00000007bf980000)
 ParOldGen       total 44032K, used 12462K [0x00000007bc000000, 0x00000007beb00000, 0x00000007beb00000)
  object space 44032K, 28% used [0x00000007bc000000,0x00000007bcc2b808,0x00000007beb00000)
 Metaspace       used 8030K, capacity 8210K, committed 8448K, reserved 1056768K
  class space    used 906K, capacity 989K, committed 1024K, reserved 1048576K
}
Event: 34.275 GC heap before
{Heap before GC invocations=25 (full 0):
 PSYoungGen      total 13312K, used 10432K [0x00000007beb00000, 0x00000007bfe00000, 0x00000007c0000000)
  eden space 10240K, 100% used [0x00000007beb00000,0x00000007bf500000,0x00000007bf500000)
  from space 3072K, 6% used [0x00000007bfb00000,0x00000007bfb30000,0x00000007bfe00000)
  to   space 4608K, 0% used [0x00000007bf500000,0x00000007bf500000,0x00000007bf980000)
 ParOldGen       total 44032K, used 12462K [0x00000007bc000000, 0x00000007beb00000, 0x00000007beb00000)
  object space 44032K, 28% used [0x00000007bc000000,0x00000007bcc2b808,0x00000007beb00000)
 Metaspace       used 8030K, capacity 8210K, committed 8448K, reserved 1056768K
  class space    used 906K, capacity 989K, committed 1024K, reserved 1048576K
Event: 34.276 GC heap after
Heap after GC invocations=25 (full 0):
 PSYoungGen      total 10752K, used 160K [0x00000007beb00000, 0x00000007bfd00000, 0x00000007c0000000)
  eden space 10240K, 0% used [0x00000007beb00000,0x00000007beb00000,0x00000007bf500000)
  from space 512K, 31% used [0x00000007bf500000,0x00000007bf528000,0x00000007bf580000)
  to   space 4096K, 0% used [0x00000007bf900000,0x00000007bf900000,0x00000007bfd00000)
 ParOldGen       total 44032K, used 12528K [0x00000007bc000000, 0x00000007beb00000, 0x00000007beb00000)
  object space 44032K, 28% used [0x00000007bc000000,0x00000007bcc3c018,0x00000007beb00000)
 Metaspace       used 8030K, capacity 8210K, committed 8448K, reserved 1056768K
  class space    used 906K, capacity 989K, committed 1024K, reserved 1048576K
}

