# JRE version: OpenJDK Runtime Environment (8.0_152-b01) (build 1.8.0_152-release-1024-b01)
# Java VM: OpenJDK 64-Bit Server VM (25.152-b01 mixed mode bsd-amd64 compressed oops)
Heap:
 PSYoungGen      total 13312K, used 4652K [0x00000007beb00000, 0x00000007bfe00000, 0x00000007c0000000)
  eden space 7168K, 62% used [0x00000007beb00000,0x00000007bef5b320,0x00000007bf200000)
  from space 6144K, 3% used [0x00000007bf200000,0x00000007bf230000,0x00000007bf800000)
  to   space 6144K, 0% used [0x00000007bf800000,0x00000007bf800000,0x00000007bfe00000)
 ParOldGen       total 44032K, used 11818K [0x00000007bc000000, 0x00000007beb00000, 0x00000007beb00000)
  object space 44032K, 26% used [0x00000007bc000000,0x00000007bcb8ab38,0x00000007beb00000)
 Metaspace       used 8232K, capacity 8448K, committed 8704K, reserved 1056768K
  class space    used 943K, capacity 1016K, committed 1024K, reserved 1048576K
GC Heap History (10 events):
Event: 52.801 GC heap before
{Heap before GC invocations=15 (full 0):
 PSYoungGen      total 14336K, used 7503K [0x00000007beb00000, 0x00000007c0000000, 0x00000007c0000000)
  eden space 7168K, 100% used [0x00000007beb00000,0x00000007bf200000,0x00000007bf200000)
  from space 7168K, 4% used [0x00000007bf900000,0x00000007bf953cc0,0x00000007c0000000)
  to   space 7168K, 0% used [0x00000007bf200000,0x00000007bf200000,0x00000007bf900000)
 ParOldGen       total 44032K, used 11374K [0x00000007bc000000, 0x00000007beb00000, 0x00000007beb00000)
  object space 44032K, 25% used [0x00000007bc000000,0x00000007bcb1bb08,0x00000007beb00000)
 Metaspace       used 8231K, capacity 8448K, committed 8704K, reserved 1056768K
  class space    used 943K, capacity 1016K, committed 1024K, reserved 1048576K
Event: 52.815 GC heap after
Heap after GC invocations=15 (full 0):
 PSYoungGen      total 14336K, used 288K [0x00000007beb00000, 0x00000007c0000000, 0x00000007c0000000)
  eden space 7168K, 0% used [0x00000007beb00000,0x00000007beb00000,0x00000007bf200000)
  from space 7168K, 4% used [0x00000007bf200000,0x00000007bf248000,0x00000007bf900000)
  to   space 7168K, 0% used [0x00000007bf900000,0x00000007bf900000,0x00000007c0000000)
 ParOldGen       total 44032K, used 11390K [0x00000007bc000000, 0x00000007beb00000, 0x00000007beb00000)
  object space 44032K, 25% used [0x00000007bc000000,0x00000007bcb1fb08,0x00000007beb00000)
 Metaspace       used 8231K, capacity 8448K, committed 8704K, reserved 1056768K
  class space    used 943K, capacity 1016K, committed 1024K, reserved 1048576K
}
Event: 55.977 GC heap before
{Heap before GC invocations=16 (full 0):
 PSYoungGen      total 14336K, used 7456K [0x00000007beb00000, 0x00000007c0000000, 0x00000007c0000000)
  eden space 7168K, 100% used [0x00000007beb00000,0x00000007bf200000,0x00000007bf200000)
  from space 7168K, 4% used [0x00000007bf200000,0x00000007bf248000,0x00000007bf900000)
  to   space 7168K, 0% used [0x00000007bf900000,0x00000007bf900000,0x00000007c0000000)
 ParOldGen       total 44032K, used 11390K [0x00000007bc000000, 0x00000007beb00000, 0x00000007beb00000)
  object space 44032K, 25% used [0x00000007bc000000,0x00000007bcb1fb08,0x00000007beb00000)
 Metaspace       used 8231K, capacity 8448K, committed 8704K, reserved 1056768K
  class space    used 943K, capacity 1016K, committed 1024K, reserved 1048576K
Event: 55.978 GC heap after
Heap after GC invocations=16 (full 0):
 PSYoungGen      total 13312K, used 224K [0x00000007beb00000, 0x00000007bff00000, 0x00000007c0000000)
  eden space 7168K, 0% used [0x00000007beb00000,0x00000007beb00000,0x00000007bf200000)
  from space 6144K, 3% used [0x00000007bf900000,0x00000007bf938000,0x00000007bff00000)
  to   space 6656K, 0% used [0x00000007bf200000,0x00000007bf200000,0x00000007bf880000)
 ParOldGen       total 44032K, used 11526K [0x00000007bc000000, 0x00000007beb00000, 0x00000007beb00000)
  object space 44032K, 26% used [0x00000007bc000000,0x00000007bcb41b18,0x00000007beb00000)
 Metaspace       used 8231K, capacity 8448K, committed 8704K, reserved 1056768K
  class space    used 943K, capacity 1016K, committed 1024K, reserved 1048576K
}
Event: 58.329 GC heap before
{Heap before GC invocations=17 (full 0):
 PSYoungGen      total 13312K, used 7392K [0x00000007beb00000, 0x00000007bff00000, 0x00000007c0000000)
  eden space 7168K, 100% used [0x00000007beb00000,0x00000007bf200000,0x00000007bf200000)
  from space 6144K, 3% used [0x00000007bf900000,0x00000007bf938000,0x00000007bff00000)
  to   space 6656K, 0% used [0x00000007bf200000,0x00000007bf200000,0x00000007bf880000)
 ParOldGen       total 44032K, used 11526K [0x00000007bc000000, 0x00000007beb00000, 0x00000007beb00000)
  object space 44032K, 26% used [0x00000007bc000000,0x00000007bcb41b18,0x00000007beb00000)
 Metaspace       used 8231K, capacity 8448K, committed 8704K, reserved 1056768K
  class space    used 943K, capacity 1016K, committed 1024K, reserved 1048576K
Event: 58.335 GC heap after
Heap after GC invocations=17 (full 0):
 PSYoungGen      total 13824K, used 160K [0x00000007beb00000, 0x00000007bff00000, 0x00000007c0000000)
  eden space 7168K, 0% used [0x00000007beb00000,0x00000007beb00000,0x00000007bf200000)
  from space 6656K, 2% used [0x00000007bf200000,0x00000007bf228000,0x00000007bf880000)
  to   space 6656K, 0% used [0x00000007bf880000,0x00000007bf880000,0x00000007bff00000)
 ParOldGen       total 44032K, used 11582K [0x00000007bc000000, 0x00000007beb00000, 0x00000007beb00000)
  object space 44032K, 26% used [0x00000007bc000000,0x00000007bcb4fb18,0x00000007beb00000)
 Metaspace       used 8231K, capacity 8448K, committed 8704K, reserved 1056768K
  class space    used 943K, capacity 1016K, committed 1024K, reserved 1048576K
}
Event: 60.798 GC heap before
{Heap before GC invocations=18 (full 0):
 PSYoungGen      total 13824K, used 7328K [0x00000007beb00000, 0x00000007bff00000, 0x00000007c0000000)
  eden space 7168K, 100% used [0x00000007beb00000,0x00000007bf200000,0x00000007bf200000)
  from space 6656K, 2% used [0x00000007bf200000,0x00000007bf228000,0x00000007bf880000)
  to   space 6656K, 0% used [0x00000007bf880000,0x00000007bf880000,0x00000007bff00000)
 ParOldGen       total 44032K, used 11582K [0x00000007bc000000, 0x00000007beb00000, 0x00000007beb00000)
  object space 44032K, 26% used [0x00000007bc000000,0x00000007bcb4fb18,0x00000007beb00000)
 Metaspace       used 8232K, capacity 8448K, committed 8704K, reserved 1056768K
  class space    used 943K, capacity 1016K, committed 1024K, reserved 1048576K
Event: 60.799 GC heap after
Heap after GC invocations=18 (full 0):
 PSYoungGen      total 12800K, used 288K [0x00000007beb00000, 0x00000007bfe00000, 0x00000007c0000000)
  eden space 7168K, 0% used [0x00000007beb00000,0x00000007beb00000,0x00000007bf200000)
  from space 5632K, 5% used [0x00000007bf880000,0x00000007bf8c8000,0x00000007bfe00000)
  to   space 6144K, 0% used [0x00000007bf200000,0x00000007bf200000,0x00000007bf800000)
 ParOldGen       total 44032K, used 11646K [0x00000007bc000000, 0x00000007beb00000, 0x00000007beb00000)
  object space 44032K, 26% used [0x00000007bc000000,0x00000007bcb5fb18,0x00000007beb00000)
 Metaspace       used 8232K, capacity 8448K, committed 8704K, reserved 1056768K
  class space    used 943K, capacity 1016K, committed 1024K, reserved 1048576K
}
Event: 63.122 GC heap before
{Heap before GC invocations=19 (full 0):
 PSYoungGen      total 12800K, used 7456K [0x00000007beb00000, 0x00000007bfe00000, 0x00000007c0000000)
  eden space 7168K, 100% used [0x00000007beb00000,0x00000007bf200000,0x00000007bf200000)
  from space 5632K, 5% used [0x00000007bf880000,0x00000007bf8c8000,0x00000007bfe00000)
  to   space 6144K, 0% used [0x00000007bf200000,0x00000007bf200000,0x00000007bf800000)
 ParOldGen       total 44032K, used 11646K [0x00000007bc000000, 0x00000007beb00000, 0x00000007beb00000)
  object space 44032K, 26% used [0x00000007bc000000,0x00000007bcb5fb18,0x00000007beb00000)
 Metaspace       used 8232K, capacity 8448K, committed 8704K, reserved 1056768K
  class space    used 943K, capacity 1016K, committed 1024K, reserved 1048576K
Event: 63.123 GC heap after
Heap after GC invocations=19 (full 0):
 PSYoungGen      total 13312K, used 192K [0x00000007beb00000, 0x00000007bfe00000, 0x00000007c0000000)
  eden space 7168K, 0% used [0x00000007beb00000,0x00000007beb00000,0x00000007bf200000)
  from space 6144K, 3% used [0x00000007bf200000,0x00000007bf230000,0x00000007bf800000)
  to   space 6144K, 0% used [0x00000007bf800000,0x00000007bf800000,0x00000007bfe00000)
 ParOldGen       total 44032K, used 11818K [0x00000007bc000000, 0x00000007beb00000, 0x00000007beb00000)
  object space 44032K, 26% used [0x00000007bc000000,0x00000007bcb8ab38,0x00000007beb00000)
 Metaspace       used 8232K, capacity 8448K, committed 8704K, reserved 1056768K
  class space    used 943K, capacity 1016K, committed 1024K, reserved 1048576K
}

